[0.047s] Invoking command in '/home/firdaus/arduinobot_ws/build/arduinobot_msgs': /usr/bin/cmake --build /home/firdaus/arduinobot_ws/build/arduinobot_msgs -- -j4 -l4
[0.104s] -- Found ament_cmake: 1.3.9 (/opt/ros/humble/share/ament_cmake/cmake)
[0.576s] -- Found std_msgs: 4.2.4 (/opt/ros/humble/share/std_msgs/cmake)
[0.583s] -- Found rosidl_generator_c: 3.1.5 (/opt/ros/humble/share/rosidl_generator_c/cmake)
[0.584s] -- Found rosidl_adapter: 3.1.5 (/opt/ros/humble/share/rosidl_adapter/cmake)
[0.584s] -- Found rosidl_generator_cpp: 3.1.5 (/opt/ros/humble/share/rosidl_generator_cpp/cmake)
[0.598s] -- Using all available rosidl_typesupport_c: rosidl_typesupport_fastrtps_c;rosidl_typesupport_introspection_c
[0.642s] -- Using all available rosidl_typesupport_cpp: rosidl_typesupport_fastrtps_cpp;rosidl_typesupport_introspection_cpp
[0.730s] -- Found rosidl_default_generators: 1.2.0 (/opt/ros/humble/share/rosidl_default_generators/cmake)
[1.246s] Error parsing '/home/firdaus/arduinobot_ws/src/arduinobot_msgs/package.xml':
[1.311s] Traceback (most recent call last):
[1.312s]   File "/opt/ros/humble/share/ament_cmake_core/cmake/core/package_xml_2_cmake.py", line 150, in <module>
[1.312s]     main()
[1.312s]   File "/opt/ros/humble/share/ament_cmake_core/cmake/core/package_xml_2_cmake.py", line 53, in main
[1.312s]     raise e
[1.312s]   File "/opt/ros/humble/share/ament_cmake_core/cmake/core/package_xml_2_cmake.py", line 49, in main
[1.312s]     package = parse_package_string(
[1.313s]   File "/usr/lib/python3/dist-packages/catkin_pkg/package.py", line 786, in parse_package_string
[1.313s]     raise InvalidPackage('Error(s):%s' % (''.join(['\n- %s' % e for e in errors])), filename)
[1.313s] catkin_pkg.package.InvalidPackage: Error(s) in package '/home/firdaus/arduinobot_ws/src/arduinobot_msgs/package.xml':
[1.314s] Error(s):
[1.314s] - The manifest of package "arduinobot_msgs" (with format version 3) must not contain the following tags: depen
[1.332s] [31mCMake Error at /opt/ros/humble/share/ament_cmake_core/cmake/core/ament_package_xml.cmake:95 (message):
[1.332s]   execute_process(/usr/bin/python3
[1.332s]   /opt/ros/humble/share/ament_cmake_core/cmake/core/package_xml_2_cmake.py
[1.332s]   /home/firdaus/arduinobot_ws/src/arduinobot_msgs/package.xml
[1.332s]   /home/firdaus/arduinobot_ws/build/arduinobot_msgs/ament_cmake_core/package.cmake)
[1.332s]   returned error code 1
[1.333s] Call Stack (most recent call first):
[1.333s]   /opt/ros/humble/share/ament_cmake_core/cmake/core/ament_package_xml.cmake:49 (_ament_package_xml)
[1.333s]   /opt/ros/humble/share/rosidl_cmake/cmake/rosidl_generate_interfaces.cmake:226 (ament_package_xml)
[1.333s]   CMakeLists.txt:16 (rosidl_generate_interfaces)
[1.334s] 
[1.334s] [0m
[1.334s] -- Configuring incomplete, errors occurred!
[1.334s] See also "/home/firdaus/arduinobot_ws/build/arduinobot_msgs/CMakeFiles/CMakeOutput.log".
[1.339s] gmake: *** [Makefile:1179: cmake_check_build_system] Error 1
[1.341s] Invoked command in '/home/firdaus/arduinobot_ws/build/arduinobot_msgs' returned '2': /usr/bin/cmake --build /home/firdaus/arduinobot_ws/build/arduinobot_msgs -- -j4 -l4
