[0.032s] Invoking command in '/home/firdaus/arduinobot_ws/build/arduinobot_cpp_examples': CMAKE_PREFIX_PATH=/opt/ros/humble /usr/bin/cmake /home/firdaus/arduinobot_ws/src/arduinobot_cpp_examples -DCMAKE_INSTALL_PREFIX=/home/firdaus/arduinobot_ws/install/arduinobot_cpp_examples
[0.564s] -- The C compiler identification is GNU 11.4.0
[0.836s] -- The CXX compiler identification is GNU 11.4.0
[0.864s] -- Detecting C compiler ABI info
[1.029s] -- Detecting C compiler ABI info - done
[1.037s] -- Check for working C compiler: /usr/bin/cc - skipped
[1.039s] -- Detecting C compile features
[1.041s] -- Detecting C compile features - done
[1.047s] -- Detecting CXX compiler ABI info
[1.311s] -- Detecting CXX compiler ABI info - done
[1.321s] -- Check for working CXX compiler: /usr/bin/c++ - skipped
[1.326s] -- Detecting CXX compile features
[1.338s] -- Detecting CXX compile features - done
[1.362s] -- Found ament_cmake: 1.3.9 (/opt/ros/humble/share/ament_cmake/cmake)
[1.663s] -- Found Python3: /usr/bin/python3 (found version "3.10.12") found components: Interpreter 
[1.897s] -- Found ament_lint_auto: 0.12.11 (/opt/ros/humble/share/ament_lint_auto/cmake)
[2.046s] -- Added test 'lint_cmake' to check CMake code style
[2.049s] -- Added test 'xmllint' to check XML markup files
[2.053s] -- Configuring done
[2.056s] -- Generating done
[2.057s] -- Build files have been written to: /home/firdaus/arduinobot_ws/build/arduinobot_cpp_examples
[2.065s] Invoked command in '/home/firdaus/arduinobot_ws/build/arduinobot_cpp_examples' returned '0': CMAKE_PREFIX_PATH=/opt/ros/humble /usr/bin/cmake /home/firdaus/arduinobot_ws/src/arduinobot_cpp_examples -DCMAKE_INSTALL_PREFIX=/home/firdaus/arduinobot_ws/install/arduinobot_cpp_examples
[2.066s] Invoking command in '/home/firdaus/arduinobot_ws/build/arduinobot_cpp_examples': CMAKE_PREFIX_PATH=/opt/ros/humble /usr/bin/cmake --build /home/firdaus/arduinobot_ws/build/arduinobot_cpp_examples -- -j8 -l8
[2.116s] Invoked command in '/home/firdaus/arduinobot_ws/build/arduinobot_cpp_examples' returned '0': CMAKE_PREFIX_PATH=/opt/ros/humble /usr/bin/cmake --build /home/firdaus/arduinobot_ws/build/arduinobot_cpp_examples -- -j8 -l8
[2.181s] Invoking command in '/home/firdaus/arduinobot_ws/build/arduinobot_cpp_examples': CMAKE_PREFIX_PATH=/opt/ros/humble /usr/bin/cmake --install /home/firdaus/arduinobot_ws/build/arduinobot_cpp_examples
[2.190s] -- Install configuration: ""
[2.192s] -- Installing: /home/firdaus/arduinobot_ws/install/arduinobot_cpp_examples/share/ament_index/resource_index/package_run_dependencies/arduinobot_cpp_examples
[2.192s] -- Installing: /home/firdaus/arduinobot_ws/install/arduinobot_cpp_examples/share/ament_index/resource_index/parent_prefix_path/arduinobot_cpp_examples
[2.192s] -- Installing: /home/firdaus/arduinobot_ws/install/arduinobot_cpp_examples/share/arduinobot_cpp_examples/environment/ament_prefix_path.sh
[2.192s] -- Installing: /home/firdaus/arduinobot_ws/install/arduinobot_cpp_examples/share/arduinobot_cpp_examples/environment/ament_prefix_path.dsv
[2.192s] -- Installing: /home/firdaus/arduinobot_ws/install/arduinobot_cpp_examples/share/arduinobot_cpp_examples/environment/path.sh
[2.192s] -- Installing: /home/firdaus/arduinobot_ws/install/arduinobot_cpp_examples/share/arduinobot_cpp_examples/environment/path.dsv
[2.193s] -- Installing: /home/firdaus/arduinobot_ws/install/arduinobot_cpp_examples/share/arduinobot_cpp_examples/local_setup.bash
[2.193s] -- Installing: /home/firdaus/arduinobot_ws/install/arduinobot_cpp_examples/share/arduinobot_cpp_examples/local_setup.sh
[2.193s] -- Installing: /home/firdaus/arduinobot_ws/install/arduinobot_cpp_examples/share/arduinobot_cpp_examples/local_setup.zsh
[2.193s] -- Installing: /home/firdaus/arduinobot_ws/install/arduinobot_cpp_examples/share/arduinobot_cpp_examples/local_setup.dsv
[2.193s] -- Installing: /home/firdaus/arduinobot_ws/install/arduinobot_cpp_examples/share/arduinobot_cpp_examples/package.dsv
[2.193s] -- Installing: /home/firdaus/arduinobot_ws/install/arduinobot_cpp_examples/share/ament_index/resource_index/packages/arduinobot_cpp_examples
[2.194s] -- Installing: /home/firdaus/arduinobot_ws/install/arduinobot_cpp_examples/share/arduinobot_cpp_examples/cmake/arduinobot_cpp_examplesConfig.cmake
[2.194s] -- Installing: /home/firdaus/arduinobot_ws/install/arduinobot_cpp_examples/share/arduinobot_cpp_examples/cmake/arduinobot_cpp_examplesConfig-version.cmake
[2.195s] -- Installing: /home/firdaus/arduinobot_ws/install/arduinobot_cpp_examples/share/arduinobot_cpp_examples/package.xml
[2.197s] Invoked command in '/home/firdaus/arduinobot_ws/build/arduinobot_cpp_examples' returned '0': CMAKE_PREFIX_PATH=/opt/ros/humble /usr/bin/cmake --install /home/firdaus/arduinobot_ws/build/arduinobot_cpp_examples
