[0.104s] Invoking command in '/home/firdaus/arduinobot_ws/build/arduinobot_cpp_examples': CMAKE_PREFIX_PATH=${CMAKE_PREFIX_PATH}:/home/firdaus/arduinobot_ws/install/arduinobot_py_examples:/opt/ros/humble /usr/bin/cmake --build /home/firdaus/arduinobot_ws/build/arduinobot_cpp_examples -- -j8 -l8
[0.222s] -- Found ament_cmake: 1.3.9 (/opt/ros/humble/share/ament_cmake/cmake)
[0.550s] -- Found rclcpp: 16.0.9 (/opt/ros/humble/share/rclcpp/cmake)
[0.914s] -- Found rosidl_generator_c: 3.1.5 (/opt/ros/humble/share/rosidl_generator_c/cmake)
[0.931s] -- Found rosidl_adapter: 3.1.5 (/opt/ros/humble/share/rosidl_adapter/cmake)
[0.963s] -- Found rosidl_generator_cpp: 3.1.5 (/opt/ros/humble/share/rosidl_generator_cpp/cmake)
[1.017s] -- Using all available rosidl_typesupport_c: rosidl_typesupport_fastrtps_c;rosidl_typesupport_introspection_c
[1.105s] -- Using all available rosidl_typesupport_cpp: rosidl_typesupport_fastrtps_cpp;rosidl_typesupport_introspection_cpp
[1.493s] -- Found rmw_implementation_cmake: 6.1.2 (/opt/ros/humble/share/rmw_implementation_cmake/cmake)
[1.539s] -- Found rmw_fastrtps_cpp: 6.2.6 (/opt/ros/humble/share/rmw_fastrtps_cpp/cmake)
[1.913s] -- Found OpenSSL: /usr/lib/x86_64-linux-gnu/libcrypto.so (found version "3.0.2")  
[1.965s] -- Found FastRTPS: /opt/ros/humble/include  
[2.036s] -- Using RMW implementation 'rmw_fastrtps_cpp' as default
[2.080s] -- Looking for pthread.h
[2.616s] -- Looking for pthread.h - found
[2.616s] -- Performing Test CMAKE_HAVE_LIBC_PTHREAD
[2.816s] -- Performing Test CMAKE_HAVE_LIBC_PTHREAD - Success
[2.817s] -- Found Threads: TRUE  
[3.280s] [31mCMake Error at CMakeLists.txt:16 (install):
[3.281s]   install does not recognize sub-command TARGET
[3.281s] 
[3.281s] [0m
[3.283s] -- Found ament_lint_auto: 0.12.11 (/opt/ros/humble/share/ament_lint_auto/cmake)
[3.432s] -- Added test 'cppcheck' to perform static code analysis on C / C++ code
[3.433s] -- Configured cppcheck include dirs: 
[3.433s] -- Configured cppcheck exclude dirs and/or files: 
[3.440s] -- Added test 'lint_cmake' to check CMake code style
[3.440s] -- Added test 'uncrustify' to check C / C++ code style
[3.440s] -- Configured uncrustify additional arguments: 
[3.441s] -- Added test 'xmllint' to check XML markup files
[3.451s] -- Configuring incomplete, errors occurred!
[3.452s] See also "/home/firdaus/arduinobot_ws/build/arduinobot_cpp_examples/CMakeFiles/CMakeOutput.log".
[3.488s] gmake: *** [Makefile:226: cmake_check_build_system] Error 1
[3.495s] Invoked command in '/home/firdaus/arduinobot_ws/build/arduinobot_cpp_examples' returned '2': CMAKE_PREFIX_PATH=${CMAKE_PREFIX_PATH}:/home/firdaus/arduinobot_ws/install/arduinobot_py_examples:/opt/ros/humble /usr/bin/cmake --build /home/firdaus/arduinobot_ws/build/arduinobot_cpp_examples -- -j8 -l8
