[0.032s] Invoking command in '/home/firdaus/arduinobot_ws/build/arduinobot_utils': CMAKE_PREFIX_PATH=/opt/ros/humble /usr/bin/cmake --build /home/firdaus/arduinobot_ws/build/arduinobot_utils -- -j4 -l4
[0.145s] Invoked command in '/home/firdaus/arduinobot_ws/build/arduinobot_utils' returned '0': CMAKE_PREFIX_PATH=/opt/ros/humble /usr/bin/cmake --build /home/firdaus/arduinobot_ws/build/arduinobot_utils -- -j4 -l4
[0.220s] Invoking command in '/home/firdaus/arduinobot_ws/build/arduinobot_utils': CMAKE_PREFIX_PATH=/opt/ros/humble /usr/bin/cmake --install /home/firdaus/arduinobot_ws/build/arduinobot_utils
[0.234s] -- Install configuration: ""
[0.234s] -- Up-to-date: /home/firdaus/arduinobot_ws/install/arduinobot_utils/share/ament_index/resource_index/package_run_dependencies/arduinobot_utils
[0.235s] -- Up-to-date: /home/firdaus/arduinobot_ws/install/arduinobot_utils/share/ament_index/resource_index/parent_prefix_path/arduinobot_utils
[0.235s] -- Up-to-date: /home/firdaus/arduinobot_ws/install/arduinobot_utils/share/arduinobot_utils/environment/ament_prefix_path.sh
[0.235s] -- Up-to-date: /home/firdaus/arduinobot_ws/install/arduinobot_utils/share/arduinobot_utils/environment/ament_prefix_path.dsv
[0.235s] -- Up-to-date: /home/firdaus/arduinobot_ws/install/arduinobot_utils/share/arduinobot_utils/environment/path.sh
[0.235s] -- Up-to-date: /home/firdaus/arduinobot_ws/install/arduinobot_utils/share/arduinobot_utils/environment/path.dsv
[0.236s] -- Up-to-date: /home/firdaus/arduinobot_ws/install/arduinobot_utils/share/arduinobot_utils/local_setup.bash
[0.236s] -- Up-to-date: /home/firdaus/arduinobot_ws/install/arduinobot_utils/share/arduinobot_utils/local_setup.sh
[0.236s] -- Up-to-date: /home/firdaus/arduinobot_ws/install/arduinobot_utils/share/arduinobot_utils/local_setup.zsh
[0.236s] -- Up-to-date: /home/firdaus/arduinobot_ws/install/arduinobot_utils/share/arduinobot_utils/local_setup.dsv
[0.237s] -- Up-to-date: /home/firdaus/arduinobot_ws/install/arduinobot_utils/share/arduinobot_utils/package.dsv
[0.237s] -- Up-to-date: /home/firdaus/arduinobot_ws/install/arduinobot_utils/share/ament_index/resource_index/packages/arduinobot_utils
[0.237s] -- Up-to-date: /home/firdaus/arduinobot_ws/install/arduinobot_utils/share/arduinobot_utils/cmake/arduinobot_utilsConfig.cmake
[0.237s] -- Up-to-date: /home/firdaus/arduinobot_ws/install/arduinobot_utils/share/arduinobot_utils/cmake/arduinobot_utilsConfig-version.cmake
[0.237s] -- Up-to-date: /home/firdaus/arduinobot_ws/install/arduinobot_utils/share/arduinobot_utils/package.xml
[0.263s] Invoked command in '/home/firdaus/arduinobot_ws/build/arduinobot_utils' returned '0': CMAKE_PREFIX_PATH=/opt/ros/humble /usr/bin/cmake --install /home/firdaus/arduinobot_ws/build/arduinobot_utils
