[0.055s] Invoking command in '/home/firdaus/arduinobot_ws/build/arduinobot_msgs': CMAKE_PREFIX_PATH=/opt/ros/humble /usr/bin/cmake --build /home/firdaus/arduinobot_ws/build/arduinobot_msgs -- -j4 -l4
[0.273s] [  4%] Built target arduinobot_msgs__cpp
[0.273s] [ 12%] Built target arduinobot_msgs__rosidl_generator_c
[0.315s] [ 12%] Built target ament_cmake_python_copy_arduinobot_msgs
[0.364s] [ 23%] Built target arduinobot_msgs__rosidl_typesupport_introspection_c
[0.377s] [ 34%] Built target arduinobot_msgs__rosidl_typesupport_fastrtps_c
[0.411s] [ 44%] Built target arduinobot_msgs__rosidl_typesupport_c
[0.436s] [ 55%] Built target arduinobot_msgs__rosidl_typesupport_introspection_cpp
[0.489s] [ 65%] Built target arduinobot_msgs__rosidl_typesupport_fastrtps_cpp
[0.489s] [ 76%] Built target arduinobot_msgs__rosidl_typesupport_cpp
[0.589s] [ 76%] Built target arduinobot_msgs
[0.657s] [ 78%] Built target arduinobot_msgs__py
[0.761s] [ 87%] Built target arduinobot_msgs__rosidl_generator_py
[0.817s] [ 91%] Built target arduinobot_msgs__rosidl_typesupport_fastrtps_c__pyext
[0.821s] [ 95%] Built target arduinobot_msgs__rosidl_typesupport_c__pyext
[0.832s] [100%] Built target arduinobot_msgs__rosidl_typesupport_introspection_c__pyext
[0.863s] running egg_info
[0.865s] writing arduinobot_msgs.egg-info/PKG-INFO
[0.865s] writing dependency_links to arduinobot_msgs.egg-info/dependency_links.txt
[0.866s] writing top-level names to arduinobot_msgs.egg-info/top_level.txt
[0.873s] reading manifest file 'arduinobot_msgs.egg-info/SOURCES.txt'
[0.875s] writing manifest file 'arduinobot_msgs.egg-info/SOURCES.txt'
[0.916s] [100%] Built target ament_cmake_python_build_arduinobot_msgs_egg
[0.940s] Invoked command in '/home/firdaus/arduinobot_ws/build/arduinobot_msgs' returned '0': CMAKE_PREFIX_PATH=/opt/ros/humble /usr/bin/cmake --build /home/firdaus/arduinobot_ws/build/arduinobot_msgs -- -j4 -l4
[1.385s] Invoking command in '/home/firdaus/arduinobot_ws/build/arduinobot_msgs': CMAKE_PREFIX_PATH=/opt/ros/humble /usr/bin/cmake --install /home/firdaus/arduinobot_ws/build/arduinobot_msgs
[1.404s] -- Install configuration: ""
[1.404s] -- Up-to-date: /home/firdaus/arduinobot_ws/install/arduinobot_msgs/share/ament_index/resource_index/rosidl_interfaces/arduinobot_msgs
[1.404s] -- Up-to-date: /home/firdaus/arduinobot_ws/install/arduinobot_msgs/include/arduinobot_msgs/arduinobot_msgs
[1.404s] -- Up-to-date: /home/firdaus/arduinobot_ws/install/arduinobot_msgs/include/arduinobot_msgs/arduinobot_msgs/msg
[1.404s] -- Up-to-date: /home/firdaus/arduinobot_ws/install/arduinobot_msgs/include/arduinobot_msgs/arduinobot_msgs/msg/rosidl_generator_c__visibility_control.h
[1.404s] -- Up-to-date: /home/firdaus/arduinobot_ws/install/arduinobot_msgs/include/arduinobot_msgs/arduinobot_msgs/srv
[1.405s] -- Up-to-date: /home/firdaus/arduinobot_ws/install/arduinobot_msgs/include/arduinobot_msgs/arduinobot_msgs/srv/quaternion_to_euler.h
[1.405s] -- Up-to-date: /home/firdaus/arduinobot_ws/install/arduinobot_msgs/include/arduinobot_msgs/arduinobot_msgs/srv/detail
[1.405s] -- Up-to-date: /home/firdaus/arduinobot_ws/install/arduinobot_msgs/include/arduinobot_msgs/arduinobot_msgs/srv/detail/quaternion_to_euler__type_support.h
[1.405s] -- Up-to-date: /home/firdaus/arduinobot_ws/install/arduinobot_msgs/include/arduinobot_msgs/arduinobot_msgs/srv/detail/quaternion_to_euler__struct.h
[1.405s] -- Up-to-date: /home/firdaus/arduinobot_ws/install/arduinobot_msgs/include/arduinobot_msgs/arduinobot_msgs/srv/detail/add_two_ints__functions.h
[1.405s] -- Up-to-date: /home/firdaus/arduinobot_ws/install/arduinobot_msgs/include/arduinobot_msgs/arduinobot_msgs/srv/detail/euler_to_quaternion__type_support.h
[1.406s] -- Up-to-date: /home/firdaus/arduinobot_ws/install/arduinobot_msgs/include/arduinobot_msgs/arduinobot_msgs/srv/detail/add_two_ints__struct.h
[1.406s] -- Up-to-date: /home/firdaus/arduinobot_ws/install/arduinobot_msgs/include/arduinobot_msgs/arduinobot_msgs/srv/detail/add_two_ints__type_support.h
[1.406s] -- Up-to-date: /home/firdaus/arduinobot_ws/install/arduinobot_msgs/include/arduinobot_msgs/arduinobot_msgs/srv/detail/euler_to_quaternion__struct.h
[1.406s] -- Up-to-date: /home/firdaus/arduinobot_ws/install/arduinobot_msgs/include/arduinobot_msgs/arduinobot_msgs/srv/detail/euler_to_quaternion__functions.h
[1.406s] -- Up-to-date: /home/firdaus/arduinobot_ws/install/arduinobot_msgs/include/arduinobot_msgs/arduinobot_msgs/srv/detail/euler_to_quaternion__functions.c
[1.406s] -- Up-to-date: /home/firdaus/arduinobot_ws/install/arduinobot_msgs/include/arduinobot_msgs/arduinobot_msgs/srv/detail/quaternion_to_euler__functions.c
[1.407s] -- Up-to-date: /home/firdaus/arduinobot_ws/install/arduinobot_msgs/include/arduinobot_msgs/arduinobot_msgs/srv/detail/add_two_ints__functions.c
[1.407s] -- Up-to-date: /home/firdaus/arduinobot_ws/install/arduinobot_msgs/include/arduinobot_msgs/arduinobot_msgs/srv/detail/add_two_in__type_support.h
[1.407s] -- Up-to-date: /home/firdaus/arduinobot_ws/install/arduinobot_msgs/include/arduinobot_msgs/arduinobot_msgs/srv/detail/add_two_in__functions.c
[1.407s] -- Up-to-date: /home/firdaus/arduinobot_ws/install/arduinobot_msgs/include/arduinobot_msgs/arduinobot_msgs/srv/detail/add_two_in__functions.h
[1.408s] -- Up-to-date: /home/firdaus/arduinobot_ws/install/arduinobot_msgs/include/arduinobot_msgs/arduinobot_msgs/srv/detail/add_two_in__struct.h
[1.409s] -- Up-to-date: /home/firdaus/arduinobot_ws/install/arduinobot_msgs/include/arduinobot_msgs/arduinobot_msgs/srv/detail/quaternion_to_euler__functions.h
[1.409s] -- Up-to-date: /home/firdaus/arduinobot_ws/install/arduinobot_msgs/include/arduinobot_msgs/arduinobot_msgs/srv/add_two_ints.h
[1.409s] -- Up-to-date: /home/firdaus/arduinobot_ws/install/arduinobot_msgs/include/arduinobot_msgs/arduinobot_msgs/srv/add_two_in.h
[1.409s] -- Up-to-date: /home/firdaus/arduinobot_ws/install/arduinobot_msgs/include/arduinobot_msgs/arduinobot_msgs/srv/euler_to_quaternion.h
[1.410s] -- Up-to-date: /home/firdaus/arduinobot_ws/install/arduinobot_msgs/share/arduinobot_msgs/environment/library_path.sh
[1.410s] -- Up-to-date: /home/firdaus/arduinobot_ws/install/arduinobot_msgs/share/arduinobot_msgs/environment/library_path.dsv
[1.411s] -- Up-to-date: /home/firdaus/arduinobot_ws/install/arduinobot_msgs/lib/libarduinobot_msgs__rosidl_generator_c.so
[1.411s] -- Up-to-date: /home/firdaus/arduinobot_ws/install/arduinobot_msgs/include/arduinobot_msgs/arduinobot_msgs
[1.411s] -- Up-to-date: /home/firdaus/arduinobot_ws/install/arduinobot_msgs/include/arduinobot_msgs/arduinobot_msgs/msg
[1.411s] -- Up-to-date: /home/firdaus/arduinobot_ws/install/arduinobot_msgs/include/arduinobot_msgs/arduinobot_msgs/msg/rosidl_typesupport_fastrtps_c__visibility_control.h
[1.411s] -- Up-to-date: /home/firdaus/arduinobot_ws/install/arduinobot_msgs/include/arduinobot_msgs/arduinobot_msgs/srv
[1.412s] -- Up-to-date: /home/firdaus/arduinobot_ws/install/arduinobot_msgs/include/arduinobot_msgs/arduinobot_msgs/srv/detail
[1.412s] -- Up-to-date: /home/firdaus/arduinobot_ws/install/arduinobot_msgs/include/arduinobot_msgs/arduinobot_msgs/srv/detail/euler_to_quaternion__rosidl_typesupport_fastrtps_c.h
[1.412s] -- Up-to-date: /home/firdaus/arduinobot_ws/install/arduinobot_msgs/include/arduinobot_msgs/arduinobot_msgs/srv/detail/add_two_ints__rosidl_typesupport_fastrtps_c.h
[1.412s] -- Up-to-date: /home/firdaus/arduinobot_ws/install/arduinobot_msgs/include/arduinobot_msgs/arduinobot_msgs/srv/detail/add_two_in__rosidl_typesupport_fastrtps_c.h
[1.412s] -- Up-to-date: /home/firdaus/arduinobot_ws/install/arduinobot_msgs/include/arduinobot_msgs/arduinobot_msgs/srv/detail/quaternion_to_euler__rosidl_typesupport_fastrtps_c.h
[1.412s] -- Up-to-date: /home/firdaus/arduinobot_ws/install/arduinobot_msgs/lib/libarduinobot_msgs__rosidl_typesupport_fastrtps_c.so
[1.413s] -- Up-to-date: /home/firdaus/arduinobot_ws/install/arduinobot_msgs/include/arduinobot_msgs/arduinobot_msgs
[1.413s] -- Up-to-date: /home/firdaus/arduinobot_ws/install/arduinobot_msgs/include/arduinobot_msgs/arduinobot_msgs/srv
[1.413s] -- Up-to-date: /home/firdaus/arduinobot_ws/install/arduinobot_msgs/include/arduinobot_msgs/arduinobot_msgs/srv/add_two_in.hpp
[1.413s] -- Up-to-date: /home/firdaus/arduinobot_ws/install/arduinobot_msgs/include/arduinobot_msgs/arduinobot_msgs/srv/detail
[1.413s] -- Up-to-date: /home/firdaus/arduinobot_ws/install/arduinobot_msgs/include/arduinobot_msgs/arduinobot_msgs/srv/detail/quaternion_to_euler__traits.hpp
[1.413s] -- Up-to-date: /home/firdaus/arduinobot_ws/install/arduinobot_msgs/include/arduinobot_msgs/arduinobot_msgs/srv/detail/add_two_in__traits.hpp
[1.414s] -- Up-to-date: /home/firdaus/arduinobot_ws/install/arduinobot_msgs/include/arduinobot_msgs/arduinobot_msgs/srv/detail/quaternion_to_euler__struct.hpp
[1.414s] -- Up-to-date: /home/firdaus/arduinobot_ws/install/arduinobot_msgs/include/arduinobot_msgs/arduinobot_msgs/srv/detail/euler_to_quaternion__struct.hpp
[1.414s] -- Up-to-date: /home/firdaus/arduinobot_ws/install/arduinobot_msgs/include/arduinobot_msgs/arduinobot_msgs/srv/detail/quaternion_to_euler__builder.hpp
[1.414s] -- Up-to-date: /home/firdaus/arduinobot_ws/install/arduinobot_msgs/include/arduinobot_msgs/arduinobot_msgs/srv/detail/add_two_in__builder.hpp
[1.414s] -- Up-to-date: /home/firdaus/arduinobot_ws/install/arduinobot_msgs/include/arduinobot_msgs/arduinobot_msgs/srv/detail/add_two_ints__traits.hpp
[1.414s] -- Up-to-date: /home/firdaus/arduinobot_ws/install/arduinobot_msgs/include/arduinobot_msgs/arduinobot_msgs/srv/detail/add_two_ints__struct.hpp
[1.415s] -- Up-to-date: /home/firdaus/arduinobot_ws/install/arduinobot_msgs/include/arduinobot_msgs/arduinobot_msgs/srv/detail/euler_to_quaternion__traits.hpp
[1.415s] -- Up-to-date: /home/firdaus/arduinobot_ws/install/arduinobot_msgs/include/arduinobot_msgs/arduinobot_msgs/srv/detail/add_two_in__struct.hpp
[1.415s] -- Up-to-date: /home/firdaus/arduinobot_ws/install/arduinobot_msgs/include/arduinobot_msgs/arduinobot_msgs/srv/detail/euler_to_quaternion__builder.hpp
[1.415s] -- Up-to-date: /home/firdaus/arduinobot_ws/install/arduinobot_msgs/include/arduinobot_msgs/arduinobot_msgs/srv/detail/add_two_ints__builder.hpp
[1.415s] -- Up-to-date: /home/firdaus/arduinobot_ws/install/arduinobot_msgs/include/arduinobot_msgs/arduinobot_msgs/srv/add_two_ints.hpp
[1.415s] -- Up-to-date: /home/firdaus/arduinobot_ws/install/arduinobot_msgs/include/arduinobot_msgs/arduinobot_msgs/srv/quaternion_to_euler.hpp
[1.415s] -- Up-to-date: /home/firdaus/arduinobot_ws/install/arduinobot_msgs/include/arduinobot_msgs/arduinobot_msgs/srv/euler_to_quaternion.hpp
[1.416s] -- Up-to-date: /home/firdaus/arduinobot_ws/install/arduinobot_msgs/include/arduinobot_msgs/arduinobot_msgs
[1.425s] -- Up-to-date: /home/firdaus/arduinobot_ws/install/arduinobot_msgs/include/arduinobot_msgs/arduinobot_msgs/msg
[1.425s] -- Up-to-date: /home/firdaus/arduinobot_ws/install/arduinobot_msgs/include/arduinobot_msgs/arduinobot_msgs/msg/rosidl_typesupport_fastrtps_cpp__visibility_control.h
[1.425s] -- Up-to-date: /home/firdaus/arduinobot_ws/install/arduinobot_msgs/include/arduinobot_msgs/arduinobot_msgs/srv
[1.425s] -- Up-to-date: /home/firdaus/arduinobot_ws/install/arduinobot_msgs/include/arduinobot_msgs/arduinobot_msgs/srv/detail
[1.426s] -- Up-to-date: /home/firdaus/arduinobot_ws/install/arduinobot_msgs/include/arduinobot_msgs/arduinobot_msgs/srv/detail/quaternion_to_euler__rosidl_typesupport_fastrtps_cpp.hpp
[1.426s] -- Up-to-date: /home/firdaus/arduinobot_ws/install/arduinobot_msgs/include/arduinobot_msgs/arduinobot_msgs/srv/detail/euler_to_quaternion__rosidl_typesupport_fastrtps_cpp.hpp
[1.426s] -- Up-to-date: /home/firdaus/arduinobot_ws/install/arduinobot_msgs/include/arduinobot_msgs/arduinobot_msgs/srv/detail/dds_fastrtps
[1.426s] -- Up-to-date: /home/firdaus/arduinobot_ws/install/arduinobot_msgs/include/arduinobot_msgs/arduinobot_msgs/srv/detail/add_two_in__rosidl_typesupport_fastrtps_cpp.hpp
[1.426s] -- Up-to-date: /home/firdaus/arduinobot_ws/install/arduinobot_msgs/include/arduinobot_msgs/arduinobot_msgs/srv/detail/add_two_ints__rosidl_typesupport_fastrtps_cpp.hpp
[1.427s] -- Up-to-date: /home/firdaus/arduinobot_ws/install/arduinobot_msgs/lib/libarduinobot_msgs__rosidl_typesupport_fastrtps_cpp.so
[1.427s] -- Up-to-date: /home/firdaus/arduinobot_ws/install/arduinobot_msgs/include/arduinobot_msgs/arduinobot_msgs
[1.427s] -- Up-to-date: /home/firdaus/arduinobot_ws/install/arduinobot_msgs/include/arduinobot_msgs/arduinobot_msgs/msg
[1.427s] -- Up-to-date: /home/firdaus/arduinobot_ws/install/arduinobot_msgs/include/arduinobot_msgs/arduinobot_msgs/msg/rosidl_typesupport_introspection_c__visibility_control.h
[1.427s] -- Up-to-date: /home/firdaus/arduinobot_ws/install/arduinobot_msgs/include/arduinobot_msgs/arduinobot_msgs/srv
[1.428s] -- Up-to-date: /home/firdaus/arduinobot_ws/install/arduinobot_msgs/include/arduinobot_msgs/arduinobot_msgs/srv/detail
[1.428s] -- Up-to-date: /home/firdaus/arduinobot_ws/install/arduinobot_msgs/include/arduinobot_msgs/arduinobot_msgs/srv/detail/euler_to_quaternion__type_support.c
[1.428s] -- Up-to-date: /home/firdaus/arduinobot_ws/install/arduinobot_msgs/include/arduinobot_msgs/arduinobot_msgs/srv/detail/add_two_ints__rosidl_typesupport_introspection_c.h
[1.428s] -- Up-to-date: /home/firdaus/arduinobot_ws/install/arduinobot_msgs/include/arduinobot_msgs/arduinobot_msgs/srv/detail/quaternion_to_euler__type_support.c
[1.428s] -- Up-to-date: /home/firdaus/arduinobot_ws/install/arduinobot_msgs/include/arduinobot_msgs/arduinobot_msgs/srv/detail/add_two_in__type_support.c
[1.428s] -- Up-to-date: /home/firdaus/arduinobot_ws/install/arduinobot_msgs/include/arduinobot_msgs/arduinobot_msgs/srv/detail/euler_to_quaternion__rosidl_typesupport_introspection_c.h
[1.429s] -- Up-to-date: /home/firdaus/arduinobot_ws/install/arduinobot_msgs/include/arduinobot_msgs/arduinobot_msgs/srv/detail/quaternion_to_euler__rosidl_typesupport_introspection_c.h
[1.429s] -- Up-to-date: /home/firdaus/arduinobot_ws/install/arduinobot_msgs/include/arduinobot_msgs/arduinobot_msgs/srv/detail/add_two_in__rosidl_typesupport_introspection_c.h
[1.429s] -- Up-to-date: /home/firdaus/arduinobot_ws/install/arduinobot_msgs/include/arduinobot_msgs/arduinobot_msgs/srv/detail/add_two_ints__type_support.c
[1.429s] -- Up-to-date: /home/firdaus/arduinobot_ws/install/arduinobot_msgs/lib/libarduinobot_msgs__rosidl_typesupport_introspection_c.so
[1.429s] -- Up-to-date: /home/firdaus/arduinobot_ws/install/arduinobot_msgs/lib/libarduinobot_msgs__rosidl_typesupport_c.so
[1.430s] -- Up-to-date: /home/firdaus/arduinobot_ws/install/arduinobot_msgs/include/arduinobot_msgs/arduinobot_msgs
[1.430s] -- Up-to-date: /home/firdaus/arduinobot_ws/install/arduinobot_msgs/include/arduinobot_msgs/arduinobot_msgs/srv
[1.430s] -- Up-to-date: /home/firdaus/arduinobot_ws/install/arduinobot_msgs/include/arduinobot_msgs/arduinobot_msgs/srv/detail
[1.430s] -- Up-to-date: /home/firdaus/arduinobot_ws/install/arduinobot_msgs/include/arduinobot_msgs/arduinobot_msgs/srv/detail/euler_to_quaternion__type_support.cpp
[1.430s] -- Up-to-date: /home/firdaus/arduinobot_ws/install/arduinobot_msgs/include/arduinobot_msgs/arduinobot_msgs/srv/detail/add_two_ints__rosidl_typesupport_introspection_cpp.hpp
[1.430s] -- Up-to-date: /home/firdaus/arduinobot_ws/install/arduinobot_msgs/include/arduinobot_msgs/arduinobot_msgs/srv/detail/quaternion_to_euler__rosidl_typesupport_introspection_cpp.hpp
[1.430s] -- Up-to-date: /home/firdaus/arduinobot_ws/install/arduinobot_msgs/include/arduinobot_msgs/arduinobot_msgs/srv/detail/quaternion_to_euler__type_support.cpp
[1.431s] -- Up-to-date: /home/firdaus/arduinobot_ws/install/arduinobot_msgs/include/arduinobot_msgs/arduinobot_msgs/srv/detail/add_two_in__type_support.cpp
[1.431s] -- Up-to-date: /home/firdaus/arduinobot_ws/install/arduinobot_msgs/include/arduinobot_msgs/arduinobot_msgs/srv/detail/add_two_in__rosidl_typesupport_introspection_cpp.hpp
[1.431s] -- Up-to-date: /home/firdaus/arduinobot_ws/install/arduinobot_msgs/include/arduinobot_msgs/arduinobot_msgs/srv/detail/add_two_ints__type_support.cpp
[1.431s] -- Up-to-date: /home/firdaus/arduinobot_ws/install/arduinobot_msgs/include/arduinobot_msgs/arduinobot_msgs/srv/detail/euler_to_quaternion__rosidl_typesupport_introspection_cpp.hpp
[1.440s] -- Up-to-date: /home/firdaus/arduinobot_ws/install/arduinobot_msgs/lib/libarduinobot_msgs__rosidl_typesupport_introspection_cpp.so
[1.440s] -- Up-to-date: /home/firdaus/arduinobot_ws/install/arduinobot_msgs/lib/libarduinobot_msgs__rosidl_typesupport_cpp.so
[1.440s] -- Up-to-date: /home/firdaus/arduinobot_ws/install/arduinobot_msgs/share/arduinobot_msgs/environment/pythonpath.sh
[1.441s] -- Up-to-date: /home/firdaus/arduinobot_ws/install/arduinobot_msgs/share/arduinobot_msgs/environment/pythonpath.dsv
[1.441s] -- Up-to-date: /home/firdaus/arduinobot_ws/install/arduinobot_msgs/local/lib/python3.10/dist-packages/arduinobot_msgs-0.0.0-py3.10.egg-info
[1.441s] -- Installing: /home/firdaus/arduinobot_ws/install/arduinobot_msgs/local/lib/python3.10/dist-packages/arduinobot_msgs-0.0.0-py3.10.egg-info/dependency_links.txt
[1.441s] -- Installing: /home/firdaus/arduinobot_ws/install/arduinobot_msgs/local/lib/python3.10/dist-packages/arduinobot_msgs-0.0.0-py3.10.egg-info/PKG-INFO
[1.441s] -- Installing: /home/firdaus/arduinobot_ws/install/arduinobot_msgs/local/lib/python3.10/dist-packages/arduinobot_msgs-0.0.0-py3.10.egg-info/top_level.txt
[1.441s] -- Installing: /home/firdaus/arduinobot_ws/install/arduinobot_msgs/local/lib/python3.10/dist-packages/arduinobot_msgs-0.0.0-py3.10.egg-info/SOURCES.txt
[1.442s] -- Up-to-date: /home/firdaus/arduinobot_ws/install/arduinobot_msgs/local/lib/python3.10/dist-packages/arduinobot_msgs
[1.442s] -- Up-to-date: /home/firdaus/arduinobot_ws/install/arduinobot_msgs/local/lib/python3.10/dist-packages/arduinobot_msgs/arduinobot_msgs_s__rosidl_typesupport_fastrtps_c.cpython-310-x86_64-linux-gnu.so
[1.442s] -- Up-to-date: /home/firdaus/arduinobot_ws/install/arduinobot_msgs/local/lib/python3.10/dist-packages/arduinobot_msgs/__init__.py
[1.442s] -- Up-to-date: /home/firdaus/arduinobot_ws/install/arduinobot_msgs/local/lib/python3.10/dist-packages/arduinobot_msgs/_arduinobot_msgs_s.ep.rosidl_typesupport_introspection_c.c
[1.443s] -- Up-to-date: /home/firdaus/arduinobot_ws/install/arduinobot_msgs/local/lib/python3.10/dist-packages/arduinobot_msgs/arduinobot_msgs_s__rosidl_typesupport_introspection_c.cpython-310-x86_64-linux-gnu.so
[1.443s] -- Up-to-date: /home/firdaus/arduinobot_ws/install/arduinobot_msgs/local/lib/python3.10/dist-packages/arduinobot_msgs/_arduinobot_msgs_s.ep.rosidl_typesupport_c.c
[1.443s] -- Up-to-date: /home/firdaus/arduinobot_ws/install/arduinobot_msgs/local/lib/python3.10/dist-packages/arduinobot_msgs/srv
[1.443s] -- Up-to-date: /home/firdaus/arduinobot_ws/install/arduinobot_msgs/local/lib/python3.10/dist-packages/arduinobot_msgs/srv/_quaternion_to_euler_s.c
[1.443s] -- Up-to-date: /home/firdaus/arduinobot_ws/install/arduinobot_msgs/local/lib/python3.10/dist-packages/arduinobot_msgs/srv/_add_two_ints.py
[1.454s] -- Up-to-date: /home/firdaus/arduinobot_ws/install/arduinobot_msgs/local/lib/python3.10/dist-packages/arduinobot_msgs/srv/_euler_to_quaternion.py
[1.455s] -- Up-to-date: /home/firdaus/arduinobot_ws/install/arduinobot_msgs/local/lib/python3.10/dist-packages/arduinobot_msgs/srv/_add_two_in_s.c
[1.457s] -- Up-to-date: /home/firdaus/arduinobot_ws/install/arduinobot_msgs/local/lib/python3.10/dist-packages/arduinobot_msgs/srv/_add_two_ints_s.c
[1.457s] -- Up-to-date: /home/firdaus/arduinobot_ws/install/arduinobot_msgs/local/lib/python3.10/dist-packages/arduinobot_msgs/srv/__init__.py
[1.457s] -- Up-to-date: /home/firdaus/arduinobot_ws/install/arduinobot_msgs/local/lib/python3.10/dist-packages/arduinobot_msgs/srv/_add_two_in.py
[1.457s] -- Up-to-date: /home/firdaus/arduinobot_ws/install/arduinobot_msgs/local/lib/python3.10/dist-packages/arduinobot_msgs/srv/_quaternion_to_euler.py
[1.458s] -- Up-to-date: /home/firdaus/arduinobot_ws/install/arduinobot_msgs/local/lib/python3.10/dist-packages/arduinobot_msgs/srv/_euler_to_quaternion_s.c
[1.458s] -- Up-to-date: /home/firdaus/arduinobot_ws/install/arduinobot_msgs/local/lib/python3.10/dist-packages/arduinobot_msgs/libarduinobot_msgs__rosidl_generator_py.so
[1.458s] -- Up-to-date: /home/firdaus/arduinobot_ws/install/arduinobot_msgs/local/lib/python3.10/dist-packages/arduinobot_msgs/arduinobot_msgs_s__rosidl_typesupport_c.cpython-310-x86_64-linux-gnu.so
[1.458s] -- Up-to-date: /home/firdaus/arduinobot_ws/install/arduinobot_msgs/local/lib/python3.10/dist-packages/arduinobot_msgs/_arduinobot_msgs_s.ep.rosidl_typesupport_fastrtps_c.c
[1.464s] Listing '/home/firdaus/arduinobot_ws/install/arduinobot_msgs/local/lib/python3.10/dist-packages/arduinobot_msgs'...
[1.464s] Listing '/home/firdaus/arduinobot_ws/install/arduinobot_msgs/local/lib/python3.10/dist-packages/arduinobot_msgs/srv'...
[1.477s] -- Up-to-date: /home/firdaus/arduinobot_ws/install/arduinobot_msgs/local/lib/python3.10/dist-packages/arduinobot_msgs/arduinobot_msgs_s__rosidl_typesupport_fastrtps_c.cpython-310-x86_64-linux-gnu.so
[1.477s] -- Up-to-date: /home/firdaus/arduinobot_ws/install/arduinobot_msgs/local/lib/python3.10/dist-packages/arduinobot_msgs/arduinobot_msgs_s__rosidl_typesupport_introspection_c.cpython-310-x86_64-linux-gnu.so
[1.478s] -- Up-to-date: /home/firdaus/arduinobot_ws/install/arduinobot_msgs/local/lib/python3.10/dist-packages/arduinobot_msgs/arduinobot_msgs_s__rosidl_typesupport_c.cpython-310-x86_64-linux-gnu.so
[1.478s] -- Up-to-date: /home/firdaus/arduinobot_ws/install/arduinobot_msgs/lib/libarduinobot_msgs__rosidl_generator_py.so
[1.478s] -- Up-to-date: /home/firdaus/arduinobot_ws/install/arduinobot_msgs/share/arduinobot_msgs/srv/AddTwoInts.idl
[1.478s] -- Up-to-date: /home/firdaus/arduinobot_ws/install/arduinobot_msgs/share/arduinobot_msgs/srv/EulerToQuaternion.idl
[1.478s] -- Up-to-date: /home/firdaus/arduinobot_ws/install/arduinobot_msgs/share/arduinobot_msgs/srv/QuaternionToEuler.idl
[1.479s] -- Up-to-date: /home/firdaus/arduinobot_ws/install/arduinobot_msgs/share/arduinobot_msgs/srv/AddTwoInts.srv
[1.479s] -- Up-to-date: /home/firdaus/arduinobot_ws/install/arduinobot_msgs/share/arduinobot_msgs/srv/AddTwoInts_Request.msg
[1.479s] -- Up-to-date: /home/firdaus/arduinobot_ws/install/arduinobot_msgs/share/arduinobot_msgs/srv/AddTwoInts_Response.msg
[1.479s] -- Up-to-date: /home/firdaus/arduinobot_ws/install/arduinobot_msgs/share/arduinobot_msgs/srv/EulerToQuaternion.srv
[1.480s] -- Up-to-date: /home/firdaus/arduinobot_ws/install/arduinobot_msgs/share/arduinobot_msgs/srv/EulerToQuaternion_Request.msg
[1.481s] -- Up-to-date: /home/firdaus/arduinobot_ws/install/arduinobot_msgs/share/arduinobot_msgs/srv/EulerToQuaternion_Response.msg
[1.481s] -- Up-to-date: /home/firdaus/arduinobot_ws/install/arduinobot_msgs/share/arduinobot_msgs/srv/QuaternionToEuler.srv
[1.481s] -- Up-to-date: /home/firdaus/arduinobot_ws/install/arduinobot_msgs/share/arduinobot_msgs/srv/QuaternionToEuler_Request.msg
[1.483s] -- Up-to-date: /home/firdaus/arduinobot_ws/install/arduinobot_msgs/share/arduinobot_msgs/srv/QuaternionToEuler_Response.msg
[1.483s] -- Up-to-date: /home/firdaus/arduinobot_ws/install/arduinobot_msgs/share/ament_index/resource_index/package_run_dependencies/arduinobot_msgs
[1.483s] -- Up-to-date: /home/firdaus/arduinobot_ws/install/arduinobot_msgs/share/ament_index/resource_index/parent_prefix_path/arduinobot_msgs
[1.483s] -- Up-to-date: /home/firdaus/arduinobot_ws/install/arduinobot_msgs/share/arduinobot_msgs/environment/ament_prefix_path.sh
[1.484s] -- Up-to-date: /home/firdaus/arduinobot_ws/install/arduinobot_msgs/share/arduinobot_msgs/environment/ament_prefix_path.dsv
[1.484s] -- Up-to-date: /home/firdaus/arduinobot_ws/install/arduinobot_msgs/share/arduinobot_msgs/environment/path.sh
[1.484s] -- Up-to-date: /home/firdaus/arduinobot_ws/install/arduinobot_msgs/share/arduinobot_msgs/environment/path.dsv
[1.484s] -- Up-to-date: /home/firdaus/arduinobot_ws/install/arduinobot_msgs/share/arduinobot_msgs/local_setup.bash
[1.484s] -- Up-to-date: /home/firdaus/arduinobot_ws/install/arduinobot_msgs/share/arduinobot_msgs/local_setup.sh
[1.484s] -- Up-to-date: /home/firdaus/arduinobot_ws/install/arduinobot_msgs/share/arduinobot_msgs/local_setup.zsh
[1.485s] -- Up-to-date: /home/firdaus/arduinobot_ws/install/arduinobot_msgs/share/arduinobot_msgs/local_setup.dsv
[1.485s] -- Installing: /home/firdaus/arduinobot_ws/install/arduinobot_msgs/share/arduinobot_msgs/package.dsv
[1.485s] -- Up-to-date: /home/firdaus/arduinobot_ws/install/arduinobot_msgs/share/ament_index/resource_index/packages/arduinobot_msgs
[1.485s] -- Up-to-date: /home/firdaus/arduinobot_ws/install/arduinobot_msgs/share/arduinobot_msgs/cmake/export_arduinobot_msgs__rosidl_generator_cExport.cmake
[1.485s] -- Up-to-date: /home/firdaus/arduinobot_ws/install/arduinobot_msgs/share/arduinobot_msgs/cmake/export_arduinobot_msgs__rosidl_generator_cExport-noconfig.cmake
[1.485s] -- Up-to-date: /home/firdaus/arduinobot_ws/install/arduinobot_msgs/share/arduinobot_msgs/cmake/export_arduinobot_msgs__rosidl_typesupport_fastrtps_cExport.cmake
[1.486s] -- Up-to-date: /home/firdaus/arduinobot_ws/install/arduinobot_msgs/share/arduinobot_msgs/cmake/export_arduinobot_msgs__rosidl_typesupport_fastrtps_cExport-noconfig.cmake
[1.486s] -- Up-to-date: /home/firdaus/arduinobot_ws/install/arduinobot_msgs/share/arduinobot_msgs/cmake/export_arduinobot_msgs__rosidl_generator_cppExport.cmake
[1.486s] -- Up-to-date: /home/firdaus/arduinobot_ws/install/arduinobot_msgs/share/arduinobot_msgs/cmake/export_arduinobot_msgs__rosidl_typesupport_fastrtps_cppExport.cmake
[1.486s] -- Up-to-date: /home/firdaus/arduinobot_ws/install/arduinobot_msgs/share/arduinobot_msgs/cmake/export_arduinobot_msgs__rosidl_typesupport_fastrtps_cppExport-noconfig.cmake
[1.486s] -- Up-to-date: /home/firdaus/arduinobot_ws/install/arduinobot_msgs/share/arduinobot_msgs/cmake/arduinobot_msgs__rosidl_typesupport_introspection_cExport.cmake
[1.487s] -- Up-to-date: /home/firdaus/arduinobot_ws/install/arduinobot_msgs/share/arduinobot_msgs/cmake/arduinobot_msgs__rosidl_typesupport_introspection_cExport-noconfig.cmake
[1.487s] -- Up-to-date: /home/firdaus/arduinobot_ws/install/arduinobot_msgs/share/arduinobot_msgs/cmake/arduinobot_msgs__rosidl_typesupport_cExport.cmake
[1.487s] -- Up-to-date: /home/firdaus/arduinobot_ws/install/arduinobot_msgs/share/arduinobot_msgs/cmake/arduinobot_msgs__rosidl_typesupport_cExport-noconfig.cmake
[1.487s] -- Up-to-date: /home/firdaus/arduinobot_ws/install/arduinobot_msgs/share/arduinobot_msgs/cmake/arduinobot_msgs__rosidl_typesupport_introspection_cppExport.cmake
[1.488s] -- Up-to-date: /home/firdaus/arduinobot_ws/install/arduinobot_msgs/share/arduinobot_msgs/cmake/arduinobot_msgs__rosidl_typesupport_introspection_cppExport-noconfig.cmake
[1.488s] -- Up-to-date: /home/firdaus/arduinobot_ws/install/arduinobot_msgs/share/arduinobot_msgs/cmake/arduinobot_msgs__rosidl_typesupport_cppExport.cmake
[1.488s] -- Up-to-date: /home/firdaus/arduinobot_ws/install/arduinobot_msgs/share/arduinobot_msgs/cmake/arduinobot_msgs__rosidl_typesupport_cppExport-noconfig.cmake
[1.488s] -- Up-to-date: /home/firdaus/arduinobot_ws/install/arduinobot_msgs/share/arduinobot_msgs/cmake/export_arduinobot_msgs__rosidl_generator_pyExport.cmake
[1.488s] -- Up-to-date: /home/firdaus/arduinobot_ws/install/arduinobot_msgs/share/arduinobot_msgs/cmake/export_arduinobot_msgs__rosidl_generator_pyExport-noconfig.cmake
[1.489s] -- Up-to-date: /home/firdaus/arduinobot_ws/install/arduinobot_msgs/share/arduinobot_msgs/cmake/rosidl_cmake-extras.cmake
[1.489s] -- Up-to-date: /home/firdaus/arduinobot_ws/install/arduinobot_msgs/share/arduinobot_msgs/cmake/ament_cmake_export_include_directories-extras.cmake
[1.489s] -- Up-to-date: /home/firdaus/arduinobot_ws/install/arduinobot_msgs/share/arduinobot_msgs/cmake/ament_cmake_export_libraries-extras.cmake
[1.489s] -- Up-to-date: /home/firdaus/arduinobot_ws/install/arduinobot_msgs/share/arduinobot_msgs/cmake/ament_cmake_export_targets-extras.cmake
[1.489s] -- Up-to-date: /home/firdaus/arduinobot_ws/install/arduinobot_msgs/share/arduinobot_msgs/cmake/rosidl_cmake_export_typesupport_targets-extras.cmake
[1.490s] -- Up-to-date: /home/firdaus/arduinobot_ws/install/arduinobot_msgs/share/arduinobot_msgs/cmake/ament_cmake_export_dependencies-extras.cmake
[1.490s] -- Up-to-date: /home/firdaus/arduinobot_ws/install/arduinobot_msgs/share/arduinobot_msgs/cmake/rosidl_cmake_export_typesupport_libraries-extras.cmake
[1.490s] -- Up-to-date: /home/firdaus/arduinobot_ws/install/arduinobot_msgs/share/arduinobot_msgs/cmake/arduinobot_msgsConfig.cmake
[1.490s] -- Up-to-date: /home/firdaus/arduinobot_ws/install/arduinobot_msgs/share/arduinobot_msgs/cmake/arduinobot_msgsConfig-version.cmake
[1.490s] -- Up-to-date: /home/firdaus/arduinobot_ws/install/arduinobot_msgs/share/arduinobot_msgs/package.xml
[1.508s] Invoked command in '/home/firdaus/arduinobot_ws/build/arduinobot_msgs' returned '0': CMAKE_PREFIX_PATH=/opt/ros/humble /usr/bin/cmake --install /home/firdaus/arduinobot_ws/build/arduinobot_msgs
