[0.036s] Invoking command in '/home/firdaus/arduinobot_ws/build/arduinobot_controller': CMAKE_PREFIX_PATH=/opt/ros/humble /usr/bin/cmake --build /home/firdaus/arduinobot_ws/build/arduinobot_controller -- -j4 -l4
[0.083s] -- Found ament_cmake: 1.3.9 (/opt/ros/humble/share/ament_cmake/cmake)
[0.278s] -- Found ament_lint_auto: 0.12.11 (/opt/ros/humble/share/ament_lint_auto/cmake)
[0.400s] -- Added test 'flake8' to check Python code syntax and style conventions
[0.400s] -- Added test 'lint_cmake' to check CMake code style
[0.400s] -- Added test 'pep257' to check Python code against some of the docstring style conventions in PEP 257
[0.400s] -- Added test 'xmllint' to check XML markup files
[0.400s] -- Configuring done
[0.403s] -- Generating done
[0.411s] -- Build files have been written to: /home/firdaus/arduinobot_ws/build/arduinobot_controller
[0.463s] Invoked command in '/home/firdaus/arduinobot_ws/build/arduinobot_controller' returned '0': CMAKE_PREFIX_PATH=/opt/ros/humble /usr/bin/cmake --build /home/firdaus/arduinobot_ws/build/arduinobot_controller -- -j4 -l4
[0.608s] Invoking command in '/home/firdaus/arduinobot_ws/build/arduinobot_controller': CMAKE_PREFIX_PATH=/opt/ros/humble /usr/bin/cmake --install /home/firdaus/arduinobot_ws/build/arduinobot_controller
[0.623s] -- Install configuration: ""
[0.624s] -- Up-to-date: /home/firdaus/arduinobot_ws/install/arduinobot_controller/share/arduinobot_controller/config
[0.624s] -- Up-to-date: /home/firdaus/arduinobot_ws/install/arduinobot_controller/share/arduinobot_controller/config/arduinobot_controllers.yaml
[0.624s] -- Up-to-date: /home/firdaus/arduinobot_ws/install/arduinobot_controller/share/arduinobot_controller/launch
[0.624s] -- Up-to-date: /home/firdaus/arduinobot_ws/install/arduinobot_controller/share/arduinobot_controller/launch/controller.launch.py
[0.624s] -- Up-to-date: /home/firdaus/arduinobot_ws/install/arduinobot_controller/share/ament_index/resource_index/package_run_dependencies/arduinobot_controller
[0.624s] -- Up-to-date: /home/firdaus/arduinobot_ws/install/arduinobot_controller/share/ament_index/resource_index/parent_prefix_path/arduinobot_controller
[0.624s] -- Up-to-date: /home/firdaus/arduinobot_ws/install/arduinobot_controller/share/arduinobot_controller/environment/ament_prefix_path.sh
[0.624s] -- Installing: /home/firdaus/arduinobot_ws/install/arduinobot_controller/share/arduinobot_controller/environment/ament_prefix_path.dsv
[0.627s] -- Up-to-date: /home/firdaus/arduinobot_ws/install/arduinobot_controller/share/arduinobot_controller/environment/path.sh
[0.628s] -- Installing: /home/firdaus/arduinobot_ws/install/arduinobot_controller/share/arduinobot_controller/environment/path.dsv
[0.630s] -- Up-to-date: /home/firdaus/arduinobot_ws/install/arduinobot_controller/share/arduinobot_controller/local_setup.bash
[0.631s] -- Up-to-date: /home/firdaus/arduinobot_ws/install/arduinobot_controller/share/arduinobot_controller/local_setup.sh
[0.632s] -- Up-to-date: /home/firdaus/arduinobot_ws/install/arduinobot_controller/share/arduinobot_controller/local_setup.zsh
[0.633s] -- Installing: /home/firdaus/arduinobot_ws/install/arduinobot_controller/share/arduinobot_controller/local_setup.dsv
[0.635s] -- Installing: /home/firdaus/arduinobot_ws/install/arduinobot_controller/share/arduinobot_controller/package.dsv
[0.636s] -- Up-to-date: /home/firdaus/arduinobot_ws/install/arduinobot_controller/share/ament_index/resource_index/packages/arduinobot_controller
[0.638s] -- Up-to-date: /home/firdaus/arduinobot_ws/install/arduinobot_controller/share/arduinobot_controller/cmake/arduinobot_controllerConfig.cmake
[0.638s] -- Up-to-date: /home/firdaus/arduinobot_ws/install/arduinobot_controller/share/arduinobot_controller/cmake/arduinobot_controllerConfig-version.cmake
[0.639s] -- Up-to-date: /home/firdaus/arduinobot_ws/install/arduinobot_controller/share/arduinobot_controller/package.xml
[0.645s] Invoked command in '/home/firdaus/arduinobot_ws/build/arduinobot_controller' returned '0': CMAKE_PREFIX_PATH=/opt/ros/humble /usr/bin/cmake --install /home/firdaus/arduinobot_ws/build/arduinobot_controller
