[0.043s] Invoking command in '/home/firdaus/arduinobot_ws/build/arduinobot_controller': CMAKE_PREFIX_PATH=/opt/ros/humble /usr/bin/cmake --build /home/firdaus/arduinobot_ws/build/arduinobot_controller -- -j4 -l4
[0.079s] -- Found ament_cmake: 1.3.9 (/opt/ros/humble/share/ament_cmake/cmake)
[0.282s] -- Found trajectory_msgs: 4.2.4 (/opt/ros/humble/share/trajectory_msgs/cmake)
[0.461s] -- Found rosidl_generator_c: 3.1.5 (/opt/ros/humble/share/rosidl_generator_c/cmake)
[0.478s] -- Found rosidl_adapter: 3.1.5 (/opt/ros/humble/share/rosidl_adapter/cmake)
[0.515s] -- Found rosidl_generator_cpp: 3.1.5 (/opt/ros/humble/share/rosidl_generator_cpp/cmake)
[0.593s] -- Using all available rosidl_typesupport_c: rosidl_typesupport_fastrtps_c;rosidl_typesupport_introspection_c
[0.652s] -- Using all available rosidl_typesupport_cpp: rosidl_typesupport_fastrtps_cpp;rosidl_typesupport_introspection_cpp
[1.078s] -- Found sensor_msgs: 4.2.4 (/opt/ros/humble/share/sensor_msgs/cmake)
[1.227s] -- Found rclcpp: 16.0.9 (/opt/ros/humble/share/rclcpp/cmake)
[1.405s] -- Found rmw_implementation_cmake: 6.1.2 (/opt/ros/humble/share/rmw_implementation_cmake/cmake)
[1.418s] -- Found rmw_fastrtps_cpp: 6.2.6 (/opt/ros/humble/share/rmw_fastrtps_cpp/cmake)
[1.675s] -- Found OpenSSL: /usr/lib/x86_64-linux-gnu/libcrypto.so (found version "3.0.2")  
[1.729s] -- Found FastRTPS: /opt/ros/humble/include  
[1.801s] -- Using RMW implementation 'rmw_fastrtps_cpp' as default
[1.853s] -- Looking for pthread.h
[2.450s] -- Looking for pthread.h - found
[2.450s] -- Performing Test CMAKE_HAVE_LIBC_PTHREAD
[2.557s] -- Performing Test CMAKE_HAVE_LIBC_PTHREAD - Success
[2.558s] -- Found Threads: TRUE  
[2.748s] -- Found rclpy: 3.3.13 (/opt/ros/humble/share/rclpy/cmake)
[2.865s] [31mCMake Error at /opt/ros/humble/share/ament_cmake_python/cmake/ament_python_install_package.cmake:66 (message):
[2.866s]   ament_python_install_package() the Python package folder
[2.866s]   '/home/firdaus/arduinobot_ws/src/arduinobot_controller/arduinobot_controller'
[2.866s]   doesn't contain an '__init__.py' file
[2.866s] Call Stack (most recent call first):
[2.866s]   /opt/ros/humble/share/ament_cmake_python/cmake/ament_python_install_package.cmake:39 (_ament_cmake_python_install_package)
[2.866s]   CMakeLists.txt:15 (ament_python_install_package)
[2.866s] 
[2.866s] [0m
[2.868s] -- Configuring incomplete, errors occurred!
[2.868s] See also "/home/firdaus/arduinobot_ws/build/arduinobot_controller/CMakeFiles/CMakeOutput.log".
[2.876s] gmake: *** [Makefile:226: cmake_check_build_system] Error 1
[2.882s] Invoked command in '/home/firdaus/arduinobot_ws/build/arduinobot_controller' returned '2': CMAKE_PREFIX_PATH=/opt/ros/humble /usr/bin/cmake --build /home/firdaus/arduinobot_ws/build/arduinobot_controller -- -j4 -l4
