[0.055s] Invoking command in '/home/firdaus/arduinobot_ws/build/arduinobot_controller': CMAKE_PREFIX_PATH=/opt/ros/humble /usr/bin/cmake --build /home/firdaus/arduinobot_ws/build/arduinobot_controller -- -j4 -l4
[0.248s] Invoked command in '/home/firdaus/arduinobot_ws/build/arduinobot_controller' returned '0': CMAKE_PREFIX_PATH=/opt/ros/humble /usr/bin/cmake --build /home/firdaus/arduinobot_ws/build/arduinobot_controller -- -j4 -l4
[0.641s] Invoking command in '/home/firdaus/arduinobot_ws/build/arduinobot_controller': CMAKE_PREFIX_PATH=/opt/ros/humble /usr/bin/cmake --install /home/firdaus/arduinobot_ws/build/arduinobot_controller
[0.678s] -- Install configuration: ""
[0.679s] -- Up-to-date: /home/firdaus/arduinobot_ws/install/arduinobot_controller/share/arduinobot_controller/config
[0.679s] -- Up-to-date: /home/firdaus/arduinobot_ws/install/arduinobot_controller/share/arduinobot_controller/config/arduinobot_controllers.yaml
[0.680s] -- Up-to-date: /home/firdaus/arduinobot_ws/install/arduinobot_controller/share/arduinobot_controller/launch
[0.680s] -- Up-to-date: /home/firdaus/arduinobot_ws/install/arduinobot_controller/share/arduinobot_controller/launch/controller.launch.py
[0.681s] -- Up-to-date: /home/firdaus/arduinobot_ws/install/arduinobot_controller/share/ament_index/resource_index/package_run_dependencies/arduinobot_controller
[0.681s] -- Up-to-date: /home/firdaus/arduinobot_ws/install/arduinobot_controller/share/ament_index/resource_index/parent_prefix_path/arduinobot_controller
[0.681s] -- Up-to-date: /home/firdaus/arduinobot_ws/install/arduinobot_controller/share/arduinobot_controller/environment/ament_prefix_path.sh
[0.685s] -- Up-to-date: /home/firdaus/arduinobot_ws/install/arduinobot_controller/share/arduinobot_controller/environment/ament_prefix_path.dsv
[0.686s] -- Up-to-date: /home/firdaus/arduinobot_ws/install/arduinobot_controller/share/arduinobot_controller/environment/path.sh
[0.743s] -- Up-to-date: /home/firdaus/arduinobot_ws/install/arduinobot_controller/share/arduinobot_controller/environment/path.dsv
[0.746s] -- Up-to-date: /home/firdaus/arduinobot_ws/install/arduinobot_controller/share/arduinobot_controller/local_setup.bash
[0.748s] -- Up-to-date: /home/firdaus/arduinobot_ws/install/arduinobot_controller/share/arduinobot_controller/local_setup.sh
[0.750s] -- Up-to-date: /home/firdaus/arduinobot_ws/install/arduinobot_controller/share/arduinobot_controller/local_setup.zsh
[0.752s] -- Up-to-date: /home/firdaus/arduinobot_ws/install/arduinobot_controller/share/arduinobot_controller/local_setup.dsv
[0.753s] -- Installing: /home/firdaus/arduinobot_ws/install/arduinobot_controller/share/arduinobot_controller/package.dsv
[0.761s] -- Up-to-date: /home/firdaus/arduinobot_ws/install/arduinobot_controller/share/ament_index/resource_index/packages/arduinobot_controller
[0.762s] -- Up-to-date: /home/firdaus/arduinobot_ws/install/arduinobot_controller/share/arduinobot_controller/cmake/arduinobot_controllerConfig.cmake
[0.766s] -- Up-to-date: /home/firdaus/arduinobot_ws/install/arduinobot_controller/share/arduinobot_controller/cmake/arduinobot_controllerConfig-version.cmake
[0.767s] -- Up-to-date: /home/firdaus/arduinobot_ws/install/arduinobot_controller/share/arduinobot_controller/package.xml
[0.829s] Invoked command in '/home/firdaus/arduinobot_ws/build/arduinobot_controller' returned '0': CMAKE_PREFIX_PATH=/opt/ros/humble /usr/bin/cmake --install /home/firdaus/arduinobot_ws/build/arduinobot_controller
