[0.100s] Invoking command in '/home/firdaus/arduinobot_ws/build/arduinobot_msgs': CMAKE_PREFIX_PATH=/opt/ros/humble /usr/bin/cmake --build /home/firdaus/arduinobot_ws/build/arduinobot_msgs -- -j4 -l4
[0.449s] [  2%] Built target arduinobot_msgs__cpp
[0.644s] [  2%] Built target ament_cmake_python_copy_arduinobot_msgs
[0.806s] [ 12%] Built target arduinobot_msgs__rosidl_typesupport_fastrtps_cpp
[1.026s] [ 23%] Built target arduinobot_msgs__rosidl_typesupport_introspection_cpp
[2.069s] running egg_info
[2.069s] writing arduinobot_msgs.egg-info/PKG-INFO
[2.072s] writing dependency_links to arduinobot_msgs.egg-info/dependency_links.txt
[2.082s] writing top-level names to arduinobot_msgs.egg-info/top_level.txt
[2.083s] reading manifest file 'arduinobot_msgs.egg-info/SOURCES.txt'
[2.083s] writing manifest file 'arduinobot_msgs.egg-info/SOURCES.txt'
[2.311s] [ 23%] Built target ament_cmake_python_build_arduinobot_msgs_egg
[2.437s] [ 34%] Built target arduinobot_msgs__rosidl_typesupport_cpp
[2.530s] [ 44%] Built target arduinobot_msgs__rosidl_generator_c
[2.646s] [ 55%] Built target arduinobot_msgs__rosidl_typesupport_fastrtps_c
[2.733s] [ 65%] Built target arduinobot_msgs__rosidl_typesupport_c
[2.903s] [ 76%] Built target arduinobot_msgs__rosidl_typesupport_introspection_c
[3.022s] [ 76%] Built target arduinobot_msgs
[3.114s] [ 78%] Built target arduinobot_msgs__py
[3.287s] [ 87%] Built target arduinobot_msgs__rosidl_generator_py
[3.438s] [ 91%] Built target arduinobot_msgs__rosidl_typesupport_fastrtps_c__pyext
[3.558s] [ 95%] Built target arduinobot_msgs__rosidl_typesupport_c__pyext
[3.685s] [100%] Built target arduinobot_msgs__rosidl_typesupport_introspection_c__pyext
[3.784s] Invoked command in '/home/firdaus/arduinobot_ws/build/arduinobot_msgs' returned '0': CMAKE_PREFIX_PATH=/opt/ros/humble /usr/bin/cmake --build /home/firdaus/arduinobot_ws/build/arduinobot_msgs -- -j4 -l4
[4.600s] Invoking command in '/home/firdaus/arduinobot_ws/build/arduinobot_msgs': CMAKE_PREFIX_PATH=/opt/ros/humble /usr/bin/cmake --install /home/firdaus/arduinobot_ws/build/arduinobot_msgs
[4.634s] -- Install configuration: ""
[4.635s] -- Up-to-date: /home/firdaus/arduinobot_ws/install/arduinobot_msgs/share/ament_index/resource_index/rosidl_interfaces/arduinobot_msgs
[4.635s] -- Up-to-date: /home/firdaus/arduinobot_ws/install/arduinobot_msgs/include/arduinobot_msgs/arduinobot_msgs
[4.635s] -- Up-to-date: /home/firdaus/arduinobot_ws/install/arduinobot_msgs/include/arduinobot_msgs/arduinobot_msgs/msg
[4.635s] -- Up-to-date: /home/firdaus/arduinobot_ws/install/arduinobot_msgs/include/arduinobot_msgs/arduinobot_msgs/msg/rosidl_generator_c__visibility_control.h
[4.635s] -- Up-to-date: /home/firdaus/arduinobot_ws/install/arduinobot_msgs/include/arduinobot_msgs/arduinobot_msgs/srv
[4.636s] -- Up-to-date: /home/firdaus/arduinobot_ws/install/arduinobot_msgs/include/arduinobot_msgs/arduinobot_msgs/srv/quaternion_to_euler.h
[4.636s] -- Up-to-date: /home/firdaus/arduinobot_ws/install/arduinobot_msgs/include/arduinobot_msgs/arduinobot_msgs/srv/detail
[4.636s] -- Up-to-date: /home/firdaus/arduinobot_ws/install/arduinobot_msgs/include/arduinobot_msgs/arduinobot_msgs/srv/detail/quaternion_to_euler__type_support.h
[4.636s] -- Up-to-date: /home/firdaus/arduinobot_ws/install/arduinobot_msgs/include/arduinobot_msgs/arduinobot_msgs/srv/detail/quaternion_to_euler__struct.h
[4.636s] -- Up-to-date: /home/firdaus/arduinobot_ws/install/arduinobot_msgs/include/arduinobot_msgs/arduinobot_msgs/srv/detail/add_two_ints__functions.h
[4.637s] -- Up-to-date: /home/firdaus/arduinobot_ws/install/arduinobot_msgs/include/arduinobot_msgs/arduinobot_msgs/srv/detail/euler_to_quaternion__type_support.h
[4.637s] -- Up-to-date: /home/firdaus/arduinobot_ws/install/arduinobot_msgs/include/arduinobot_msgs/arduinobot_msgs/srv/detail/add_two_ints__struct.h
[4.637s] -- Up-to-date: /home/firdaus/arduinobot_ws/install/arduinobot_msgs/include/arduinobot_msgs/arduinobot_msgs/srv/detail/add_two_ints__type_support.h
[4.638s] -- Up-to-date: /home/firdaus/arduinobot_ws/install/arduinobot_msgs/include/arduinobot_msgs/arduinobot_msgs/srv/detail/euler_to_quaternion__struct.h
[4.638s] -- Up-to-date: /home/firdaus/arduinobot_ws/install/arduinobot_msgs/include/arduinobot_msgs/arduinobot_msgs/srv/detail/euler_to_quaternion__functions.h
[4.638s] -- Up-to-date: /home/firdaus/arduinobot_ws/install/arduinobot_msgs/include/arduinobot_msgs/arduinobot_msgs/srv/detail/euler_to_quaternion__functions.c
[4.638s] -- Up-to-date: /home/firdaus/arduinobot_ws/install/arduinobot_msgs/include/arduinobot_msgs/arduinobot_msgs/srv/detail/quaternion_to_euler__functions.c
[4.638s] -- Up-to-date: /home/firdaus/arduinobot_ws/install/arduinobot_msgs/include/arduinobot_msgs/arduinobot_msgs/srv/detail/add_two_ints__functions.c
[4.638s] -- Up-to-date: /home/firdaus/arduinobot_ws/install/arduinobot_msgs/include/arduinobot_msgs/arduinobot_msgs/srv/detail/add_two_in__type_support.h
[4.639s] -- Up-to-date: /home/firdaus/arduinobot_ws/install/arduinobot_msgs/include/arduinobot_msgs/arduinobot_msgs/srv/detail/add_two_in__functions.c
[4.639s] -- Up-to-date: /home/firdaus/arduinobot_ws/install/arduinobot_msgs/include/arduinobot_msgs/arduinobot_msgs/srv/detail/add_two_in__functions.h
[4.639s] -- Up-to-date: /home/firdaus/arduinobot_ws/install/arduinobot_msgs/include/arduinobot_msgs/arduinobot_msgs/srv/detail/add_two_in__struct.h
[4.639s] -- Up-to-date: /home/firdaus/arduinobot_ws/install/arduinobot_msgs/include/arduinobot_msgs/arduinobot_msgs/srv/detail/quaternion_to_euler__functions.h
[4.639s] -- Up-to-date: /home/firdaus/arduinobot_ws/install/arduinobot_msgs/include/arduinobot_msgs/arduinobot_msgs/srv/add_two_ints.h
[4.639s] -- Up-to-date: /home/firdaus/arduinobot_ws/install/arduinobot_msgs/include/arduinobot_msgs/arduinobot_msgs/srv/add_two_in.h
[4.640s] -- Up-to-date: /home/firdaus/arduinobot_ws/install/arduinobot_msgs/include/arduinobot_msgs/arduinobot_msgs/srv/euler_to_quaternion.h
[4.640s] -- Up-to-date: /home/firdaus/arduinobot_ws/install/arduinobot_msgs/share/arduinobot_msgs/environment/library_path.sh
[4.640s] -- Up-to-date: /home/firdaus/arduinobot_ws/install/arduinobot_msgs/share/arduinobot_msgs/environment/library_path.dsv
[4.640s] -- Up-to-date: /home/firdaus/arduinobot_ws/install/arduinobot_msgs/lib/libarduinobot_msgs__rosidl_generator_c.so
[4.640s] -- Up-to-date: /home/firdaus/arduinobot_ws/install/arduinobot_msgs/include/arduinobot_msgs/arduinobot_msgs
[4.640s] -- Up-to-date: /home/firdaus/arduinobot_ws/install/arduinobot_msgs/include/arduinobot_msgs/arduinobot_msgs/msg
[4.641s] -- Up-to-date: /home/firdaus/arduinobot_ws/install/arduinobot_msgs/include/arduinobot_msgs/arduinobot_msgs/msg/rosidl_typesupport_fastrtps_c__visibility_control.h
[4.641s] -- Up-to-date: /home/firdaus/arduinobot_ws/install/arduinobot_msgs/include/arduinobot_msgs/arduinobot_msgs/srv
[4.641s] -- Up-to-date: /home/firdaus/arduinobot_ws/install/arduinobot_msgs/include/arduinobot_msgs/arduinobot_msgs/srv/detail
[4.641s] -- Up-to-date: /home/firdaus/arduinobot_ws/install/arduinobot_msgs/include/arduinobot_msgs/arduinobot_msgs/srv/detail/euler_to_quaternion__rosidl_typesupport_fastrtps_c.h
[4.642s] -- Up-to-date: /home/firdaus/arduinobot_ws/install/arduinobot_msgs/include/arduinobot_msgs/arduinobot_msgs/srv/detail/add_two_ints__rosidl_typesupport_fastrtps_c.h
[4.645s] -- Up-to-date: /home/firdaus/arduinobot_ws/install/arduinobot_msgs/include/arduinobot_msgs/arduinobot_msgs/srv/detail/add_two_in__rosidl_typesupport_fastrtps_c.h
[4.645s] -- Up-to-date: /home/firdaus/arduinobot_ws/install/arduinobot_msgs/include/arduinobot_msgs/arduinobot_msgs/srv/detail/quaternion_to_euler__rosidl_typesupport_fastrtps_c.h
[4.645s] -- Up-to-date: /home/firdaus/arduinobot_ws/install/arduinobot_msgs/lib/libarduinobot_msgs__rosidl_typesupport_fastrtps_c.so
[4.645s] -- Up-to-date: /home/firdaus/arduinobot_ws/install/arduinobot_msgs/include/arduinobot_msgs/arduinobot_msgs
[4.646s] -- Up-to-date: /home/firdaus/arduinobot_ws/install/arduinobot_msgs/include/arduinobot_msgs/arduinobot_msgs/srv
[4.646s] -- Up-to-date: /home/firdaus/arduinobot_ws/install/arduinobot_msgs/include/arduinobot_msgs/arduinobot_msgs/srv/add_two_in.hpp
[4.646s] -- Up-to-date: /home/firdaus/arduinobot_ws/install/arduinobot_msgs/include/arduinobot_msgs/arduinobot_msgs/srv/detail
[4.646s] -- Up-to-date: /home/firdaus/arduinobot_ws/install/arduinobot_msgs/include/arduinobot_msgs/arduinobot_msgs/srv/detail/quaternion_to_euler__traits.hpp
[4.647s] -- Up-to-date: /home/firdaus/arduinobot_ws/install/arduinobot_msgs/include/arduinobot_msgs/arduinobot_msgs/srv/detail/add_two_in__traits.hpp
[4.647s] -- Up-to-date: /home/firdaus/arduinobot_ws/install/arduinobot_msgs/include/arduinobot_msgs/arduinobot_msgs/srv/detail/quaternion_to_euler__struct.hpp
[4.647s] -- Up-to-date: /home/firdaus/arduinobot_ws/install/arduinobot_msgs/include/arduinobot_msgs/arduinobot_msgs/srv/detail/euler_to_quaternion__struct.hpp
[4.647s] -- Up-to-date: /home/firdaus/arduinobot_ws/install/arduinobot_msgs/include/arduinobot_msgs/arduinobot_msgs/srv/detail/quaternion_to_euler__builder.hpp
[4.647s] -- Up-to-date: /home/firdaus/arduinobot_ws/install/arduinobot_msgs/include/arduinobot_msgs/arduinobot_msgs/srv/detail/add_two_in__builder.hpp
[4.647s] -- Up-to-date: /home/firdaus/arduinobot_ws/install/arduinobot_msgs/include/arduinobot_msgs/arduinobot_msgs/srv/detail/add_two_ints__traits.hpp
[4.648s] -- Up-to-date: /home/firdaus/arduinobot_ws/install/arduinobot_msgs/include/arduinobot_msgs/arduinobot_msgs/srv/detail/add_two_ints__struct.hpp
[4.648s] -- Up-to-date: /home/firdaus/arduinobot_ws/install/arduinobot_msgs/include/arduinobot_msgs/arduinobot_msgs/srv/detail/euler_to_quaternion__traits.hpp
[4.648s] -- Up-to-date: /home/firdaus/arduinobot_ws/install/arduinobot_msgs/include/arduinobot_msgs/arduinobot_msgs/srv/detail/add_two_in__struct.hpp
[4.648s] -- Up-to-date: /home/firdaus/arduinobot_ws/install/arduinobot_msgs/include/arduinobot_msgs/arduinobot_msgs/srv/detail/euler_to_quaternion__builder.hpp
[4.648s] -- Up-to-date: /home/firdaus/arduinobot_ws/install/arduinobot_msgs/include/arduinobot_msgs/arduinobot_msgs/srv/detail/add_two_ints__builder.hpp
[4.648s] -- Up-to-date: /home/firdaus/arduinobot_ws/install/arduinobot_msgs/include/arduinobot_msgs/arduinobot_msgs/srv/add_two_ints.hpp
[4.648s] -- Up-to-date: /home/firdaus/arduinobot_ws/install/arduinobot_msgs/include/arduinobot_msgs/arduinobot_msgs/srv/quaternion_to_euler.hpp
[4.649s] -- Up-to-date: /home/firdaus/arduinobot_ws/install/arduinobot_msgs/include/arduinobot_msgs/arduinobot_msgs/srv/euler_to_quaternion.hpp
[4.649s] -- Up-to-date: /home/firdaus/arduinobot_ws/install/arduinobot_msgs/include/arduinobot_msgs/arduinobot_msgs
[4.649s] -- Up-to-date: /home/firdaus/arduinobot_ws/install/arduinobot_msgs/include/arduinobot_msgs/arduinobot_msgs/msg
[4.649s] -- Up-to-date: /home/firdaus/arduinobot_ws/install/arduinobot_msgs/include/arduinobot_msgs/arduinobot_msgs/msg/rosidl_typesupport_fastrtps_cpp__visibility_control.h
[4.650s] -- Up-to-date: /home/firdaus/arduinobot_ws/install/arduinobot_msgs/include/arduinobot_msgs/arduinobot_msgs/srv
[4.676s] -- Up-to-date: /home/firdaus/arduinobot_ws/install/arduinobot_msgs/include/arduinobot_msgs/arduinobot_msgs/srv/detail
[4.677s] -- Up-to-date: /home/firdaus/arduinobot_ws/install/arduinobot_msgs/include/arduinobot_msgs/arduinobot_msgs/srv/detail/quaternion_to_euler__rosidl_typesupport_fastrtps_cpp.hpp
[4.677s] -- Up-to-date: /home/firdaus/arduinobot_ws/install/arduinobot_msgs/include/arduinobot_msgs/arduinobot_msgs/srv/detail/euler_to_quaternion__rosidl_typesupport_fastrtps_cpp.hpp
[4.677s] -- Up-to-date: /home/firdaus/arduinobot_ws/install/arduinobot_msgs/include/arduinobot_msgs/arduinobot_msgs/srv/detail/dds_fastrtps
[4.677s] -- Up-to-date: /home/firdaus/arduinobot_ws/install/arduinobot_msgs/include/arduinobot_msgs/arduinobot_msgs/srv/detail/add_two_in__rosidl_typesupport_fastrtps_cpp.hpp
[4.677s] -- Up-to-date: /home/firdaus/arduinobot_ws/install/arduinobot_msgs/include/arduinobot_msgs/arduinobot_msgs/srv/detail/add_two_ints__rosidl_typesupport_fastrtps_cpp.hpp
[4.678s] -- Up-to-date: /home/firdaus/arduinobot_ws/install/arduinobot_msgs/lib/libarduinobot_msgs__rosidl_typesupport_fastrtps_cpp.so
[4.678s] -- Up-to-date: /home/firdaus/arduinobot_ws/install/arduinobot_msgs/include/arduinobot_msgs/arduinobot_msgs
[4.678s] -- Up-to-date: /home/firdaus/arduinobot_ws/install/arduinobot_msgs/include/arduinobot_msgs/arduinobot_msgs/msg
[4.678s] -- Up-to-date: /home/firdaus/arduinobot_ws/install/arduinobot_msgs/include/arduinobot_msgs/arduinobot_msgs/msg/rosidl_typesupport_introspection_c__visibility_control.h
[4.679s] -- Up-to-date: /home/firdaus/arduinobot_ws/install/arduinobot_msgs/include/arduinobot_msgs/arduinobot_msgs/srv
[4.679s] -- Up-to-date: /home/firdaus/arduinobot_ws/install/arduinobot_msgs/include/arduinobot_msgs/arduinobot_msgs/srv/detail
[4.679s] -- Up-to-date: /home/firdaus/arduinobot_ws/install/arduinobot_msgs/include/arduinobot_msgs/arduinobot_msgs/srv/detail/euler_to_quaternion__type_support.c
[4.679s] -- Up-to-date: /home/firdaus/arduinobot_ws/install/arduinobot_msgs/include/arduinobot_msgs/arduinobot_msgs/srv/detail/add_two_ints__rosidl_typesupport_introspection_c.h
[4.680s] -- Up-to-date: /home/firdaus/arduinobot_ws/install/arduinobot_msgs/include/arduinobot_msgs/arduinobot_msgs/srv/detail/quaternion_to_euler__type_support.c
[4.690s] -- Up-to-date: /home/firdaus/arduinobot_ws/install/arduinobot_msgs/include/arduinobot_msgs/arduinobot_msgs/srv/detail/add_two_in__type_support.c
[4.690s] -- Up-to-date: /home/firdaus/arduinobot_ws/install/arduinobot_msgs/include/arduinobot_msgs/arduinobot_msgs/srv/detail/euler_to_quaternion__rosidl_typesupport_introspection_c.h
[4.690s] -- Up-to-date: /home/firdaus/arduinobot_ws/install/arduinobot_msgs/include/arduinobot_msgs/arduinobot_msgs/srv/detail/quaternion_to_euler__rosidl_typesupport_introspection_c.h
[4.695s] -- Up-to-date: /home/firdaus/arduinobot_ws/install/arduinobot_msgs/include/arduinobot_msgs/arduinobot_msgs/srv/detail/add_two_in__rosidl_typesupport_introspection_c.h
[4.696s] -- Up-to-date: /home/firdaus/arduinobot_ws/install/arduinobot_msgs/include/arduinobot_msgs/arduinobot_msgs/srv/detail/add_two_ints__type_support.c
[4.697s] -- Up-to-date: /home/firdaus/arduinobot_ws/install/arduinobot_msgs/lib/libarduinobot_msgs__rosidl_typesupport_introspection_c.so
[4.697s] -- Up-to-date: /home/firdaus/arduinobot_ws/install/arduinobot_msgs/lib/libarduinobot_msgs__rosidl_typesupport_c.so
[4.699s] -- Up-to-date: /home/firdaus/arduinobot_ws/install/arduinobot_msgs/include/arduinobot_msgs/arduinobot_msgs
[4.699s] -- Up-to-date: /home/firdaus/arduinobot_ws/install/arduinobot_msgs/include/arduinobot_msgs/arduinobot_msgs/srv
[4.700s] -- Up-to-date: /home/firdaus/arduinobot_ws/install/arduinobot_msgs/include/arduinobot_msgs/arduinobot_msgs/srv/detail
[4.700s] -- Up-to-date: /home/firdaus/arduinobot_ws/install/arduinobot_msgs/include/arduinobot_msgs/arduinobot_msgs/srv/detail/euler_to_quaternion__type_support.cpp
[4.701s] -- Up-to-date: /home/firdaus/arduinobot_ws/install/arduinobot_msgs/include/arduinobot_msgs/arduinobot_msgs/srv/detail/add_two_ints__rosidl_typesupport_introspection_cpp.hpp
[4.702s] -- Up-to-date: /home/firdaus/arduinobot_ws/install/arduinobot_msgs/include/arduinobot_msgs/arduinobot_msgs/srv/detail/quaternion_to_euler__rosidl_typesupport_introspection_cpp.hpp
[4.731s] -- Up-to-date: /home/firdaus/arduinobot_ws/install/arduinobot_msgs/include/arduinobot_msgs/arduinobot_msgs/srv/detail/quaternion_to_euler__type_support.cpp
[4.733s] -- Up-to-date: /home/firdaus/arduinobot_ws/install/arduinobot_msgs/include/arduinobot_msgs/arduinobot_msgs/srv/detail/add_two_in__type_support.cpp
[4.733s] -- Up-to-date: /home/firdaus/arduinobot_ws/install/arduinobot_msgs/include/arduinobot_msgs/arduinobot_msgs/srv/detail/add_two_in__rosidl_typesupport_introspection_cpp.hpp
[4.734s] -- Up-to-date: /home/firdaus/arduinobot_ws/install/arduinobot_msgs/include/arduinobot_msgs/arduinobot_msgs/srv/detail/add_two_ints__type_support.cpp
[4.734s] -- Up-to-date: /home/firdaus/arduinobot_ws/install/arduinobot_msgs/include/arduinobot_msgs/arduinobot_msgs/srv/detail/euler_to_quaternion__rosidl_typesupport_introspection_cpp.hpp
[4.734s] -- Up-to-date: /home/firdaus/arduinobot_ws/install/arduinobot_msgs/lib/libarduinobot_msgs__rosidl_typesupport_introspection_cpp.so
[4.735s] -- Up-to-date: /home/firdaus/arduinobot_ws/install/arduinobot_msgs/lib/libarduinobot_msgs__rosidl_typesupport_cpp.so
[4.735s] -- Up-to-date: /home/firdaus/arduinobot_ws/install/arduinobot_msgs/share/arduinobot_msgs/environment/pythonpath.sh
[4.736s] -- Up-to-date: /home/firdaus/arduinobot_ws/install/arduinobot_msgs/share/arduinobot_msgs/environment/pythonpath.dsv
[4.737s] -- Up-to-date: /home/firdaus/arduinobot_ws/install/arduinobot_msgs/local/lib/python3.10/dist-packages/arduinobot_msgs-0.0.0-py3.10.egg-info
[4.739s] -- Installing: /home/firdaus/arduinobot_ws/install/arduinobot_msgs/local/lib/python3.10/dist-packages/arduinobot_msgs-0.0.0-py3.10.egg-info/dependency_links.txt
[4.740s] -- Installing: /home/firdaus/arduinobot_ws/install/arduinobot_msgs/local/lib/python3.10/dist-packages/arduinobot_msgs-0.0.0-py3.10.egg-info/PKG-INFO
[4.741s] -- Installing: /home/firdaus/arduinobot_ws/install/arduinobot_msgs/local/lib/python3.10/dist-packages/arduinobot_msgs-0.0.0-py3.10.egg-info/top_level.txt
[4.741s] -- Installing: /home/firdaus/arduinobot_ws/install/arduinobot_msgs/local/lib/python3.10/dist-packages/arduinobot_msgs-0.0.0-py3.10.egg-info/SOURCES.txt
[4.751s] -- Up-to-date: /home/firdaus/arduinobot_ws/install/arduinobot_msgs/local/lib/python3.10/dist-packages/arduinobot_msgs
[4.751s] -- Up-to-date: /home/firdaus/arduinobot_ws/install/arduinobot_msgs/local/lib/python3.10/dist-packages/arduinobot_msgs/arduinobot_msgs_s__rosidl_typesupport_fastrtps_c.cpython-310-x86_64-linux-gnu.so
[4.752s] -- Up-to-date: /home/firdaus/arduinobot_ws/install/arduinobot_msgs/local/lib/python3.10/dist-packages/arduinobot_msgs/__init__.py
[4.752s] -- Up-to-date: /home/firdaus/arduinobot_ws/install/arduinobot_msgs/local/lib/python3.10/dist-packages/arduinobot_msgs/_arduinobot_msgs_s.ep.rosidl_typesupport_introspection_c.c
[4.752s] -- Up-to-date: /home/firdaus/arduinobot_ws/install/arduinobot_msgs/local/lib/python3.10/dist-packages/arduinobot_msgs/arduinobot_msgs_s__rosidl_typesupport_introspection_c.cpython-310-x86_64-linux-gnu.so
[4.752s] -- Up-to-date: /home/firdaus/arduinobot_ws/install/arduinobot_msgs/local/lib/python3.10/dist-packages/arduinobot_msgs/_arduinobot_msgs_s.ep.rosidl_typesupport_c.c
[4.752s] -- Up-to-date: /home/firdaus/arduinobot_ws/install/arduinobot_msgs/local/lib/python3.10/dist-packages/arduinobot_msgs/srv
[4.753s] -- Up-to-date: /home/firdaus/arduinobot_ws/install/arduinobot_msgs/local/lib/python3.10/dist-packages/arduinobot_msgs/srv/_quaternion_to_euler_s.c
[4.753s] -- Up-to-date: /home/firdaus/arduinobot_ws/install/arduinobot_msgs/local/lib/python3.10/dist-packages/arduinobot_msgs/srv/_add_two_ints.py
[4.753s] -- Up-to-date: /home/firdaus/arduinobot_ws/install/arduinobot_msgs/local/lib/python3.10/dist-packages/arduinobot_msgs/srv/_euler_to_quaternion.py
[4.753s] -- Up-to-date: /home/firdaus/arduinobot_ws/install/arduinobot_msgs/local/lib/python3.10/dist-packages/arduinobot_msgs/srv/_add_two_in_s.c
[4.754s] -- Up-to-date: /home/firdaus/arduinobot_ws/install/arduinobot_msgs/local/lib/python3.10/dist-packages/arduinobot_msgs/srv/_add_two_ints_s.c
[4.754s] -- Up-to-date: /home/firdaus/arduinobot_ws/install/arduinobot_msgs/local/lib/python3.10/dist-packages/arduinobot_msgs/srv/__init__.py
[4.754s] -- Up-to-date: /home/firdaus/arduinobot_ws/install/arduinobot_msgs/local/lib/python3.10/dist-packages/arduinobot_msgs/srv/_add_two_in.py
[4.754s] -- Up-to-date: /home/firdaus/arduinobot_ws/install/arduinobot_msgs/local/lib/python3.10/dist-packages/arduinobot_msgs/srv/_quaternion_to_euler.py
[4.754s] -- Up-to-date: /home/firdaus/arduinobot_ws/install/arduinobot_msgs/local/lib/python3.10/dist-packages/arduinobot_msgs/srv/_euler_to_quaternion_s.c
[4.755s] -- Up-to-date: /home/firdaus/arduinobot_ws/install/arduinobot_msgs/local/lib/python3.10/dist-packages/arduinobot_msgs/libarduinobot_msgs__rosidl_generator_py.so
[4.755s] -- Up-to-date: /home/firdaus/arduinobot_ws/install/arduinobot_msgs/local/lib/python3.10/dist-packages/arduinobot_msgs/arduinobot_msgs_s__rosidl_typesupport_c.cpython-310-x86_64-linux-gnu.so
[4.756s] -- Up-to-date: /home/firdaus/arduinobot_ws/install/arduinobot_msgs/local/lib/python3.10/dist-packages/arduinobot_msgs/_arduinobot_msgs_s.ep.rosidl_typesupport_fastrtps_c.c
[4.822s] Listing '/home/firdaus/arduinobot_ws/install/arduinobot_msgs/local/lib/python3.10/dist-packages/arduinobot_msgs'...
[4.823s] Listing '/home/firdaus/arduinobot_ws/install/arduinobot_msgs/local/lib/python3.10/dist-packages/arduinobot_msgs/srv'...
[4.836s] -- Up-to-date: /home/firdaus/arduinobot_ws/install/arduinobot_msgs/local/lib/python3.10/dist-packages/arduinobot_msgs/arduinobot_msgs_s__rosidl_typesupport_fastrtps_c.cpython-310-x86_64-linux-gnu.so
[4.837s] -- Up-to-date: /home/firdaus/arduinobot_ws/install/arduinobot_msgs/local/lib/python3.10/dist-packages/arduinobot_msgs/arduinobot_msgs_s__rosidl_typesupport_introspection_c.cpython-310-x86_64-linux-gnu.so
[4.837s] -- Up-to-date: /home/firdaus/arduinobot_ws/install/arduinobot_msgs/local/lib/python3.10/dist-packages/arduinobot_msgs/arduinobot_msgs_s__rosidl_typesupport_c.cpython-310-x86_64-linux-gnu.so
[4.837s] -- Up-to-date: /home/firdaus/arduinobot_ws/install/arduinobot_msgs/lib/libarduinobot_msgs__rosidl_generator_py.so
[4.837s] -- Up-to-date: /home/firdaus/arduinobot_ws/install/arduinobot_msgs/share/arduinobot_msgs/srv/AddTwoInts.idl
[4.837s] -- Up-to-date: /home/firdaus/arduinobot_ws/install/arduinobot_msgs/share/arduinobot_msgs/srv/EulerToQuaternion.idl
[4.838s] -- Up-to-date: /home/firdaus/arduinobot_ws/install/arduinobot_msgs/share/arduinobot_msgs/srv/QuaternionToEuler.idl
[4.838s] -- Up-to-date: /home/firdaus/arduinobot_ws/install/arduinobot_msgs/share/arduinobot_msgs/srv/AddTwoInts.srv
[4.838s] -- Up-to-date: /home/firdaus/arduinobot_ws/install/arduinobot_msgs/share/arduinobot_msgs/srv/AddTwoInts_Request.msg
[4.838s] -- Up-to-date: /home/firdaus/arduinobot_ws/install/arduinobot_msgs/share/arduinobot_msgs/srv/AddTwoInts_Response.msg
[4.838s] -- Up-to-date: /home/firdaus/arduinobot_ws/install/arduinobot_msgs/share/arduinobot_msgs/srv/EulerToQuaternion.srv
[4.839s] -- Up-to-date: /home/firdaus/arduinobot_ws/install/arduinobot_msgs/share/arduinobot_msgs/srv/EulerToQuaternion_Request.msg
[4.839s] -- Up-to-date: /home/firdaus/arduinobot_ws/install/arduinobot_msgs/share/arduinobot_msgs/srv/EulerToQuaternion_Response.msg
[4.839s] -- Up-to-date: /home/firdaus/arduinobot_ws/install/arduinobot_msgs/share/arduinobot_msgs/srv/QuaternionToEuler.srv
[4.839s] -- Up-to-date: /home/firdaus/arduinobot_ws/install/arduinobot_msgs/share/arduinobot_msgs/srv/QuaternionToEuler_Request.msg
[4.839s] -- Up-to-date: /home/firdaus/arduinobot_ws/install/arduinobot_msgs/share/arduinobot_msgs/srv/QuaternionToEuler_Response.msg
[4.839s] -- Up-to-date: /home/firdaus/arduinobot_ws/install/arduinobot_msgs/share/ament_index/resource_index/package_run_dependencies/arduinobot_msgs
[4.840s] -- Up-to-date: /home/firdaus/arduinobot_ws/install/arduinobot_msgs/share/ament_index/resource_index/parent_prefix_path/arduinobot_msgs
[4.840s] -- Up-to-date: /home/firdaus/arduinobot_ws/install/arduinobot_msgs/share/arduinobot_msgs/environment/ament_prefix_path.sh
[4.840s] -- Up-to-date: /home/firdaus/arduinobot_ws/install/arduinobot_msgs/share/arduinobot_msgs/environment/ament_prefix_path.dsv
[4.840s] -- Up-to-date: /home/firdaus/arduinobot_ws/install/arduinobot_msgs/share/arduinobot_msgs/environment/path.sh
[4.840s] -- Up-to-date: /home/firdaus/arduinobot_ws/install/arduinobot_msgs/share/arduinobot_msgs/environment/path.dsv
[4.841s] -- Up-to-date: /home/firdaus/arduinobot_ws/install/arduinobot_msgs/share/arduinobot_msgs/local_setup.bash
[4.841s] -- Up-to-date: /home/firdaus/arduinobot_ws/install/arduinobot_msgs/share/arduinobot_msgs/local_setup.sh
[4.841s] -- Up-to-date: /home/firdaus/arduinobot_ws/install/arduinobot_msgs/share/arduinobot_msgs/local_setup.zsh
[4.841s] -- Up-to-date: /home/firdaus/arduinobot_ws/install/arduinobot_msgs/share/arduinobot_msgs/local_setup.dsv
[4.841s] -- Installing: /home/firdaus/arduinobot_ws/install/arduinobot_msgs/share/arduinobot_msgs/package.dsv
[4.841s] -- Up-to-date: /home/firdaus/arduinobot_ws/install/arduinobot_msgs/share/ament_index/resource_index/packages/arduinobot_msgs
[4.842s] -- Up-to-date: /home/firdaus/arduinobot_ws/install/arduinobot_msgs/share/arduinobot_msgs/cmake/export_arduinobot_msgs__rosidl_generator_cExport.cmake
[4.842s] -- Up-to-date: /home/firdaus/arduinobot_ws/install/arduinobot_msgs/share/arduinobot_msgs/cmake/export_arduinobot_msgs__rosidl_generator_cExport-noconfig.cmake
[4.842s] -- Up-to-date: /home/firdaus/arduinobot_ws/install/arduinobot_msgs/share/arduinobot_msgs/cmake/export_arduinobot_msgs__rosidl_typesupport_fastrtps_cExport.cmake
[4.842s] -- Up-to-date: /home/firdaus/arduinobot_ws/install/arduinobot_msgs/share/arduinobot_msgs/cmake/export_arduinobot_msgs__rosidl_typesupport_fastrtps_cExport-noconfig.cmake
[4.843s] -- Up-to-date: /home/firdaus/arduinobot_ws/install/arduinobot_msgs/share/arduinobot_msgs/cmake/export_arduinobot_msgs__rosidl_generator_cppExport.cmake
[4.843s] -- Up-to-date: /home/firdaus/arduinobot_ws/install/arduinobot_msgs/share/arduinobot_msgs/cmake/export_arduinobot_msgs__rosidl_typesupport_fastrtps_cppExport.cmake
[4.843s] -- Up-to-date: /home/firdaus/arduinobot_ws/install/arduinobot_msgs/share/arduinobot_msgs/cmake/export_arduinobot_msgs__rosidl_typesupport_fastrtps_cppExport-noconfig.cmake
[4.843s] -- Up-to-date: /home/firdaus/arduinobot_ws/install/arduinobot_msgs/share/arduinobot_msgs/cmake/arduinobot_msgs__rosidl_typesupport_introspection_cExport.cmake
[4.843s] -- Up-to-date: /home/firdaus/arduinobot_ws/install/arduinobot_msgs/share/arduinobot_msgs/cmake/arduinobot_msgs__rosidl_typesupport_introspection_cExport-noconfig.cmake
[4.844s] -- Up-to-date: /home/firdaus/arduinobot_ws/install/arduinobot_msgs/share/arduinobot_msgs/cmake/arduinobot_msgs__rosidl_typesupport_cExport.cmake
[4.844s] -- Up-to-date: /home/firdaus/arduinobot_ws/install/arduinobot_msgs/share/arduinobot_msgs/cmake/arduinobot_msgs__rosidl_typesupport_cExport-noconfig.cmake
[4.844s] -- Up-to-date: /home/firdaus/arduinobot_ws/install/arduinobot_msgs/share/arduinobot_msgs/cmake/arduinobot_msgs__rosidl_typesupport_introspection_cppExport.cmake
[4.845s] -- Up-to-date: /home/firdaus/arduinobot_ws/install/arduinobot_msgs/share/arduinobot_msgs/cmake/arduinobot_msgs__rosidl_typesupport_introspection_cppExport-noconfig.cmake
[4.845s] -- Up-to-date: /home/firdaus/arduinobot_ws/install/arduinobot_msgs/share/arduinobot_msgs/cmake/arduinobot_msgs__rosidl_typesupport_cppExport.cmake
[4.845s] -- Up-to-date: /home/firdaus/arduinobot_ws/install/arduinobot_msgs/share/arduinobot_msgs/cmake/arduinobot_msgs__rosidl_typesupport_cppExport-noconfig.cmake
[4.845s] -- Up-to-date: /home/firdaus/arduinobot_ws/install/arduinobot_msgs/share/arduinobot_msgs/cmake/export_arduinobot_msgs__rosidl_generator_pyExport.cmake
[4.845s] -- Up-to-date: /home/firdaus/arduinobot_ws/install/arduinobot_msgs/share/arduinobot_msgs/cmake/export_arduinobot_msgs__rosidl_generator_pyExport-noconfig.cmake
[4.845s] -- Up-to-date: /home/firdaus/arduinobot_ws/install/arduinobot_msgs/share/arduinobot_msgs/cmake/rosidl_cmake-extras.cmake
[4.846s] -- Up-to-date: /home/firdaus/arduinobot_ws/install/arduinobot_msgs/share/arduinobot_msgs/cmake/ament_cmake_export_include_directories-extras.cmake
[4.846s] -- Up-to-date: /home/firdaus/arduinobot_ws/install/arduinobot_msgs/share/arduinobot_msgs/cmake/ament_cmake_export_libraries-extras.cmake
[4.846s] -- Up-to-date: /home/firdaus/arduinobot_ws/install/arduinobot_msgs/share/arduinobot_msgs/cmake/ament_cmake_export_targets-extras.cmake
[4.847s] -- Up-to-date: /home/firdaus/arduinobot_ws/install/arduinobot_msgs/share/arduinobot_msgs/cmake/rosidl_cmake_export_typesupport_targets-extras.cmake
[4.847s] -- Up-to-date: /home/firdaus/arduinobot_ws/install/arduinobot_msgs/share/arduinobot_msgs/cmake/ament_cmake_export_dependencies-extras.cmake
[4.847s] -- Up-to-date: /home/firdaus/arduinobot_ws/install/arduinobot_msgs/share/arduinobot_msgs/cmake/rosidl_cmake_export_typesupport_libraries-extras.cmake
[4.847s] -- Up-to-date: /home/firdaus/arduinobot_ws/install/arduinobot_msgs/share/arduinobot_msgs/cmake/arduinobot_msgsConfig.cmake
[4.847s] -- Up-to-date: /home/firdaus/arduinobot_ws/install/arduinobot_msgs/share/arduinobot_msgs/cmake/arduinobot_msgsConfig-version.cmake
[4.847s] -- Up-to-date: /home/firdaus/arduinobot_ws/install/arduinobot_msgs/share/arduinobot_msgs/package.xml
[4.858s] Invoked command in '/home/firdaus/arduinobot_ws/build/arduinobot_msgs' returned '0': CMAKE_PREFIX_PATH=/opt/ros/humble /usr/bin/cmake --install /home/firdaus/arduinobot_ws/build/arduinobot_msgs
