[0.131s] DEBUG:colcon:Command line arguments: ['/usr/bin/colcon', 'build']
[0.131s] DEBUG:colcon:Parsed command line arguments: Namespace(log_base=None, log_level=None, verb_name='build', build_base='build', install_base='install', merge_install=False, symlink_install=False, test_result_base=None, continue_on_error=False, executor='parallel', parallel_workers=4, event_handlers=None, ignore_user_meta=False, metas=['./colcon.meta'], base_paths=['.'], packages_ignore=None, packages_ignore_regex=None, paths=None, packages_up_to=None, packages_up_to_regex=None, packages_above=None, packages_above_and_dependencies=None, packages_above_depth=None, packages_select_by_dep=None, packages_skip_by_dep=None, packages_skip_up_to=None, packages_select_build_failed=False, packages_skip_build_finished=False, packages_select_test_failures=False, packages_skip_test_passed=False, packages_select=None, packages_skip=None, packages_select_regex=None, packages_skip_regex=None, packages_start=None, packages_end=None, allow_overriding=[], cmake_args=None, cmake_target=None, cmake_target_skip_unavailable=False, cmake_clean_cache=False, cmake_clean_first=False, cmake_force_configure=False, ament_cmake_args=None, catkin_cmake_args=None, catkin_skip_building_tests=False, verb_parser=<colcon_defaults.argument_parser.defaults.DefaultArgumentsDecorator object at 0x77ffa8b44d30>, verb_extension=<colcon_core.verb.build.BuildVerb object at 0x77ffa8cb65f0>, main=<bound method BuildVerb.main of <colcon_core.verb.build.BuildVerb object at 0x77ffa8cb65f0>>)
[0.303s] Level 1:colcon.colcon_core.package_discovery:discover_packages(colcon_meta) check parameters
[0.303s] Level 1:colcon.colcon_core.package_discovery:discover_packages(recursive) check parameters
[0.303s] Level 1:colcon.colcon_core.package_discovery:discover_packages(ignore) check parameters
[0.303s] Level 1:colcon.colcon_core.package_discovery:discover_packages(path) check parameters
[0.303s] Level 1:colcon.colcon_core.package_discovery:discover_packages(colcon_meta) discover
[0.304s] Level 1:colcon.colcon_core.package_discovery:discover_packages(recursive) discover
[0.304s] INFO:colcon.colcon_core.package_discovery:Crawling recursively for packages in '/home/firdaus/arduinobot_ws/src'
[0.304s] Level 1:colcon.colcon_core.package_identification:_identify(.) by extensions ['ignore', 'ignore_ament_install']
[0.304s] Level 1:colcon.colcon_core.package_identification:_identify(.) by extension 'ignore'
[0.304s] Level 1:colcon.colcon_core.package_identification:_identify(.) by extension 'ignore_ament_install'
[0.304s] Level 1:colcon.colcon_core.package_identification:_identify(.) by extensions ['colcon_pkg']
[0.304s] Level 1:colcon.colcon_core.package_identification:_identify(.) by extension 'colcon_pkg'
[0.304s] Level 1:colcon.colcon_core.package_identification:_identify(.) by extensions ['colcon_meta']
[0.304s] Level 1:colcon.colcon_core.package_identification:_identify(.) by extension 'colcon_meta'
[0.304s] Level 1:colcon.colcon_core.package_identification:_identify(.) by extensions ['ros']
[0.304s] Level 1:colcon.colcon_core.package_identification:_identify(.) by extension 'ros'
[0.317s] Level 1:colcon.colcon_core.package_identification:_identify(.) by extensions ['cmake', 'python']
[0.317s] Level 1:colcon.colcon_core.package_identification:_identify(.) by extension 'cmake'
[0.318s] Level 1:colcon.colcon_core.package_identification:_identify(.) by extension 'python'
[0.318s] Level 1:colcon.colcon_core.package_identification:_identify(.) by extensions ['python_setup_py']
[0.318s] Level 1:colcon.colcon_core.package_identification:_identify(.) by extension 'python_setup_py'
[0.318s] Level 1:colcon.colcon_core.package_identification:_identify(arduinobot_cpp_examples) by extensions ['ignore', 'ignore_ament_install']
[0.318s] Level 1:colcon.colcon_core.package_identification:_identify(arduinobot_cpp_examples) by extension 'ignore'
[0.318s] Level 1:colcon.colcon_core.package_identification:_identify(arduinobot_cpp_examples) by extension 'ignore_ament_install'
[0.318s] Level 1:colcon.colcon_core.package_identification:_identify(arduinobot_cpp_examples) by extensions ['colcon_pkg']
[0.318s] Level 1:colcon.colcon_core.package_identification:_identify(arduinobot_cpp_examples) by extension 'colcon_pkg'
[0.318s] Level 1:colcon.colcon_core.package_identification:_identify(arduinobot_cpp_examples) by extensions ['colcon_meta']
[0.318s] Level 1:colcon.colcon_core.package_identification:_identify(arduinobot_cpp_examples) by extension 'colcon_meta'
[0.318s] Level 1:colcon.colcon_core.package_identification:_identify(arduinobot_cpp_examples) by extensions ['ros']
[0.318s] Level 1:colcon.colcon_core.package_identification:_identify(arduinobot_cpp_examples) by extension 'ros'
[0.321s] DEBUG:colcon.colcon_core.package_identification:Package 'arduinobot_cpp_examples' with type 'ros.ament_cmake' and name 'arduinobot_cpp_examples'
[0.322s] Level 1:colcon.colcon_core.package_identification:_identify(arduinobot_description) by extensions ['ignore', 'ignore_ament_install']
[0.322s] Level 1:colcon.colcon_core.package_identification:_identify(arduinobot_description) by extension 'ignore'
[0.322s] Level 1:colcon.colcon_core.package_identification:_identify(arduinobot_description) by extension 'ignore_ament_install'
[0.322s] Level 1:colcon.colcon_core.package_identification:_identify(arduinobot_description) by extensions ['colcon_pkg']
[0.322s] Level 1:colcon.colcon_core.package_identification:_identify(arduinobot_description) by extension 'colcon_pkg'
[0.322s] Level 1:colcon.colcon_core.package_identification:_identify(arduinobot_description) by extensions ['colcon_meta']
[0.322s] Level 1:colcon.colcon_core.package_identification:_identify(arduinobot_description) by extension 'colcon_meta'
[0.322s] Level 1:colcon.colcon_core.package_identification:_identify(arduinobot_description) by extensions ['ros']
[0.322s] Level 1:colcon.colcon_core.package_identification:_identify(arduinobot_description) by extension 'ros'
[0.322s] DEBUG:colcon.colcon_core.package_identification:Package 'arduinobot_description' with type 'ros.ament_cmake' and name 'arduinobot_description'
[0.323s] Level 1:colcon.colcon_core.package_identification:_identify(arduinobot_py_examples) by extensions ['ignore', 'ignore_ament_install']
[0.323s] Level 1:colcon.colcon_core.package_identification:_identify(arduinobot_py_examples) by extension 'ignore'
[0.323s] Level 1:colcon.colcon_core.package_identification:_identify(arduinobot_py_examples) by extension 'ignore_ament_install'
[0.323s] Level 1:colcon.colcon_core.package_identification:_identify(arduinobot_py_examples) by extensions ['colcon_pkg']
[0.323s] Level 1:colcon.colcon_core.package_identification:_identify(arduinobot_py_examples) by extension 'colcon_pkg'
[0.323s] Level 1:colcon.colcon_core.package_identification:_identify(arduinobot_py_examples) by extensions ['colcon_meta']
[0.323s] Level 1:colcon.colcon_core.package_identification:_identify(arduinobot_py_examples) by extension 'colcon_meta'
[0.323s] Level 1:colcon.colcon_core.package_identification:_identify(arduinobot_py_examples) by extensions ['ros']
[0.323s] Level 1:colcon.colcon_core.package_identification:_identify(arduinobot_py_examples) by extension 'ros'
[0.324s] DEBUG:colcon.colcon_core.package_identification:Package 'arduinobot_py_examples' with type 'ros.ament_python' and name 'arduinobot_py_examples'
[0.324s] Level 1:colcon.colcon_core.package_identification:_identify(build) by extensions ['ignore', 'ignore_ament_install']
[0.324s] Level 1:colcon.colcon_core.package_identification:_identify(build) by extension 'ignore'
[0.324s] Level 1:colcon.colcon_core.package_identification:_identify(build) ignored
[0.325s] Level 1:colcon.colcon_core.package_identification:_identify(install) by extensions ['ignore', 'ignore_ament_install']
[0.325s] Level 1:colcon.colcon_core.package_identification:_identify(install) by extension 'ignore'
[0.325s] Level 1:colcon.colcon_core.package_identification:_identify(install) ignored
[0.325s] Level 1:colcon.colcon_core.package_identification:_identify(log) by extensions ['ignore', 'ignore_ament_install']
[0.325s] Level 1:colcon.colcon_core.package_identification:_identify(log) by extension 'ignore'
[0.325s] Level 1:colcon.colcon_core.package_identification:_identify(log) ignored
[0.325s] Level 1:colcon.colcon_core.package_discovery:discover_packages(recursive) using defaults
[0.325s] Level 1:colcon.colcon_core.package_discovery:discover_packages(ignore) discover
[0.325s] Level 1:colcon.colcon_core.package_discovery:discover_packages(ignore) using defaults
[0.325s] Level 1:colcon.colcon_core.package_discovery:discover_packages(path) discover
[0.325s] Level 1:colcon.colcon_core.package_discovery:discover_packages(path) using defaults
[0.345s] Level 1:colcon.colcon_core.package_discovery:discover_packages(prefix_path) check parameters
[0.346s] Level 1:colcon.colcon_core.package_discovery:discover_packages(prefix_path) discover
[0.348s] DEBUG:colcon.colcon_installed_package_information.package_discovery:Found 2 installed packages in /home/firdaus/arduinobot_ws/install
[0.350s] DEBUG:colcon.colcon_installed_package_information.package_discovery:Found 352 installed packages in /opt/ros/humble
[0.353s] Level 1:colcon.colcon_core.package_discovery:discover_packages(prefix_path) using defaults
[0.416s] Level 5:colcon.colcon_core.verb:set package 'arduinobot_cpp_examples' build argument 'cmake_args' from command line to 'None'
[0.417s] Level 5:colcon.colcon_core.verb:set package 'arduinobot_cpp_examples' build argument 'cmake_target' from command line to 'None'
[0.417s] Level 5:colcon.colcon_core.verb:set package 'arduinobot_cpp_examples' build argument 'cmake_target_skip_unavailable' from command line to 'False'
[0.417s] Level 5:colcon.colcon_core.verb:set package 'arduinobot_cpp_examples' build argument 'cmake_clean_cache' from command line to 'False'
[0.417s] Level 5:colcon.colcon_core.verb:set package 'arduinobot_cpp_examples' build argument 'cmake_clean_first' from command line to 'False'
[0.417s] Level 5:colcon.colcon_core.verb:set package 'arduinobot_cpp_examples' build argument 'cmake_force_configure' from command line to 'False'
[0.417s] Level 5:colcon.colcon_core.verb:set package 'arduinobot_cpp_examples' build argument 'ament_cmake_args' from command line to 'None'
[0.417s] Level 5:colcon.colcon_core.verb:set package 'arduinobot_cpp_examples' build argument 'catkin_cmake_args' from command line to 'None'
[0.417s] Level 5:colcon.colcon_core.verb:set package 'arduinobot_cpp_examples' build argument 'catkin_skip_building_tests' from command line to 'False'
[0.417s] DEBUG:colcon.colcon_core.verb:Building package 'arduinobot_cpp_examples' with the following arguments: {'ament_cmake_args': None, 'build_base': '/home/firdaus/arduinobot_ws/src/build/arduinobot_cpp_examples', 'catkin_cmake_args': None, 'catkin_skip_building_tests': False, 'cmake_args': None, 'cmake_clean_cache': False, 'cmake_clean_first': False, 'cmake_force_configure': False, 'cmake_target': None, 'cmake_target_skip_unavailable': False, 'install_base': '/home/firdaus/arduinobot_ws/src/install/arduinobot_cpp_examples', 'merge_install': False, 'path': '/home/firdaus/arduinobot_ws/src/arduinobot_cpp_examples', 'symlink_install': False, 'test_result_base': None}
[0.418s] Level 5:colcon.colcon_core.verb:set package 'arduinobot_description' build argument 'cmake_args' from command line to 'None'
[0.418s] Level 5:colcon.colcon_core.verb:set package 'arduinobot_description' build argument 'cmake_target' from command line to 'None'
[0.418s] Level 5:colcon.colcon_core.verb:set package 'arduinobot_description' build argument 'cmake_target_skip_unavailable' from command line to 'False'
[0.418s] Level 5:colcon.colcon_core.verb:set package 'arduinobot_description' build argument 'cmake_clean_cache' from command line to 'False'
[0.418s] Level 5:colcon.colcon_core.verb:set package 'arduinobot_description' build argument 'cmake_clean_first' from command line to 'False'
[0.418s] Level 5:colcon.colcon_core.verb:set package 'arduinobot_description' build argument 'cmake_force_configure' from command line to 'False'
[0.418s] Level 5:colcon.colcon_core.verb:set package 'arduinobot_description' build argument 'ament_cmake_args' from command line to 'None'
[0.418s] Level 5:colcon.colcon_core.verb:set package 'arduinobot_description' build argument 'catkin_cmake_args' from command line to 'None'
[0.418s] Level 5:colcon.colcon_core.verb:set package 'arduinobot_description' build argument 'catkin_skip_building_tests' from command line to 'False'
[0.418s] DEBUG:colcon.colcon_core.verb:Building package 'arduinobot_description' with the following arguments: {'ament_cmake_args': None, 'build_base': '/home/firdaus/arduinobot_ws/src/build/arduinobot_description', 'catkin_cmake_args': None, 'catkin_skip_building_tests': False, 'cmake_args': None, 'cmake_clean_cache': False, 'cmake_clean_first': False, 'cmake_force_configure': False, 'cmake_target': None, 'cmake_target_skip_unavailable': False, 'install_base': '/home/firdaus/arduinobot_ws/src/install/arduinobot_description', 'merge_install': False, 'path': '/home/firdaus/arduinobot_ws/src/arduinobot_description', 'symlink_install': False, 'test_result_base': None}
[0.419s] Level 5:colcon.colcon_core.verb:set package 'arduinobot_py_examples' build argument 'cmake_args' from command line to 'None'
[0.419s] Level 5:colcon.colcon_core.verb:set package 'arduinobot_py_examples' build argument 'cmake_target' from command line to 'None'
[0.419s] Level 5:colcon.colcon_core.verb:set package 'arduinobot_py_examples' build argument 'cmake_target_skip_unavailable' from command line to 'False'
[0.419s] Level 5:colcon.colcon_core.verb:set package 'arduinobot_py_examples' build argument 'cmake_clean_cache' from command line to 'False'
[0.419s] Level 5:colcon.colcon_core.verb:set package 'arduinobot_py_examples' build argument 'cmake_clean_first' from command line to 'False'
[0.419s] Level 5:colcon.colcon_core.verb:set package 'arduinobot_py_examples' build argument 'cmake_force_configure' from command line to 'False'
[0.419s] Level 5:colcon.colcon_core.verb:set package 'arduinobot_py_examples' build argument 'ament_cmake_args' from command line to 'None'
[0.419s] Level 5:colcon.colcon_core.verb:set package 'arduinobot_py_examples' build argument 'catkin_cmake_args' from command line to 'None'
[0.419s] Level 5:colcon.colcon_core.verb:set package 'arduinobot_py_examples' build argument 'catkin_skip_building_tests' from command line to 'False'
[0.419s] DEBUG:colcon.colcon_core.verb:Building package 'arduinobot_py_examples' with the following arguments: {'ament_cmake_args': None, 'build_base': '/home/firdaus/arduinobot_ws/src/build/arduinobot_py_examples', 'catkin_cmake_args': None, 'catkin_skip_building_tests': False, 'cmake_args': None, 'cmake_clean_cache': False, 'cmake_clean_first': False, 'cmake_force_configure': False, 'cmake_target': None, 'cmake_target_skip_unavailable': False, 'install_base': '/home/firdaus/arduinobot_ws/src/install/arduinobot_py_examples', 'merge_install': False, 'path': '/home/firdaus/arduinobot_ws/src/arduinobot_py_examples', 'symlink_install': False, 'test_result_base': None}
[0.420s] INFO:colcon.colcon_core.executor:Executing jobs using 'parallel' executor
[0.421s] DEBUG:colcon.colcon_parallel_executor.executor.parallel:run_until_complete
[0.422s] INFO:colcon.colcon_ros.task.ament_cmake.build:Building ROS package in '/home/firdaus/arduinobot_ws/src/arduinobot_cpp_examples' with build type 'ament_cmake'
[0.423s] INFO:colcon.colcon_cmake.task.cmake.build:Building CMake package in '/home/firdaus/arduinobot_ws/src/arduinobot_cpp_examples'
[0.426s] INFO:colcon.colcon_core.plugin_system:Skipping extension 'colcon_core.shell.bat': Not used on non-Windows systems
[0.427s] INFO:colcon.colcon_core.shell:Skip shell extension 'powershell' for command environment: Not usable outside of PowerShell
[0.427s] DEBUG:colcon.colcon_core.shell:Skip shell extension 'dsv' for command environment
[0.432s] INFO:colcon.colcon_ros.task.ament_cmake.build:Building ROS package in '/home/firdaus/arduinobot_ws/src/arduinobot_description' with build type 'ament_cmake'
[0.433s] INFO:colcon.colcon_cmake.task.cmake.build:Building CMake package in '/home/firdaus/arduinobot_ws/src/arduinobot_description'
[0.433s] INFO:colcon.colcon_core.shell:Skip shell extension 'powershell' for command environment: Not usable outside of PowerShell
[0.434s] DEBUG:colcon.colcon_core.shell:Skip shell extension 'dsv' for command environment
[0.447s] INFO:colcon.colcon_ros.task.ament_python.build:Building ROS package in '/home/firdaus/arduinobot_ws/src/arduinobot_py_examples' with build type 'ament_python'
[0.448s] Level 1:colcon.colcon_core.shell:create_environment_hook('arduinobot_py_examples', 'ament_prefix_path')
[0.448s] INFO:colcon.colcon_core.shell:Creating environment hook '/home/firdaus/arduinobot_ws/src/install/arduinobot_py_examples/share/arduinobot_py_examples/hook/ament_prefix_path.ps1'
[0.451s] INFO:colcon.colcon_core.shell:Creating environment descriptor '/home/firdaus/arduinobot_ws/src/install/arduinobot_py_examples/share/arduinobot_py_examples/hook/ament_prefix_path.dsv'
[0.458s] INFO:colcon.colcon_core.shell:Creating environment hook '/home/firdaus/arduinobot_ws/src/install/arduinobot_py_examples/share/arduinobot_py_examples/hook/ament_prefix_path.sh'
[0.460s] INFO:colcon.colcon_core.shell:Skip shell extension 'powershell' for command environment: Not usable outside of PowerShell
[0.461s] DEBUG:colcon.colcon_core.shell:Skip shell extension 'dsv' for command environment
[0.481s] DEBUG:colcon.colcon_core.event_handler.log_command:Invoking command in '/home/firdaus/arduinobot_ws/src/build/arduinobot_cpp_examples': CMAKE_PREFIX_PATH=${CMAKE_PREFIX_PATH}:/home/firdaus/arduinobot_ws/install/arduinobot_py_examples:/opt/ros/humble /usr/bin/cmake --build /home/firdaus/arduinobot_ws/src/build/arduinobot_cpp_examples -- -j4 -l4
[0.484s] DEBUG:colcon.colcon_core.event_handler.log_command:Invoking command in '/home/firdaus/arduinobot_ws/src/build/arduinobot_description': CMAKE_PREFIX_PATH=${CMAKE_PREFIX_PATH}:/home/firdaus/arduinobot_ws/install/arduinobot_py_examples:/opt/ros/humble /usr/bin/cmake --build /home/firdaus/arduinobot_ws/src/build/arduinobot_description -- -j4 -l4
[0.919s] INFO:colcon.colcon_core.task.python.build:Building Python package in '/home/firdaus/arduinobot_ws/src/arduinobot_py_examples'
[0.920s] INFO:colcon.colcon_core.shell:Skip shell extension 'powershell' for command environment: Not usable outside of PowerShell
[0.920s] DEBUG:colcon.colcon_core.shell:Skip shell extension 'dsv' for command environment
[0.927s] DEBUG:colcon.colcon_core.event_handler.log_command:Invoked command in '/home/firdaus/arduinobot_ws/src/build/arduinobot_description' returned '0': CMAKE_PREFIX_PATH=${CMAKE_PREFIX_PATH}:/home/firdaus/arduinobot_ws/install/arduinobot_py_examples:/opt/ros/humble /usr/bin/cmake --build /home/firdaus/arduinobot_ws/src/build/arduinobot_description -- -j4 -l4
[0.934s] DEBUG:colcon.colcon_core.event_handler.log_command:Invoked command in '/home/firdaus/arduinobot_ws/src/build/arduinobot_cpp_examples' returned '0': CMAKE_PREFIX_PATH=${CMAKE_PREFIX_PATH}:/home/firdaus/arduinobot_ws/install/arduinobot_py_examples:/opt/ros/humble /usr/bin/cmake --build /home/firdaus/arduinobot_ws/src/build/arduinobot_cpp_examples -- -j4 -l4
[1.013s] DEBUG:colcon.colcon_core.event_handler.log_command:Invoking command in '/home/firdaus/arduinobot_ws/src/build/arduinobot_description': CMAKE_PREFIX_PATH=${CMAKE_PREFIX_PATH}:/home/firdaus/arduinobot_ws/install/arduinobot_py_examples:/opt/ros/humble /usr/bin/cmake --install /home/firdaus/arduinobot_ws/src/build/arduinobot_description
[1.025s] DEBUG:colcon.colcon_core.event_handler.log_command:Invoking command in '/home/firdaus/arduinobot_ws/src/build/arduinobot_cpp_examples': CMAKE_PREFIX_PATH=${CMAKE_PREFIX_PATH}:/home/firdaus/arduinobot_ws/install/arduinobot_py_examples:/opt/ros/humble /usr/bin/cmake --install /home/firdaus/arduinobot_ws/src/build/arduinobot_cpp_examples
[1.053s] Level 1:colcon.colcon_core.environment:create_environment_scripts_only(arduinobot_cpp_examples)
[1.060s] Level 1:colcon.colcon_core.environment:checking '/home/firdaus/arduinobot_ws/src/install/arduinobot_cpp_examples' for CMake module files
[1.062s] Level 1:colcon.colcon_core.environment:checking '/home/firdaus/arduinobot_ws/src/install/arduinobot_cpp_examples' for CMake config files
[1.063s] Level 1:colcon.colcon_core.shell:create_environment_hook('arduinobot_cpp_examples', 'cmake_prefix_path')
[1.063s] INFO:colcon.colcon_core.shell:Creating environment hook '/home/firdaus/arduinobot_ws/src/install/arduinobot_cpp_examples/share/arduinobot_cpp_examples/hook/cmake_prefix_path.ps1'
[1.069s] INFO:colcon.colcon_core.shell:Creating environment descriptor '/home/firdaus/arduinobot_ws/src/install/arduinobot_cpp_examples/share/arduinobot_cpp_examples/hook/cmake_prefix_path.dsv'
[1.082s] DEBUG:colcon.colcon_core.event_handler.log_command:Invoked command in '/home/firdaus/arduinobot_ws/src/build/arduinobot_cpp_examples' returned '0': CMAKE_PREFIX_PATH=${CMAKE_PREFIX_PATH}:/home/firdaus/arduinobot_ws/install/arduinobot_py_examples:/opt/ros/humble /usr/bin/cmake --install /home/firdaus/arduinobot_ws/src/build/arduinobot_cpp_examples
[1.083s] INFO:colcon.colcon_core.shell:Creating environment hook '/home/firdaus/arduinobot_ws/src/install/arduinobot_cpp_examples/share/arduinobot_cpp_examples/hook/cmake_prefix_path.sh'
[1.086s] Level 1:colcon.colcon_core.environment:checking '/home/firdaus/arduinobot_ws/src/install/arduinobot_cpp_examples/lib'
[1.093s] Level 1:colcon.colcon_core.environment:checking '/home/firdaus/arduinobot_ws/src/install/arduinobot_cpp_examples/bin'
[1.095s] Level 1:colcon.colcon_core.environment:checking '/home/firdaus/arduinobot_ws/src/install/arduinobot_cpp_examples/lib/pkgconfig/arduinobot_cpp_examples.pc'
[1.095s] Level 1:colcon.colcon_core.environment:checking '/home/firdaus/arduinobot_ws/src/install/arduinobot_cpp_examples/lib/python3.10/site-packages'
[1.095s] Level 1:colcon.colcon_core.environment:checking '/home/firdaus/arduinobot_ws/src/install/arduinobot_cpp_examples/bin'
[1.096s] INFO:colcon.colcon_core.shell:Creating package script '/home/firdaus/arduinobot_ws/src/install/arduinobot_cpp_examples/share/arduinobot_cpp_examples/package.ps1'
[1.098s] INFO:colcon.colcon_core.shell:Creating package descriptor '/home/firdaus/arduinobot_ws/src/install/arduinobot_cpp_examples/share/arduinobot_cpp_examples/package.dsv'
[1.102s] INFO:colcon.colcon_core.shell:Creating package script '/home/firdaus/arduinobot_ws/src/install/arduinobot_cpp_examples/share/arduinobot_cpp_examples/package.sh'
[1.105s] INFO:colcon.colcon_core.shell:Creating package script '/home/firdaus/arduinobot_ws/src/install/arduinobot_cpp_examples/share/arduinobot_cpp_examples/package.bash'
[1.106s] INFO:colcon.colcon_core.shell:Creating package script '/home/firdaus/arduinobot_ws/src/install/arduinobot_cpp_examples/share/arduinobot_cpp_examples/package.zsh'
[1.107s] Level 1:colcon.colcon_core.environment:create_file_with_runtime_dependencies(/home/firdaus/arduinobot_ws/src/install/arduinobot_cpp_examples/share/colcon-core/packages/arduinobot_cpp_examples)
[1.112s] Level 1:colcon.colcon_core.environment:create_environment_scripts_only(arduinobot_description)
[1.113s] DEBUG:colcon.colcon_core.event_handler.log_command:Invoked command in '/home/firdaus/arduinobot_ws/src/build/arduinobot_description' returned '0': CMAKE_PREFIX_PATH=${CMAKE_PREFIX_PATH}:/home/firdaus/arduinobot_ws/install/arduinobot_py_examples:/opt/ros/humble /usr/bin/cmake --install /home/firdaus/arduinobot_ws/src/build/arduinobot_description
[1.113s] Level 1:colcon.colcon_core.environment:checking '/home/firdaus/arduinobot_ws/src/install/arduinobot_description' for CMake module files
[1.114s] Level 1:colcon.colcon_core.environment:checking '/home/firdaus/arduinobot_ws/src/install/arduinobot_description' for CMake config files
[1.114s] Level 1:colcon.colcon_core.shell:create_environment_hook('arduinobot_description', 'cmake_prefix_path')
[1.115s] INFO:colcon.colcon_core.shell:Creating environment hook '/home/firdaus/arduinobot_ws/src/install/arduinobot_description/share/arduinobot_description/hook/cmake_prefix_path.ps1'
[1.116s] INFO:colcon.colcon_core.shell:Creating environment descriptor '/home/firdaus/arduinobot_ws/src/install/arduinobot_description/share/arduinobot_description/hook/cmake_prefix_path.dsv'
[1.117s] INFO:colcon.colcon_core.shell:Creating environment hook '/home/firdaus/arduinobot_ws/src/install/arduinobot_description/share/arduinobot_description/hook/cmake_prefix_path.sh'
[1.118s] Level 1:colcon.colcon_core.environment:checking '/home/firdaus/arduinobot_ws/src/install/arduinobot_description/bin'
[1.118s] Level 1:colcon.colcon_core.environment:checking '/home/firdaus/arduinobot_ws/src/install/arduinobot_description/lib/pkgconfig/arduinobot_description.pc'
[1.119s] Level 1:colcon.colcon_core.environment:checking '/home/firdaus/arduinobot_ws/src/install/arduinobot_description/lib/python3.10/site-packages'
[1.119s] Level 1:colcon.colcon_core.environment:checking '/home/firdaus/arduinobot_ws/src/install/arduinobot_description/bin'
[1.120s] INFO:colcon.colcon_core.shell:Creating package script '/home/firdaus/arduinobot_ws/src/install/arduinobot_description/share/arduinobot_description/package.ps1'
[1.121s] INFO:colcon.colcon_core.shell:Creating package descriptor '/home/firdaus/arduinobot_ws/src/install/arduinobot_description/share/arduinobot_description/package.dsv'
[1.122s] INFO:colcon.colcon_core.shell:Creating package script '/home/firdaus/arduinobot_ws/src/install/arduinobot_description/share/arduinobot_description/package.sh'
[1.123s] INFO:colcon.colcon_core.shell:Creating package script '/home/firdaus/arduinobot_ws/src/install/arduinobot_description/share/arduinobot_description/package.bash'
[1.125s] INFO:colcon.colcon_core.shell:Creating package script '/home/firdaus/arduinobot_ws/src/install/arduinobot_description/share/arduinobot_description/package.zsh'
[1.126s] Level 1:colcon.colcon_core.environment:create_file_with_runtime_dependencies(/home/firdaus/arduinobot_ws/src/install/arduinobot_description/share/colcon-core/packages/arduinobot_description)
[1.207s] Level 1:colcon.colcon_core.environment:create_environment_scripts_only(arduinobot_description)
[1.209s] Level 1:colcon.colcon_core.environment:checking '/home/firdaus/arduinobot_ws/src/install/arduinobot_description' for CMake module files
[1.213s] Level 1:colcon.colcon_core.environment:checking '/home/firdaus/arduinobot_ws/src/install/arduinobot_description' for CMake config files
[1.213s] Level 1:colcon.colcon_core.shell:create_environment_hook('arduinobot_description', 'cmake_prefix_path')
[1.214s] INFO:colcon.colcon_core.shell:Creating environment hook '/home/firdaus/arduinobot_ws/src/install/arduinobot_description/share/arduinobot_description/hook/cmake_prefix_path.ps1'
[1.215s] INFO:colcon.colcon_core.shell:Creating environment descriptor '/home/firdaus/arduinobot_ws/src/install/arduinobot_description/share/arduinobot_description/hook/cmake_prefix_path.dsv'
[1.216s] INFO:colcon.colcon_core.shell:Creating environment hook '/home/firdaus/arduinobot_ws/src/install/arduinobot_description/share/arduinobot_description/hook/cmake_prefix_path.sh'
[1.221s] Level 1:colcon.colcon_core.environment:checking '/home/firdaus/arduinobot_ws/src/install/arduinobot_description/bin'
[1.221s] Level 1:colcon.colcon_core.environment:checking '/home/firdaus/arduinobot_ws/src/install/arduinobot_description/lib/pkgconfig/arduinobot_description.pc'
[1.222s] Level 1:colcon.colcon_core.environment:checking '/home/firdaus/arduinobot_ws/src/install/arduinobot_description/lib/python3.10/site-packages'
[1.222s] Level 1:colcon.colcon_core.environment:checking '/home/firdaus/arduinobot_ws/src/install/arduinobot_description/bin'
[1.223s] INFO:colcon.colcon_core.shell:Creating package script '/home/firdaus/arduinobot_ws/src/install/arduinobot_description/share/arduinobot_description/package.ps1'
[1.224s] INFO:colcon.colcon_core.shell:Creating package descriptor '/home/firdaus/arduinobot_ws/src/install/arduinobot_description/share/arduinobot_description/package.dsv'
[1.225s] INFO:colcon.colcon_core.shell:Creating package script '/home/firdaus/arduinobot_ws/src/install/arduinobot_description/share/arduinobot_description/package.sh'
[1.226s] INFO:colcon.colcon_core.shell:Creating package script '/home/firdaus/arduinobot_ws/src/install/arduinobot_description/share/arduinobot_description/package.bash'
[1.228s] INFO:colcon.colcon_core.shell:Creating package script '/home/firdaus/arduinobot_ws/src/install/arduinobot_description/share/arduinobot_description/package.zsh'
[1.229s] Level 1:colcon.colcon_core.environment:create_file_with_runtime_dependencies(/home/firdaus/arduinobot_ws/src/install/arduinobot_description/share/colcon-core/packages/arduinobot_description)
[1.231s] Level 1:colcon.colcon_core.environment:create_environment_scripts_only(arduinobot_cpp_examples)
[1.232s] Level 1:colcon.colcon_core.environment:checking '/home/firdaus/arduinobot_ws/src/install/arduinobot_cpp_examples' for CMake module files
[1.234s] Level 1:colcon.colcon_core.environment:checking '/home/firdaus/arduinobot_ws/src/install/arduinobot_cpp_examples' for CMake config files
[1.234s] Level 1:colcon.colcon_core.shell:create_environment_hook('arduinobot_cpp_examples', 'cmake_prefix_path')
[1.235s] INFO:colcon.colcon_core.shell:Creating environment hook '/home/firdaus/arduinobot_ws/src/install/arduinobot_cpp_examples/share/arduinobot_cpp_examples/hook/cmake_prefix_path.ps1'
[1.237s] INFO:colcon.colcon_core.shell:Creating environment descriptor '/home/firdaus/arduinobot_ws/src/install/arduinobot_cpp_examples/share/arduinobot_cpp_examples/hook/cmake_prefix_path.dsv'
[1.238s] INFO:colcon.colcon_core.shell:Creating environment hook '/home/firdaus/arduinobot_ws/src/install/arduinobot_cpp_examples/share/arduinobot_cpp_examples/hook/cmake_prefix_path.sh'
[1.239s] Level 1:colcon.colcon_core.environment:checking '/home/firdaus/arduinobot_ws/src/install/arduinobot_cpp_examples/lib'
[1.240s] Level 1:colcon.colcon_core.environment:checking '/home/firdaus/arduinobot_ws/src/install/arduinobot_cpp_examples/bin'
[1.240s] Level 1:colcon.colcon_core.environment:checking '/home/firdaus/arduinobot_ws/src/install/arduinobot_cpp_examples/lib/pkgconfig/arduinobot_cpp_examples.pc'
[1.240s] Level 1:colcon.colcon_core.environment:checking '/home/firdaus/arduinobot_ws/src/install/arduinobot_cpp_examples/lib/python3.10/site-packages'
[1.241s] Level 1:colcon.colcon_core.environment:checking '/home/firdaus/arduinobot_ws/src/install/arduinobot_cpp_examples/bin'
[1.241s] INFO:colcon.colcon_core.shell:Creating package script '/home/firdaus/arduinobot_ws/src/install/arduinobot_cpp_examples/share/arduinobot_cpp_examples/package.ps1'
[1.242s] INFO:colcon.colcon_core.shell:Creating package descriptor '/home/firdaus/arduinobot_ws/src/install/arduinobot_cpp_examples/share/arduinobot_cpp_examples/package.dsv'
[1.243s] INFO:colcon.colcon_core.shell:Creating package script '/home/firdaus/arduinobot_ws/src/install/arduinobot_cpp_examples/share/arduinobot_cpp_examples/package.sh'
[1.245s] INFO:colcon.colcon_core.shell:Creating package script '/home/firdaus/arduinobot_ws/src/install/arduinobot_cpp_examples/share/arduinobot_cpp_examples/package.bash'
[1.246s] INFO:colcon.colcon_core.shell:Creating package script '/home/firdaus/arduinobot_ws/src/install/arduinobot_cpp_examples/share/arduinobot_cpp_examples/package.zsh'
[1.246s] Level 1:colcon.colcon_core.environment:create_file_with_runtime_dependencies(/home/firdaus/arduinobot_ws/src/install/arduinobot_cpp_examples/share/colcon-core/packages/arduinobot_cpp_examples)
[1.499s] DEBUG:colcon.colcon_core.event_handler.log_command:Invoking command in '/home/firdaus/arduinobot_ws/src/arduinobot_py_examples': PYTHONPATH=/home/firdaus/arduinobot_ws/src/build/arduinobot_py_examples/prefix_override:/usr/lib/python3/dist-packages/colcon_core/task/python/colcon_distutils_commands:/home/firdaus/arduinobot_ws/src/install/arduinobot_py_examples/lib/python3.10/site-packages:${PYTHONPATH} /usr/bin/python3 -W ignore:setup.py install is deprecated setup.py egg_info --egg-base ../build/arduinobot_py_examples build --build-base /home/firdaus/arduinobot_ws/src/build/arduinobot_py_examples/build install --record /home/firdaus/arduinobot_ws/src/build/arduinobot_py_examples/install.log --single-version-externally-managed install_data
[1.890s] Level 1:colcon.colcon_core.environment:checking '/home/firdaus/arduinobot_ws/src/install/arduinobot_py_examples' for CMake module files
[1.892s] DEBUG:colcon.colcon_core.event_handler.log_command:Invoked command in '/home/firdaus/arduinobot_ws/src/arduinobot_py_examples' returned '0': PYTHONPATH=/home/firdaus/arduinobot_ws/src/build/arduinobot_py_examples/prefix_override:/usr/lib/python3/dist-packages/colcon_core/task/python/colcon_distutils_commands:/home/firdaus/arduinobot_ws/src/install/arduinobot_py_examples/lib/python3.10/site-packages:${PYTHONPATH} /usr/bin/python3 -W ignore:setup.py install is deprecated setup.py egg_info --egg-base ../build/arduinobot_py_examples build --build-base /home/firdaus/arduinobot_ws/src/build/arduinobot_py_examples/build install --record /home/firdaus/arduinobot_ws/src/build/arduinobot_py_examples/install.log --single-version-externally-managed install_data
[1.892s] Level 1:colcon.colcon_core.environment:checking '/home/firdaus/arduinobot_ws/src/install/arduinobot_py_examples' for CMake config files
[1.893s] Level 1:colcon.colcon_core.environment:checking '/home/firdaus/arduinobot_ws/src/install/arduinobot_py_examples/lib'
[1.893s] Level 1:colcon.colcon_core.environment:checking '/home/firdaus/arduinobot_ws/src/install/arduinobot_py_examples/bin'
[1.893s] Level 1:colcon.colcon_core.environment:checking '/home/firdaus/arduinobot_ws/src/install/arduinobot_py_examples/lib/pkgconfig/arduinobot_py_examples.pc'
[1.894s] Level 1:colcon.colcon_core.environment:checking '/home/firdaus/arduinobot_ws/src/install/arduinobot_py_examples/lib/python3.10/site-packages'
[1.894s] Level 1:colcon.colcon_core.shell:create_environment_hook('arduinobot_py_examples', 'pythonpath')
[1.894s] INFO:colcon.colcon_core.shell:Creating environment hook '/home/firdaus/arduinobot_ws/src/install/arduinobot_py_examples/share/arduinobot_py_examples/hook/pythonpath.ps1'
[1.896s] INFO:colcon.colcon_core.shell:Creating environment descriptor '/home/firdaus/arduinobot_ws/src/install/arduinobot_py_examples/share/arduinobot_py_examples/hook/pythonpath.dsv'
[1.896s] INFO:colcon.colcon_core.shell:Creating environment hook '/home/firdaus/arduinobot_ws/src/install/arduinobot_py_examples/share/arduinobot_py_examples/hook/pythonpath.sh'
[1.898s] Level 1:colcon.colcon_core.environment:checking '/home/firdaus/arduinobot_ws/src/install/arduinobot_py_examples/bin'
[1.898s] Level 1:colcon.colcon_core.environment:create_environment_scripts_only(arduinobot_py_examples)
[1.899s] INFO:colcon.colcon_core.shell:Creating package script '/home/firdaus/arduinobot_ws/src/install/arduinobot_py_examples/share/arduinobot_py_examples/package.ps1'
[1.900s] INFO:colcon.colcon_core.shell:Creating package descriptor '/home/firdaus/arduinobot_ws/src/install/arduinobot_py_examples/share/arduinobot_py_examples/package.dsv'
[1.902s] INFO:colcon.colcon_core.shell:Creating package script '/home/firdaus/arduinobot_ws/src/install/arduinobot_py_examples/share/arduinobot_py_examples/package.sh'
[1.903s] INFO:colcon.colcon_core.shell:Creating package script '/home/firdaus/arduinobot_ws/src/install/arduinobot_py_examples/share/arduinobot_py_examples/package.bash'
[1.905s] INFO:colcon.colcon_core.shell:Creating package script '/home/firdaus/arduinobot_ws/src/install/arduinobot_py_examples/share/arduinobot_py_examples/package.zsh'
[1.906s] Level 1:colcon.colcon_core.environment:create_file_with_runtime_dependencies(/home/firdaus/arduinobot_ws/src/install/arduinobot_py_examples/share/colcon-core/packages/arduinobot_py_examples)
[1.907s] DEBUG:colcon.colcon_parallel_executor.executor.parallel:closing loop
[1.909s] DEBUG:colcon.colcon_parallel_executor.executor.parallel:loop closed
[1.909s] DEBUG:colcon.colcon_parallel_executor.executor.parallel:run_until_complete finished with '0'
[1.909s] DEBUG:colcon.colcon_core.event_reactor:joining thread
[1.927s] INFO:colcon.colcon_core.plugin_system:Skipping extension 'colcon_notification.desktop_notification.terminal_notifier': Not used on non-Darwin systems
[1.927s] INFO:colcon.colcon_core.plugin_system:Skipping extension 'colcon_notification.desktop_notification.win32': Not used on non-Windows systems
[1.928s] INFO:colcon.colcon_notification.desktop_notification:Sending desktop notification using 'notify2'
[1.959s] DEBUG:colcon.colcon_core.event_reactor:joined thread
[1.960s] INFO:colcon.colcon_core.shell:Creating prefix script '/home/firdaus/arduinobot_ws/src/install/local_setup.ps1'
[1.961s] INFO:colcon.colcon_core.shell:Creating prefix util module '/home/firdaus/arduinobot_ws/src/install/_local_setup_util_ps1.py'
[1.963s] INFO:colcon.colcon_core.shell:Creating prefix chain script '/home/firdaus/arduinobot_ws/src/install/setup.ps1'
[1.965s] INFO:colcon.colcon_core.shell:Creating prefix script '/home/firdaus/arduinobot_ws/src/install/local_setup.sh'
[1.966s] INFO:colcon.colcon_core.shell:Creating prefix util module '/home/firdaus/arduinobot_ws/src/install/_local_setup_util_sh.py'
[1.967s] INFO:colcon.colcon_core.shell:Creating prefix chain script '/home/firdaus/arduinobot_ws/src/install/setup.sh'
[1.969s] INFO:colcon.colcon_core.shell:Creating prefix script '/home/firdaus/arduinobot_ws/src/install/local_setup.bash'
[1.970s] INFO:colcon.colcon_core.shell:Creating prefix chain script '/home/firdaus/arduinobot_ws/src/install/setup.bash'
[1.972s] INFO:colcon.colcon_core.shell:Creating prefix script '/home/firdaus/arduinobot_ws/src/install/local_setup.zsh'
[1.973s] INFO:colcon.colcon_core.shell:Creating prefix chain script '/home/firdaus/arduinobot_ws/src/install/setup.zsh'
