[0.115s] Invoking command in '/home/firdaus/arduinobot_ws/build/arduinobot_description': CMAKE_PREFIX_PATH=/opt/ros/humble /usr/bin/cmake --build /home/firdaus/arduinobot_ws/build/arduinobot_description -- -j4 -l4
[0.252s] Invoked command in '/home/firdaus/arduinobot_ws/build/arduinobot_description' returned '0': CMAKE_PREFIX_PATH=/opt/ros/humble /usr/bin/cmake --build /home/firdaus/arduinobot_ws/build/arduinobot_description -- -j4 -l4
[0.543s] Invoking command in '/home/firdaus/arduinobot_ws/build/arduinobot_description': CMAKE_PREFIX_PATH=/opt/ros/humble /usr/bin/cmake --install /home/firdaus/arduinobot_ws/build/arduinobot_description
[0.593s] -- Install configuration: ""
[0.629s] -- Up-to-date: /home/firdaus/arduinobot_ws/install/arduinobot_description/share/arduinobot_description/launch
[0.631s] -- Up-to-date: /home/firdaus/arduinobot_ws/install/arduinobot_description/share/arduinobot_description/launch/gazebo.launch.py
[0.640s] -- Up-to-date: /home/firdaus/arduinobot_ws/install/arduinobot_description/share/arduinobot_description/launch/display.launch.py
[0.641s] -- Up-to-date: /home/firdaus/arduinobot_ws/install/arduinobot_description/share/arduinobot_description/meshes
[0.641s] -- Up-to-date: /home/firdaus/arduinobot_ws/install/arduinobot_description/share/arduinobot_description/meshes/forward_drive_arm.STL
[0.641s] -- Up-to-date: /home/firdaus/arduinobot_ws/install/arduinobot_description/share/arduinobot_description/meshes/claw_support.STL
[0.642s] -- Up-to-date: /home/firdaus/arduinobot_ws/install/arduinobot_description/share/arduinobot_description/meshes/basement.STL
[0.642s] -- Up-to-date: /home/firdaus/arduinobot_ws/install/arduinobot_description/share/arduinobot_description/meshes/vertical_drive_arm.STL
[0.642s] -- Up-to-date: /home/firdaus/arduinobot_ws/install/arduinobot_description/share/arduinobot_description/meshes/plate.STL
[0.642s] -- Up-to-date: /home/firdaus/arduinobot_ws/install/arduinobot_description/share/arduinobot_description/meshes/right_finger.STL
[0.642s] -- Up-to-date: /home/firdaus/arduinobot_ws/install/arduinobot_description/share/arduinobot_description/meshes/base_plate.STL
[0.643s] -- Up-to-date: /home/firdaus/arduinobot_ws/install/arduinobot_description/share/arduinobot_description/meshes/link.STL
[0.643s] -- Up-to-date: /home/firdaus/arduinobot_ws/install/arduinobot_description/share/arduinobot_description/meshes/triangular_link.STL
[0.643s] -- Up-to-date: /home/firdaus/arduinobot_ws/install/arduinobot_description/share/arduinobot_description/meshes/left_finger.STL
[0.643s] -- Up-to-date: /home/firdaus/arduinobot_ws/install/arduinobot_description/share/arduinobot_description/meshes/servo_plate.STL
[0.643s] -- Up-to-date: /home/firdaus/arduinobot_ws/install/arduinobot_description/share/arduinobot_description/meshes/pi_camera.STL
[0.644s] -- Up-to-date: /home/firdaus/arduinobot_ws/install/arduinobot_description/share/arduinobot_description/meshes/round_plate.STL
[0.644s] -- Up-to-date: /home/firdaus/arduinobot_ws/install/arduinobot_description/share/arduinobot_description/meshes/horizontal_arm.STL
[0.652s] -- Up-to-date: /home/firdaus/arduinobot_ws/install/arduinobot_description/share/arduinobot_description/models
[0.653s] -- Up-to-date: /home/firdaus/arduinobot_ws/install/arduinobot_description/share/arduinobot_description/models/sun
[0.653s] -- Up-to-date: /home/firdaus/arduinobot_ws/install/arduinobot_description/share/arduinobot_description/models/sun/model.config
[0.653s] -- Up-to-date: /home/firdaus/arduinobot_ws/install/arduinobot_description/share/arduinobot_description/models/sun/model-1_2.sdf
[0.653s] -- Up-to-date: /home/firdaus/arduinobot_ws/install/arduinobot_description/share/arduinobot_description/models/sun/model.sdf
[0.653s] -- Up-to-date: /home/firdaus/arduinobot_ws/install/arduinobot_description/share/arduinobot_description/models/sun/model-1_3.sdf
[0.654s] -- Up-to-date: /home/firdaus/arduinobot_ws/install/arduinobot_description/share/arduinobot_description/models/sun/model-1_4.sdf
[0.654s] -- Up-to-date: /home/firdaus/arduinobot_ws/install/arduinobot_description/share/arduinobot_description/models/ground_plane
[0.654s] -- Up-to-date: /home/firdaus/arduinobot_ws/install/arduinobot_description/share/arduinobot_description/models/ground_plane/model.config
[0.654s] -- Up-to-date: /home/firdaus/arduinobot_ws/install/arduinobot_description/share/arduinobot_description/models/ground_plane/model-1_2.sdf
[0.654s] -- Up-to-date: /home/firdaus/arduinobot_ws/install/arduinobot_description/share/arduinobot_description/models/ground_plane/model.sdf
[0.654s] -- Up-to-date: /home/firdaus/arduinobot_ws/install/arduinobot_description/share/arduinobot_description/models/ground_plane/model-1_3.sdf
[0.655s] -- Up-to-date: /home/firdaus/arduinobot_ws/install/arduinobot_description/share/arduinobot_description/models/ground_plane/model-1_4.sdf
[0.655s] -- Up-to-date: /home/firdaus/arduinobot_ws/install/arduinobot_description/share/arduinobot_description/urdf
[0.655s] -- Up-to-date: /home/firdaus/arduinobot_ws/install/arduinobot_description/share/arduinobot_description/urdf/arduinobot.urdf.xacro
[0.655s] -- Up-to-date: /home/firdaus/arduinobot_ws/install/arduinobot_description/share/arduinobot_description/urdf/arduinobot_ros2_control.xacro
[0.656s] -- Up-to-date: /home/firdaus/arduinobot_ws/install/arduinobot_description/share/arduinobot_description/urdf/arduinobot_gazebo.xacro
[0.676s] -- Up-to-date: /home/firdaus/arduinobot_ws/install/arduinobot_description/share/arduinobot_description/rviz
[0.677s] -- Up-to-date: /home/firdaus/arduinobot_ws/install/arduinobot_description/share/arduinobot_description/rviz/display.rviz
[0.677s] -- Up-to-date: /home/firdaus/arduinobot_ws/install/arduinobot_description/share/ament_index/resource_index/package_run_dependencies/arduinobot_description
[0.677s] -- Up-to-date: /home/firdaus/arduinobot_ws/install/arduinobot_description/share/ament_index/resource_index/parent_prefix_path/arduinobot_description
[0.678s] -- Up-to-date: /home/firdaus/arduinobot_ws/install/arduinobot_description/share/arduinobot_description/environment/ament_prefix_path.sh
[0.678s] -- Up-to-date: /home/firdaus/arduinobot_ws/install/arduinobot_description/share/arduinobot_description/environment/ament_prefix_path.dsv
[0.678s] -- Up-to-date: /home/firdaus/arduinobot_ws/install/arduinobot_description/share/arduinobot_description/environment/path.sh
[0.678s] -- Up-to-date: /home/firdaus/arduinobot_ws/install/arduinobot_description/share/arduinobot_description/environment/path.dsv
[0.678s] -- Up-to-date: /home/firdaus/arduinobot_ws/install/arduinobot_description/share/arduinobot_description/local_setup.bash
[0.679s] -- Up-to-date: /home/firdaus/arduinobot_ws/install/arduinobot_description/share/arduinobot_description/local_setup.sh
[0.679s] -- Up-to-date: /home/firdaus/arduinobot_ws/install/arduinobot_description/share/arduinobot_description/local_setup.zsh
[0.679s] -- Up-to-date: /home/firdaus/arduinobot_ws/install/arduinobot_description/share/arduinobot_description/local_setup.dsv
[0.679s] -- Installing: /home/firdaus/arduinobot_ws/install/arduinobot_description/share/arduinobot_description/package.dsv
[0.679s] -- Up-to-date: /home/firdaus/arduinobot_ws/install/arduinobot_description/share/ament_index/resource_index/packages/arduinobot_description
[0.679s] -- Up-to-date: /home/firdaus/arduinobot_ws/install/arduinobot_description/share/arduinobot_description/cmake/arduinobot_descriptionConfig.cmake
[0.680s] -- Up-to-date: /home/firdaus/arduinobot_ws/install/arduinobot_description/share/arduinobot_description/cmake/arduinobot_descriptionConfig-version.cmake
[0.680s] -- Up-to-date: /home/firdaus/arduinobot_ws/install/arduinobot_description/share/arduinobot_description/package.xml
[0.817s] Invoked command in '/home/firdaus/arduinobot_ws/build/arduinobot_description' returned '0': CMAKE_PREFIX_PATH=/opt/ros/humble /usr/bin/cmake --install /home/firdaus/arduinobot_ws/build/arduinobot_description
