[0.137s] Invoking command in '/home/firdaus/arduinobot_ws/build/arduinobot_msgs': CMAKE_PREFIX_PATH=/opt/ros/humble /usr/bin/cmake --build /home/firdaus/arduinobot_ws/build/arduinobot_msgs -- -j4 -l4
[0.536s] [  2%] Built target arduinobot_msgs__cpp
[0.952s] [  2%] Built target ament_cmake_python_copy_arduinobot_msgs
[1.251s] [ 12%] Built target arduinobot_msgs__rosidl_typesupport_fastrtps_cpp
[1.413s] [ 23%] Built target arduinobot_msgs__rosidl_typesupport_introspection_cpp
[2.600s] running egg_info
[2.616s] writing arduinobot_msgs.egg-info/PKG-INFO
[2.616s] writing dependency_links to arduinobot_msgs.egg-info/dependency_links.txt
[2.616s] writing top-level names to arduinobot_msgs.egg-info/top_level.txt
[2.623s] reading manifest file 'arduinobot_msgs.egg-info/SOURCES.txt'
[2.631s] writing manifest file 'arduinobot_msgs.egg-info/SOURCES.txt'
[2.818s] [ 23%] Built target ament_cmake_python_build_arduinobot_msgs_egg
[2.930s] [ 34%] Built target arduinobot_msgs__rosidl_typesupport_cpp
[3.048s] [ 44%] Built target arduinobot_msgs__rosidl_generator_c
[3.218s] [ 55%] Built target arduinobot_msgs__rosidl_typesupport_fastrtps_c
[3.369s] [ 65%] Built target arduinobot_msgs__rosidl_typesupport_c
[3.464s] [ 76%] Built target arduinobot_msgs__rosidl_typesupport_introspection_c
[3.724s] [ 76%] Built target arduinobot_msgs
[3.788s] [ 78%] Built target arduinobot_msgs__py
[3.982s] [ 87%] Built target arduinobot_msgs__rosidl_generator_py
[4.178s] [ 91%] Built target arduinobot_msgs__rosidl_typesupport_fastrtps_c__pyext
[4.414s] [ 95%] Built target arduinobot_msgs__rosidl_typesupport_c__pyext
[4.481s] [100%] Built target arduinobot_msgs__rosidl_typesupport_introspection_c__pyext
[4.543s] Invoked command in '/home/firdaus/arduinobot_ws/build/arduinobot_msgs' returned '0': CMAKE_PREFIX_PATH=/opt/ros/humble /usr/bin/cmake --build /home/firdaus/arduinobot_ws/build/arduinobot_msgs -- -j4 -l4
[5.382s] Invoking command in '/home/firdaus/arduinobot_ws/build/arduinobot_msgs': CMAKE_PREFIX_PATH=/opt/ros/humble /usr/bin/cmake --install /home/firdaus/arduinobot_ws/build/arduinobot_msgs
[5.423s] -- Install configuration: ""
[5.432s] -- Up-to-date: /home/firdaus/arduinobot_ws/install/arduinobot_msgs/share/ament_index/resource_index/rosidl_interfaces/arduinobot_msgs
[5.432s] -- Up-to-date: /home/firdaus/arduinobot_ws/install/arduinobot_msgs/include/arduinobot_msgs/arduinobot_msgs
[5.437s] -- Up-to-date: /home/firdaus/arduinobot_ws/install/arduinobot_msgs/include/arduinobot_msgs/arduinobot_msgs/msg
[5.461s] -- Up-to-date: /home/firdaus/arduinobot_ws/install/arduinobot_msgs/include/arduinobot_msgs/arduinobot_msgs/msg/rosidl_generator_c__visibility_control.h
[5.461s] -- Up-to-date: /home/firdaus/arduinobot_ws/install/arduinobot_msgs/include/arduinobot_msgs/arduinobot_msgs/srv
[5.461s] -- Up-to-date: /home/firdaus/arduinobot_ws/install/arduinobot_msgs/include/arduinobot_msgs/arduinobot_msgs/srv/quaternion_to_euler.h
[5.462s] -- Up-to-date: /home/firdaus/arduinobot_ws/install/arduinobot_msgs/include/arduinobot_msgs/arduinobot_msgs/srv/detail
[5.462s] -- Up-to-date: /home/firdaus/arduinobot_ws/install/arduinobot_msgs/include/arduinobot_msgs/arduinobot_msgs/srv/detail/quaternion_to_euler__type_support.h
[5.462s] -- Up-to-date: /home/firdaus/arduinobot_ws/install/arduinobot_msgs/include/arduinobot_msgs/arduinobot_msgs/srv/detail/quaternion_to_euler__struct.h
[5.462s] -- Up-to-date: /home/firdaus/arduinobot_ws/install/arduinobot_msgs/include/arduinobot_msgs/arduinobot_msgs/srv/detail/add_two_ints__functions.h
[5.462s] -- Up-to-date: /home/firdaus/arduinobot_ws/install/arduinobot_msgs/include/arduinobot_msgs/arduinobot_msgs/srv/detail/euler_to_quaternion__type_support.h
[5.462s] -- Up-to-date: /home/firdaus/arduinobot_ws/install/arduinobot_msgs/include/arduinobot_msgs/arduinobot_msgs/srv/detail/add_two_ints__struct.h
[5.463s] -- Up-to-date: /home/firdaus/arduinobot_ws/install/arduinobot_msgs/include/arduinobot_msgs/arduinobot_msgs/srv/detail/add_two_ints__type_support.h
[5.463s] -- Up-to-date: /home/firdaus/arduinobot_ws/install/arduinobot_msgs/include/arduinobot_msgs/arduinobot_msgs/srv/detail/euler_to_quaternion__struct.h
[5.472s] -- Up-to-date: /home/firdaus/arduinobot_ws/install/arduinobot_msgs/include/arduinobot_msgs/arduinobot_msgs/srv/detail/euler_to_quaternion__functions.h
[5.486s] -- Up-to-date: /home/firdaus/arduinobot_ws/install/arduinobot_msgs/include/arduinobot_msgs/arduinobot_msgs/srv/detail/euler_to_quaternion__functions.c
[5.486s] -- Up-to-date: /home/firdaus/arduinobot_ws/install/arduinobot_msgs/include/arduinobot_msgs/arduinobot_msgs/srv/detail/quaternion_to_euler__functions.c
[5.486s] -- Up-to-date: /home/firdaus/arduinobot_ws/install/arduinobot_msgs/include/arduinobot_msgs/arduinobot_msgs/srv/detail/add_two_ints__functions.c
[5.487s] -- Up-to-date: /home/firdaus/arduinobot_ws/install/arduinobot_msgs/include/arduinobot_msgs/arduinobot_msgs/srv/detail/add_two_in__type_support.h
[5.487s] -- Up-to-date: /home/firdaus/arduinobot_ws/install/arduinobot_msgs/include/arduinobot_msgs/arduinobot_msgs/srv/detail/add_two_in__functions.c
[5.496s] -- Up-to-date: /home/firdaus/arduinobot_ws/install/arduinobot_msgs/include/arduinobot_msgs/arduinobot_msgs/srv/detail/add_two_in__functions.h
[5.508s] -- Up-to-date: /home/firdaus/arduinobot_ws/install/arduinobot_msgs/include/arduinobot_msgs/arduinobot_msgs/srv/detail/add_two_in__struct.h
[5.509s] -- Up-to-date: /home/firdaus/arduinobot_ws/install/arduinobot_msgs/include/arduinobot_msgs/arduinobot_msgs/srv/detail/quaternion_to_euler__functions.h
[5.522s] -- Up-to-date: /home/firdaus/arduinobot_ws/install/arduinobot_msgs/include/arduinobot_msgs/arduinobot_msgs/srv/add_two_ints.h
[5.522s] -- Up-to-date: /home/firdaus/arduinobot_ws/install/arduinobot_msgs/include/arduinobot_msgs/arduinobot_msgs/srv/add_two_in.h
[5.522s] -- Up-to-date: /home/firdaus/arduinobot_ws/install/arduinobot_msgs/include/arduinobot_msgs/arduinobot_msgs/srv/euler_to_quaternion.h
[5.523s] -- Up-to-date: /home/firdaus/arduinobot_ws/install/arduinobot_msgs/share/arduinobot_msgs/environment/library_path.sh
[5.523s] -- Up-to-date: /home/firdaus/arduinobot_ws/install/arduinobot_msgs/share/arduinobot_msgs/environment/library_path.dsv
[5.523s] -- Up-to-date: /home/firdaus/arduinobot_ws/install/arduinobot_msgs/lib/libarduinobot_msgs__rosidl_generator_c.so
[5.524s] -- Up-to-date: /home/firdaus/arduinobot_ws/install/arduinobot_msgs/include/arduinobot_msgs/arduinobot_msgs
[5.524s] -- Up-to-date: /home/firdaus/arduinobot_ws/install/arduinobot_msgs/include/arduinobot_msgs/arduinobot_msgs/msg
[5.524s] -- Up-to-date: /home/firdaus/arduinobot_ws/install/arduinobot_msgs/include/arduinobot_msgs/arduinobot_msgs/msg/rosidl_typesupport_fastrtps_c__visibility_control.h
[5.524s] -- Up-to-date: /home/firdaus/arduinobot_ws/install/arduinobot_msgs/include/arduinobot_msgs/arduinobot_msgs/srv
[5.524s] -- Up-to-date: /home/firdaus/arduinobot_ws/install/arduinobot_msgs/include/arduinobot_msgs/arduinobot_msgs/srv/detail
[5.525s] -- Up-to-date: /home/firdaus/arduinobot_ws/install/arduinobot_msgs/include/arduinobot_msgs/arduinobot_msgs/srv/detail/euler_to_quaternion__rosidl_typesupport_fastrtps_c.h
[5.525s] -- Up-to-date: /home/firdaus/arduinobot_ws/install/arduinobot_msgs/include/arduinobot_msgs/arduinobot_msgs/srv/detail/add_two_ints__rosidl_typesupport_fastrtps_c.h
[5.525s] -- Up-to-date: /home/firdaus/arduinobot_ws/install/arduinobot_msgs/include/arduinobot_msgs/arduinobot_msgs/srv/detail/add_two_in__rosidl_typesupport_fastrtps_c.h
[5.525s] -- Up-to-date: /home/firdaus/arduinobot_ws/install/arduinobot_msgs/include/arduinobot_msgs/arduinobot_msgs/srv/detail/quaternion_to_euler__rosidl_typesupport_fastrtps_c.h
[5.525s] -- Up-to-date: /home/firdaus/arduinobot_ws/install/arduinobot_msgs/lib/libarduinobot_msgs__rosidl_typesupport_fastrtps_c.so
[5.526s] -- Up-to-date: /home/firdaus/arduinobot_ws/install/arduinobot_msgs/include/arduinobot_msgs/arduinobot_msgs
[5.526s] -- Up-to-date: /home/firdaus/arduinobot_ws/install/arduinobot_msgs/include/arduinobot_msgs/arduinobot_msgs/srv
[5.526s] -- Up-to-date: /home/firdaus/arduinobot_ws/install/arduinobot_msgs/include/arduinobot_msgs/arduinobot_msgs/srv/add_two_in.hpp
[5.526s] -- Up-to-date: /home/firdaus/arduinobot_ws/install/arduinobot_msgs/include/arduinobot_msgs/arduinobot_msgs/srv/detail
[5.526s] -- Up-to-date: /home/firdaus/arduinobot_ws/install/arduinobot_msgs/include/arduinobot_msgs/arduinobot_msgs/srv/detail/quaternion_to_euler__traits.hpp
[5.527s] -- Up-to-date: /home/firdaus/arduinobot_ws/install/arduinobot_msgs/include/arduinobot_msgs/arduinobot_msgs/srv/detail/add_two_in__traits.hpp
[5.570s] -- Up-to-date: /home/firdaus/arduinobot_ws/install/arduinobot_msgs/include/arduinobot_msgs/arduinobot_msgs/srv/detail/quaternion_to_euler__struct.hpp
[5.572s] -- Up-to-date: /home/firdaus/arduinobot_ws/install/arduinobot_msgs/include/arduinobot_msgs/arduinobot_msgs/srv/detail/euler_to_quaternion__struct.hpp
[5.574s] -- Up-to-date: /home/firdaus/arduinobot_ws/install/arduinobot_msgs/include/arduinobot_msgs/arduinobot_msgs/srv/detail/quaternion_to_euler__builder.hpp
[5.574s] -- Up-to-date: /home/firdaus/arduinobot_ws/install/arduinobot_msgs/include/arduinobot_msgs/arduinobot_msgs/srv/detail/add_two_in__builder.hpp
[5.577s] -- Up-to-date: /home/firdaus/arduinobot_ws/install/arduinobot_msgs/include/arduinobot_msgs/arduinobot_msgs/srv/detail/add_two_ints__traits.hpp
[5.578s] -- Up-to-date: /home/firdaus/arduinobot_ws/install/arduinobot_msgs/include/arduinobot_msgs/arduinobot_msgs/srv/detail/add_two_ints__struct.hpp
[5.579s] -- Up-to-date: /home/firdaus/arduinobot_ws/install/arduinobot_msgs/include/arduinobot_msgs/arduinobot_msgs/srv/detail/euler_to_quaternion__traits.hpp
[5.580s] -- Up-to-date: /home/firdaus/arduinobot_ws/install/arduinobot_msgs/include/arduinobot_msgs/arduinobot_msgs/srv/detail/add_two_in__struct.hpp
[5.581s] -- Up-to-date: /home/firdaus/arduinobot_ws/install/arduinobot_msgs/include/arduinobot_msgs/arduinobot_msgs/srv/detail/euler_to_quaternion__builder.hpp
[5.581s] -- Up-to-date: /home/firdaus/arduinobot_ws/install/arduinobot_msgs/include/arduinobot_msgs/arduinobot_msgs/srv/detail/add_two_ints__builder.hpp
[5.582s] -- Up-to-date: /home/firdaus/arduinobot_ws/install/arduinobot_msgs/include/arduinobot_msgs/arduinobot_msgs/srv/add_two_ints.hpp
[5.596s] -- Up-to-date: /home/firdaus/arduinobot_ws/install/arduinobot_msgs/include/arduinobot_msgs/arduinobot_msgs/srv/quaternion_to_euler.hpp
[5.596s] -- Up-to-date: /home/firdaus/arduinobot_ws/install/arduinobot_msgs/include/arduinobot_msgs/arduinobot_msgs/srv/euler_to_quaternion.hpp
[5.597s] -- Up-to-date: /home/firdaus/arduinobot_ws/install/arduinobot_msgs/include/arduinobot_msgs/arduinobot_msgs
[5.597s] -- Up-to-date: /home/firdaus/arduinobot_ws/install/arduinobot_msgs/include/arduinobot_msgs/arduinobot_msgs/msg
[5.597s] -- Up-to-date: /home/firdaus/arduinobot_ws/install/arduinobot_msgs/include/arduinobot_msgs/arduinobot_msgs/msg/rosidl_typesupport_fastrtps_cpp__visibility_control.h
[5.597s] -- Up-to-date: /home/firdaus/arduinobot_ws/install/arduinobot_msgs/include/arduinobot_msgs/arduinobot_msgs/srv
[5.597s] -- Up-to-date: /home/firdaus/arduinobot_ws/install/arduinobot_msgs/include/arduinobot_msgs/arduinobot_msgs/srv/detail
[5.598s] -- Up-to-date: /home/firdaus/arduinobot_ws/install/arduinobot_msgs/include/arduinobot_msgs/arduinobot_msgs/srv/detail/quaternion_to_euler__rosidl_typesupport_fastrtps_cpp.hpp
[5.598s] -- Up-to-date: /home/firdaus/arduinobot_ws/install/arduinobot_msgs/include/arduinobot_msgs/arduinobot_msgs/srv/detail/euler_to_quaternion__rosidl_typesupport_fastrtps_cpp.hpp
[5.598s] -- Up-to-date: /home/firdaus/arduinobot_ws/install/arduinobot_msgs/include/arduinobot_msgs/arduinobot_msgs/srv/detail/dds_fastrtps
[5.598s] -- Up-to-date: /home/firdaus/arduinobot_ws/install/arduinobot_msgs/include/arduinobot_msgs/arduinobot_msgs/srv/detail/add_two_in__rosidl_typesupport_fastrtps_cpp.hpp
[5.598s] -- Up-to-date: /home/firdaus/arduinobot_ws/install/arduinobot_msgs/include/arduinobot_msgs/arduinobot_msgs/srv/detail/add_two_ints__rosidl_typesupport_fastrtps_cpp.hpp
[5.598s] -- Up-to-date: /home/firdaus/arduinobot_ws/install/arduinobot_msgs/lib/libarduinobot_msgs__rosidl_typesupport_fastrtps_cpp.so
[5.599s] -- Up-to-date: /home/firdaus/arduinobot_ws/install/arduinobot_msgs/include/arduinobot_msgs/arduinobot_msgs
[5.599s] -- Up-to-date: /home/firdaus/arduinobot_ws/install/arduinobot_msgs/include/arduinobot_msgs/arduinobot_msgs/msg
[5.599s] -- Up-to-date: /home/firdaus/arduinobot_ws/install/arduinobot_msgs/include/arduinobot_msgs/arduinobot_msgs/msg/rosidl_typesupport_introspection_c__visibility_control.h
[5.599s] -- Up-to-date: /home/firdaus/arduinobot_ws/install/arduinobot_msgs/include/arduinobot_msgs/arduinobot_msgs/srv
[5.600s] -- Up-to-date: /home/firdaus/arduinobot_ws/install/arduinobot_msgs/include/arduinobot_msgs/arduinobot_msgs/srv/detail
[5.600s] -- Up-to-date: /home/firdaus/arduinobot_ws/install/arduinobot_msgs/include/arduinobot_msgs/arduinobot_msgs/srv/detail/euler_to_quaternion__type_support.c
[5.600s] -- Up-to-date: /home/firdaus/arduinobot_ws/install/arduinobot_msgs/include/arduinobot_msgs/arduinobot_msgs/srv/detail/add_two_ints__rosidl_typesupport_introspection_c.h
[5.600s] -- Up-to-date: /home/firdaus/arduinobot_ws/install/arduinobot_msgs/include/arduinobot_msgs/arduinobot_msgs/srv/detail/quaternion_to_euler__type_support.c
[5.600s] -- Up-to-date: /home/firdaus/arduinobot_ws/install/arduinobot_msgs/include/arduinobot_msgs/arduinobot_msgs/srv/detail/add_two_in__type_support.c
[5.600s] -- Up-to-date: /home/firdaus/arduinobot_ws/install/arduinobot_msgs/include/arduinobot_msgs/arduinobot_msgs/srv/detail/euler_to_quaternion__rosidl_typesupport_introspection_c.h
[5.601s] -- Up-to-date: /home/firdaus/arduinobot_ws/install/arduinobot_msgs/include/arduinobot_msgs/arduinobot_msgs/srv/detail/quaternion_to_euler__rosidl_typesupport_introspection_c.h
[5.601s] -- Up-to-date: /home/firdaus/arduinobot_ws/install/arduinobot_msgs/include/arduinobot_msgs/arduinobot_msgs/srv/detail/add_two_in__rosidl_typesupport_introspection_c.h
[5.601s] -- Up-to-date: /home/firdaus/arduinobot_ws/install/arduinobot_msgs/include/arduinobot_msgs/arduinobot_msgs/srv/detail/add_two_ints__type_support.c
[5.601s] -- Up-to-date: /home/firdaus/arduinobot_ws/install/arduinobot_msgs/lib/libarduinobot_msgs__rosidl_typesupport_introspection_c.so
[5.601s] -- Up-to-date: /home/firdaus/arduinobot_ws/install/arduinobot_msgs/lib/libarduinobot_msgs__rosidl_typesupport_c.so
[5.602s] -- Up-to-date: /home/firdaus/arduinobot_ws/install/arduinobot_msgs/include/arduinobot_msgs/arduinobot_msgs
[5.602s] -- Up-to-date: /home/firdaus/arduinobot_ws/install/arduinobot_msgs/include/arduinobot_msgs/arduinobot_msgs/srv
[5.602s] -- Up-to-date: /home/firdaus/arduinobot_ws/install/arduinobot_msgs/include/arduinobot_msgs/arduinobot_msgs/srv/detail
[5.602s] -- Up-to-date: /home/firdaus/arduinobot_ws/install/arduinobot_msgs/include/arduinobot_msgs/arduinobot_msgs/srv/detail/euler_to_quaternion__type_support.cpp
[5.602s] -- Up-to-date: /home/firdaus/arduinobot_ws/install/arduinobot_msgs/include/arduinobot_msgs/arduinobot_msgs/srv/detail/add_two_ints__rosidl_typesupport_introspection_cpp.hpp
[5.602s] -- Up-to-date: /home/firdaus/arduinobot_ws/install/arduinobot_msgs/include/arduinobot_msgs/arduinobot_msgs/srv/detail/quaternion_to_euler__rosidl_typesupport_introspection_cpp.hpp
[5.603s] -- Up-to-date: /home/firdaus/arduinobot_ws/install/arduinobot_msgs/include/arduinobot_msgs/arduinobot_msgs/srv/detail/quaternion_to_euler__type_support.cpp
[5.603s] -- Up-to-date: /home/firdaus/arduinobot_ws/install/arduinobot_msgs/include/arduinobot_msgs/arduinobot_msgs/srv/detail/add_two_in__type_support.cpp
[5.604s] -- Up-to-date: /home/firdaus/arduinobot_ws/install/arduinobot_msgs/include/arduinobot_msgs/arduinobot_msgs/srv/detail/add_two_in__rosidl_typesupport_introspection_cpp.hpp
[5.605s] -- Up-to-date: /home/firdaus/arduinobot_ws/install/arduinobot_msgs/include/arduinobot_msgs/arduinobot_msgs/srv/detail/add_two_ints__type_support.cpp
[5.610s] -- Up-to-date: /home/firdaus/arduinobot_ws/install/arduinobot_msgs/include/arduinobot_msgs/arduinobot_msgs/srv/detail/euler_to_quaternion__rosidl_typesupport_introspection_cpp.hpp
[5.640s] -- Up-to-date: /home/firdaus/arduinobot_ws/install/arduinobot_msgs/lib/libarduinobot_msgs__rosidl_typesupport_introspection_cpp.so
[5.640s] -- Up-to-date: /home/firdaus/arduinobot_ws/install/arduinobot_msgs/lib/libarduinobot_msgs__rosidl_typesupport_cpp.so
[5.640s] -- Up-to-date: /home/firdaus/arduinobot_ws/install/arduinobot_msgs/share/arduinobot_msgs/environment/pythonpath.sh
[5.640s] -- Up-to-date: /home/firdaus/arduinobot_ws/install/arduinobot_msgs/share/arduinobot_msgs/environment/pythonpath.dsv
[5.640s] -- Up-to-date: /home/firdaus/arduinobot_ws/install/arduinobot_msgs/local/lib/python3.10/dist-packages/arduinobot_msgs-0.0.0-py3.10.egg-info
[5.641s] -- Installing: /home/firdaus/arduinobot_ws/install/arduinobot_msgs/local/lib/python3.10/dist-packages/arduinobot_msgs-0.0.0-py3.10.egg-info/dependency_links.txt
[5.641s] -- Installing: /home/firdaus/arduinobot_ws/install/arduinobot_msgs/local/lib/python3.10/dist-packages/arduinobot_msgs-0.0.0-py3.10.egg-info/PKG-INFO
[5.641s] -- Installing: /home/firdaus/arduinobot_ws/install/arduinobot_msgs/local/lib/python3.10/dist-packages/arduinobot_msgs-0.0.0-py3.10.egg-info/top_level.txt
[5.641s] -- Installing: /home/firdaus/arduinobot_ws/install/arduinobot_msgs/local/lib/python3.10/dist-packages/arduinobot_msgs-0.0.0-py3.10.egg-info/SOURCES.txt
[5.641s] -- Up-to-date: /home/firdaus/arduinobot_ws/install/arduinobot_msgs/local/lib/python3.10/dist-packages/arduinobot_msgs
[5.641s] -- Up-to-date: /home/firdaus/arduinobot_ws/install/arduinobot_msgs/local/lib/python3.10/dist-packages/arduinobot_msgs/arduinobot_msgs_s__rosidl_typesupport_fastrtps_c.cpython-310-x86_64-linux-gnu.so
[5.642s] -- Up-to-date: /home/firdaus/arduinobot_ws/install/arduinobot_msgs/local/lib/python3.10/dist-packages/arduinobot_msgs/__init__.py
[5.642s] -- Up-to-date: /home/firdaus/arduinobot_ws/install/arduinobot_msgs/local/lib/python3.10/dist-packages/arduinobot_msgs/_arduinobot_msgs_s.ep.rosidl_typesupport_introspection_c.c
[5.642s] -- Up-to-date: /home/firdaus/arduinobot_ws/install/arduinobot_msgs/local/lib/python3.10/dist-packages/arduinobot_msgs/arduinobot_msgs_s__rosidl_typesupport_introspection_c.cpython-310-x86_64-linux-gnu.so
[5.642s] -- Up-to-date: /home/firdaus/arduinobot_ws/install/arduinobot_msgs/local/lib/python3.10/dist-packages/arduinobot_msgs/_arduinobot_msgs_s.ep.rosidl_typesupport_c.c
[5.642s] -- Up-to-date: /home/firdaus/arduinobot_ws/install/arduinobot_msgs/local/lib/python3.10/dist-packages/arduinobot_msgs/srv
[5.646s] -- Up-to-date: /home/firdaus/arduinobot_ws/install/arduinobot_msgs/local/lib/python3.10/dist-packages/arduinobot_msgs/srv/_quaternion_to_euler_s.c
[5.646s] -- Up-to-date: /home/firdaus/arduinobot_ws/install/arduinobot_msgs/local/lib/python3.10/dist-packages/arduinobot_msgs/srv/_add_two_ints.py
[5.646s] -- Up-to-date: /home/firdaus/arduinobot_ws/install/arduinobot_msgs/local/lib/python3.10/dist-packages/arduinobot_msgs/srv/_euler_to_quaternion.py
[5.647s] -- Up-to-date: /home/firdaus/arduinobot_ws/install/arduinobot_msgs/local/lib/python3.10/dist-packages/arduinobot_msgs/srv/_add_two_in_s.c
[5.647s] -- Up-to-date: /home/firdaus/arduinobot_ws/install/arduinobot_msgs/local/lib/python3.10/dist-packages/arduinobot_msgs/srv/_add_two_ints_s.c
[5.658s] -- Up-to-date: /home/firdaus/arduinobot_ws/install/arduinobot_msgs/local/lib/python3.10/dist-packages/arduinobot_msgs/srv/__init__.py
[5.658s] -- Up-to-date: /home/firdaus/arduinobot_ws/install/arduinobot_msgs/local/lib/python3.10/dist-packages/arduinobot_msgs/srv/_add_two_in.py
[5.658s] -- Up-to-date: /home/firdaus/arduinobot_ws/install/arduinobot_msgs/local/lib/python3.10/dist-packages/arduinobot_msgs/srv/_quaternion_to_euler.py
[5.660s] -- Up-to-date: /home/firdaus/arduinobot_ws/install/arduinobot_msgs/local/lib/python3.10/dist-packages/arduinobot_msgs/srv/_euler_to_quaternion_s.c
[5.661s] -- Up-to-date: /home/firdaus/arduinobot_ws/install/arduinobot_msgs/local/lib/python3.10/dist-packages/arduinobot_msgs/libarduinobot_msgs__rosidl_generator_py.so
[5.661s] -- Up-to-date: /home/firdaus/arduinobot_ws/install/arduinobot_msgs/local/lib/python3.10/dist-packages/arduinobot_msgs/arduinobot_msgs_s__rosidl_typesupport_c.cpython-310-x86_64-linux-gnu.so
[5.662s] -- Up-to-date: /home/firdaus/arduinobot_ws/install/arduinobot_msgs/local/lib/python3.10/dist-packages/arduinobot_msgs/_arduinobot_msgs_s.ep.rosidl_typesupport_fastrtps_c.c
[5.662s] Listing '/home/firdaus/arduinobot_ws/install/arduinobot_msgs/local/lib/python3.10/dist-packages/arduinobot_msgs'...
[5.662s] Listing '/home/firdaus/arduinobot_ws/install/arduinobot_msgs/local/lib/python3.10/dist-packages/arduinobot_msgs/srv'...
[5.662s] -- Up-to-date: /home/firdaus/arduinobot_ws/install/arduinobot_msgs/local/lib/python3.10/dist-packages/arduinobot_msgs/arduinobot_msgs_s__rosidl_typesupport_fastrtps_c.cpython-310-x86_64-linux-gnu.so
[5.663s] -- Up-to-date: /home/firdaus/arduinobot_ws/install/arduinobot_msgs/local/lib/python3.10/dist-packages/arduinobot_msgs/arduinobot_msgs_s__rosidl_typesupport_introspection_c.cpython-310-x86_64-linux-gnu.so
[5.663s] -- Up-to-date: /home/firdaus/arduinobot_ws/install/arduinobot_msgs/local/lib/python3.10/dist-packages/arduinobot_msgs/arduinobot_msgs_s__rosidl_typesupport_c.cpython-310-x86_64-linux-gnu.so
[5.692s] -- Up-to-date: /home/firdaus/arduinobot_ws/install/arduinobot_msgs/lib/libarduinobot_msgs__rosidl_generator_py.so
[5.692s] -- Up-to-date: /home/firdaus/arduinobot_ws/install/arduinobot_msgs/share/arduinobot_msgs/srv/AddTwoInts.idl
[5.693s] -- Up-to-date: /home/firdaus/arduinobot_ws/install/arduinobot_msgs/share/arduinobot_msgs/srv/EulerToQuaternion.idl
[5.693s] -- Up-to-date: /home/firdaus/arduinobot_ws/install/arduinobot_msgs/share/arduinobot_msgs/srv/QuaternionToEuler.idl
[5.693s] -- Up-to-date: /home/firdaus/arduinobot_ws/install/arduinobot_msgs/share/arduinobot_msgs/srv/AddTwoInts.srv
[5.693s] -- Up-to-date: /home/firdaus/arduinobot_ws/install/arduinobot_msgs/share/arduinobot_msgs/srv/AddTwoInts_Request.msg
[5.693s] -- Up-to-date: /home/firdaus/arduinobot_ws/install/arduinobot_msgs/share/arduinobot_msgs/srv/AddTwoInts_Response.msg
[5.693s] -- Up-to-date: /home/firdaus/arduinobot_ws/install/arduinobot_msgs/share/arduinobot_msgs/srv/EulerToQuaternion.srv
[5.694s] -- Up-to-date: /home/firdaus/arduinobot_ws/install/arduinobot_msgs/share/arduinobot_msgs/srv/EulerToQuaternion_Request.msg
[5.694s] -- Up-to-date: /home/firdaus/arduinobot_ws/install/arduinobot_msgs/share/arduinobot_msgs/srv/EulerToQuaternion_Response.msg
[5.694s] -- Up-to-date: /home/firdaus/arduinobot_ws/install/arduinobot_msgs/share/arduinobot_msgs/srv/QuaternionToEuler.srv
[5.694s] -- Up-to-date: /home/firdaus/arduinobot_ws/install/arduinobot_msgs/share/arduinobot_msgs/srv/QuaternionToEuler_Request.msg
[5.694s] -- Up-to-date: /home/firdaus/arduinobot_ws/install/arduinobot_msgs/share/arduinobot_msgs/srv/QuaternionToEuler_Response.msg
[5.694s] -- Up-to-date: /home/firdaus/arduinobot_ws/install/arduinobot_msgs/share/ament_index/resource_index/package_run_dependencies/arduinobot_msgs
[5.695s] -- Up-to-date: /home/firdaus/arduinobot_ws/install/arduinobot_msgs/share/ament_index/resource_index/parent_prefix_path/arduinobot_msgs
[5.695s] -- Up-to-date: /home/firdaus/arduinobot_ws/install/arduinobot_msgs/share/arduinobot_msgs/environment/ament_prefix_path.sh
[5.695s] -- Up-to-date: /home/firdaus/arduinobot_ws/install/arduinobot_msgs/share/arduinobot_msgs/environment/ament_prefix_path.dsv
[5.696s] -- Up-to-date: /home/firdaus/arduinobot_ws/install/arduinobot_msgs/share/arduinobot_msgs/environment/path.sh
[5.696s] -- Up-to-date: /home/firdaus/arduinobot_ws/install/arduinobot_msgs/share/arduinobot_msgs/environment/path.dsv
[5.696s] -- Up-to-date: /home/firdaus/arduinobot_ws/install/arduinobot_msgs/share/arduinobot_msgs/local_setup.bash
[5.696s] -- Up-to-date: /home/firdaus/arduinobot_ws/install/arduinobot_msgs/share/arduinobot_msgs/local_setup.sh
[5.696s] -- Up-to-date: /home/firdaus/arduinobot_ws/install/arduinobot_msgs/share/arduinobot_msgs/local_setup.zsh
[5.697s] -- Up-to-date: /home/firdaus/arduinobot_ws/install/arduinobot_msgs/share/arduinobot_msgs/local_setup.dsv
[5.697s] -- Installing: /home/firdaus/arduinobot_ws/install/arduinobot_msgs/share/arduinobot_msgs/package.dsv
[5.697s] -- Up-to-date: /home/firdaus/arduinobot_ws/install/arduinobot_msgs/share/ament_index/resource_index/packages/arduinobot_msgs
[5.697s] -- Up-to-date: /home/firdaus/arduinobot_ws/install/arduinobot_msgs/share/arduinobot_msgs/cmake/export_arduinobot_msgs__rosidl_generator_cExport.cmake
[5.697s] -- Up-to-date: /home/firdaus/arduinobot_ws/install/arduinobot_msgs/share/arduinobot_msgs/cmake/export_arduinobot_msgs__rosidl_generator_cExport-noconfig.cmake
[5.697s] -- Up-to-date: /home/firdaus/arduinobot_ws/install/arduinobot_msgs/share/arduinobot_msgs/cmake/export_arduinobot_msgs__rosidl_typesupport_fastrtps_cExport.cmake
[5.698s] -- Up-to-date: /home/firdaus/arduinobot_ws/install/arduinobot_msgs/share/arduinobot_msgs/cmake/export_arduinobot_msgs__rosidl_typesupport_fastrtps_cExport-noconfig.cmake
[5.698s] -- Up-to-date: /home/firdaus/arduinobot_ws/install/arduinobot_msgs/share/arduinobot_msgs/cmake/export_arduinobot_msgs__rosidl_generator_cppExport.cmake
[5.698s] -- Up-to-date: /home/firdaus/arduinobot_ws/install/arduinobot_msgs/share/arduinobot_msgs/cmake/export_arduinobot_msgs__rosidl_typesupport_fastrtps_cppExport.cmake
[5.698s] -- Up-to-date: /home/firdaus/arduinobot_ws/install/arduinobot_msgs/share/arduinobot_msgs/cmake/export_arduinobot_msgs__rosidl_typesupport_fastrtps_cppExport-noconfig.cmake
[5.698s] -- Up-to-date: /home/firdaus/arduinobot_ws/install/arduinobot_msgs/share/arduinobot_msgs/cmake/arduinobot_msgs__rosidl_typesupport_introspection_cExport.cmake
[5.698s] -- Up-to-date: /home/firdaus/arduinobot_ws/install/arduinobot_msgs/share/arduinobot_msgs/cmake/arduinobot_msgs__rosidl_typesupport_introspection_cExport-noconfig.cmake
[5.699s] -- Up-to-date: /home/firdaus/arduinobot_ws/install/arduinobot_msgs/share/arduinobot_msgs/cmake/arduinobot_msgs__rosidl_typesupport_cExport.cmake
[5.699s] -- Up-to-date: /home/firdaus/arduinobot_ws/install/arduinobot_msgs/share/arduinobot_msgs/cmake/arduinobot_msgs__rosidl_typesupport_cExport-noconfig.cmake
[5.700s] -- Up-to-date: /home/firdaus/arduinobot_ws/install/arduinobot_msgs/share/arduinobot_msgs/cmake/arduinobot_msgs__rosidl_typesupport_introspection_cppExport.cmake
[5.700s] -- Up-to-date: /home/firdaus/arduinobot_ws/install/arduinobot_msgs/share/arduinobot_msgs/cmake/arduinobot_msgs__rosidl_typesupport_introspection_cppExport-noconfig.cmake
[5.700s] -- Up-to-date: /home/firdaus/arduinobot_ws/install/arduinobot_msgs/share/arduinobot_msgs/cmake/arduinobot_msgs__rosidl_typesupport_cppExport.cmake
[5.700s] -- Up-to-date: /home/firdaus/arduinobot_ws/install/arduinobot_msgs/share/arduinobot_msgs/cmake/arduinobot_msgs__rosidl_typesupport_cppExport-noconfig.cmake
[5.700s] -- Up-to-date: /home/firdaus/arduinobot_ws/install/arduinobot_msgs/share/arduinobot_msgs/cmake/export_arduinobot_msgs__rosidl_generator_pyExport.cmake
[5.701s] -- Up-to-date: /home/firdaus/arduinobot_ws/install/arduinobot_msgs/share/arduinobot_msgs/cmake/export_arduinobot_msgs__rosidl_generator_pyExport-noconfig.cmake
[5.701s] -- Up-to-date: /home/firdaus/arduinobot_ws/install/arduinobot_msgs/share/arduinobot_msgs/cmake/rosidl_cmake-extras.cmake
[5.701s] -- Up-to-date: /home/firdaus/arduinobot_ws/install/arduinobot_msgs/share/arduinobot_msgs/cmake/ament_cmake_export_include_directories-extras.cmake
[5.704s] -- Up-to-date: /home/firdaus/arduinobot_ws/install/arduinobot_msgs/share/arduinobot_msgs/cmake/ament_cmake_export_libraries-extras.cmake
[5.705s] -- Up-to-date: /home/firdaus/arduinobot_ws/install/arduinobot_msgs/share/arduinobot_msgs/cmake/ament_cmake_export_targets-extras.cmake
[5.705s] -- Up-to-date: /home/firdaus/arduinobot_ws/install/arduinobot_msgs/share/arduinobot_msgs/cmake/rosidl_cmake_export_typesupport_targets-extras.cmake
[5.705s] -- Up-to-date: /home/firdaus/arduinobot_ws/install/arduinobot_msgs/share/arduinobot_msgs/cmake/ament_cmake_export_dependencies-extras.cmake
[5.706s] -- Up-to-date: /home/firdaus/arduinobot_ws/install/arduinobot_msgs/share/arduinobot_msgs/cmake/rosidl_cmake_export_typesupport_libraries-extras.cmake
[5.706s] -- Up-to-date: /home/firdaus/arduinobot_ws/install/arduinobot_msgs/share/arduinobot_msgs/cmake/arduinobot_msgsConfig.cmake
[5.708s] -- Up-to-date: /home/firdaus/arduinobot_ws/install/arduinobot_msgs/share/arduinobot_msgs/cmake/arduinobot_msgsConfig-version.cmake
[5.708s] -- Up-to-date: /home/firdaus/arduinobot_ws/install/arduinobot_msgs/share/arduinobot_msgs/package.xml
[5.708s] Invoked command in '/home/firdaus/arduinobot_ws/build/arduinobot_msgs' returned '0': CMAKE_PREFIX_PATH=/opt/ros/humble /usr/bin/cmake --install /home/firdaus/arduinobot_ws/build/arduinobot_msgs
