[0.039s] Invoking command in '/home/firdaus/arduinobot_ws/build/arduinobot_controller': CMAKE_PREFIX_PATH=/opt/ros/humble /usr/bin/cmake --build /home/firdaus/arduinobot_ws/build/arduinobot_controller -- -j4 -l4
[0.077s] -- Found ament_cmake: 1.3.9 (/opt/ros/humble/share/ament_cmake/cmake)
[0.275s] -- Found ament_lint_auto: 0.12.11 (/opt/ros/humble/share/ament_lint_auto/cmake)
[0.405s] -- Added test 'flake8' to check Python code syntax and style conventions
[0.405s] -- Added test 'lint_cmake' to check CMake code style
[0.405s] -- Added test 'pep257' to check Python code against some of the docstring style conventions in PEP 257
[0.405s] -- Added test 'xmllint' to check XML markup files
[0.405s] -- Configuring done
[0.410s] -- Generating done
[0.416s] -- Build files have been written to: /home/firdaus/arduinobot_ws/build/arduinobot_controller
[0.469s] Invoked command in '/home/firdaus/arduinobot_ws/build/arduinobot_controller' returned '0': CMAKE_PREFIX_PATH=/opt/ros/humble /usr/bin/cmake --build /home/firdaus/arduinobot_ws/build/arduinobot_controller -- -j4 -l4
[0.582s] Invoking command in '/home/firdaus/arduinobot_ws/build/arduinobot_controller': CMAKE_PREFIX_PATH=/opt/ros/humble /usr/bin/cmake --install /home/firdaus/arduinobot_ws/build/arduinobot_controller
[0.616s] -- Install configuration: ""
[0.616s] -- Up-to-date: /home/firdaus/arduinobot_ws/install/arduinobot_controller/share/arduinobot_controller/launch
[0.620s] -- Up-to-date: /home/firdaus/arduinobot_ws/install/arduinobot_controller/share/arduinobot_controller/launch/controller.launch.py
[0.621s] -- Up-to-date: /home/firdaus/arduinobot_ws/install/arduinobot_controller/share/arduinobot_controller/config
[0.621s] -- Up-to-date: /home/firdaus/arduinobot_ws/install/arduinobot_controller/share/arduinobot_controller/config/arduinobot_controllers.yaml
[0.621s] -- Up-to-date: /home/firdaus/arduinobot_ws/install/arduinobot_controller/share/ament_index/resource_index/package_run_dependencies/arduinobot_controller
[0.622s] -- Up-to-date: /home/firdaus/arduinobot_ws/install/arduinobot_controller/share/ament_index/resource_index/parent_prefix_path/arduinobot_controller
[0.622s] -- Up-to-date: /home/firdaus/arduinobot_ws/install/arduinobot_controller/share/arduinobot_controller/environment/ament_prefix_path.sh
[0.622s] -- Installing: /home/firdaus/arduinobot_ws/install/arduinobot_controller/share/arduinobot_controller/environment/ament_prefix_path.dsv
[0.622s] -- Up-to-date: /home/firdaus/arduinobot_ws/install/arduinobot_controller/share/arduinobot_controller/environment/path.sh
[0.622s] -- Installing: /home/firdaus/arduinobot_ws/install/arduinobot_controller/share/arduinobot_controller/environment/path.dsv
[0.622s] -- Up-to-date: /home/firdaus/arduinobot_ws/install/arduinobot_controller/share/arduinobot_controller/local_setup.bash
[0.627s] -- Up-to-date: /home/firdaus/arduinobot_ws/install/arduinobot_controller/share/arduinobot_controller/local_setup.sh
[0.628s] -- Up-to-date: /home/firdaus/arduinobot_ws/install/arduinobot_controller/share/arduinobot_controller/local_setup.zsh
[0.629s] -- Installing: /home/firdaus/arduinobot_ws/install/arduinobot_controller/share/arduinobot_controller/local_setup.dsv
[0.630s] -- Installing: /home/firdaus/arduinobot_ws/install/arduinobot_controller/share/arduinobot_controller/package.dsv
[0.630s] -- Up-to-date: /home/firdaus/arduinobot_ws/install/arduinobot_controller/share/ament_index/resource_index/packages/arduinobot_controller
[0.630s] -- Up-to-date: /home/firdaus/arduinobot_ws/install/arduinobot_controller/share/arduinobot_controller/cmake/arduinobot_controllerConfig.cmake
[0.630s] -- Up-to-date: /home/firdaus/arduinobot_ws/install/arduinobot_controller/share/arduinobot_controller/cmake/arduinobot_controllerConfig-version.cmake
[0.630s] -- Up-to-date: /home/firdaus/arduinobot_ws/install/arduinobot_controller/share/arduinobot_controller/package.xml
[0.631s] Invoked command in '/home/firdaus/arduinobot_ws/build/arduinobot_controller' returned '0': CMAKE_PREFIX_PATH=/opt/ros/humble /usr/bin/cmake --install /home/firdaus/arduinobot_ws/build/arduinobot_controller
