[0.151s] Invoking command in '/home/firdaus/arduinobot_ws/build/arduinobot_moveit': CMAKE_PREFIX_PATH=/opt/ros/humble /usr/bin/cmake --build /home/firdaus/arduinobot_ws/build/arduinobot_moveit -- -j4 -l4
[0.340s] -- Found ament_cmake: 1.3.9 (/opt/ros/humble/share/ament_cmake/cmake)
[0.996s] -- Found ament_lint_auto: 0.12.11 (/opt/ros/humble/share/ament_lint_auto/cmake)
[1.388s] -- Added test 'flake8' to check Python code syntax and style conventions
[1.388s] -- Added test 'lint_cmake' to check CMake code style
[1.388s] -- Added test 'pep257' to check Python code against some of the docstring style conventions in PEP 257
[1.405s] -- Added test 'xmllint' to check XML markup files
[1.405s] -- Configuring done
[1.464s] -- Generating done
[1.484s] -- Build files have been written to: /home/firdaus/arduinobot_ws/build/arduinobot_moveit
[1.647s] Invoked command in '/home/firdaus/arduinobot_ws/build/arduinobot_moveit' returned '0': CMAKE_PREFIX_PATH=/opt/ros/humble /usr/bin/cmake --build /home/firdaus/arduinobot_ws/build/arduinobot_moveit -- -j4 -l4
[1.875s] Invoking command in '/home/firdaus/arduinobot_ws/build/arduinobot_moveit': CMAKE_PREFIX_PATH=/opt/ros/humble /usr/bin/cmake --install /home/firdaus/arduinobot_ws/build/arduinobot_moveit
[1.893s] -- Install configuration: ""
[1.893s] -- Up-to-date: /home/firdaus/arduinobot_ws/install/arduinobot_moveit/share/arduinobot_moveit/launch
[1.894s] -- Installing: /home/firdaus/arduinobot_ws/install/arduinobot_moveit/share/arduinobot_moveit/launch/moveit.launch.py
[1.896s] -- Up-to-date: /home/firdaus/arduinobot_ws/install/arduinobot_moveit/share/arduinobot_moveit/config
[1.896s] -- Up-to-date: /home/firdaus/arduinobot_ws/install/arduinobot_moveit/share/arduinobot_moveit/config/joint_limits.yaml
[1.896s] -- Up-to-date: /home/firdaus/arduinobot_ws/install/arduinobot_moveit/share/arduinobot_moveit/config/arduinobot.srdf
[1.897s] -- Up-to-date: /home/firdaus/arduinobot_ws/install/arduinobot_moveit/share/arduinobot_moveit/config/kinematics.yaml
[1.897s] -- Up-to-date: /home/firdaus/arduinobot_ws/install/arduinobot_moveit/share/arduinobot_moveit/config/moveit_controllers.yaml
[1.897s] -- Up-to-date: /home/firdaus/arduinobot_ws/install/arduinobot_moveit/share/arduinobot_moveit/config/initial_positions.yaml
[1.897s] -- Up-to-date: /home/firdaus/arduinobot_ws/install/arduinobot_moveit/share/arduinobot_moveit/config/pilz_cartesian_limits.yaml
[1.897s] -- Installing: /home/firdaus/arduinobot_ws/install/arduinobot_moveit/share/ament_index/resource_index/package_run_dependencies/arduinobot_moveit
[1.897s] -- Installing: /home/firdaus/arduinobot_ws/install/arduinobot_moveit/share/ament_index/resource_index/parent_prefix_path/arduinobot_moveit
[1.907s] -- Up-to-date: /home/firdaus/arduinobot_ws/install/arduinobot_moveit/share/arduinobot_moveit/environment/ament_prefix_path.sh
[1.920s] -- Installing: /home/firdaus/arduinobot_ws/install/arduinobot_moveit/share/arduinobot_moveit/environment/ament_prefix_path.dsv
[1.921s] -- Up-to-date: /home/firdaus/arduinobot_ws/install/arduinobot_moveit/share/arduinobot_moveit/environment/path.sh
[1.921s] -- Installing: /home/firdaus/arduinobot_ws/install/arduinobot_moveit/share/arduinobot_moveit/environment/path.dsv
[1.922s] -- Up-to-date: /home/firdaus/arduinobot_ws/install/arduinobot_moveit/share/arduinobot_moveit/local_setup.bash
[1.922s] -- Up-to-date: /home/firdaus/arduinobot_ws/install/arduinobot_moveit/share/arduinobot_moveit/local_setup.sh
[1.923s] -- Up-to-date: /home/firdaus/arduinobot_ws/install/arduinobot_moveit/share/arduinobot_moveit/local_setup.zsh
[1.926s] -- Installing: /home/firdaus/arduinobot_ws/install/arduinobot_moveit/share/arduinobot_moveit/local_setup.dsv
[1.930s] -- Installing: /home/firdaus/arduinobot_ws/install/arduinobot_moveit/share/arduinobot_moveit/package.dsv
[1.930s] -- Up-to-date: /home/firdaus/arduinobot_ws/install/arduinobot_moveit/share/ament_index/resource_index/packages/arduinobot_moveit
[1.931s] -- Up-to-date: /home/firdaus/arduinobot_ws/install/arduinobot_moveit/share/arduinobot_moveit/cmake/arduinobot_moveitConfig.cmake
[1.932s] -- Up-to-date: /home/firdaus/arduinobot_ws/install/arduinobot_moveit/share/arduinobot_moveit/cmake/arduinobot_moveitConfig-version.cmake
[1.956s] -- Installing: /home/firdaus/arduinobot_ws/install/arduinobot_moveit/share/arduinobot_moveit/package.xml
[2.001s] Invoked command in '/home/firdaus/arduinobot_ws/build/arduinobot_moveit' returned '0': CMAKE_PREFIX_PATH=/opt/ros/humble /usr/bin/cmake --install /home/firdaus/arduinobot_ws/build/arduinobot_moveit
