[0.049s] Invoking command in '/home/firdaus/arduinobot_ws/build/arduinobot_cpp_examples': CMAKE_PREFIX_PATH=/opt/ros/humble /usr/bin/cmake --build /home/firdaus/arduinobot_ws/build/arduinobot_cpp_examples -- -j4 -l4
[0.330s] [100%] Built target simple_publisher
[0.396s] Invoked command in '/home/firdaus/arduinobot_ws/build/arduinobot_cpp_examples' returned '0': CMAKE_PREFIX_PATH=/opt/ros/humble /usr/bin/cmake --build /home/firdaus/arduinobot_ws/build/arduinobot_cpp_examples -- -j4 -l4
[0.783s] Invoking command in '/home/firdaus/arduinobot_ws/build/arduinobot_cpp_examples': CMAKE_PREFIX_PATH=/opt/ros/humble /usr/bin/cmake --install /home/firdaus/arduinobot_ws/build/arduinobot_cpp_examples
[0.798s] -- Install configuration: ""
[0.799s] -- Up-to-date: /home/firdaus/arduinobot_ws/install/arduinobot_cpp_examples/lib/arduinobot_cpp_examples/simple_publisher
[0.800s] -- Up-to-date: /home/firdaus/arduinobot_ws/install/arduinobot_cpp_examples/share/ament_index/resource_index/package_run_dependencies/arduinobot_cpp_examples
[0.802s] -- Up-to-date: /home/firdaus/arduinobot_ws/install/arduinobot_cpp_examples/share/ament_index/resource_index/parent_prefix_path/arduinobot_cpp_examples
[0.802s] -- Up-to-date: /home/firdaus/arduinobot_ws/install/arduinobot_cpp_examples/share/arduinobot_cpp_examples/environment/ament_prefix_path.sh
[0.805s] -- Up-to-date: /home/firdaus/arduinobot_ws/install/arduinobot_cpp_examples/share/arduinobot_cpp_examples/environment/ament_prefix_path.dsv
[0.806s] -- Up-to-date: /home/firdaus/arduinobot_ws/install/arduinobot_cpp_examples/share/arduinobot_cpp_examples/environment/path.sh
[0.807s] -- Up-to-date: /home/firdaus/arduinobot_ws/install/arduinobot_cpp_examples/share/arduinobot_cpp_examples/environment/path.dsv
[0.808s] -- Up-to-date: /home/firdaus/arduinobot_ws/install/arduinobot_cpp_examples/share/arduinobot_cpp_examples/local_setup.bash
[0.808s] -- Up-to-date: /home/firdaus/arduinobot_ws/install/arduinobot_cpp_examples/share/arduinobot_cpp_examples/local_setup.sh
[0.808s] -- Up-to-date: /home/firdaus/arduinobot_ws/install/arduinobot_cpp_examples/share/arduinobot_cpp_examples/local_setup.zsh
[0.809s] -- Up-to-date: /home/firdaus/arduinobot_ws/install/arduinobot_cpp_examples/share/arduinobot_cpp_examples/local_setup.dsv
[0.810s] -- Installing: /home/firdaus/arduinobot_ws/install/arduinobot_cpp_examples/share/arduinobot_cpp_examples/package.dsv
[0.811s] -- Up-to-date: /home/firdaus/arduinobot_ws/install/arduinobot_cpp_examples/share/ament_index/resource_index/packages/arduinobot_cpp_examples
[0.812s] -- Up-to-date: /home/firdaus/arduinobot_ws/install/arduinobot_cpp_examples/share/arduinobot_cpp_examples/cmake/arduinobot_cpp_examplesConfig.cmake
[0.812s] -- Up-to-date: /home/firdaus/arduinobot_ws/install/arduinobot_cpp_examples/share/arduinobot_cpp_examples/cmake/arduinobot_cpp_examplesConfig-version.cmake
[0.812s] -- Up-to-date: /home/firdaus/arduinobot_ws/install/arduinobot_cpp_examples/share/arduinobot_cpp_examples/package.xml
[0.820s] Invoked command in '/home/firdaus/arduinobot_ws/build/arduinobot_cpp_examples' returned '0': CMAKE_PREFIX_PATH=/opt/ros/humble /usr/bin/cmake --install /home/firdaus/arduinobot_ws/build/arduinobot_cpp_examples
