[0.232s] DEBUG:colcon:Command line arguments: ['/usr/bin/colcon', 'build']
[0.232s] DEBUG:colcon:Parsed command line arguments: Namespace(log_base=None, log_level=None, verb_name='build', build_base='build', install_base='install', merge_install=False, symlink_install=False, test_result_base=None, continue_on_error=False, executor='parallel', parallel_workers=4, event_handlers=None, ignore_user_meta=False, metas=['./colcon.meta'], base_paths=['.'], packages_ignore=None, packages_ignore_regex=None, paths=None, packages_up_to=None, packages_up_to_regex=None, packages_above=None, packages_above_and_dependencies=None, packages_above_depth=None, packages_select_by_dep=None, packages_skip_by_dep=None, packages_skip_up_to=None, packages_select_build_failed=False, packages_skip_build_finished=False, packages_select_test_failures=False, packages_skip_test_passed=False, packages_select=None, packages_skip=None, packages_select_regex=None, packages_skip_regex=None, packages_start=None, packages_end=None, allow_overriding=[], cmake_args=None, cmake_target=None, cmake_target_skip_unavailable=False, cmake_clean_cache=False, cmake_clean_first=False, cmake_force_configure=False, ament_cmake_args=None, catkin_cmake_args=None, catkin_skip_building_tests=False, verb_parser=<colcon_defaults.argument_parser.defaults.DefaultArgumentsDecorator object at 0x7886e0c40a60>, verb_extension=<colcon_core.verb.build.BuildVerb object at 0x7886e0db6320>, main=<bound method BuildVerb.main of <colcon_core.verb.build.BuildVerb object at 0x7886e0db6320>>)
[0.484s] Level 1:colcon.colcon_core.package_discovery:discover_packages(colcon_meta) check parameters
[0.486s] Level 1:colcon.colcon_core.package_discovery:discover_packages(recursive) check parameters
[0.486s] Level 1:colcon.colcon_core.package_discovery:discover_packages(ignore) check parameters
[0.486s] Level 1:colcon.colcon_core.package_discovery:discover_packages(path) check parameters
[0.486s] Level 1:colcon.colcon_core.package_discovery:discover_packages(colcon_meta) discover
[0.487s] Level 1:colcon.colcon_core.package_discovery:discover_packages(recursive) discover
[0.487s] INFO:colcon.colcon_core.package_discovery:Crawling recursively for packages in '/home/firdaus/arduinobot_ws'
[0.487s] Level 1:colcon.colcon_core.package_identification:_identify(.) by extensions ['ignore', 'ignore_ament_install']
[0.488s] Level 1:colcon.colcon_core.package_identification:_identify(.) by extension 'ignore'
[0.489s] Level 1:colcon.colcon_core.package_identification:_identify(.) by extension 'ignore_ament_install'
[0.489s] Level 1:colcon.colcon_core.package_identification:_identify(.) by extensions ['colcon_pkg']
[0.489s] Level 1:colcon.colcon_core.package_identification:_identify(.) by extension 'colcon_pkg'
[0.489s] Level 1:colcon.colcon_core.package_identification:_identify(.) by extensions ['colcon_meta']
[0.489s] Level 1:colcon.colcon_core.package_identification:_identify(.) by extension 'colcon_meta'
[0.489s] Level 1:colcon.colcon_core.package_identification:_identify(.) by extensions ['ros']
[0.490s] Level 1:colcon.colcon_core.package_identification:_identify(.) by extension 'ros'
[0.513s] Level 1:colcon.colcon_core.package_identification:_identify(.) by extensions ['cmake', 'python']
[0.514s] Level 1:colcon.colcon_core.package_identification:_identify(.) by extension 'cmake'
[0.514s] Level 1:colcon.colcon_core.package_identification:_identify(.) by extension 'python'
[0.514s] Level 1:colcon.colcon_core.package_identification:_identify(.) by extensions ['python_setup_py']
[0.514s] Level 1:colcon.colcon_core.package_identification:_identify(.) by extension 'python_setup_py'
[0.515s] Level 1:colcon.colcon_core.package_identification:_identify(build) by extensions ['ignore', 'ignore_ament_install']
[0.515s] Level 1:colcon.colcon_core.package_identification:_identify(build) by extension 'ignore'
[0.515s] Level 1:colcon.colcon_core.package_identification:_identify(build) ignored
[0.515s] Level 1:colcon.colcon_core.package_identification:_identify(install) by extensions ['ignore', 'ignore_ament_install']
[0.515s] Level 1:colcon.colcon_core.package_identification:_identify(install) by extension 'ignore'
[0.515s] Level 1:colcon.colcon_core.package_identification:_identify(install) ignored
[0.516s] Level 1:colcon.colcon_core.package_identification:_identify(log) by extensions ['ignore', 'ignore_ament_install']
[0.516s] Level 1:colcon.colcon_core.package_identification:_identify(log) by extension 'ignore'
[0.516s] Level 1:colcon.colcon_core.package_identification:_identify(log) ignored
[0.517s] Level 1:colcon.colcon_core.package_identification:_identify(src) by extensions ['ignore', 'ignore_ament_install']
[0.517s] Level 1:colcon.colcon_core.package_identification:_identify(src) by extension 'ignore'
[0.517s] Level 1:colcon.colcon_core.package_identification:_identify(src) by extension 'ignore_ament_install'
[0.517s] Level 1:colcon.colcon_core.package_identification:_identify(src) by extensions ['colcon_pkg']
[0.517s] Level 1:colcon.colcon_core.package_identification:_identify(src) by extension 'colcon_pkg'
[0.517s] Level 1:colcon.colcon_core.package_identification:_identify(src) by extensions ['colcon_meta']
[0.517s] Level 1:colcon.colcon_core.package_identification:_identify(src) by extension 'colcon_meta'
[0.517s] Level 1:colcon.colcon_core.package_identification:_identify(src) by extensions ['ros']
[0.517s] Level 1:colcon.colcon_core.package_identification:_identify(src) by extension 'ros'
[0.517s] Level 1:colcon.colcon_core.package_identification:_identify(src) by extensions ['cmake', 'python']
[0.518s] Level 1:colcon.colcon_core.package_identification:_identify(src) by extension 'cmake'
[0.518s] Level 1:colcon.colcon_core.package_identification:_identify(src) by extension 'python'
[0.518s] Level 1:colcon.colcon_core.package_identification:_identify(src) by extensions ['python_setup_py']
[0.518s] Level 1:colcon.colcon_core.package_identification:_identify(src) by extension 'python_setup_py'
[0.519s] Level 1:colcon.colcon_core.package_identification:_identify(src/arduinobot_controller) by extensions ['ignore', 'ignore_ament_install']
[0.519s] Level 1:colcon.colcon_core.package_identification:_identify(src/arduinobot_controller) by extension 'ignore'
[0.519s] Level 1:colcon.colcon_core.package_identification:_identify(src/arduinobot_controller) by extension 'ignore_ament_install'
[0.519s] Level 1:colcon.colcon_core.package_identification:_identify(src/arduinobot_controller) by extensions ['colcon_pkg']
[0.519s] Level 1:colcon.colcon_core.package_identification:_identify(src/arduinobot_controller) by extension 'colcon_pkg'
[0.519s] Level 1:colcon.colcon_core.package_identification:_identify(src/arduinobot_controller) by extensions ['colcon_meta']
[0.519s] Level 1:colcon.colcon_core.package_identification:_identify(src/arduinobot_controller) by extension 'colcon_meta'
[0.519s] Level 1:colcon.colcon_core.package_identification:_identify(src/arduinobot_controller) by extensions ['ros']
[0.520s] Level 1:colcon.colcon_core.package_identification:_identify(src/arduinobot_controller) by extension 'ros'
[0.524s] DEBUG:colcon.colcon_core.package_identification:Package 'src/arduinobot_controller' with type 'ros.ament_cmake' and name 'arduinobot_controller'
[0.525s] Level 1:colcon.colcon_core.package_identification:_identify(src/arduinobot_cpp_examples) by extensions ['ignore', 'ignore_ament_install']
[0.526s] Level 1:colcon.colcon_core.package_identification:_identify(src/arduinobot_cpp_examples) by extension 'ignore'
[0.526s] Level 1:colcon.colcon_core.package_identification:_identify(src/arduinobot_cpp_examples) by extension 'ignore_ament_install'
[0.527s] Level 1:colcon.colcon_core.package_identification:_identify(src/arduinobot_cpp_examples) by extensions ['colcon_pkg']
[0.527s] Level 1:colcon.colcon_core.package_identification:_identify(src/arduinobot_cpp_examples) by extension 'colcon_pkg'
[0.527s] Level 1:colcon.colcon_core.package_identification:_identify(src/arduinobot_cpp_examples) by extensions ['colcon_meta']
[0.527s] Level 1:colcon.colcon_core.package_identification:_identify(src/arduinobot_cpp_examples) by extension 'colcon_meta'
[0.527s] Level 1:colcon.colcon_core.package_identification:_identify(src/arduinobot_cpp_examples) by extensions ['ros']
[0.527s] Level 1:colcon.colcon_core.package_identification:_identify(src/arduinobot_cpp_examples) by extension 'ros'
[0.528s] DEBUG:colcon.colcon_core.package_identification:Package 'src/arduinobot_cpp_examples' with type 'ros.ament_cmake' and name 'arduinobot_cpp_examples'
[0.528s] Level 1:colcon.colcon_core.package_identification:_identify(src/arduinobot_description) by extensions ['ignore', 'ignore_ament_install']
[0.529s] Level 1:colcon.colcon_core.package_identification:_identify(src/arduinobot_description) by extension 'ignore'
[0.529s] Level 1:colcon.colcon_core.package_identification:_identify(src/arduinobot_description) by extension 'ignore_ament_install'
[0.529s] Level 1:colcon.colcon_core.package_identification:_identify(src/arduinobot_description) by extensions ['colcon_pkg']
[0.529s] Level 1:colcon.colcon_core.package_identification:_identify(src/arduinobot_description) by extension 'colcon_pkg'
[0.529s] Level 1:colcon.colcon_core.package_identification:_identify(src/arduinobot_description) by extensions ['colcon_meta']
[0.529s] Level 1:colcon.colcon_core.package_identification:_identify(src/arduinobot_description) by extension 'colcon_meta'
[0.529s] Level 1:colcon.colcon_core.package_identification:_identify(src/arduinobot_description) by extensions ['ros']
[0.529s] Level 1:colcon.colcon_core.package_identification:_identify(src/arduinobot_description) by extension 'ros'
[0.530s] DEBUG:colcon.colcon_core.package_identification:Package 'src/arduinobot_description' with type 'ros.ament_cmake' and name 'arduinobot_description'
[0.530s] Level 1:colcon.colcon_core.package_identification:_identify(src/arduinobot_moveit) by extensions ['ignore', 'ignore_ament_install']
[0.530s] Level 1:colcon.colcon_core.package_identification:_identify(src/arduinobot_moveit) by extension 'ignore'
[0.530s] Level 1:colcon.colcon_core.package_identification:_identify(src/arduinobot_moveit) by extension 'ignore_ament_install'
[0.531s] Level 1:colcon.colcon_core.package_identification:_identify(src/arduinobot_moveit) by extensions ['colcon_pkg']
[0.531s] Level 1:colcon.colcon_core.package_identification:_identify(src/arduinobot_moveit) by extension 'colcon_pkg'
[0.531s] Level 1:colcon.colcon_core.package_identification:_identify(src/arduinobot_moveit) by extensions ['colcon_meta']
[0.531s] Level 1:colcon.colcon_core.package_identification:_identify(src/arduinobot_moveit) by extension 'colcon_meta'
[0.532s] Level 1:colcon.colcon_core.package_identification:_identify(src/arduinobot_moveit) by extensions ['ros']
[0.532s] Level 1:colcon.colcon_core.package_identification:_identify(src/arduinobot_moveit) by extension 'ros'
[0.533s] DEBUG:colcon.colcon_core.package_identification:Package 'src/arduinobot_moveit' with type 'ros.ament_cmake' and name 'arduinobot_moveit'
[0.533s] Level 1:colcon.colcon_core.package_identification:_identify(src/arduinobot_msgs) by extensions ['ignore', 'ignore_ament_install']
[0.534s] Level 1:colcon.colcon_core.package_identification:_identify(src/arduinobot_msgs) by extension 'ignore'
[0.534s] Level 1:colcon.colcon_core.package_identification:_identify(src/arduinobot_msgs) by extension 'ignore_ament_install'
[0.534s] Level 1:colcon.colcon_core.package_identification:_identify(src/arduinobot_msgs) by extensions ['colcon_pkg']
[0.534s] Level 1:colcon.colcon_core.package_identification:_identify(src/arduinobot_msgs) by extension 'colcon_pkg'
[0.534s] Level 1:colcon.colcon_core.package_identification:_identify(src/arduinobot_msgs) by extensions ['colcon_meta']
[0.535s] Level 1:colcon.colcon_core.package_identification:_identify(src/arduinobot_msgs) by extension 'colcon_meta'
[0.535s] Level 1:colcon.colcon_core.package_identification:_identify(src/arduinobot_msgs) by extensions ['ros']
[0.535s] Level 1:colcon.colcon_core.package_identification:_identify(src/arduinobot_msgs) by extension 'ros'
[0.536s] DEBUG:colcon.colcon_core.package_identification:Package 'src/arduinobot_msgs' with type 'ros.ament_cmake' and name 'arduinobot_msgs'
[0.536s] Level 1:colcon.colcon_core.package_identification:_identify(src/arduinobot_py_examples) by extensions ['ignore', 'ignore_ament_install']
[0.536s] Level 1:colcon.colcon_core.package_identification:_identify(src/arduinobot_py_examples) by extension 'ignore'
[0.536s] Level 1:colcon.colcon_core.package_identification:_identify(src/arduinobot_py_examples) by extension 'ignore_ament_install'
[0.536s] Level 1:colcon.colcon_core.package_identification:_identify(src/arduinobot_py_examples) by extensions ['colcon_pkg']
[0.536s] Level 1:colcon.colcon_core.package_identification:_identify(src/arduinobot_py_examples) by extension 'colcon_pkg'
[0.536s] Level 1:colcon.colcon_core.package_identification:_identify(src/arduinobot_py_examples) by extensions ['colcon_meta']
[0.536s] Level 1:colcon.colcon_core.package_identification:_identify(src/arduinobot_py_examples) by extension 'colcon_meta'
[0.537s] Level 1:colcon.colcon_core.package_identification:_identify(src/arduinobot_py_examples) by extensions ['ros']
[0.537s] Level 1:colcon.colcon_core.package_identification:_identify(src/arduinobot_py_examples) by extension 'ros'
[0.538s] DEBUG:colcon.colcon_core.package_identification:Package 'src/arduinobot_py_examples' with type 'ros.ament_python' and name 'arduinobot_py_examples'
[0.538s] Level 1:colcon.colcon_core.package_identification:_identify(src/arduinobot_utils) by extensions ['ignore', 'ignore_ament_install']
[0.539s] Level 1:colcon.colcon_core.package_identification:_identify(src/arduinobot_utils) by extension 'ignore'
[0.539s] Level 1:colcon.colcon_core.package_identification:_identify(src/arduinobot_utils) by extension 'ignore_ament_install'
[0.539s] Level 1:colcon.colcon_core.package_identification:_identify(src/arduinobot_utils) by extensions ['colcon_pkg']
[0.539s] Level 1:colcon.colcon_core.package_identification:_identify(src/arduinobot_utils) by extension 'colcon_pkg'
[0.539s] Level 1:colcon.colcon_core.package_identification:_identify(src/arduinobot_utils) by extensions ['colcon_meta']
[0.539s] Level 1:colcon.colcon_core.package_identification:_identify(src/arduinobot_utils) by extension 'colcon_meta'
[0.539s] Level 1:colcon.colcon_core.package_identification:_identify(src/arduinobot_utils) by extensions ['ros']
[0.539s] Level 1:colcon.colcon_core.package_identification:_identify(src/arduinobot_utils) by extension 'ros'
[0.541s] DEBUG:colcon.colcon_core.package_identification:Package 'src/arduinobot_utils' with type 'ros.ament_cmake' and name 'arduinobot_utils'
[0.541s] Level 1:colcon.colcon_core.package_identification:_identify(src/build) by extensions ['ignore', 'ignore_ament_install']
[0.541s] Level 1:colcon.colcon_core.package_identification:_identify(src/build) by extension 'ignore'
[0.541s] Level 1:colcon.colcon_core.package_identification:_identify(src/build) ignored
[0.542s] Level 1:colcon.colcon_core.package_identification:_identify(src/install) by extensions ['ignore', 'ignore_ament_install']
[0.542s] Level 1:colcon.colcon_core.package_identification:_identify(src/install) by extension 'ignore'
[0.542s] Level 1:colcon.colcon_core.package_identification:_identify(src/install) ignored
[0.542s] Level 1:colcon.colcon_core.package_identification:_identify(src/log) by extensions ['ignore', 'ignore_ament_install']
[0.543s] Level 1:colcon.colcon_core.package_identification:_identify(src/log) by extension 'ignore'
[0.543s] Level 1:colcon.colcon_core.package_identification:_identify(src/log) ignored
[0.543s] Level 1:colcon.colcon_core.package_discovery:discover_packages(recursive) using defaults
[0.543s] Level 1:colcon.colcon_core.package_discovery:discover_packages(ignore) discover
[0.543s] Level 1:colcon.colcon_core.package_discovery:discover_packages(ignore) using defaults
[0.543s] Level 1:colcon.colcon_core.package_discovery:discover_packages(path) discover
[0.543s] Level 1:colcon.colcon_core.package_discovery:discover_packages(path) using defaults
[0.577s] Level 1:colcon.colcon_core.package_discovery:discover_packages(prefix_path) check parameters
[0.577s] Level 1:colcon.colcon_core.package_discovery:discover_packages(prefix_path) discover
[0.581s] DEBUG:colcon.colcon_installed_package_information.package_discovery:Found 360 installed packages in /opt/ros/humble
[0.598s] Level 1:colcon.colcon_core.package_discovery:discover_packages(prefix_path) using defaults
[0.678s] Level 5:colcon.colcon_core.verb:set package 'arduinobot_controller' build argument 'cmake_args' from command line to 'None'
[0.679s] Level 5:colcon.colcon_core.verb:set package 'arduinobot_controller' build argument 'cmake_target' from command line to 'None'
[0.679s] Level 5:colcon.colcon_core.verb:set package 'arduinobot_controller' build argument 'cmake_target_skip_unavailable' from command line to 'False'
[0.679s] Level 5:colcon.colcon_core.verb:set package 'arduinobot_controller' build argument 'cmake_clean_cache' from command line to 'False'
[0.679s] Level 5:colcon.colcon_core.verb:set package 'arduinobot_controller' build argument 'cmake_clean_first' from command line to 'False'
[0.679s] Level 5:colcon.colcon_core.verb:set package 'arduinobot_controller' build argument 'cmake_force_configure' from command line to 'False'
[0.679s] Level 5:colcon.colcon_core.verb:set package 'arduinobot_controller' build argument 'ament_cmake_args' from command line to 'None'
[0.679s] Level 5:colcon.colcon_core.verb:set package 'arduinobot_controller' build argument 'catkin_cmake_args' from command line to 'None'
[0.679s] Level 5:colcon.colcon_core.verb:set package 'arduinobot_controller' build argument 'catkin_skip_building_tests' from command line to 'False'
[0.679s] DEBUG:colcon.colcon_core.verb:Building package 'arduinobot_controller' with the following arguments: {'ament_cmake_args': None, 'build_base': '/home/firdaus/arduinobot_ws/build/arduinobot_controller', 'catkin_cmake_args': None, 'catkin_skip_building_tests': False, 'cmake_args': None, 'cmake_clean_cache': False, 'cmake_clean_first': False, 'cmake_force_configure': False, 'cmake_target': None, 'cmake_target_skip_unavailable': False, 'install_base': '/home/firdaus/arduinobot_ws/install/arduinobot_controller', 'merge_install': False, 'path': '/home/firdaus/arduinobot_ws/src/arduinobot_controller', 'symlink_install': False, 'test_result_base': None}
[0.680s] Level 5:colcon.colcon_core.verb:set package 'arduinobot_cpp_examples' build argument 'cmake_args' from command line to 'None'
[0.681s] Level 5:colcon.colcon_core.verb:set package 'arduinobot_cpp_examples' build argument 'cmake_target' from command line to 'None'
[0.681s] Level 5:colcon.colcon_core.verb:set package 'arduinobot_cpp_examples' build argument 'cmake_target_skip_unavailable' from command line to 'False'
[0.681s] Level 5:colcon.colcon_core.verb:set package 'arduinobot_cpp_examples' build argument 'cmake_clean_cache' from command line to 'False'
[0.681s] Level 5:colcon.colcon_core.verb:set package 'arduinobot_cpp_examples' build argument 'cmake_clean_first' from command line to 'False'
[0.681s] Level 5:colcon.colcon_core.verb:set package 'arduinobot_cpp_examples' build argument 'cmake_force_configure' from command line to 'False'
[0.681s] Level 5:colcon.colcon_core.verb:set package 'arduinobot_cpp_examples' build argument 'ament_cmake_args' from command line to 'None'
[0.681s] Level 5:colcon.colcon_core.verb:set package 'arduinobot_cpp_examples' build argument 'catkin_cmake_args' from command line to 'None'
[0.681s] Level 5:colcon.colcon_core.verb:set package 'arduinobot_cpp_examples' build argument 'catkin_skip_building_tests' from command line to 'False'
[0.682s] DEBUG:colcon.colcon_core.verb:Building package 'arduinobot_cpp_examples' with the following arguments: {'ament_cmake_args': None, 'build_base': '/home/firdaus/arduinobot_ws/build/arduinobot_cpp_examples', 'catkin_cmake_args': None, 'catkin_skip_building_tests': False, 'cmake_args': None, 'cmake_clean_cache': False, 'cmake_clean_first': False, 'cmake_force_configure': False, 'cmake_target': None, 'cmake_target_skip_unavailable': False, 'install_base': '/home/firdaus/arduinobot_ws/install/arduinobot_cpp_examples', 'merge_install': False, 'path': '/home/firdaus/arduinobot_ws/src/arduinobot_cpp_examples', 'symlink_install': False, 'test_result_base': None}
[0.683s] Level 5:colcon.colcon_core.verb:set package 'arduinobot_description' build argument 'cmake_args' from command line to 'None'
[0.683s] Level 5:colcon.colcon_core.verb:set package 'arduinobot_description' build argument 'cmake_target' from command line to 'None'
[0.683s] Level 5:colcon.colcon_core.verb:set package 'arduinobot_description' build argument 'cmake_target_skip_unavailable' from command line to 'False'
[0.683s] Level 5:colcon.colcon_core.verb:set package 'arduinobot_description' build argument 'cmake_clean_cache' from command line to 'False'
[0.683s] Level 5:colcon.colcon_core.verb:set package 'arduinobot_description' build argument 'cmake_clean_first' from command line to 'False'
[0.683s] Level 5:colcon.colcon_core.verb:set package 'arduinobot_description' build argument 'cmake_force_configure' from command line to 'False'
[0.683s] Level 5:colcon.colcon_core.verb:set package 'arduinobot_description' build argument 'ament_cmake_args' from command line to 'None'
[0.683s] Level 5:colcon.colcon_core.verb:set package 'arduinobot_description' build argument 'catkin_cmake_args' from command line to 'None'
[0.683s] Level 5:colcon.colcon_core.verb:set package 'arduinobot_description' build argument 'catkin_skip_building_tests' from command line to 'False'
[0.683s] DEBUG:colcon.colcon_core.verb:Building package 'arduinobot_description' with the following arguments: {'ament_cmake_args': None, 'build_base': '/home/firdaus/arduinobot_ws/build/arduinobot_description', 'catkin_cmake_args': None, 'catkin_skip_building_tests': False, 'cmake_args': None, 'cmake_clean_cache': False, 'cmake_clean_first': False, 'cmake_force_configure': False, 'cmake_target': None, 'cmake_target_skip_unavailable': False, 'install_base': '/home/firdaus/arduinobot_ws/install/arduinobot_description', 'merge_install': False, 'path': '/home/firdaus/arduinobot_ws/src/arduinobot_description', 'symlink_install': False, 'test_result_base': None}
[0.685s] Level 5:colcon.colcon_core.verb:set package 'arduinobot_moveit' build argument 'cmake_args' from command line to 'None'
[0.685s] Level 5:colcon.colcon_core.verb:set package 'arduinobot_moveit' build argument 'cmake_target' from command line to 'None'
[0.685s] Level 5:colcon.colcon_core.verb:set package 'arduinobot_moveit' build argument 'cmake_target_skip_unavailable' from command line to 'False'
[0.685s] Level 5:colcon.colcon_core.verb:set package 'arduinobot_moveit' build argument 'cmake_clean_cache' from command line to 'False'
[0.685s] Level 5:colcon.colcon_core.verb:set package 'arduinobot_moveit' build argument 'cmake_clean_first' from command line to 'False'
[0.685s] Level 5:colcon.colcon_core.verb:set package 'arduinobot_moveit' build argument 'cmake_force_configure' from command line to 'False'
[0.686s] Level 5:colcon.colcon_core.verb:set package 'arduinobot_moveit' build argument 'ament_cmake_args' from command line to 'None'
[0.693s] Level 5:colcon.colcon_core.verb:set package 'arduinobot_moveit' build argument 'catkin_cmake_args' from command line to 'None'
[0.694s] Level 5:colcon.colcon_core.verb:set package 'arduinobot_moveit' build argument 'catkin_skip_building_tests' from command line to 'False'
[0.694s] DEBUG:colcon.colcon_core.verb:Building package 'arduinobot_moveit' with the following arguments: {'ament_cmake_args': None, 'build_base': '/home/firdaus/arduinobot_ws/build/arduinobot_moveit', 'catkin_cmake_args': None, 'catkin_skip_building_tests': False, 'cmake_args': None, 'cmake_clean_cache': False, 'cmake_clean_first': False, 'cmake_force_configure': False, 'cmake_target': None, 'cmake_target_skip_unavailable': False, 'install_base': '/home/firdaus/arduinobot_ws/install/arduinobot_moveit', 'merge_install': False, 'path': '/home/firdaus/arduinobot_ws/src/arduinobot_moveit', 'symlink_install': False, 'test_result_base': None}
[0.697s] Level 5:colcon.colcon_core.verb:set package 'arduinobot_msgs' build argument 'cmake_args' from command line to 'None'
[0.697s] Level 5:colcon.colcon_core.verb:set package 'arduinobot_msgs' build argument 'cmake_target' from command line to 'None'
[0.697s] Level 5:colcon.colcon_core.verb:set package 'arduinobot_msgs' build argument 'cmake_target_skip_unavailable' from command line to 'False'
[0.697s] Level 5:colcon.colcon_core.verb:set package 'arduinobot_msgs' build argument 'cmake_clean_cache' from command line to 'False'
[0.698s] Level 5:colcon.colcon_core.verb:set package 'arduinobot_msgs' build argument 'cmake_clean_first' from command line to 'False'
[0.698s] Level 5:colcon.colcon_core.verb:set package 'arduinobot_msgs' build argument 'cmake_force_configure' from command line to 'False'
[0.698s] Level 5:colcon.colcon_core.verb:set package 'arduinobot_msgs' build argument 'ament_cmake_args' from command line to 'None'
[0.698s] Level 5:colcon.colcon_core.verb:set package 'arduinobot_msgs' build argument 'catkin_cmake_args' from command line to 'None'
[0.698s] Level 5:colcon.colcon_core.verb:set package 'arduinobot_msgs' build argument 'catkin_skip_building_tests' from command line to 'False'
[0.698s] DEBUG:colcon.colcon_core.verb:Building package 'arduinobot_msgs' with the following arguments: {'ament_cmake_args': None, 'build_base': '/home/firdaus/arduinobot_ws/build/arduinobot_msgs', 'catkin_cmake_args': None, 'catkin_skip_building_tests': False, 'cmake_args': None, 'cmake_clean_cache': False, 'cmake_clean_first': False, 'cmake_force_configure': False, 'cmake_target': None, 'cmake_target_skip_unavailable': False, 'install_base': '/home/firdaus/arduinobot_ws/install/arduinobot_msgs', 'merge_install': False, 'path': '/home/firdaus/arduinobot_ws/src/arduinobot_msgs', 'symlink_install': False, 'test_result_base': None}
[0.699s] Level 5:colcon.colcon_core.verb:set package 'arduinobot_py_examples' build argument 'cmake_args' from command line to 'None'
[0.699s] Level 5:colcon.colcon_core.verb:set package 'arduinobot_py_examples' build argument 'cmake_target' from command line to 'None'
[0.699s] Level 5:colcon.colcon_core.verb:set package 'arduinobot_py_examples' build argument 'cmake_target_skip_unavailable' from command line to 'False'
[0.700s] Level 5:colcon.colcon_core.verb:set package 'arduinobot_py_examples' build argument 'cmake_clean_cache' from command line to 'False'
[0.700s] Level 5:colcon.colcon_core.verb:set package 'arduinobot_py_examples' build argument 'cmake_clean_first' from command line to 'False'
[0.700s] Level 5:colcon.colcon_core.verb:set package 'arduinobot_py_examples' build argument 'cmake_force_configure' from command line to 'False'
[0.700s] Level 5:colcon.colcon_core.verb:set package 'arduinobot_py_examples' build argument 'ament_cmake_args' from command line to 'None'
[0.700s] Level 5:colcon.colcon_core.verb:set package 'arduinobot_py_examples' build argument 'catkin_cmake_args' from command line to 'None'
[0.703s] Level 5:colcon.colcon_core.verb:set package 'arduinobot_py_examples' build argument 'catkin_skip_building_tests' from command line to 'False'
[0.703s] DEBUG:colcon.colcon_core.verb:Building package 'arduinobot_py_examples' with the following arguments: {'ament_cmake_args': None, 'build_base': '/home/firdaus/arduinobot_ws/build/arduinobot_py_examples', 'catkin_cmake_args': None, 'catkin_skip_building_tests': False, 'cmake_args': None, 'cmake_clean_cache': False, 'cmake_clean_first': False, 'cmake_force_configure': False, 'cmake_target': None, 'cmake_target_skip_unavailable': False, 'install_base': '/home/firdaus/arduinobot_ws/install/arduinobot_py_examples', 'merge_install': False, 'path': '/home/firdaus/arduinobot_ws/src/arduinobot_py_examples', 'symlink_install': False, 'test_result_base': None}
[0.705s] Level 5:colcon.colcon_core.verb:set package 'arduinobot_utils' build argument 'cmake_args' from command line to 'None'
[0.705s] Level 5:colcon.colcon_core.verb:set package 'arduinobot_utils' build argument 'cmake_target' from command line to 'None'
[0.705s] Level 5:colcon.colcon_core.verb:set package 'arduinobot_utils' build argument 'cmake_target_skip_unavailable' from command line to 'False'
[0.706s] Level 5:colcon.colcon_core.verb:set package 'arduinobot_utils' build argument 'cmake_clean_cache' from command line to 'False'
[0.706s] Level 5:colcon.colcon_core.verb:set package 'arduinobot_utils' build argument 'cmake_clean_first' from command line to 'False'
[0.706s] Level 5:colcon.colcon_core.verb:set package 'arduinobot_utils' build argument 'cmake_force_configure' from command line to 'False'
[0.706s] Level 5:colcon.colcon_core.verb:set package 'arduinobot_utils' build argument 'ament_cmake_args' from command line to 'None'
[0.706s] Level 5:colcon.colcon_core.verb:set package 'arduinobot_utils' build argument 'catkin_cmake_args' from command line to 'None'
[0.706s] Level 5:colcon.colcon_core.verb:set package 'arduinobot_utils' build argument 'catkin_skip_building_tests' from command line to 'False'
[0.706s] DEBUG:colcon.colcon_core.verb:Building package 'arduinobot_utils' with the following arguments: {'ament_cmake_args': None, 'build_base': '/home/firdaus/arduinobot_ws/build/arduinobot_utils', 'catkin_cmake_args': None, 'catkin_skip_building_tests': False, 'cmake_args': None, 'cmake_clean_cache': False, 'cmake_clean_first': False, 'cmake_force_configure': False, 'cmake_target': None, 'cmake_target_skip_unavailable': False, 'install_base': '/home/firdaus/arduinobot_ws/install/arduinobot_utils', 'merge_install': False, 'path': '/home/firdaus/arduinobot_ws/src/arduinobot_utils', 'symlink_install': False, 'test_result_base': None}
[0.707s] INFO:colcon.colcon_core.executor:Executing jobs using 'parallel' executor
[0.709s] DEBUG:colcon.colcon_parallel_executor.executor.parallel:run_until_complete
[0.710s] INFO:colcon.colcon_ros.task.ament_cmake.build:Building ROS package in '/home/firdaus/arduinobot_ws/src/arduinobot_msgs' with build type 'ament_cmake'
[0.711s] INFO:colcon.colcon_cmake.task.cmake.build:Building CMake package in '/home/firdaus/arduinobot_ws/src/arduinobot_msgs'
[0.725s] INFO:colcon.colcon_core.plugin_system:Skipping extension 'colcon_core.shell.bat': Not used on non-Windows systems
[0.727s] INFO:colcon.colcon_core.shell:Skip shell extension 'powershell' for command environment: Not usable outside of PowerShell
[0.727s] DEBUG:colcon.colcon_core.shell:Skip shell extension 'dsv' for command environment
[0.745s] INFO:colcon.colcon_ros.task.ament_cmake.build:Building ROS package in '/home/firdaus/arduinobot_ws/src/arduinobot_controller' with build type 'ament_cmake'
[0.745s] INFO:colcon.colcon_cmake.task.cmake.build:Building CMake package in '/home/firdaus/arduinobot_ws/src/arduinobot_controller'
[0.746s] INFO:colcon.colcon_core.shell:Skip shell extension 'powershell' for command environment: Not usable outside of PowerShell
[0.747s] DEBUG:colcon.colcon_core.shell:Skip shell extension 'dsv' for command environment
[0.771s] INFO:colcon.colcon_ros.task.ament_cmake.build:Building ROS package in '/home/firdaus/arduinobot_ws/src/arduinobot_cpp_examples' with build type 'ament_cmake'
[0.772s] INFO:colcon.colcon_cmake.task.cmake.build:Building CMake package in '/home/firdaus/arduinobot_ws/src/arduinobot_cpp_examples'
[0.772s] INFO:colcon.colcon_core.shell:Skip shell extension 'powershell' for command environment: Not usable outside of PowerShell
[0.772s] DEBUG:colcon.colcon_core.shell:Skip shell extension 'dsv' for command environment
[0.787s] INFO:colcon.colcon_ros.task.ament_cmake.build:Building ROS package in '/home/firdaus/arduinobot_ws/src/arduinobot_description' with build type 'ament_cmake'
[0.788s] INFO:colcon.colcon_cmake.task.cmake.build:Building CMake package in '/home/firdaus/arduinobot_ws/src/arduinobot_description'
[0.791s] INFO:colcon.colcon_core.shell:Skip shell extension 'powershell' for command environment: Not usable outside of PowerShell
[0.791s] DEBUG:colcon.colcon_core.shell:Skip shell extension 'dsv' for command environment
[0.856s] DEBUG:colcon.colcon_core.event_handler.log_command:Invoking command in '/home/firdaus/arduinobot_ws/build/arduinobot_msgs': CMAKE_PREFIX_PATH=/opt/ros/humble /usr/bin/cmake --build /home/firdaus/arduinobot_ws/build/arduinobot_msgs -- -j4 -l4
[0.929s] DEBUG:colcon.colcon_core.event_handler.log_command:Invoking command in '/home/firdaus/arduinobot_ws/build/arduinobot_controller': CMAKE_PREFIX_PATH=/opt/ros/humble /usr/bin/cmake --build /home/firdaus/arduinobot_ws/build/arduinobot_controller -- -j4 -l4
[0.989s] DEBUG:colcon.colcon_core.event_handler.log_command:Invoking command in '/home/firdaus/arduinobot_ws/build/arduinobot_cpp_examples': CMAKE_PREFIX_PATH=/opt/ros/humble /usr/bin/cmake --build /home/firdaus/arduinobot_ws/build/arduinobot_cpp_examples -- -j4 -l4
[1.108s] DEBUG:colcon.colcon_core.event_handler.log_command:Invoking command in '/home/firdaus/arduinobot_ws/build/arduinobot_description': CMAKE_PREFIX_PATH=/opt/ros/humble /usr/bin/cmake --build /home/firdaus/arduinobot_ws/build/arduinobot_description -- -j4 -l4
[1.235s] DEBUG:colcon.colcon_core.event_handler.log_command:Invoked command in '/home/firdaus/arduinobot_ws/build/arduinobot_controller' returned '0': CMAKE_PREFIX_PATH=/opt/ros/humble /usr/bin/cmake --build /home/firdaus/arduinobot_ws/build/arduinobot_controller -- -j4 -l4
[1.576s] DEBUG:colcon.colcon_core.event_handler.log_command:Invoked command in '/home/firdaus/arduinobot_ws/build/arduinobot_description' returned '0': CMAKE_PREFIX_PATH=/opt/ros/humble /usr/bin/cmake --build /home/firdaus/arduinobot_ws/build/arduinobot_description -- -j4 -l4
[1.804s] DEBUG:colcon.colcon_core.event_handler.log_command:Invoking command in '/home/firdaus/arduinobot_ws/build/arduinobot_controller': CMAKE_PREFIX_PATH=/opt/ros/humble /usr/bin/cmake --install /home/firdaus/arduinobot_ws/build/arduinobot_controller
[1.843s] Level 1:colcon.colcon_core.environment:create_environment_scripts_only(arduinobot_controller)
[1.880s] DEBUG:colcon.colcon_core.event_handler.log_command:Invoked command in '/home/firdaus/arduinobot_ws/build/arduinobot_cpp_examples' returned '0': CMAKE_PREFIX_PATH=/opt/ros/humble /usr/bin/cmake --build /home/firdaus/arduinobot_ws/build/arduinobot_cpp_examples -- -j4 -l4
[1.880s] DEBUG:colcon.colcon_core.event_handler.log_command:Invoked command in '/home/firdaus/arduinobot_ws/build/arduinobot_controller' returned '0': CMAKE_PREFIX_PATH=/opt/ros/humble /usr/bin/cmake --install /home/firdaus/arduinobot_ws/build/arduinobot_controller
[1.884s] Level 1:colcon.colcon_core.environment:checking '/home/firdaus/arduinobot_ws/install/arduinobot_controller' for CMake module files
[1.885s] Level 1:colcon.colcon_core.environment:checking '/home/firdaus/arduinobot_ws/install/arduinobot_controller' for CMake config files
[1.894s] Level 1:colcon.colcon_core.shell:create_environment_hook('arduinobot_controller', 'cmake_prefix_path')
[1.895s] INFO:colcon.colcon_core.shell:Creating environment hook '/home/firdaus/arduinobot_ws/install/arduinobot_controller/share/arduinobot_controller/hook/cmake_prefix_path.ps1'
[1.897s] INFO:colcon.colcon_core.shell:Creating environment descriptor '/home/firdaus/arduinobot_ws/install/arduinobot_controller/share/arduinobot_controller/hook/cmake_prefix_path.dsv'
[1.906s] INFO:colcon.colcon_core.shell:Creating environment hook '/home/firdaus/arduinobot_ws/install/arduinobot_controller/share/arduinobot_controller/hook/cmake_prefix_path.sh'
[1.911s] Level 1:colcon.colcon_core.environment:checking '/home/firdaus/arduinobot_ws/install/arduinobot_controller/bin'
[1.911s] Level 1:colcon.colcon_core.environment:checking '/home/firdaus/arduinobot_ws/install/arduinobot_controller/lib/pkgconfig/arduinobot_controller.pc'
[1.912s] Level 1:colcon.colcon_core.environment:checking '/home/firdaus/arduinobot_ws/install/arduinobot_controller/lib/python3.10/site-packages'
[1.913s] Level 1:colcon.colcon_core.environment:checking '/home/firdaus/arduinobot_ws/install/arduinobot_controller/bin'
[1.913s] INFO:colcon.colcon_core.shell:Creating package script '/home/firdaus/arduinobot_ws/install/arduinobot_controller/share/arduinobot_controller/package.ps1'
[1.917s] INFO:colcon.colcon_core.shell:Creating package descriptor '/home/firdaus/arduinobot_ws/install/arduinobot_controller/share/arduinobot_controller/package.dsv'
[1.924s] INFO:colcon.colcon_core.shell:Creating package script '/home/firdaus/arduinobot_ws/install/arduinobot_controller/share/arduinobot_controller/package.sh'
[1.992s] INFO:colcon.colcon_core.shell:Creating package script '/home/firdaus/arduinobot_ws/install/arduinobot_controller/share/arduinobot_controller/package.bash'
[1.997s] INFO:colcon.colcon_core.shell:Creating package script '/home/firdaus/arduinobot_ws/install/arduinobot_controller/share/arduinobot_controller/package.zsh'
[1.999s] Level 1:colcon.colcon_core.environment:create_file_with_runtime_dependencies(/home/firdaus/arduinobot_ws/install/arduinobot_controller/share/colcon-core/packages/arduinobot_controller)
[2.051s] DEBUG:colcon.colcon_core.event_handler.log_command:Invoking command in '/home/firdaus/arduinobot_ws/build/arduinobot_description': CMAKE_PREFIX_PATH=/opt/ros/humble /usr/bin/cmake --install /home/firdaus/arduinobot_ws/build/arduinobot_description
[2.125s] Level 1:colcon.colcon_core.environment:create_environment_scripts_only(arduinobot_description)
[2.150s] Level 1:colcon.colcon_core.environment:checking '/home/firdaus/arduinobot_ws/install/arduinobot_description' for CMake module files
[2.151s] Level 1:colcon.colcon_core.environment:checking '/home/firdaus/arduinobot_ws/install/arduinobot_description' for CMake config files
[2.151s] Level 1:colcon.colcon_core.shell:create_environment_hook('arduinobot_description', 'cmake_prefix_path')
[2.152s] INFO:colcon.colcon_core.shell:Creating environment hook '/home/firdaus/arduinobot_ws/install/arduinobot_description/share/arduinobot_description/hook/cmake_prefix_path.ps1'
[2.153s] INFO:colcon.colcon_core.shell:Creating environment descriptor '/home/firdaus/arduinobot_ws/install/arduinobot_description/share/arduinobot_description/hook/cmake_prefix_path.dsv'
[2.159s] INFO:colcon.colcon_core.shell:Creating environment hook '/home/firdaus/arduinobot_ws/install/arduinobot_description/share/arduinobot_description/hook/cmake_prefix_path.sh'
[2.160s] Level 1:colcon.colcon_core.environment:checking '/home/firdaus/arduinobot_ws/install/arduinobot_description/bin'
[2.160s] Level 1:colcon.colcon_core.environment:checking '/home/firdaus/arduinobot_ws/install/arduinobot_description/lib/pkgconfig/arduinobot_description.pc'
[2.161s] Level 1:colcon.colcon_core.environment:checking '/home/firdaus/arduinobot_ws/install/arduinobot_description/lib/python3.10/site-packages'
[2.161s] Level 1:colcon.colcon_core.environment:checking '/home/firdaus/arduinobot_ws/install/arduinobot_description/bin'
[2.162s] INFO:colcon.colcon_core.shell:Creating package script '/home/firdaus/arduinobot_ws/install/arduinobot_description/share/arduinobot_description/package.ps1'
[2.163s] INFO:colcon.colcon_core.shell:Creating package descriptor '/home/firdaus/arduinobot_ws/install/arduinobot_description/share/arduinobot_description/package.dsv'
[2.164s] INFO:colcon.colcon_core.shell:Creating package script '/home/firdaus/arduinobot_ws/install/arduinobot_description/share/arduinobot_description/package.sh'
[2.165s] INFO:colcon.colcon_core.shell:Creating package script '/home/firdaus/arduinobot_ws/install/arduinobot_description/share/arduinobot_description/package.bash'
[2.171s] DEBUG:colcon.colcon_core.event_handler.log_command:Invoked command in '/home/firdaus/arduinobot_ws/build/arduinobot_description' returned '0': CMAKE_PREFIX_PATH=/opt/ros/humble /usr/bin/cmake --install /home/firdaus/arduinobot_ws/build/arduinobot_description
[2.173s] INFO:colcon.colcon_core.shell:Creating package script '/home/firdaus/arduinobot_ws/install/arduinobot_description/share/arduinobot_description/package.zsh'
[2.188s] Level 1:colcon.colcon_core.environment:create_file_with_runtime_dependencies(/home/firdaus/arduinobot_ws/install/arduinobot_description/share/colcon-core/packages/arduinobot_description)
[2.224s] Level 1:colcon.colcon_core.environment:create_environment_scripts_only(arduinobot_controller)
[2.225s] Level 1:colcon.colcon_core.environment:checking '/home/firdaus/arduinobot_ws/install/arduinobot_controller' for CMake module files
[2.256s] Level 1:colcon.colcon_core.environment:checking '/home/firdaus/arduinobot_ws/install/arduinobot_controller' for CMake config files
[2.256s] Level 1:colcon.colcon_core.shell:create_environment_hook('arduinobot_controller', 'cmake_prefix_path')
[2.257s] INFO:colcon.colcon_core.shell:Creating environment hook '/home/firdaus/arduinobot_ws/install/arduinobot_controller/share/arduinobot_controller/hook/cmake_prefix_path.ps1'
[2.260s] INFO:colcon.colcon_core.shell:Creating environment descriptor '/home/firdaus/arduinobot_ws/install/arduinobot_controller/share/arduinobot_controller/hook/cmake_prefix_path.dsv'
[2.278s] INFO:colcon.colcon_core.shell:Creating environment hook '/home/firdaus/arduinobot_ws/install/arduinobot_controller/share/arduinobot_controller/hook/cmake_prefix_path.sh'
[2.335s] Level 1:colcon.colcon_core.environment:checking '/home/firdaus/arduinobot_ws/install/arduinobot_controller/bin'
[2.337s] Level 1:colcon.colcon_core.environment:checking '/home/firdaus/arduinobot_ws/install/arduinobot_controller/lib/pkgconfig/arduinobot_controller.pc'
[2.339s] Level 1:colcon.colcon_core.environment:checking '/home/firdaus/arduinobot_ws/install/arduinobot_controller/lib/python3.10/site-packages'
[2.341s] Level 1:colcon.colcon_core.environment:checking '/home/firdaus/arduinobot_ws/install/arduinobot_controller/bin'
[2.365s] INFO:colcon.colcon_core.shell:Creating package script '/home/firdaus/arduinobot_ws/install/arduinobot_controller/share/arduinobot_controller/package.ps1'
[2.369s] INFO:colcon.colcon_core.shell:Creating package descriptor '/home/firdaus/arduinobot_ws/install/arduinobot_controller/share/arduinobot_controller/package.dsv'
[2.373s] INFO:colcon.colcon_core.shell:Creating package script '/home/firdaus/arduinobot_ws/install/arduinobot_controller/share/arduinobot_controller/package.sh'
[2.376s] INFO:colcon.colcon_core.shell:Creating package script '/home/firdaus/arduinobot_ws/install/arduinobot_controller/share/arduinobot_controller/package.bash'
[2.377s] INFO:colcon.colcon_core.shell:Creating package script '/home/firdaus/arduinobot_ws/install/arduinobot_controller/share/arduinobot_controller/package.zsh'
[2.379s] Level 1:colcon.colcon_core.environment:create_file_with_runtime_dependencies(/home/firdaus/arduinobot_ws/install/arduinobot_controller/share/colcon-core/packages/arduinobot_controller)
[2.399s] INFO:colcon.colcon_ros.task.ament_cmake.build:Building ROS package in '/home/firdaus/arduinobot_ws/src/arduinobot_moveit' with build type 'ament_cmake'
[2.399s] INFO:colcon.colcon_cmake.task.cmake.build:Building CMake package in '/home/firdaus/arduinobot_ws/src/arduinobot_moveit'
[2.401s] INFO:colcon.colcon_core.shell:Skip shell extension 'powershell' for command environment: Not usable outside of PowerShell
[2.401s] DEBUG:colcon.colcon_core.shell:Skip shell extension 'dsv' for command environment
[2.463s] DEBUG:colcon.colcon_core.event_handler.log_command:Invoking command in '/home/firdaus/arduinobot_ws/build/arduinobot_cpp_examples': CMAKE_PREFIX_PATH=/opt/ros/humble /usr/bin/cmake --install /home/firdaus/arduinobot_ws/build/arduinobot_cpp_examples
[2.499s] DEBUG:colcon.colcon_core.event_handler.log_command:Invoking command in '/home/firdaus/arduinobot_ws/build/arduinobot_moveit': CMAKE_PREFIX_PATH=/opt/ros/humble /usr/bin/cmake --build /home/firdaus/arduinobot_ws/build/arduinobot_moveit -- -j4 -l4
[2.621s] Level 1:colcon.colcon_core.environment:create_environment_scripts_only(arduinobot_description)
[2.626s] Level 1:colcon.colcon_core.environment:checking '/home/firdaus/arduinobot_ws/install/arduinobot_description' for CMake module files
[2.627s] Level 1:colcon.colcon_core.environment:checking '/home/firdaus/arduinobot_ws/install/arduinobot_description' for CMake config files
[2.628s] Level 1:colcon.colcon_core.shell:create_environment_hook('arduinobot_description', 'cmake_prefix_path')
[2.629s] INFO:colcon.colcon_core.shell:Creating environment hook '/home/firdaus/arduinobot_ws/install/arduinobot_description/share/arduinobot_description/hook/cmake_prefix_path.ps1'
[2.634s] INFO:colcon.colcon_core.shell:Creating environment descriptor '/home/firdaus/arduinobot_ws/install/arduinobot_description/share/arduinobot_description/hook/cmake_prefix_path.dsv'
[2.635s] INFO:colcon.colcon_core.shell:Creating environment hook '/home/firdaus/arduinobot_ws/install/arduinobot_description/share/arduinobot_description/hook/cmake_prefix_path.sh'
[2.639s] Level 1:colcon.colcon_core.environment:checking '/home/firdaus/arduinobot_ws/install/arduinobot_description/bin'
[2.639s] Level 1:colcon.colcon_core.environment:checking '/home/firdaus/arduinobot_ws/install/arduinobot_description/lib/pkgconfig/arduinobot_description.pc'
[2.640s] Level 1:colcon.colcon_core.environment:checking '/home/firdaus/arduinobot_ws/install/arduinobot_description/lib/python3.10/site-packages'
[2.640s] Level 1:colcon.colcon_core.environment:checking '/home/firdaus/arduinobot_ws/install/arduinobot_description/bin'
[2.641s] INFO:colcon.colcon_core.shell:Creating package script '/home/firdaus/arduinobot_ws/install/arduinobot_description/share/arduinobot_description/package.ps1'
[2.650s] INFO:colcon.colcon_core.shell:Creating package descriptor '/home/firdaus/arduinobot_ws/install/arduinobot_description/share/arduinobot_description/package.dsv'
[2.667s] INFO:colcon.colcon_core.shell:Creating package script '/home/firdaus/arduinobot_ws/install/arduinobot_description/share/arduinobot_description/package.sh'
[2.668s] INFO:colcon.colcon_core.shell:Creating package script '/home/firdaus/arduinobot_ws/install/arduinobot_description/share/arduinobot_description/package.bash'
[2.668s] INFO:colcon.colcon_core.shell:Creating package script '/home/firdaus/arduinobot_ws/install/arduinobot_description/share/arduinobot_description/package.zsh'
[2.716s] Level 1:colcon.colcon_core.environment:create_file_with_runtime_dependencies(/home/firdaus/arduinobot_ws/install/arduinobot_description/share/colcon-core/packages/arduinobot_description)
[2.757s] Level 1:colcon.colcon_core.environment:create_environment_scripts_only(arduinobot_cpp_examples)
[2.758s] Level 1:colcon.colcon_core.environment:checking '/home/firdaus/arduinobot_ws/install/arduinobot_cpp_examples' for CMake module files
[2.759s] Level 1:colcon.colcon_core.environment:checking '/home/firdaus/arduinobot_ws/install/arduinobot_cpp_examples' for CMake config files
[2.759s] Level 1:colcon.colcon_core.shell:create_environment_hook('arduinobot_cpp_examples', 'cmake_prefix_path')
[2.759s] INFO:colcon.colcon_core.shell:Creating environment hook '/home/firdaus/arduinobot_ws/install/arduinobot_cpp_examples/share/arduinobot_cpp_examples/hook/cmake_prefix_path.ps1'
[2.764s] INFO:colcon.colcon_core.shell:Creating environment descriptor '/home/firdaus/arduinobot_ws/install/arduinobot_cpp_examples/share/arduinobot_cpp_examples/hook/cmake_prefix_path.dsv'
[2.765s] INFO:colcon.colcon_core.shell:Creating environment hook '/home/firdaus/arduinobot_ws/install/arduinobot_cpp_examples/share/arduinobot_cpp_examples/hook/cmake_prefix_path.sh'
[2.766s] Level 1:colcon.colcon_core.environment:checking '/home/firdaus/arduinobot_ws/install/arduinobot_cpp_examples/lib'
[2.767s] Level 1:colcon.colcon_core.environment:checking '/home/firdaus/arduinobot_ws/install/arduinobot_cpp_examples/bin'
[2.767s] Level 1:colcon.colcon_core.environment:checking '/home/firdaus/arduinobot_ws/install/arduinobot_cpp_examples/lib/pkgconfig/arduinobot_cpp_examples.pc'
[2.767s] Level 1:colcon.colcon_core.environment:checking '/home/firdaus/arduinobot_ws/install/arduinobot_cpp_examples/lib/python3.10/site-packages'
[2.768s] Level 1:colcon.colcon_core.environment:checking '/home/firdaus/arduinobot_ws/install/arduinobot_cpp_examples/bin'
[2.768s] INFO:colcon.colcon_core.shell:Creating package script '/home/firdaus/arduinobot_ws/install/arduinobot_cpp_examples/share/arduinobot_cpp_examples/package.ps1'
[2.772s] INFO:colcon.colcon_core.shell:Creating package descriptor '/home/firdaus/arduinobot_ws/install/arduinobot_cpp_examples/share/arduinobot_cpp_examples/package.dsv'
[2.773s] INFO:colcon.colcon_core.shell:Creating package script '/home/firdaus/arduinobot_ws/install/arduinobot_cpp_examples/share/arduinobot_cpp_examples/package.sh'
[2.774s] INFO:colcon.colcon_core.shell:Creating package script '/home/firdaus/arduinobot_ws/install/arduinobot_cpp_examples/share/arduinobot_cpp_examples/package.bash'
[2.775s] INFO:colcon.colcon_core.shell:Creating package script '/home/firdaus/arduinobot_ws/install/arduinobot_cpp_examples/share/arduinobot_cpp_examples/package.zsh'
[2.819s] Level 1:colcon.colcon_core.environment:create_file_with_runtime_dependencies(/home/firdaus/arduinobot_ws/install/arduinobot_cpp_examples/share/colcon-core/packages/arduinobot_cpp_examples)
[2.852s] DEBUG:colcon.colcon_core.event_handler.log_command:Invoked command in '/home/firdaus/arduinobot_ws/build/arduinobot_cpp_examples' returned '0': CMAKE_PREFIX_PATH=/opt/ros/humble /usr/bin/cmake --install /home/firdaus/arduinobot_ws/build/arduinobot_cpp_examples
[2.945s] DEBUG:colcon.colcon_core.event_handler.log_command:Invoked command in '/home/firdaus/arduinobot_ws/build/arduinobot_moveit' returned '0': CMAKE_PREFIX_PATH=/opt/ros/humble /usr/bin/cmake --build /home/firdaus/arduinobot_ws/build/arduinobot_moveit -- -j4 -l4
[3.101s] Level 1:colcon.colcon_core.environment:create_environment_scripts_only(arduinobot_cpp_examples)
[3.101s] Level 1:colcon.colcon_core.environment:checking '/home/firdaus/arduinobot_ws/install/arduinobot_cpp_examples' for CMake module files
[3.104s] Level 1:colcon.colcon_core.environment:checking '/home/firdaus/arduinobot_ws/install/arduinobot_cpp_examples' for CMake config files
[3.105s] Level 1:colcon.colcon_core.shell:create_environment_hook('arduinobot_cpp_examples', 'cmake_prefix_path')
[3.105s] INFO:colcon.colcon_core.shell:Creating environment hook '/home/firdaus/arduinobot_ws/install/arduinobot_cpp_examples/share/arduinobot_cpp_examples/hook/cmake_prefix_path.ps1'
[3.133s] INFO:colcon.colcon_core.shell:Creating environment descriptor '/home/firdaus/arduinobot_ws/install/arduinobot_cpp_examples/share/arduinobot_cpp_examples/hook/cmake_prefix_path.dsv'
[3.135s] INFO:colcon.colcon_core.shell:Creating environment hook '/home/firdaus/arduinobot_ws/install/arduinobot_cpp_examples/share/arduinobot_cpp_examples/hook/cmake_prefix_path.sh'
[3.136s] Level 1:colcon.colcon_core.environment:checking '/home/firdaus/arduinobot_ws/install/arduinobot_cpp_examples/lib'
[3.137s] Level 1:colcon.colcon_core.environment:checking '/home/firdaus/arduinobot_ws/install/arduinobot_cpp_examples/bin'
[3.137s] Level 1:colcon.colcon_core.environment:checking '/home/firdaus/arduinobot_ws/install/arduinobot_cpp_examples/lib/pkgconfig/arduinobot_cpp_examples.pc'
[3.137s] Level 1:colcon.colcon_core.environment:checking '/home/firdaus/arduinobot_ws/install/arduinobot_cpp_examples/lib/python3.10/site-packages'
[3.138s] Level 1:colcon.colcon_core.environment:checking '/home/firdaus/arduinobot_ws/install/arduinobot_cpp_examples/bin'
[3.138s] INFO:colcon.colcon_core.shell:Creating package script '/home/firdaus/arduinobot_ws/install/arduinobot_cpp_examples/share/arduinobot_cpp_examples/package.ps1'
[3.139s] INFO:colcon.colcon_core.shell:Creating package descriptor '/home/firdaus/arduinobot_ws/install/arduinobot_cpp_examples/share/arduinobot_cpp_examples/package.dsv'
[3.145s] INFO:colcon.colcon_core.shell:Creating package script '/home/firdaus/arduinobot_ws/install/arduinobot_cpp_examples/share/arduinobot_cpp_examples/package.sh'
[3.147s] INFO:colcon.colcon_core.shell:Creating package script '/home/firdaus/arduinobot_ws/install/arduinobot_cpp_examples/share/arduinobot_cpp_examples/package.bash'
[3.162s] INFO:colcon.colcon_core.shell:Creating package script '/home/firdaus/arduinobot_ws/install/arduinobot_cpp_examples/share/arduinobot_cpp_examples/package.zsh'
[3.164s] Level 1:colcon.colcon_core.environment:create_file_with_runtime_dependencies(/home/firdaus/arduinobot_ws/install/arduinobot_cpp_examples/share/colcon-core/packages/arduinobot_cpp_examples)
[3.353s] DEBUG:colcon.colcon_core.event_handler.log_command:Invoking command in '/home/firdaus/arduinobot_ws/build/arduinobot_moveit': CMAKE_PREFIX_PATH=/opt/ros/humble /usr/bin/cmake --install /home/firdaus/arduinobot_ws/build/arduinobot_moveit
[3.407s] Level 1:colcon.colcon_core.environment:create_environment_scripts_only(arduinobot_moveit)
[3.408s] Level 1:colcon.colcon_core.environment:checking '/home/firdaus/arduinobot_ws/install/arduinobot_moveit' for CMake module files
[3.408s] Level 1:colcon.colcon_core.environment:checking '/home/firdaus/arduinobot_ws/install/arduinobot_moveit' for CMake config files
[3.408s] Level 1:colcon.colcon_core.shell:create_environment_hook('arduinobot_moveit', 'cmake_prefix_path')
[3.409s] INFO:colcon.colcon_core.shell:Creating environment hook '/home/firdaus/arduinobot_ws/install/arduinobot_moveit/share/arduinobot_moveit/hook/cmake_prefix_path.ps1'
[3.409s] INFO:colcon.colcon_core.shell:Creating environment descriptor '/home/firdaus/arduinobot_ws/install/arduinobot_moveit/share/arduinobot_moveit/hook/cmake_prefix_path.dsv'
[3.424s] DEBUG:colcon.colcon_core.event_handler.log_command:Invoked command in '/home/firdaus/arduinobot_ws/build/arduinobot_moveit' returned '0': CMAKE_PREFIX_PATH=/opt/ros/humble /usr/bin/cmake --install /home/firdaus/arduinobot_ws/build/arduinobot_moveit
[3.434s] INFO:colcon.colcon_core.shell:Creating environment hook '/home/firdaus/arduinobot_ws/install/arduinobot_moveit/share/arduinobot_moveit/hook/cmake_prefix_path.sh'
[3.437s] Level 1:colcon.colcon_core.environment:checking '/home/firdaus/arduinobot_ws/install/arduinobot_moveit/bin'
[3.437s] Level 1:colcon.colcon_core.environment:checking '/home/firdaus/arduinobot_ws/install/arduinobot_moveit/lib/pkgconfig/arduinobot_moveit.pc'
[3.437s] Level 1:colcon.colcon_core.environment:checking '/home/firdaus/arduinobot_ws/install/arduinobot_moveit/lib/python3.10/site-packages'
[3.438s] Level 1:colcon.colcon_core.environment:checking '/home/firdaus/arduinobot_ws/install/arduinobot_moveit/bin'
[3.439s] INFO:colcon.colcon_core.shell:Creating package script '/home/firdaus/arduinobot_ws/install/arduinobot_moveit/share/arduinobot_moveit/package.ps1'
[3.440s] INFO:colcon.colcon_core.shell:Creating package descriptor '/home/firdaus/arduinobot_ws/install/arduinobot_moveit/share/arduinobot_moveit/package.dsv'
[3.440s] INFO:colcon.colcon_core.shell:Creating package script '/home/firdaus/arduinobot_ws/install/arduinobot_moveit/share/arduinobot_moveit/package.sh'
[3.461s] INFO:colcon.colcon_core.shell:Creating package script '/home/firdaus/arduinobot_ws/install/arduinobot_moveit/share/arduinobot_moveit/package.bash'
[3.472s] INFO:colcon.colcon_core.shell:Creating package script '/home/firdaus/arduinobot_ws/install/arduinobot_moveit/share/arduinobot_moveit/package.zsh'
[3.483s] Level 1:colcon.colcon_core.environment:create_file_with_runtime_dependencies(/home/firdaus/arduinobot_ws/install/arduinobot_moveit/share/colcon-core/packages/arduinobot_moveit)
[3.751s] Level 1:colcon.colcon_core.environment:create_environment_scripts_only(arduinobot_moveit)
[3.751s] Level 1:colcon.colcon_core.environment:checking '/home/firdaus/arduinobot_ws/install/arduinobot_moveit' for CMake module files
[3.752s] Level 1:colcon.colcon_core.environment:checking '/home/firdaus/arduinobot_ws/install/arduinobot_moveit' for CMake config files
[3.752s] Level 1:colcon.colcon_core.shell:create_environment_hook('arduinobot_moveit', 'cmake_prefix_path')
[3.752s] INFO:colcon.colcon_core.shell:Creating environment hook '/home/firdaus/arduinobot_ws/install/arduinobot_moveit/share/arduinobot_moveit/hook/cmake_prefix_path.ps1'
[3.753s] INFO:colcon.colcon_core.shell:Creating environment descriptor '/home/firdaus/arduinobot_ws/install/arduinobot_moveit/share/arduinobot_moveit/hook/cmake_prefix_path.dsv'
[3.768s] INFO:colcon.colcon_core.shell:Creating environment hook '/home/firdaus/arduinobot_ws/install/arduinobot_moveit/share/arduinobot_moveit/hook/cmake_prefix_path.sh'
[3.769s] Level 1:colcon.colcon_core.environment:checking '/home/firdaus/arduinobot_ws/install/arduinobot_moveit/bin'
[3.769s] Level 1:colcon.colcon_core.environment:checking '/home/firdaus/arduinobot_ws/install/arduinobot_moveit/lib/pkgconfig/arduinobot_moveit.pc'
[3.769s] Level 1:colcon.colcon_core.environment:checking '/home/firdaus/arduinobot_ws/install/arduinobot_moveit/lib/python3.10/site-packages'
[3.770s] Level 1:colcon.colcon_core.environment:checking '/home/firdaus/arduinobot_ws/install/arduinobot_moveit/bin'
[3.771s] INFO:colcon.colcon_core.shell:Creating package script '/home/firdaus/arduinobot_ws/install/arduinobot_moveit/share/arduinobot_moveit/package.ps1'
[3.815s] INFO:colcon.colcon_core.shell:Creating package descriptor '/home/firdaus/arduinobot_ws/install/arduinobot_moveit/share/arduinobot_moveit/package.dsv'
[3.816s] INFO:colcon.colcon_core.shell:Creating package script '/home/firdaus/arduinobot_ws/install/arduinobot_moveit/share/arduinobot_moveit/package.sh'
[3.817s] INFO:colcon.colcon_core.shell:Creating package script '/home/firdaus/arduinobot_ws/install/arduinobot_moveit/share/arduinobot_moveit/package.bash'
[3.819s] INFO:colcon.colcon_core.shell:Creating package script '/home/firdaus/arduinobot_ws/install/arduinobot_moveit/share/arduinobot_moveit/package.zsh'
[3.820s] Level 1:colcon.colcon_core.environment:create_file_with_runtime_dependencies(/home/firdaus/arduinobot_ws/install/arduinobot_moveit/share/colcon-core/packages/arduinobot_moveit)
[5.167s] DEBUG:colcon.colcon_core.event_handler.log_command:Invoked command in '/home/firdaus/arduinobot_ws/build/arduinobot_msgs' returned '0': CMAKE_PREFIX_PATH=/opt/ros/humble /usr/bin/cmake --build /home/firdaus/arduinobot_ws/build/arduinobot_msgs -- -j4 -l4
[5.888s] DEBUG:colcon.colcon_core.event_handler.log_command:Invoking command in '/home/firdaus/arduinobot_ws/build/arduinobot_msgs': CMAKE_PREFIX_PATH=/opt/ros/humble /usr/bin/cmake --install /home/firdaus/arduinobot_ws/build/arduinobot_msgs
[6.149s] Level 1:colcon.colcon_core.environment:create_environment_scripts_only(arduinobot_msgs)
[6.151s] Level 1:colcon.colcon_core.environment:checking '/home/firdaus/arduinobot_ws/install/arduinobot_msgs' for CMake module files
[6.162s] DEBUG:colcon.colcon_core.event_handler.log_command:Invoked command in '/home/firdaus/arduinobot_ws/build/arduinobot_msgs' returned '0': CMAKE_PREFIX_PATH=/opt/ros/humble /usr/bin/cmake --install /home/firdaus/arduinobot_ws/build/arduinobot_msgs
[6.170s] Level 1:colcon.colcon_core.environment:checking '/home/firdaus/arduinobot_ws/install/arduinobot_msgs' for CMake config files
[6.170s] Level 1:colcon.colcon_core.shell:create_environment_hook('arduinobot_msgs', 'cmake_prefix_path')
[6.171s] INFO:colcon.colcon_core.shell:Creating environment hook '/home/firdaus/arduinobot_ws/install/arduinobot_msgs/share/arduinobot_msgs/hook/cmake_prefix_path.ps1'
[6.172s] INFO:colcon.colcon_core.shell:Creating environment descriptor '/home/firdaus/arduinobot_ws/install/arduinobot_msgs/share/arduinobot_msgs/hook/cmake_prefix_path.dsv'
[6.173s] INFO:colcon.colcon_core.shell:Creating environment hook '/home/firdaus/arduinobot_ws/install/arduinobot_msgs/share/arduinobot_msgs/hook/cmake_prefix_path.sh'
[6.175s] Level 1:colcon.colcon_core.environment:checking '/home/firdaus/arduinobot_ws/install/arduinobot_msgs/lib'
[6.175s] Level 1:colcon.colcon_core.shell:create_environment_hook('arduinobot_msgs', 'ld_library_path_lib')
[6.176s] INFO:colcon.colcon_core.shell:Creating environment hook '/home/firdaus/arduinobot_ws/install/arduinobot_msgs/share/arduinobot_msgs/hook/ld_library_path_lib.ps1'
[6.176s] INFO:colcon.colcon_core.shell:Creating environment descriptor '/home/firdaus/arduinobot_ws/install/arduinobot_msgs/share/arduinobot_msgs/hook/ld_library_path_lib.dsv'
[6.177s] INFO:colcon.colcon_core.shell:Creating environment hook '/home/firdaus/arduinobot_ws/install/arduinobot_msgs/share/arduinobot_msgs/hook/ld_library_path_lib.sh'
[6.178s] Level 1:colcon.colcon_core.environment:checking '/home/firdaus/arduinobot_ws/install/arduinobot_msgs/bin'
[6.178s] Level 1:colcon.colcon_core.environment:checking '/home/firdaus/arduinobot_ws/install/arduinobot_msgs/lib/pkgconfig/arduinobot_msgs.pc'
[6.179s] Level 1:colcon.colcon_core.environment:checking '/home/firdaus/arduinobot_ws/install/arduinobot_msgs/lib/python3.10/site-packages'
[6.179s] Level 1:colcon.colcon_core.environment:checking '/home/firdaus/arduinobot_ws/install/arduinobot_msgs/bin'
[6.180s] INFO:colcon.colcon_core.shell:Creating package script '/home/firdaus/arduinobot_ws/install/arduinobot_msgs/share/arduinobot_msgs/package.ps1'
[6.180s] INFO:colcon.colcon_core.shell:Creating package descriptor '/home/firdaus/arduinobot_ws/install/arduinobot_msgs/share/arduinobot_msgs/package.dsv'
[6.185s] INFO:colcon.colcon_core.shell:Creating package script '/home/firdaus/arduinobot_ws/install/arduinobot_msgs/share/arduinobot_msgs/package.sh'
[6.185s] INFO:colcon.colcon_core.shell:Creating package script '/home/firdaus/arduinobot_ws/install/arduinobot_msgs/share/arduinobot_msgs/package.bash'
[6.190s] INFO:colcon.colcon_core.shell:Creating package script '/home/firdaus/arduinobot_ws/install/arduinobot_msgs/share/arduinobot_msgs/package.zsh'
[6.191s] Level 1:colcon.colcon_core.environment:create_file_with_runtime_dependencies(/home/firdaus/arduinobot_ws/install/arduinobot_msgs/share/colcon-core/packages/arduinobot_msgs)
[7.044s] Level 1:colcon.colcon_core.environment:create_environment_scripts_only(arduinobot_msgs)
[7.044s] Level 1:colcon.colcon_core.environment:checking '/home/firdaus/arduinobot_ws/install/arduinobot_msgs' for CMake module files
[7.044s] Level 1:colcon.colcon_core.environment:checking '/home/firdaus/arduinobot_ws/install/arduinobot_msgs' for CMake config files
[7.045s] Level 1:colcon.colcon_core.shell:create_environment_hook('arduinobot_msgs', 'cmake_prefix_path')
[7.045s] INFO:colcon.colcon_core.shell:Creating environment hook '/home/firdaus/arduinobot_ws/install/arduinobot_msgs/share/arduinobot_msgs/hook/cmake_prefix_path.ps1'
[7.047s] INFO:colcon.colcon_core.shell:Creating environment descriptor '/home/firdaus/arduinobot_ws/install/arduinobot_msgs/share/arduinobot_msgs/hook/cmake_prefix_path.dsv'
[7.048s] INFO:colcon.colcon_core.shell:Creating environment hook '/home/firdaus/arduinobot_ws/install/arduinobot_msgs/share/arduinobot_msgs/hook/cmake_prefix_path.sh'
[7.049s] Level 1:colcon.colcon_core.environment:checking '/home/firdaus/arduinobot_ws/install/arduinobot_msgs/lib'
[7.050s] Level 1:colcon.colcon_core.shell:create_environment_hook('arduinobot_msgs', 'ld_library_path_lib')
[7.051s] INFO:colcon.colcon_core.shell:Creating environment hook '/home/firdaus/arduinobot_ws/install/arduinobot_msgs/share/arduinobot_msgs/hook/ld_library_path_lib.ps1'
[7.056s] INFO:colcon.colcon_core.shell:Creating environment descriptor '/home/firdaus/arduinobot_ws/install/arduinobot_msgs/share/arduinobot_msgs/hook/ld_library_path_lib.dsv'
[7.057s] INFO:colcon.colcon_core.shell:Creating environment hook '/home/firdaus/arduinobot_ws/install/arduinobot_msgs/share/arduinobot_msgs/hook/ld_library_path_lib.sh'
[7.057s] Level 1:colcon.colcon_core.environment:checking '/home/firdaus/arduinobot_ws/install/arduinobot_msgs/bin'
[7.058s] Level 1:colcon.colcon_core.environment:checking '/home/firdaus/arduinobot_ws/install/arduinobot_msgs/lib/pkgconfig/arduinobot_msgs.pc'
[7.059s] Level 1:colcon.colcon_core.environment:checking '/home/firdaus/arduinobot_ws/install/arduinobot_msgs/lib/python3.10/site-packages'
[7.059s] Level 1:colcon.colcon_core.environment:checking '/home/firdaus/arduinobot_ws/install/arduinobot_msgs/bin'
[7.059s] INFO:colcon.colcon_core.shell:Creating package script '/home/firdaus/arduinobot_ws/install/arduinobot_msgs/share/arduinobot_msgs/package.ps1'
[7.060s] INFO:colcon.colcon_core.shell:Creating package descriptor '/home/firdaus/arduinobot_ws/install/arduinobot_msgs/share/arduinobot_msgs/package.dsv'
[7.061s] INFO:colcon.colcon_core.shell:Creating package script '/home/firdaus/arduinobot_ws/install/arduinobot_msgs/share/arduinobot_msgs/package.sh'
[7.063s] INFO:colcon.colcon_core.shell:Creating package script '/home/firdaus/arduinobot_ws/install/arduinobot_msgs/share/arduinobot_msgs/package.bash'
[7.065s] INFO:colcon.colcon_core.shell:Creating package script '/home/firdaus/arduinobot_ws/install/arduinobot_msgs/share/arduinobot_msgs/package.zsh'
[7.066s] Level 1:colcon.colcon_core.environment:create_file_with_runtime_dependencies(/home/firdaus/arduinobot_ws/install/arduinobot_msgs/share/colcon-core/packages/arduinobot_msgs)
[7.068s] INFO:colcon.colcon_ros.task.ament_python.build:Building ROS package in '/home/firdaus/arduinobot_ws/src/arduinobot_py_examples' with build type 'ament_python'
[7.069s] Level 1:colcon.colcon_core.shell:create_environment_hook('arduinobot_py_examples', 'ament_prefix_path')
[7.069s] INFO:colcon.colcon_core.shell:Creating environment hook '/home/firdaus/arduinobot_ws/install/arduinobot_py_examples/share/arduinobot_py_examples/hook/ament_prefix_path.ps1'
[7.082s] INFO:colcon.colcon_core.shell:Creating environment descriptor '/home/firdaus/arduinobot_ws/install/arduinobot_py_examples/share/arduinobot_py_examples/hook/ament_prefix_path.dsv'
[7.084s] INFO:colcon.colcon_core.shell:Creating environment hook '/home/firdaus/arduinobot_ws/install/arduinobot_py_examples/share/arduinobot_py_examples/hook/ament_prefix_path.sh'
[7.085s] INFO:colcon.colcon_core.shell:Skip shell extension 'powershell' for command environment: Not usable outside of PowerShell
[7.085s] DEBUG:colcon.colcon_core.shell:Skip shell extension 'dsv' for command environment
[7.093s] INFO:colcon.colcon_ros.task.ament_cmake.build:Building ROS package in '/home/firdaus/arduinobot_ws/src/arduinobot_utils' with build type 'ament_cmake'
[7.093s] INFO:colcon.colcon_cmake.task.cmake.build:Building CMake package in '/home/firdaus/arduinobot_ws/src/arduinobot_utils'
[7.093s] INFO:colcon.colcon_core.shell:Skip shell extension 'powershell' for command environment: Not usable outside of PowerShell
[7.094s] DEBUG:colcon.colcon_core.shell:Skip shell extension 'dsv' for command environment
[7.685s] INFO:colcon.colcon_core.task.python.build:Building Python package in '/home/firdaus/arduinobot_ws/src/arduinobot_py_examples'
[7.686s] INFO:colcon.colcon_core.shell:Skip shell extension 'powershell' for command environment: Not usable outside of PowerShell
[7.686s] DEBUG:colcon.colcon_core.shell:Skip shell extension 'dsv' for command environment
[7.709s] DEBUG:colcon.colcon_core.event_handler.log_command:Invoking command in '/home/firdaus/arduinobot_ws/build/arduinobot_utils': AMENT_PREFIX_PATH=/home/firdaus/arduinobot_ws/install/arduinobot_msgs:${AMENT_PREFIX_PATH} CMAKE_PREFIX_PATH=/home/firdaus/arduinobot_ws/install/arduinobot_msgs:/opt/ros/humble LD_LIBRARY_PATH=/home/firdaus/arduinobot_ws/install/arduinobot_msgs/lib:${LD_LIBRARY_PATH} PYTHONPATH=/home/firdaus/arduinobot_ws/install/arduinobot_msgs/local/lib/python3.10/dist-packages:${PYTHONPATH} /usr/bin/cmake --build /home/firdaus/arduinobot_ws/build/arduinobot_utils -- -j4 -l4
[9.204s] DEBUG:colcon.colcon_core.event_handler.log_command:Invoking command in '/home/firdaus/arduinobot_ws/src/arduinobot_py_examples': AMENT_PREFIX_PATH=/home/firdaus/arduinobot_ws/install/arduinobot_msgs:${AMENT_PREFIX_PATH} CMAKE_PREFIX_PATH=/home/firdaus/arduinobot_ws/install/arduinobot_msgs LD_LIBRARY_PATH=/home/firdaus/arduinobot_ws/install/arduinobot_msgs/lib:${LD_LIBRARY_PATH} PYTHONPATH=/home/firdaus/arduinobot_ws/build/arduinobot_py_examples/prefix_override:/usr/lib/python3/dist-packages/colcon_core/task/python/colcon_distutils_commands:/home/firdaus/arduinobot_ws/install/arduinobot_py_examples/lib/python3.10/site-packages:/home/firdaus/arduinobot_ws/install/arduinobot_msgs/local/lib/python3.10/dist-packages:${PYTHONPATH} /usr/bin/python3 -W ignore:setup.py install is deprecated setup.py egg_info --egg-base ../../build/arduinobot_py_examples build --build-base /home/firdaus/arduinobot_ws/build/arduinobot_py_examples/build install --record /home/firdaus/arduinobot_ws/build/arduinobot_py_examples/install.log --single-version-externally-managed install_data
[9.449s] DEBUG:colcon.colcon_core.event_handler.log_command:Invoked command in '/home/firdaus/arduinobot_ws/build/arduinobot_utils' returned '0': AMENT_PREFIX_PATH=/home/firdaus/arduinobot_ws/install/arduinobot_msgs:${AMENT_PREFIX_PATH} CMAKE_PREFIX_PATH=/home/firdaus/arduinobot_ws/install/arduinobot_msgs:/opt/ros/humble LD_LIBRARY_PATH=/home/firdaus/arduinobot_ws/install/arduinobot_msgs/lib:${LD_LIBRARY_PATH} PYTHONPATH=/home/firdaus/arduinobot_ws/install/arduinobot_msgs/local/lib/python3.10/dist-packages:${PYTHONPATH} /usr/bin/cmake --build /home/firdaus/arduinobot_ws/build/arduinobot_utils -- -j4 -l4
[9.916s] DEBUG:colcon.colcon_core.event_handler.log_command:Invoking command in '/home/firdaus/arduinobot_ws/build/arduinobot_utils': AMENT_PREFIX_PATH=/home/firdaus/arduinobot_ws/install/arduinobot_msgs:${AMENT_PREFIX_PATH} CMAKE_PREFIX_PATH=/home/firdaus/arduinobot_ws/install/arduinobot_msgs:/opt/ros/humble LD_LIBRARY_PATH=/home/firdaus/arduinobot_ws/install/arduinobot_msgs/lib:${LD_LIBRARY_PATH} PYTHONPATH=/home/firdaus/arduinobot_ws/install/arduinobot_msgs/local/lib/python3.10/dist-packages:${PYTHONPATH} /usr/bin/cmake --install /home/firdaus/arduinobot_ws/build/arduinobot_utils
[10.238s] Level 1:colcon.colcon_core.environment:checking '/home/firdaus/arduinobot_ws/install/arduinobot_py_examples' for CMake module files
[10.240s] DEBUG:colcon.colcon_core.event_handler.log_command:Invoked command in '/home/firdaus/arduinobot_ws/src/arduinobot_py_examples' returned '0': AMENT_PREFIX_PATH=/home/firdaus/arduinobot_ws/install/arduinobot_msgs:${AMENT_PREFIX_PATH} CMAKE_PREFIX_PATH=/home/firdaus/arduinobot_ws/install/arduinobot_msgs LD_LIBRARY_PATH=/home/firdaus/arduinobot_ws/install/arduinobot_msgs/lib:${LD_LIBRARY_PATH} PYTHONPATH=/home/firdaus/arduinobot_ws/build/arduinobot_py_examples/prefix_override:/usr/lib/python3/dist-packages/colcon_core/task/python/colcon_distutils_commands:/home/firdaus/arduinobot_ws/install/arduinobot_py_examples/lib/python3.10/site-packages:/home/firdaus/arduinobot_ws/install/arduinobot_msgs/local/lib/python3.10/dist-packages:${PYTHONPATH} /usr/bin/python3 -W ignore:setup.py install is deprecated setup.py egg_info --egg-base ../../build/arduinobot_py_examples build --build-base /home/firdaus/arduinobot_ws/build/arduinobot_py_examples/build install --record /home/firdaus/arduinobot_ws/build/arduinobot_py_examples/install.log --single-version-externally-managed install_data
[10.242s] Level 1:colcon.colcon_core.environment:checking '/home/firdaus/arduinobot_ws/install/arduinobot_py_examples' for CMake config files
[10.243s] Level 1:colcon.colcon_core.environment:checking '/home/firdaus/arduinobot_ws/install/arduinobot_py_examples/lib'
[10.243s] Level 1:colcon.colcon_core.environment:checking '/home/firdaus/arduinobot_ws/install/arduinobot_py_examples/bin'
[10.243s] Level 1:colcon.colcon_core.environment:checking '/home/firdaus/arduinobot_ws/install/arduinobot_py_examples/lib/pkgconfig/arduinobot_py_examples.pc'
[10.244s] Level 1:colcon.colcon_core.environment:checking '/home/firdaus/arduinobot_ws/install/arduinobot_py_examples/lib/python3.10/site-packages'
[10.244s] Level 1:colcon.colcon_core.shell:create_environment_hook('arduinobot_py_examples', 'pythonpath')
[10.244s] INFO:colcon.colcon_core.shell:Creating environment hook '/home/firdaus/arduinobot_ws/install/arduinobot_py_examples/share/arduinobot_py_examples/hook/pythonpath.ps1'
[10.245s] INFO:colcon.colcon_core.shell:Creating environment descriptor '/home/firdaus/arduinobot_ws/install/arduinobot_py_examples/share/arduinobot_py_examples/hook/pythonpath.dsv'
[10.246s] INFO:colcon.colcon_core.shell:Creating environment hook '/home/firdaus/arduinobot_ws/install/arduinobot_py_examples/share/arduinobot_py_examples/hook/pythonpath.sh'
[10.247s] Level 1:colcon.colcon_core.environment:checking '/home/firdaus/arduinobot_ws/install/arduinobot_py_examples/bin'
[10.248s] Level 1:colcon.colcon_core.environment:create_environment_scripts_only(arduinobot_py_examples)
[10.248s] INFO:colcon.colcon_core.shell:Creating package script '/home/firdaus/arduinobot_ws/install/arduinobot_py_examples/share/arduinobot_py_examples/package.ps1'
[10.249s] INFO:colcon.colcon_core.shell:Creating package descriptor '/home/firdaus/arduinobot_ws/install/arduinobot_py_examples/share/arduinobot_py_examples/package.dsv'
[10.273s] INFO:colcon.colcon_core.shell:Creating package script '/home/firdaus/arduinobot_ws/install/arduinobot_py_examples/share/arduinobot_py_examples/package.sh'
[10.286s] INFO:colcon.colcon_core.shell:Creating package script '/home/firdaus/arduinobot_ws/install/arduinobot_py_examples/share/arduinobot_py_examples/package.bash'
[10.288s] INFO:colcon.colcon_core.shell:Creating package script '/home/firdaus/arduinobot_ws/install/arduinobot_py_examples/share/arduinobot_py_examples/package.zsh'
[10.289s] Level 1:colcon.colcon_core.environment:create_file_with_runtime_dependencies(/home/firdaus/arduinobot_ws/install/arduinobot_py_examples/share/colcon-core/packages/arduinobot_py_examples)
[10.393s] Level 1:colcon.colcon_core.environment:create_environment_scripts_only(arduinobot_utils)
[10.395s] Level 1:colcon.colcon_core.environment:checking '/home/firdaus/arduinobot_ws/install/arduinobot_utils' for CMake module files
[10.396s] Level 1:colcon.colcon_core.environment:checking '/home/firdaus/arduinobot_ws/install/arduinobot_utils' for CMake config files
[10.397s] Level 1:colcon.colcon_core.shell:create_environment_hook('arduinobot_utils', 'cmake_prefix_path')
[10.397s] INFO:colcon.colcon_core.shell:Creating environment hook '/home/firdaus/arduinobot_ws/install/arduinobot_utils/share/arduinobot_utils/hook/cmake_prefix_path.ps1'
[10.398s] INFO:colcon.colcon_core.shell:Creating environment descriptor '/home/firdaus/arduinobot_ws/install/arduinobot_utils/share/arduinobot_utils/hook/cmake_prefix_path.dsv'
[10.399s] INFO:colcon.colcon_core.shell:Creating environment hook '/home/firdaus/arduinobot_ws/install/arduinobot_utils/share/arduinobot_utils/hook/cmake_prefix_path.sh'
[10.400s] Level 1:colcon.colcon_core.environment:checking '/home/firdaus/arduinobot_ws/install/arduinobot_utils/lib'
[10.400s] Level 1:colcon.colcon_core.environment:checking '/home/firdaus/arduinobot_ws/install/arduinobot_utils/bin'
[10.401s] Level 1:colcon.colcon_core.environment:checking '/home/firdaus/arduinobot_ws/install/arduinobot_utils/lib/pkgconfig/arduinobot_utils.pc'
[10.401s] Level 1:colcon.colcon_core.environment:checking '/home/firdaus/arduinobot_ws/install/arduinobot_utils/lib/python3.10/site-packages'
[10.415s] Level 1:colcon.colcon_core.environment:checking '/home/firdaus/arduinobot_ws/install/arduinobot_utils/bin'
[10.416s] INFO:colcon.colcon_core.shell:Creating package script '/home/firdaus/arduinobot_ws/install/arduinobot_utils/share/arduinobot_utils/package.ps1'
[10.417s] INFO:colcon.colcon_core.shell:Creating package descriptor '/home/firdaus/arduinobot_ws/install/arduinobot_utils/share/arduinobot_utils/package.dsv'
[10.418s] INFO:colcon.colcon_core.shell:Creating package script '/home/firdaus/arduinobot_ws/install/arduinobot_utils/share/arduinobot_utils/package.sh'
[10.422s] DEBUG:colcon.colcon_core.event_handler.log_command:Invoked command in '/home/firdaus/arduinobot_ws/build/arduinobot_utils' returned '0': AMENT_PREFIX_PATH=/home/firdaus/arduinobot_ws/install/arduinobot_msgs:${AMENT_PREFIX_PATH} CMAKE_PREFIX_PATH=/home/firdaus/arduinobot_ws/install/arduinobot_msgs:/opt/ros/humble LD_LIBRARY_PATH=/home/firdaus/arduinobot_ws/install/arduinobot_msgs/lib:${LD_LIBRARY_PATH} PYTHONPATH=/home/firdaus/arduinobot_ws/install/arduinobot_msgs/local/lib/python3.10/dist-packages:${PYTHONPATH} /usr/bin/cmake --install /home/firdaus/arduinobot_ws/build/arduinobot_utils
[10.427s] INFO:colcon.colcon_core.shell:Creating package script '/home/firdaus/arduinobot_ws/install/arduinobot_utils/share/arduinobot_utils/package.bash'
[10.428s] INFO:colcon.colcon_core.shell:Creating package script '/home/firdaus/arduinobot_ws/install/arduinobot_utils/share/arduinobot_utils/package.zsh'
[10.428s] Level 1:colcon.colcon_core.environment:create_file_with_runtime_dependencies(/home/firdaus/arduinobot_ws/install/arduinobot_utils/share/colcon-core/packages/arduinobot_utils)
[10.695s] Level 1:colcon.colcon_core.environment:create_environment_scripts_only(arduinobot_utils)
[10.696s] Level 1:colcon.colcon_core.environment:checking '/home/firdaus/arduinobot_ws/install/arduinobot_utils' for CMake module files
[10.696s] Level 1:colcon.colcon_core.environment:checking '/home/firdaus/arduinobot_ws/install/arduinobot_utils' for CMake config files
[10.697s] Level 1:colcon.colcon_core.shell:create_environment_hook('arduinobot_utils', 'cmake_prefix_path')
[10.698s] INFO:colcon.colcon_core.shell:Creating environment hook '/home/firdaus/arduinobot_ws/install/arduinobot_utils/share/arduinobot_utils/hook/cmake_prefix_path.ps1'
[10.699s] INFO:colcon.colcon_core.shell:Creating environment descriptor '/home/firdaus/arduinobot_ws/install/arduinobot_utils/share/arduinobot_utils/hook/cmake_prefix_path.dsv'
[10.700s] INFO:colcon.colcon_core.shell:Creating environment hook '/home/firdaus/arduinobot_ws/install/arduinobot_utils/share/arduinobot_utils/hook/cmake_prefix_path.sh'
[10.701s] Level 1:colcon.colcon_core.environment:checking '/home/firdaus/arduinobot_ws/install/arduinobot_utils/lib'
[10.702s] Level 1:colcon.colcon_core.environment:checking '/home/firdaus/arduinobot_ws/install/arduinobot_utils/bin'
[10.703s] Level 1:colcon.colcon_core.environment:checking '/home/firdaus/arduinobot_ws/install/arduinobot_utils/lib/pkgconfig/arduinobot_utils.pc'
[10.703s] Level 1:colcon.colcon_core.environment:checking '/home/firdaus/arduinobot_ws/install/arduinobot_utils/lib/python3.10/site-packages'
[10.703s] Level 1:colcon.colcon_core.environment:checking '/home/firdaus/arduinobot_ws/install/arduinobot_utils/bin'
[10.704s] INFO:colcon.colcon_core.shell:Creating package script '/home/firdaus/arduinobot_ws/install/arduinobot_utils/share/arduinobot_utils/package.ps1'
[10.704s] INFO:colcon.colcon_core.shell:Creating package descriptor '/home/firdaus/arduinobot_ws/install/arduinobot_utils/share/arduinobot_utils/package.dsv'
[10.705s] INFO:colcon.colcon_core.shell:Creating package script '/home/firdaus/arduinobot_ws/install/arduinobot_utils/share/arduinobot_utils/package.sh'
[10.707s] INFO:colcon.colcon_core.shell:Creating package script '/home/firdaus/arduinobot_ws/install/arduinobot_utils/share/arduinobot_utils/package.bash'
[10.708s] INFO:colcon.colcon_core.shell:Creating package script '/home/firdaus/arduinobot_ws/install/arduinobot_utils/share/arduinobot_utils/package.zsh'
[10.709s] Level 1:colcon.colcon_core.environment:create_file_with_runtime_dependencies(/home/firdaus/arduinobot_ws/install/arduinobot_utils/share/colcon-core/packages/arduinobot_utils)
[10.712s] DEBUG:colcon.colcon_parallel_executor.executor.parallel:closing loop
[10.720s] DEBUG:colcon.colcon_parallel_executor.executor.parallel:loop closed
[10.720s] DEBUG:colcon.colcon_parallel_executor.executor.parallel:run_until_complete finished with '0'
[10.721s] DEBUG:colcon.colcon_core.event_reactor:joining thread
[10.745s] INFO:colcon.colcon_core.plugin_system:Skipping extension 'colcon_notification.desktop_notification.terminal_notifier': Not used on non-Darwin systems
[10.748s] INFO:colcon.colcon_core.plugin_system:Skipping extension 'colcon_notification.desktop_notification.win32': Not used on non-Windows systems
[10.748s] INFO:colcon.colcon_notification.desktop_notification:Sending desktop notification using 'notify2'
[10.947s] DEBUG:colcon.colcon_core.event_reactor:joined thread
[10.947s] INFO:colcon.colcon_core.shell:Creating prefix script '/home/firdaus/arduinobot_ws/install/local_setup.ps1'
[10.950s] INFO:colcon.colcon_core.shell:Creating prefix util module '/home/firdaus/arduinobot_ws/install/_local_setup_util_ps1.py'
[10.952s] INFO:colcon.colcon_core.shell:Creating prefix chain script '/home/firdaus/arduinobot_ws/install/setup.ps1'
[10.955s] INFO:colcon.colcon_core.shell:Creating prefix script '/home/firdaus/arduinobot_ws/install/local_setup.sh'
[10.957s] INFO:colcon.colcon_core.shell:Creating prefix util module '/home/firdaus/arduinobot_ws/install/_local_setup_util_sh.py'
[10.958s] INFO:colcon.colcon_core.shell:Creating prefix chain script '/home/firdaus/arduinobot_ws/install/setup.sh'
[10.960s] INFO:colcon.colcon_core.shell:Creating prefix script '/home/firdaus/arduinobot_ws/install/local_setup.bash'
[10.960s] INFO:colcon.colcon_core.shell:Creating prefix chain script '/home/firdaus/arduinobot_ws/install/setup.bash'
[10.972s] INFO:colcon.colcon_core.shell:Creating prefix script '/home/firdaus/arduinobot_ws/install/local_setup.zsh'
[10.974s] INFO:colcon.colcon_core.shell:Creating prefix chain script '/home/firdaus/arduinobot_ws/install/setup.zsh'
