[0.507s] Invoking command in '/home/firdaus/arduinobot_ws/build/arduinobot_utils': AMENT_PREFIX_PATH=/home/firdaus/arduinobot_ws/install/arduinobot_msgs:${AMENT_PREFIX_PATH} CMAKE_PREFIX_PATH=/home/firdaus/arduinobot_ws/install/arduinobot_msgs:/opt/ros/humble LD_LIBRARY_PATH=/home/firdaus/arduinobot_ws/install/arduinobot_msgs/lib:${LD_LIBRARY_PATH} PYTHONPATH=/home/firdaus/arduinobot_ws/install/arduinobot_msgs/local/lib/python3.10/dist-packages:${PYTHONPATH} /usr/bin/cmake --build /home/firdaus/arduinobot_ws/build/arduinobot_utils -- -j4 -l4
[0.579s] -- Found ament_cmake: 1.3.9 (/opt/ros/humble/share/ament_cmake/cmake)
[0.937s] -- Found rclpy: 3.3.13 (/opt/ros/humble/share/rclpy/cmake)
[0.937s] -- Found arduinobot_msgs: 0.0.0 (/home/firdaus/arduinobot_ws/install/arduinobot_msgs/share/arduinobot_msgs/cmake)
[1.036s] -- Found rosidl_generator_c: 3.1.5 (/opt/ros/humble/share/rosidl_generator_c/cmake)
[1.046s] -- Found rosidl_adapter: 3.1.5 (/opt/ros/humble/share/rosidl_adapter/cmake)
[1.061s] -- Found rosidl_generator_cpp: 3.1.5 (/opt/ros/humble/share/rosidl_generator_cpp/cmake)
[1.088s] -- Using all available rosidl_typesupport_c: rosidl_typesupport_fastrtps_c;rosidl_typesupport_introspection_c
[1.125s] -- Using all available rosidl_typesupport_cpp: rosidl_typesupport_fastrtps_cpp;rosidl_typesupport_introspection_cpp
[1.366s] -- Found ament_lint_auto: 0.12.11 (/opt/ros/humble/share/ament_lint_auto/cmake)
[1.519s] -- Added test 'flake8' to check Python code syntax and style conventions
[1.520s] -- Added test 'lint_cmake' to check CMake code style
[1.520s] -- Added test 'pep257' to check Python code against some of the docstring style conventions in PEP 257
[1.528s] -- Added test 'xmllint' to check XML markup files
[1.529s] -- Configuring done
[1.541s] -- Generating done
[1.541s] -- Build files have been written to: /home/firdaus/arduinobot_ws/build/arduinobot_utils
[1.673s] Built target ament_cmake_python_copy_arduinobot_utils
[2.063s] running egg_info
[2.065s] creating arduinobot_utils.egg-info
[2.065s] writing arduinobot_utils.egg-info/PKG-INFO
[2.065s] writing dependency_links to arduinobot_utils.egg-info/dependency_links.txt
[2.067s] writing top-level names to arduinobot_utils.egg-info/top_level.txt
[2.067s] writing manifest file 'arduinobot_utils.egg-info/SOURCES.txt'
[2.068s] reading manifest file 'arduinobot_utils.egg-info/SOURCES.txt'
[2.069s] writing manifest file 'arduinobot_utils.egg-info/SOURCES.txt'
[2.111s] Built target ament_cmake_python_build_arduinobot_utils_egg
[2.130s] Invoked command in '/home/firdaus/arduinobot_ws/build/arduinobot_utils' returned '0': AMENT_PREFIX_PATH=/home/firdaus/arduinobot_ws/install/arduinobot_msgs:${AMENT_PREFIX_PATH} CMAKE_PREFIX_PATH=/home/firdaus/arduinobot_ws/install/arduinobot_msgs:/opt/ros/humble LD_LIBRARY_PATH=/home/firdaus/arduinobot_ws/install/arduinobot_msgs/lib:${LD_LIBRARY_PATH} PYTHONPATH=/home/firdaus/arduinobot_ws/install/arduinobot_msgs/local/lib/python3.10/dist-packages:${PYTHONPATH} /usr/bin/cmake --build /home/firdaus/arduinobot_ws/build/arduinobot_utils -- -j4 -l4
[2.185s] Invoking command in '/home/firdaus/arduinobot_ws/build/arduinobot_utils': AMENT_PREFIX_PATH=/home/firdaus/arduinobot_ws/install/arduinobot_msgs:${AMENT_PREFIX_PATH} CMAKE_PREFIX_PATH=/home/firdaus/arduinobot_ws/install/arduinobot_msgs:/opt/ros/humble LD_LIBRARY_PATH=/home/firdaus/arduinobot_ws/install/arduinobot_msgs/lib:${LD_LIBRARY_PATH} PYTHONPATH=/home/firdaus/arduinobot_ws/install/arduinobot_msgs/local/lib/python3.10/dist-packages:${PYTHONPATH} /usr/bin/cmake --install /home/firdaus/arduinobot_ws/build/arduinobot_utils
[2.196s] -- Install configuration: ""
[2.196s] -- Installing: /home/firdaus/arduinobot_ws/install/arduinobot_utils/share/arduinobot_utils/environment/pythonpath.sh
[2.198s] -- Installing: /home/firdaus/arduinobot_ws/install/arduinobot_utils/share/arduinobot_utils/environment/pythonpath.dsv
[2.198s] -- Installing: /home/firdaus/arduinobot_ws/install/arduinobot_utils/local/lib/python3.10/dist-packages/arduinobot_utils-0.0.0-py3.10.egg-info
[2.198s] -- Installing: /home/firdaus/arduinobot_ws/install/arduinobot_utils/local/lib/python3.10/dist-packages/arduinobot_utils-0.0.0-py3.10.egg-info/dependency_links.txt
[2.199s] -- Installing: /home/firdaus/arduinobot_ws/install/arduinobot_utils/local/lib/python3.10/dist-packages/arduinobot_utils-0.0.0-py3.10.egg-info/PKG-INFO
[2.199s] -- Installing: /home/firdaus/arduinobot_ws/install/arduinobot_utils/local/lib/python3.10/dist-packages/arduinobot_utils-0.0.0-py3.10.egg-info/top_level.txt
[2.205s] -- Installing: /home/firdaus/arduinobot_ws/install/arduinobot_utils/local/lib/python3.10/dist-packages/arduinobot_utils-0.0.0-py3.10.egg-info/SOURCES.txt
[2.205s] -- Installing: /home/firdaus/arduinobot_ws/install/arduinobot_utils/local/lib/python3.10/dist-packages/arduinobot_utils
[2.205s] -- Installing: /home/firdaus/arduinobot_ws/install/arduinobot_utils/local/lib/python3.10/dist-packages/arduinobot_utils/__init__.py
[2.206s] -- Installing: /home/firdaus/arduinobot_ws/install/arduinobot_utils/local/lib/python3.10/dist-packages/arduinobot_utils/angle_conversion.py
[2.259s] Listing '/home/firdaus/arduinobot_ws/install/arduinobot_utils/local/lib/python3.10/dist-packages/arduinobot_utils'...
[2.260s] Compiling '/home/firdaus/arduinobot_ws/install/arduinobot_utils/local/lib/python3.10/dist-packages/arduinobot_utils/__init__.py'...
[2.260s] Compiling '/home/firdaus/arduinobot_ws/install/arduinobot_utils/local/lib/python3.10/dist-packages/arduinobot_utils/angle_conversion.py'...
[2.264s] -- Installing: /home/firdaus/arduinobot_ws/install/arduinobot_utils/lib/arduinobot_utils/angle_conversion.py
[2.266s] -- Installing: /home/firdaus/arduinobot_ws/install/arduinobot_utils/share/ament_index/resource_index/package_run_dependencies/arduinobot_utils
[2.266s] -- Installing: /home/firdaus/arduinobot_ws/install/arduinobot_utils/share/ament_index/resource_index/parent_prefix_path/arduinobot_utils
[2.267s] -- Up-to-date: /home/firdaus/arduinobot_ws/install/arduinobot_utils/share/arduinobot_utils/environment/ament_prefix_path.sh
[2.267s] -- Installing: /home/firdaus/arduinobot_ws/install/arduinobot_utils/share/arduinobot_utils/environment/ament_prefix_path.dsv
[2.269s] -- Up-to-date: /home/firdaus/arduinobot_ws/install/arduinobot_utils/share/arduinobot_utils/environment/path.sh
[2.269s] -- Installing: /home/firdaus/arduinobot_ws/install/arduinobot_utils/share/arduinobot_utils/environment/path.dsv
[2.269s] -- Up-to-date: /home/firdaus/arduinobot_ws/install/arduinobot_utils/share/arduinobot_utils/local_setup.bash
[2.269s] -- Installing: /home/firdaus/arduinobot_ws/install/arduinobot_utils/share/arduinobot_utils/local_setup.sh
[2.269s] -- Up-to-date: /home/firdaus/arduinobot_ws/install/arduinobot_utils/share/arduinobot_utils/local_setup.zsh
[2.270s] -- Installing: /home/firdaus/arduinobot_ws/install/arduinobot_utils/share/arduinobot_utils/local_setup.dsv
[2.270s] -- Installing: /home/firdaus/arduinobot_ws/install/arduinobot_utils/share/arduinobot_utils/package.dsv
[2.270s] -- Up-to-date: /home/firdaus/arduinobot_ws/install/arduinobot_utils/share/ament_index/resource_index/packages/arduinobot_utils
[2.270s] -- Up-to-date: /home/firdaus/arduinobot_ws/install/arduinobot_utils/share/arduinobot_utils/cmake/arduinobot_utilsConfig.cmake
[2.270s] -- Up-to-date: /home/firdaus/arduinobot_ws/install/arduinobot_utils/share/arduinobot_utils/cmake/arduinobot_utilsConfig-version.cmake
[2.270s] -- Installing: /home/firdaus/arduinobot_ws/install/arduinobot_utils/share/arduinobot_utils/package.xml
[2.275s] Invoked command in '/home/firdaus/arduinobot_ws/build/arduinobot_utils' returned '0': AMENT_PREFIX_PATH=/home/firdaus/arduinobot_ws/install/arduinobot_msgs:${AMENT_PREFIX_PATH} CMAKE_PREFIX_PATH=/home/firdaus/arduinobot_ws/install/arduinobot_msgs:/opt/ros/humble LD_LIBRARY_PATH=/home/firdaus/arduinobot_ws/install/arduinobot_msgs/lib:${LD_LIBRARY_PATH} PYTHONPATH=/home/firdaus/arduinobot_ws/install/arduinobot_msgs/local/lib/python3.10/dist-packages:${PYTHONPATH} /usr/bin/cmake --install /home/firdaus/arduinobot_ws/build/arduinobot_utils
