[0.415s] Invoking command in '/home/firdaus/arduinobot_ws/build/arduinobot_utils': AMENT_PREFIX_PATH=/home/firdaus/arduinobot_ws/install/arduinobot_msgs:${AMENT_PREFIX_PATH} CMAKE_PREFIX_PATH=/home/firdaus/arduinobot_ws/install/arduinobot_msgs:/opt/ros/humble LD_LIBRARY_PATH=/home/firdaus/arduinobot_ws/install/arduinobot_msgs/lib:${LD_LIBRARY_PATH} PYTHONPATH=/home/firdaus/arduinobot_ws/install/arduinobot_msgs/local/lib/python3.10/dist-packages:${PYTHONPATH} /usr/bin/cmake --build /home/firdaus/arduinobot_ws/build/arduinobot_utils -- -j4 -l4
[0.548s] Built target ament_cmake_python_copy_arduinobot_utils
[0.996s] running egg_info
[1.004s] writing arduinobot_utils.egg-info/PKG-INFO
[1.005s] writing dependency_links to arduinobot_utils.egg-info/dependency_links.txt
[1.005s] writing top-level names to arduinobot_utils.egg-info/top_level.txt
[1.005s] reading manifest file 'arduinobot_utils.egg-info/SOURCES.txt'
[1.005s] writing manifest file 'arduinobot_utils.egg-info/SOURCES.txt'
[1.051s] Built target ament_cmake_python_build_arduinobot_utils_egg
[1.086s] Invoked command in '/home/firdaus/arduinobot_ws/build/arduinobot_utils' returned '0': AMENT_PREFIX_PATH=/home/firdaus/arduinobot_ws/install/arduinobot_msgs:${AMENT_PREFIX_PATH} CMAKE_PREFIX_PATH=/home/firdaus/arduinobot_ws/install/arduinobot_msgs:/opt/ros/humble LD_LIBRARY_PATH=/home/firdaus/arduinobot_ws/install/arduinobot_msgs/lib:${LD_LIBRARY_PATH} PYTHONPATH=/home/firdaus/arduinobot_ws/install/arduinobot_msgs/local/lib/python3.10/dist-packages:${PYTHONPATH} /usr/bin/cmake --build /home/firdaus/arduinobot_ws/build/arduinobot_utils -- -j4 -l4
[1.212s] Invoking command in '/home/firdaus/arduinobot_ws/build/arduinobot_utils': AMENT_PREFIX_PATH=/home/firdaus/arduinobot_ws/install/arduinobot_msgs:${AMENT_PREFIX_PATH} CMAKE_PREFIX_PATH=/home/firdaus/arduinobot_ws/install/arduinobot_msgs:/opt/ros/humble LD_LIBRARY_PATH=/home/firdaus/arduinobot_ws/install/arduinobot_msgs/lib:${LD_LIBRARY_PATH} PYTHONPATH=/home/firdaus/arduinobot_ws/install/arduinobot_msgs/local/lib/python3.10/dist-packages:${PYTHONPATH} /usr/bin/cmake --install /home/firdaus/arduinobot_ws/build/arduinobot_utils
[1.229s] -- Install configuration: ""
[1.231s] -- Up-to-date: /home/firdaus/arduinobot_ws/install/arduinobot_utils/share/arduinobot_utils/environment/pythonpath.sh
[1.232s] -- Up-to-date: /home/firdaus/arduinobot_ws/install/arduinobot_utils/share/arduinobot_utils/environment/pythonpath.dsv
[1.235s] -- Up-to-date: /home/firdaus/arduinobot_ws/install/arduinobot_utils/local/lib/python3.10/dist-packages/arduinobot_utils-0.0.0-py3.10.egg-info
[1.237s] -- Installing: /home/firdaus/arduinobot_ws/install/arduinobot_utils/local/lib/python3.10/dist-packages/arduinobot_utils-0.0.0-py3.10.egg-info/dependency_links.txt
[1.241s] -- Installing: /home/firdaus/arduinobot_ws/install/arduinobot_utils/local/lib/python3.10/dist-packages/arduinobot_utils-0.0.0-py3.10.egg-info/PKG-INFO
[1.242s] -- Installing: /home/firdaus/arduinobot_ws/install/arduinobot_utils/local/lib/python3.10/dist-packages/arduinobot_utils-0.0.0-py3.10.egg-info/top_level.txt
[1.245s] -- Installing: /home/firdaus/arduinobot_ws/install/arduinobot_utils/local/lib/python3.10/dist-packages/arduinobot_utils-0.0.0-py3.10.egg-info/SOURCES.txt
[1.247s] -- Up-to-date: /home/firdaus/arduinobot_ws/install/arduinobot_utils/local/lib/python3.10/dist-packages/arduinobot_utils
[1.248s] -- Up-to-date: /home/firdaus/arduinobot_ws/install/arduinobot_utils/local/lib/python3.10/dist-packages/arduinobot_utils/__init__.py
[1.248s] -- Up-to-date: /home/firdaus/arduinobot_ws/install/arduinobot_utils/local/lib/python3.10/dist-packages/arduinobot_utils/angle_conversion.py
[1.304s] Listing '/home/firdaus/arduinobot_ws/install/arduinobot_utils/local/lib/python3.10/dist-packages/arduinobot_utils'...
[1.305s] -- Up-to-date: /home/firdaus/arduinobot_ws/install/arduinobot_utils/lib/arduinobot_utils/angle_conversion.py
[1.305s] -- Up-to-date: /home/firdaus/arduinobot_ws/install/arduinobot_utils/share/ament_index/resource_index/package_run_dependencies/arduinobot_utils
[1.306s] -- Up-to-date: /home/firdaus/arduinobot_ws/install/arduinobot_utils/share/ament_index/resource_index/parent_prefix_path/arduinobot_utils
[1.306s] -- Up-to-date: /home/firdaus/arduinobot_ws/install/arduinobot_utils/share/arduinobot_utils/environment/ament_prefix_path.sh
[1.306s] -- Up-to-date: /home/firdaus/arduinobot_ws/install/arduinobot_utils/share/arduinobot_utils/environment/ament_prefix_path.dsv
[1.306s] -- Up-to-date: /home/firdaus/arduinobot_ws/install/arduinobot_utils/share/arduinobot_utils/environment/path.sh
[1.306s] -- Up-to-date: /home/firdaus/arduinobot_ws/install/arduinobot_utils/share/arduinobot_utils/environment/path.dsv
[1.307s] -- Up-to-date: /home/firdaus/arduinobot_ws/install/arduinobot_utils/share/arduinobot_utils/local_setup.bash
[1.308s] -- Up-to-date: /home/firdaus/arduinobot_ws/install/arduinobot_utils/share/arduinobot_utils/local_setup.sh
[1.310s] -- Up-to-date: /home/firdaus/arduinobot_ws/install/arduinobot_utils/share/arduinobot_utils/local_setup.zsh
[1.310s] -- Up-to-date: /home/firdaus/arduinobot_ws/install/arduinobot_utils/share/arduinobot_utils/local_setup.dsv
[1.310s] -- Installing: /home/firdaus/arduinobot_ws/install/arduinobot_utils/share/arduinobot_utils/package.dsv
[1.310s] -- Up-to-date: /home/firdaus/arduinobot_ws/install/arduinobot_utils/share/ament_index/resource_index/packages/arduinobot_utils
[1.311s] -- Up-to-date: /home/firdaus/arduinobot_ws/install/arduinobot_utils/share/arduinobot_utils/cmake/arduinobot_utilsConfig.cmake
[1.311s] -- Up-to-date: /home/firdaus/arduinobot_ws/install/arduinobot_utils/share/arduinobot_utils/cmake/arduinobot_utilsConfig-version.cmake
[1.321s] -- Up-to-date: /home/firdaus/arduinobot_ws/install/arduinobot_utils/share/arduinobot_utils/package.xml
[1.322s] Invoked command in '/home/firdaus/arduinobot_ws/build/arduinobot_utils' returned '0': AMENT_PREFIX_PATH=/home/firdaus/arduinobot_ws/install/arduinobot_msgs:${AMENT_PREFIX_PATH} CMAKE_PREFIX_PATH=/home/firdaus/arduinobot_ws/install/arduinobot_msgs:/opt/ros/humble LD_LIBRARY_PATH=/home/firdaus/arduinobot_ws/install/arduinobot_msgs/lib:${LD_LIBRARY_PATH} PYTHONPATH=/home/firdaus/arduinobot_ws/install/arduinobot_msgs/local/lib/python3.10/dist-packages:${PYTHONPATH} /usr/bin/cmake --install /home/firdaus/arduinobot_ws/build/arduinobot_utils
