[0.996s] Invoking command in '/home/firdaus/arduinobot_ws/src/arduinobot_py_examples': PYTHONPATH=/home/firdaus/arduinobot_ws/build/arduinobot_py_examples/prefix_override:/usr/lib/python3/dist-packages/colcon_core/task/python/colcon_distutils_commands:/home/firdaus/arduinobot_ws/install/arduinobot_py_examples/lib/python3.10/site-packages:${PYTHONPATH} /usr/bin/python3 -W ignore:setup.py install is deprecated setup.py egg_info --egg-base ../../build/arduinobot_py_examples build --build-base /home/firdaus/arduinobot_ws/build/arduinobot_py_examples/build install --record /home/firdaus/arduinobot_ws/build/arduinobot_py_examples/install.log --single-version-externally-managed install_data
[1.248s] running egg_info
[1.250s] writing ../../build/arduinobot_py_examples/arduinobot_py_examples.egg-info/PKG-INFO
[1.250s] writing dependency_links to ../../build/arduinobot_py_examples/arduinobot_py_examples.egg-info/dependency_links.txt
[1.251s] writing entry points to ../../build/arduinobot_py_examples/arduinobot_py_examples.egg-info/entry_points.txt
[1.251s] writing requirements to ../../build/arduinobot_py_examples/arduinobot_py_examples.egg-info/requires.txt
[1.252s] writing top-level names to ../../build/arduinobot_py_examples/arduinobot_py_examples.egg-info/top_level.txt
[1.255s] reading manifest file '../../build/arduinobot_py_examples/arduinobot_py_examples.egg-info/SOURCES.txt'
[1.256s] writing manifest file '../../build/arduinobot_py_examples/arduinobot_py_examples.egg-info/SOURCES.txt'
[1.257s] running build
[1.257s] running build_py
[1.258s] running install
[1.258s] running install_lib
[1.260s] running install_data
[1.260s] running install_egg_info
[1.263s] removing '/home/firdaus/arduinobot_ws/install/arduinobot_py_examples/lib/python3.10/site-packages/arduinobot_py_examples-0.0.0-py3.10.egg-info' (and everything under it)
[1.269s] Copying ../../build/arduinobot_py_examples/arduinobot_py_examples.egg-info to /home/firdaus/arduinobot_ws/install/arduinobot_py_examples/lib/python3.10/site-packages/arduinobot_py_examples-0.0.0-py3.10.egg-info
[1.271s] running install_scripts
[1.294s] Installing simple_parameter script to /home/firdaus/arduinobot_ws/install/arduinobot_py_examples/lib/arduinobot_py_examples
[1.295s] Installing simple_publisher script to /home/firdaus/arduinobot_ws/install/arduinobot_py_examples/lib/arduinobot_py_examples
[1.296s] Installing simple_subscriber script to /home/firdaus/arduinobot_ws/install/arduinobot_py_examples/lib/arduinobot_py_examples
[1.296s] writing list of installed files to '/home/firdaus/arduinobot_ws/build/arduinobot_py_examples/install.log'
[1.320s] Invoked command in '/home/firdaus/arduinobot_ws/src/arduinobot_py_examples' returned '0': PYTHONPATH=/home/firdaus/arduinobot_ws/build/arduinobot_py_examples/prefix_override:/usr/lib/python3/dist-packages/colcon_core/task/python/colcon_distutils_commands:/home/firdaus/arduinobot_ws/install/arduinobot_py_examples/lib/python3.10/site-packages:${PYTHONPATH} /usr/bin/python3 -W ignore:setup.py install is deprecated setup.py egg_info --egg-base ../../build/arduinobot_py_examples build --build-base /home/firdaus/arduinobot_ws/build/arduinobot_py_examples/build install --record /home/firdaus/arduinobot_ws/build/arduinobot_py_examples/install.log --single-version-externally-managed install_data
