[0.827s] Invoking command in '/home/firdaus/arduinobot_ws/src/arduinobot_py_examples': PYTHONPATH=/home/firdaus/arduinobot_ws/build/arduinobot_py_examples/prefix_override:/usr/lib/python3/dist-packages/colcon_core/task/python/colcon_distutils_commands:/home/firdaus/arduinobot_ws/install/arduinobot_py_examples/lib/python3.10/site-packages:${PYTHONPATH} /usr/bin/python3 -W ignore:setup.py install is deprecated setup.py egg_info --egg-base ../../build/arduinobot_py_examples build --build-base /home/firdaus/arduinobot_ws/build/arduinobot_py_examples/build install --record /home/firdaus/arduinobot_ws/build/arduinobot_py_examples/install.log --single-version-externally-managed install_data
[1.062s] running egg_info
[1.063s] writing ../../build/arduinobot_py_examples/arduinobot_py_examples.egg-info/PKG-INFO
[1.064s] writing dependency_links to ../../build/arduinobot_py_examples/arduinobot_py_examples.egg-info/dependency_links.txt
[1.064s] writing entry points to ../../build/arduinobot_py_examples/arduinobot_py_examples.egg-info/entry_points.txt
[1.065s] writing requirements to ../../build/arduinobot_py_examples/arduinobot_py_examples.egg-info/requires.txt
[1.066s] writing top-level names to ../../build/arduinobot_py_examples/arduinobot_py_examples.egg-info/top_level.txt
[1.068s] reading manifest file '../../build/arduinobot_py_examples/arduinobot_py_examples.egg-info/SOURCES.txt'
[1.069s] writing manifest file '../../build/arduinobot_py_examples/arduinobot_py_examples.egg-info/SOURCES.txt'
[1.069s] running build
[1.069s] running build_py
[1.070s] running install
[1.070s] running install_lib
[1.071s] running install_data
[1.071s] running install_egg_info
[1.073s] removing '/home/firdaus/arduinobot_ws/install/arduinobot_py_examples/lib/python3.10/site-packages/arduinobot_py_examples-0.0.0-py3.10.egg-info' (and everything under it)
[1.080s] Copying ../../build/arduinobot_py_examples/arduinobot_py_examples.egg-info to /home/firdaus/arduinobot_ws/install/arduinobot_py_examples/lib/python3.10/site-packages/arduinobot_py_examples-0.0.0-py3.10.egg-info
[1.080s] running install_scripts
[1.099s] Installing simple_parameter script to /home/firdaus/arduinobot_ws/install/arduinobot_py_examples/lib/arduinobot_py_examples
[1.100s] Installing simple_publisher script to /home/firdaus/arduinobot_ws/install/arduinobot_py_examples/lib/arduinobot_py_examples
[1.101s] Installing simple_subscriber script to /home/firdaus/arduinobot_ws/install/arduinobot_py_examples/lib/arduinobot_py_examples
[1.102s] writing list of installed files to '/home/firdaus/arduinobot_ws/build/arduinobot_py_examples/install.log'
[1.123s] Invoked command in '/home/firdaus/arduinobot_ws/src/arduinobot_py_examples' returned '0': PYTHONPATH=/home/firdaus/arduinobot_ws/build/arduinobot_py_examples/prefix_override:/usr/lib/python3/dist-packages/colcon_core/task/python/colcon_distutils_commands:/home/firdaus/arduinobot_ws/install/arduinobot_py_examples/lib/python3.10/site-packages:${PYTHONPATH} /usr/bin/python3 -W ignore:setup.py install is deprecated setup.py egg_info --egg-base ../../build/arduinobot_py_examples build --build-base /home/firdaus/arduinobot_ws/build/arduinobot_py_examples/build install --record /home/firdaus/arduinobot_ws/build/arduinobot_py_examples/install.log --single-version-externally-managed install_data
