[0.170s] Invoking command in '/home/firdaus/arduinobot_ws/build/arduinobot_cpp_examples': CMAKE_PREFIX_PATH=/opt/ros/humble /usr/bin/cmake --build /home/firdaus/arduinobot_ws/build/arduinobot_cpp_examples -- -j4 -l4
[0.609s] [100%] Built target simple_publisher
[0.891s] Invoked command in '/home/firdaus/arduinobot_ws/build/arduinobot_cpp_examples' returned '0': CMAKE_PREFIX_PATH=/opt/ros/humble /usr/bin/cmake --build /home/firdaus/arduinobot_ws/build/arduinobot_cpp_examples -- -j4 -l4
[1.180s] Invoking command in '/home/firdaus/arduinobot_ws/build/arduinobot_cpp_examples': CMAKE_PREFIX_PATH=/opt/ros/humble /usr/bin/cmake --install /home/firdaus/arduinobot_ws/build/arduinobot_cpp_examples
[1.278s] -- Install configuration: ""
[1.281s] -- Up-to-date: /home/firdaus/arduinobot_ws/install/arduinobot_cpp_examples/lib/arduinobot_cpp_examples/simple_publisher
[1.282s] -- Up-to-date: /home/firdaus/arduinobot_ws/install/arduinobot_cpp_examples/share/ament_index/resource_index/package_run_dependencies/arduinobot_cpp_examples
[1.371s] -- Up-to-date: /home/firdaus/arduinobot_ws/install/arduinobot_cpp_examples/share/ament_index/resource_index/parent_prefix_path/arduinobot_cpp_examples
[1.371s] -- Up-to-date: /home/firdaus/arduinobot_ws/install/arduinobot_cpp_examples/share/arduinobot_cpp_examples/environment/ament_prefix_path.sh
[1.371s] -- Up-to-date: /home/firdaus/arduinobot_ws/install/arduinobot_cpp_examples/share/arduinobot_cpp_examples/environment/ament_prefix_path.dsv
[1.371s] -- Up-to-date: /home/firdaus/arduinobot_ws/install/arduinobot_cpp_examples/share/arduinobot_cpp_examples/environment/path.sh
[1.371s] -- Up-to-date: /home/firdaus/arduinobot_ws/install/arduinobot_cpp_examples/share/arduinobot_cpp_examples/environment/path.dsv
[1.405s] -- Up-to-date: /home/firdaus/arduinobot_ws/install/arduinobot_cpp_examples/share/arduinobot_cpp_examples/local_setup.bash
[1.407s] -- Up-to-date: /home/firdaus/arduinobot_ws/install/arduinobot_cpp_examples/share/arduinobot_cpp_examples/local_setup.sh
[1.407s] -- Up-to-date: /home/firdaus/arduinobot_ws/install/arduinobot_cpp_examples/share/arduinobot_cpp_examples/local_setup.zsh
[1.418s] -- Up-to-date: /home/firdaus/arduinobot_ws/install/arduinobot_cpp_examples/share/arduinobot_cpp_examples/local_setup.dsv
[1.419s] -- Installing: /home/firdaus/arduinobot_ws/install/arduinobot_cpp_examples/share/arduinobot_cpp_examples/package.dsv
[1.419s] -- Up-to-date: /home/firdaus/arduinobot_ws/install/arduinobot_cpp_examples/share/ament_index/resource_index/packages/arduinobot_cpp_examples
[1.420s] -- Up-to-date: /home/firdaus/arduinobot_ws/install/arduinobot_cpp_examples/share/arduinobot_cpp_examples/cmake/arduinobot_cpp_examplesConfig.cmake
[1.420s] -- Up-to-date: /home/firdaus/arduinobot_ws/install/arduinobot_cpp_examples/share/arduinobot_cpp_examples/cmake/arduinobot_cpp_examplesConfig-version.cmake
[1.420s] -- Up-to-date: /home/firdaus/arduinobot_ws/install/arduinobot_cpp_examples/share/arduinobot_cpp_examples/package.xml
[1.420s] Invoked command in '/home/firdaus/arduinobot_ws/build/arduinobot_cpp_examples' returned '0': CMAKE_PREFIX_PATH=/opt/ros/humble /usr/bin/cmake --install /home/firdaus/arduinobot_ws/build/arduinobot_cpp_examples
