[0.367s] Invoking command in '/home/firdaus/arduinobot_ws/build/arduinobot_description': CMAKE_PREFIX_PATH=${CMAKE_PREFIX_PATH}:/home/firdaus/arduinobot_ws/install/arduinobot_py_examples:/home/firdaus/install/arduinobot_py_examples:/opt/ros/humble /usr/bin/cmake --build /home/firdaus/arduinobot_ws/build/arduinobot_description -- -j4 -l4
[0.435s] Invoked command in '/home/firdaus/arduinobot_ws/build/arduinobot_description' returned '0': CMAKE_PREFIX_PATH=${CMAKE_PREFIX_PATH}:/home/firdaus/arduinobot_ws/install/arduinobot_py_examples:/home/firdaus/install/arduinobot_py_examples:/opt/ros/humble /usr/bin/cmake --build /home/firdaus/arduinobot_ws/build/arduinobot_description -- -j4 -l4
[0.585s] Invoking command in '/home/firdaus/arduinobot_ws/build/arduinobot_description': CMAKE_PREFIX_PATH=${CMAKE_PREFIX_PATH}:/home/firdaus/arduinobot_ws/install/arduinobot_py_examples:/home/firdaus/install/arduinobot_py_examples:/opt/ros/humble /usr/bin/cmake --install /home/firdaus/arduinobot_ws/build/arduinobot_description
[0.597s] -- Install configuration: ""
[0.598s] -- Up-to-date: /home/firdaus/arduinobot_ws/install/arduinobot_description/share/arduinobot_description/meshes
[0.599s] -- Up-to-date: /home/firdaus/arduinobot_ws/install/arduinobot_description/share/arduinobot_description/meshes/forward_drive_arm.STL
[0.600s] -- Up-to-date: /home/firdaus/arduinobot_ws/install/arduinobot_description/share/arduinobot_description/meshes/claw_support.STL
[0.601s] -- Up-to-date: /home/firdaus/arduinobot_ws/install/arduinobot_description/share/arduinobot_description/meshes/basement.STL
[0.602s] -- Up-to-date: /home/firdaus/arduinobot_ws/install/arduinobot_description/share/arduinobot_description/meshes/vertical_drive_arm.STL
[0.603s] -- Up-to-date: /home/firdaus/arduinobot_ws/install/arduinobot_description/share/arduinobot_description/meshes/plate.STL
[0.604s] -- Up-to-date: /home/firdaus/arduinobot_ws/install/arduinobot_description/share/arduinobot_description/meshes/right_finger.STL
[0.604s] -- Up-to-date: /home/firdaus/arduinobot_ws/install/arduinobot_description/share/arduinobot_description/meshes/base_plate.STL
[0.604s] -- Up-to-date: /home/firdaus/arduinobot_ws/install/arduinobot_description/share/arduinobot_description/meshes/link.STL
[0.606s] -- Up-to-date: /home/firdaus/arduinobot_ws/install/arduinobot_description/share/arduinobot_description/meshes/triangular_link.STL
[0.606s] -- Up-to-date: /home/firdaus/arduinobot_ws/install/arduinobot_description/share/arduinobot_description/meshes/left_finger.STL
[0.606s] -- Up-to-date: /home/firdaus/arduinobot_ws/install/arduinobot_description/share/arduinobot_description/meshes/servo_plate.STL
[0.606s] -- Up-to-date: /home/firdaus/arduinobot_ws/install/arduinobot_description/share/arduinobot_description/meshes/pi_camera.STL
[0.608s] -- Up-to-date: /home/firdaus/arduinobot_ws/install/arduinobot_description/share/arduinobot_description/meshes/round_plate.STL
[0.608s] -- Up-to-date: /home/firdaus/arduinobot_ws/install/arduinobot_description/share/arduinobot_description/meshes/horizontal_arm.STL
[0.608s] -- Up-to-date: /home/firdaus/arduinobot_ws/install/arduinobot_description/share/arduinobot_description/urdf
[0.608s] -- Installing: /home/firdaus/arduinobot_ws/install/arduinobot_description/share/arduinobot_description/urdf/arduinobot.urdf.xacro
[0.611s] -- Up-to-date: /home/firdaus/arduinobot_ws/install/arduinobot_description/share/arduinobot_description/launch
[0.611s] -- Up-to-date: /home/firdaus/arduinobot_ws/install/arduinobot_description/share/arduinobot_description/launch/display.launch.py
[0.612s] -- Up-to-date: /home/firdaus/arduinobot_ws/install/arduinobot_description/share/arduinobot_description/rviz
[0.612s] -- Up-to-date: /home/firdaus/arduinobot_ws/install/arduinobot_description/share/arduinobot_description/rviz/display.rviz
[0.613s] -- Up-to-date: /home/firdaus/arduinobot_ws/install/arduinobot_description/share/ament_index/resource_index/package_run_dependencies/arduinobot_description
[0.613s] -- Up-to-date: /home/firdaus/arduinobot_ws/install/arduinobot_description/share/ament_index/resource_index/parent_prefix_path/arduinobot_description
[0.615s] -- Up-to-date: /home/firdaus/arduinobot_ws/install/arduinobot_description/share/arduinobot_description/environment/ament_prefix_path.sh
[0.615s] -- Up-to-date: /home/firdaus/arduinobot_ws/install/arduinobot_description/share/arduinobot_description/environment/ament_prefix_path.dsv
[0.615s] -- Up-to-date: /home/firdaus/arduinobot_ws/install/arduinobot_description/share/arduinobot_description/environment/path.sh
[0.615s] -- Up-to-date: /home/firdaus/arduinobot_ws/install/arduinobot_description/share/arduinobot_description/environment/path.dsv
[0.616s] -- Up-to-date: /home/firdaus/arduinobot_ws/install/arduinobot_description/share/arduinobot_description/local_setup.bash
[0.616s] -- Up-to-date: /home/firdaus/arduinobot_ws/install/arduinobot_description/share/arduinobot_description/local_setup.sh
[0.617s] -- Up-to-date: /home/firdaus/arduinobot_ws/install/arduinobot_description/share/arduinobot_description/local_setup.zsh
[0.618s] -- Up-to-date: /home/firdaus/arduinobot_ws/install/arduinobot_description/share/arduinobot_description/local_setup.dsv
[0.618s] -- Installing: /home/firdaus/arduinobot_ws/install/arduinobot_description/share/arduinobot_description/package.dsv
[0.620s] -- Up-to-date: /home/firdaus/arduinobot_ws/install/arduinobot_description/share/ament_index/resource_index/packages/arduinobot_description
[0.621s] -- Up-to-date: /home/firdaus/arduinobot_ws/install/arduinobot_description/share/arduinobot_description/cmake/arduinobot_descriptionConfig.cmake
[0.622s] -- Up-to-date: /home/firdaus/arduinobot_ws/install/arduinobot_description/share/arduinobot_description/cmake/arduinobot_descriptionConfig-version.cmake
[0.622s] -- Up-to-date: /home/firdaus/arduinobot_ws/install/arduinobot_description/share/arduinobot_description/package.xml
[0.634s] Invoked command in '/home/firdaus/arduinobot_ws/build/arduinobot_description' returned '0': CMAKE_PREFIX_PATH=${CMAKE_PREFIX_PATH}:/home/firdaus/arduinobot_ws/install/arduinobot_py_examples:/home/firdaus/install/arduinobot_py_examples:/opt/ros/humble /usr/bin/cmake --install /home/firdaus/arduinobot_ws/build/arduinobot_description
