[0.047s] Invoking command in '/home/firdaus/arduinobot_ws/build/arduinobot_description': CMAKE_PREFIX_PATH=${CMAKE_PREFIX_PATH}:/home/firdaus/arduinobot_ws/install/arduinobot_py_examples:/opt/ros/humble /usr/bin/cmake --build /home/firdaus/arduinobot_ws/build/arduinobot_description -- -j4 -l4
[0.349s] Invoked command in '/home/firdaus/arduinobot_ws/build/arduinobot_description' returned '0': CMAKE_PREFIX_PATH=${CMAKE_PREFIX_PATH}:/home/firdaus/arduinobot_ws/install/arduinobot_py_examples:/opt/ros/humble /usr/bin/cmake --build /home/firdaus/arduinobot_ws/build/arduinobot_description -- -j4 -l4
[0.457s] Invoking command in '/home/firdaus/arduinobot_ws/build/arduinobot_description': CMAKE_PREFIX_PATH=${CMAKE_PREFIX_PATH}:/home/firdaus/arduinobot_ws/install/arduinobot_py_examples:/opt/ros/humble /usr/bin/cmake --install /home/firdaus/arduinobot_ws/build/arduinobot_description
[0.472s] -- Install configuration: ""
[0.472s] -- Up-to-date: /home/firdaus/arduinobot_ws/install/arduinobot_description/share/arduinobot_description/meshes
[0.473s] -- Up-to-date: /home/firdaus/arduinobot_ws/install/arduinobot_description/share/arduinobot_description/meshes/forward_drive_arm.STL
[0.474s] -- Up-to-date: /home/firdaus/arduinobot_ws/install/arduinobot_description/share/arduinobot_description/meshes/claw_support.STL
[0.474s] -- Up-to-date: /home/firdaus/arduinobot_ws/install/arduinobot_description/share/arduinobot_description/meshes/basement.STL
[0.474s] -- Up-to-date: /home/firdaus/arduinobot_ws/install/arduinobot_description/share/arduinobot_description/meshes/vertical_drive_arm.STL
[0.474s] -- Up-to-date: /home/firdaus/arduinobot_ws/install/arduinobot_description/share/arduinobot_description/meshes/plate.STL
[0.474s] -- Up-to-date: /home/firdaus/arduinobot_ws/install/arduinobot_description/share/arduinobot_description/meshes/right_finger.STL
[0.474s] -- Up-to-date: /home/firdaus/arduinobot_ws/install/arduinobot_description/share/arduinobot_description/meshes/base_plate.STL
[0.475s] -- Up-to-date: /home/firdaus/arduinobot_ws/install/arduinobot_description/share/arduinobot_description/meshes/link.STL
[0.475s] -- Up-to-date: /home/firdaus/arduinobot_ws/install/arduinobot_description/share/arduinobot_description/meshes/triangular_link.STL
[0.475s] -- Up-to-date: /home/firdaus/arduinobot_ws/install/arduinobot_description/share/arduinobot_description/meshes/left_finger.STL
[0.475s] -- Up-to-date: /home/firdaus/arduinobot_ws/install/arduinobot_description/share/arduinobot_description/meshes/servo_plate.STL
[0.475s] -- Up-to-date: /home/firdaus/arduinobot_ws/install/arduinobot_description/share/arduinobot_description/meshes/round_plate.STL
[0.475s] -- Up-to-date: /home/firdaus/arduinobot_ws/install/arduinobot_description/share/arduinobot_description/meshes/horizontal_arm.STL
[0.475s] -- Up-to-date: /home/firdaus/arduinobot_ws/install/arduinobot_description/share/arduinobot_description/urdf
[0.475s] -- Installing: /home/firdaus/arduinobot_ws/install/arduinobot_description/share/arduinobot_description/urdf/arduinobot.urdf.xacro
[0.475s] -- Up-to-date: /home/firdaus/arduinobot_ws/install/arduinobot_description/share/ament_index/resource_index/package_run_dependencies/arduinobot_description
[0.475s] -- Up-to-date: /home/firdaus/arduinobot_ws/install/arduinobot_description/share/ament_index/resource_index/parent_prefix_path/arduinobot_description
[0.475s] -- Up-to-date: /home/firdaus/arduinobot_ws/install/arduinobot_description/share/arduinobot_description/environment/ament_prefix_path.sh
[0.476s] -- Up-to-date: /home/firdaus/arduinobot_ws/install/arduinobot_description/share/arduinobot_description/environment/ament_prefix_path.dsv
[0.476s] -- Up-to-date: /home/firdaus/arduinobot_ws/install/arduinobot_description/share/arduinobot_description/environment/path.sh
[0.476s] -- Up-to-date: /home/firdaus/arduinobot_ws/install/arduinobot_description/share/arduinobot_description/environment/path.dsv
[0.476s] -- Up-to-date: /home/firdaus/arduinobot_ws/install/arduinobot_description/share/arduinobot_description/local_setup.bash
[0.476s] -- Up-to-date: /home/firdaus/arduinobot_ws/install/arduinobot_description/share/arduinobot_description/local_setup.sh
[0.476s] -- Up-to-date: /home/firdaus/arduinobot_ws/install/arduinobot_description/share/arduinobot_description/local_setup.zsh
[0.476s] -- Up-to-date: /home/firdaus/arduinobot_ws/install/arduinobot_description/share/arduinobot_description/local_setup.dsv
[0.476s] -- Installing: /home/firdaus/arduinobot_ws/install/arduinobot_description/share/arduinobot_description/package.dsv
[0.476s] -- Up-to-date: /home/firdaus/arduinobot_ws/install/arduinobot_description/share/ament_index/resource_index/packages/arduinobot_description
[0.476s] -- Up-to-date: /home/firdaus/arduinobot_ws/install/arduinobot_description/share/arduinobot_description/cmake/arduinobot_descriptionConfig.cmake
[0.476s] -- Up-to-date: /home/firdaus/arduinobot_ws/install/arduinobot_description/share/arduinobot_description/cmake/arduinobot_descriptionConfig-version.cmake
[0.476s] -- Up-to-date: /home/firdaus/arduinobot_ws/install/arduinobot_description/share/arduinobot_description/package.xml
[0.497s] Invoked command in '/home/firdaus/arduinobot_ws/build/arduinobot_description' returned '0': CMAKE_PREFIX_PATH=${CMAKE_PREFIX_PATH}:/home/firdaus/arduinobot_ws/install/arduinobot_py_examples:/opt/ros/humble /usr/bin/cmake --install /home/firdaus/arduinobot_ws/build/arduinobot_description
