[0.086s] Invoking command in '/home/firdaus/arduinobot_ws/build/arduinobot_controller': CMAKE_PREFIX_PATH=/opt/ros/humble /usr/bin/cmake /home/firdaus/arduinobot_ws/src/arduinobot_controller -DCMAKE_INSTALL_PREFIX=/home/firdaus/arduinobot_ws/install/arduinobot_controller
[0.620s] -- The C compiler identification is GNU 11.4.0
[1.009s] -- The CXX compiler identification is GNU 11.4.0
[1.059s] -- Detecting C compiler ABI info
[1.250s] -- Detecting C compiler ABI info - done
[1.257s] -- Check for working C compiler: /usr/bin/cc - skipped
[1.260s] -- Detecting C compile features
[1.262s] -- Detecting C compile features - done
[1.290s] -- Detecting CXX compiler ABI info
[1.467s] -- Detecting CXX compiler ABI info - done
[1.472s] -- Check for working CXX compiler: /usr/bin/c++ - skipped
[1.472s] -- Detecting CXX compile features
[1.473s] -- Detecting CXX compile features - done
[1.502s] -- Found ament_cmake: 1.3.9 (/opt/ros/humble/share/ament_cmake/cmake)
[1.709s] -- Found Python3: /usr/bin/python3 (found version "3.10.12") found components: Interpreter 
[1.835s] -- Found ament_lint_auto: 0.12.11 (/opt/ros/humble/share/ament_lint_auto/cmake)
[1.938s] -- Added test 'lint_cmake' to check CMake code style
[1.941s] -- Added test 'xmllint' to check XML markup files
[1.944s] -- Configuring done
[1.950s] -- Generating done
[1.952s] -- Build files have been written to: /home/firdaus/arduinobot_ws/build/arduinobot_controller
[1.959s] Invoked command in '/home/firdaus/arduinobot_ws/build/arduinobot_controller' returned '0': CMAKE_PREFIX_PATH=/opt/ros/humble /usr/bin/cmake /home/firdaus/arduinobot_ws/src/arduinobot_controller -DCMAKE_INSTALL_PREFIX=/home/firdaus/arduinobot_ws/install/arduinobot_controller
[1.959s] Invoking command in '/home/firdaus/arduinobot_ws/build/arduinobot_controller': CMAKE_PREFIX_PATH=/opt/ros/humble /usr/bin/cmake --build /home/firdaus/arduinobot_ws/build/arduinobot_controller -- -j4 -l4
[2.032s] Invoked command in '/home/firdaus/arduinobot_ws/build/arduinobot_controller' returned '0': CMAKE_PREFIX_PATH=/opt/ros/humble /usr/bin/cmake --build /home/firdaus/arduinobot_ws/build/arduinobot_controller -- -j4 -l4
[2.091s] Invoking command in '/home/firdaus/arduinobot_ws/build/arduinobot_controller': CMAKE_PREFIX_PATH=/opt/ros/humble /usr/bin/cmake --install /home/firdaus/arduinobot_ws/build/arduinobot_controller
[2.094s] -- Install configuration: ""
[2.096s] -- Installing: /home/firdaus/arduinobot_ws/install/arduinobot_controller/share/ament_index/resource_index/package_run_dependencies/arduinobot_controller
[2.097s] -- Installing: /home/firdaus/arduinobot_ws/install/arduinobot_controller/share/ament_index/resource_index/parent_prefix_path/arduinobot_controller
[2.098s] -- Installing: /home/firdaus/arduinobot_ws/install/arduinobot_controller/share/arduinobot_controller/environment/ament_prefix_path.sh
[2.098s] -- Installing: /home/firdaus/arduinobot_ws/install/arduinobot_controller/share/arduinobot_controller/environment/ament_prefix_path.dsv
[2.099s] -- Installing: /home/firdaus/arduinobot_ws/install/arduinobot_controller/share/arduinobot_controller/environment/path.sh
[2.099s] -- Installing: /home/firdaus/arduinobot_ws/install/arduinobot_controller/share/arduinobot_controller/environment/path.dsv
[2.099s] -- Installing: /home/firdaus/arduinobot_ws/install/arduinobot_controller/share/arduinobot_controller/local_setup.bash
[2.100s] -- Installing: /home/firdaus/arduinobot_ws/install/arduinobot_controller/share/arduinobot_controller/local_setup.sh
[2.101s] -- Installing: /home/firdaus/arduinobot_ws/install/arduinobot_controller/share/arduinobot_controller/local_setup.zsh
[2.101s] -- Installing: /home/firdaus/arduinobot_ws/install/arduinobot_controller/share/arduinobot_controller/local_setup.dsv
[2.101s] -- Installing: /home/firdaus/arduinobot_ws/install/arduinobot_controller/share/arduinobot_controller/package.dsv
[2.102s] -- Installing: /home/firdaus/arduinobot_ws/install/arduinobot_controller/share/ament_index/resource_index/packages/arduinobot_controller
[2.102s] -- Installing: /home/firdaus/arduinobot_ws/install/arduinobot_controller/share/arduinobot_controller/cmake/arduinobot_controllerConfig.cmake
[2.102s] -- Installing: /home/firdaus/arduinobot_ws/install/arduinobot_controller/share/arduinobot_controller/cmake/arduinobot_controllerConfig-version.cmake
[2.102s] -- Installing: /home/firdaus/arduinobot_ws/install/arduinobot_controller/share/arduinobot_controller/package.xml
[2.106s] Invoked command in '/home/firdaus/arduinobot_ws/build/arduinobot_controller' returned '0': CMAKE_PREFIX_PATH=/opt/ros/humble /usr/bin/cmake --install /home/firdaus/arduinobot_ws/build/arduinobot_controller
