[0.175s] Invoking command in '/home/firdaus/arduinobot_ws/build/arduinobot_controller': CMAKE_PREFIX_PATH=/opt/ros/humble /usr/bin/cmake --build /home/firdaus/arduinobot_ws/build/arduinobot_controller -- -j4 -l4
[0.666s] Invoked command in '/home/firdaus/arduinobot_ws/build/arduinobot_controller' returned '0': CMAKE_PREFIX_PATH=/opt/ros/humble /usr/bin/cmake --build /home/firdaus/arduinobot_ws/build/arduinobot_controller -- -j4 -l4
[0.913s] Invoking command in '/home/firdaus/arduinobot_ws/build/arduinobot_controller': CMAKE_PREFIX_PATH=/opt/ros/humble /usr/bin/cmake --install /home/firdaus/arduinobot_ws/build/arduinobot_controller
[0.965s] -- Install configuration: ""
[0.965s] -- Up-to-date: /home/firdaus/arduinobot_ws/install/arduinobot_controller/share/arduinobot_controller/config
[0.965s] -- Up-to-date: /home/firdaus/arduinobot_ws/install/arduinobot_controller/share/arduinobot_controller/config/arduinobot_controllers.yaml
[0.965s] -- Up-to-date: /home/firdaus/arduinobot_ws/install/arduinobot_controller/share/arduinobot_controller/launch
[0.966s] -- Up-to-date: /home/firdaus/arduinobot_ws/install/arduinobot_controller/share/arduinobot_controller/launch/controller.launch.py
[0.966s] -- Up-to-date: /home/firdaus/arduinobot_ws/install/arduinobot_controller/share/ament_index/resource_index/package_run_dependencies/arduinobot_controller
[0.966s] -- Up-to-date: /home/firdaus/arduinobot_ws/install/arduinobot_controller/share/ament_index/resource_index/parent_prefix_path/arduinobot_controller
[0.981s] -- Up-to-date: /home/firdaus/arduinobot_ws/install/arduinobot_controller/share/arduinobot_controller/environment/ament_prefix_path.sh
[0.981s] -- Up-to-date: /home/firdaus/arduinobot_ws/install/arduinobot_controller/share/arduinobot_controller/environment/ament_prefix_path.dsv
[0.982s] -- Up-to-date: /home/firdaus/arduinobot_ws/install/arduinobot_controller/share/arduinobot_controller/environment/path.sh
[0.982s] -- Up-to-date: /home/firdaus/arduinobot_ws/install/arduinobot_controller/share/arduinobot_controller/environment/path.dsv
[0.984s] -- Up-to-date: /home/firdaus/arduinobot_ws/install/arduinobot_controller/share/arduinobot_controller/local_setup.bash
[1.004s] -- Up-to-date: /home/firdaus/arduinobot_ws/install/arduinobot_controller/share/arduinobot_controller/local_setup.sh
[1.004s] -- Up-to-date: /home/firdaus/arduinobot_ws/install/arduinobot_controller/share/arduinobot_controller/local_setup.zsh
[1.005s] -- Up-to-date: /home/firdaus/arduinobot_ws/install/arduinobot_controller/share/arduinobot_controller/local_setup.dsv
[1.005s] -- Installing: /home/firdaus/arduinobot_ws/install/arduinobot_controller/share/arduinobot_controller/package.dsv
[1.005s] -- Up-to-date: /home/firdaus/arduinobot_ws/install/arduinobot_controller/share/ament_index/resource_index/packages/arduinobot_controller
[1.005s] -- Up-to-date: /home/firdaus/arduinobot_ws/install/arduinobot_controller/share/arduinobot_controller/cmake/arduinobot_controllerConfig.cmake
[1.005s] -- Up-to-date: /home/firdaus/arduinobot_ws/install/arduinobot_controller/share/arduinobot_controller/cmake/arduinobot_controllerConfig-version.cmake
[1.006s] -- Up-to-date: /home/firdaus/arduinobot_ws/install/arduinobot_controller/share/arduinobot_controller/package.xml
[1.006s] Invoked command in '/home/firdaus/arduinobot_ws/build/arduinobot_controller' returned '0': CMAKE_PREFIX_PATH=/opt/ros/humble /usr/bin/cmake --install /home/firdaus/arduinobot_ws/build/arduinobot_controller
