[0.060s] Invoking command in '/home/firdaus/arduinobot_ws/build/arduinobot_msgs': CMAKE_PREFIX_PATH=/opt/ros/humble /usr/bin/cmake --build /home/firdaus/arduinobot_ws/build/arduinobot_msgs -- -j4 -l4
[0.122s] -- Found ament_cmake: 1.3.9 (/opt/ros/humble/share/ament_cmake/cmake)
[0.425s] -- Found std_msgs: 4.2.4 (/opt/ros/humble/share/std_msgs/cmake)
[0.804s] -- Found rosidl_generator_c: 3.1.5 (/opt/ros/humble/share/rosidl_generator_c/cmake)
[0.838s] -- Found rosidl_adapter: 3.1.5 (/opt/ros/humble/share/rosidl_adapter/cmake)
[0.897s] -- Found rosidl_generator_cpp: 3.1.5 (/opt/ros/humble/share/rosidl_generator_cpp/cmake)
[0.996s] -- Using all available rosidl_typesupport_c: rosidl_typesupport_fastrtps_c;rosidl_typesupport_introspection_c
[1.062s] -- Using all available rosidl_typesupport_cpp: rosidl_typesupport_fastrtps_cpp;rosidl_typesupport_introspection_cpp
[1.262s] -- Found rosidl_default_generators: 1.2.0 (/opt/ros/humble/share/rosidl_default_generators/cmake)
[1.822s] -- Found ament_cmake_ros: 0.10.0 (/opt/ros/humble/share/ament_cmake_ros/cmake)
[2.459s] -- Using all available rosidl_typesupport_c: rosidl_typesupport_fastrtps_c;rosidl_typesupport_introspection_c
[2.698s] -- Using all available rosidl_typesupport_cpp: rosidl_typesupport_fastrtps_cpp;rosidl_typesupport_introspection_cpp
[2.736s] -- Found PythonInterp: /usr/bin/python3 (found suitable version "3.10.12", minimum required is "3.6") 
[2.745s] -- Found python_cmake_module: 0.10.0 (/opt/ros/humble/share/python_cmake_module/cmake)
[2.797s] -- Found PythonLibs: /usr/lib/x86_64-linux-gnu/libpython3.10.so (found suitable version "3.10.12", minimum required is "3.5") 
[2.800s] -- Using PYTHON_EXECUTABLE: /usr/bin/python3
[2.800s] -- Using PYTHON_INCLUDE_DIRS: /usr/include/python3.10
[2.800s] -- Using PYTHON_LIBRARIES: /usr/lib/x86_64-linux-gnu/libpython3.10.so
[2.834s] -- Found PythonExtra: .so  
[2.889s] -- Found ament_lint_auto: 0.12.11 (/opt/ros/humble/share/ament_lint_auto/cmake)
[2.924s] -- Added test 'lint_cmake' to check CMake code style
[2.925s] -- Added test 'xmllint' to check XML markup files
[2.928s] -- Configuring done
[2.982s] -- Generating done
[2.989s] -- Build files have been written to: /home/firdaus/arduinobot_ws/build/arduinobot_msgs
[3.048s] [  3%] [34m[1mGenerating C code for ROS interfaces[0m
[3.090s] [  6%] [34m[1mGenerating C++ code for ROS interfaces[0m
[3.099s] [  6%] Built target ament_cmake_python_copy_arduinobot_msgs
[3.903s] running egg_info
[3.904s] creating arduinobot_msgs.egg-info
[3.905s] writing arduinobot_msgs.egg-info/PKG-INFO
[3.906s] writing dependency_links to arduinobot_msgs.egg-info/dependency_links.txt
[3.906s] writing top-level names to arduinobot_msgs.egg-info/top_level.txt
[3.906s] writing manifest file 'arduinobot_msgs.egg-info/SOURCES.txt'
[3.921s] reading manifest file 'arduinobot_msgs.egg-info/SOURCES.txt'
[3.926s] writing manifest file 'arduinobot_msgs.egg-info/SOURCES.txt'
[3.968s] [  6%] Built target ament_cmake_python_build_arduinobot_msgs_egg
[4.050s] [  6%] Built target arduinobot_msgs__cpp
[4.098s] [  9%] [34m[1mGenerating C++ type support dispatch for ROS interfaces[0m
[4.142s] [ 12%] [34m[1mGenerating C++ type support for eProsima Fast-RTPS[0m
[4.161s] [ 16%] [34m[1mGenerating C++ introspection for ROS interfaces[0m
[4.199s] [ 19%] [32mBuilding C object CMakeFiles/arduinobot_msgs__rosidl_generator_c.dir/rosidl_generator_c/arduinobot_msgs/srv/detail/add_two_in__functions.c.o[0m
[4.677s] [ 22%] [32m[1mLinking C shared library libarduinobot_msgs__rosidl_generator_c.so[0m
[4.938s] [ 22%] Built target arduinobot_msgs__rosidl_generator_c
[4.982s] [ 25%] [34m[1mGenerating C introspection for ROS interfaces[0m
[5.034s] [ 29%] [32mBuilding CXX object CMakeFiles/arduinobot_msgs__rosidl_typesupport_fastrtps_cpp.dir/rosidl_typesupport_fastrtps_cpp/arduinobot_msgs/srv/detail/dds_fastrtps/add_two_in__type_support.cpp.o[0m
[5.102s] [ 32%] [32mBuilding CXX object CMakeFiles/arduinobot_msgs__rosidl_typesupport_cpp.dir/rosidl_typesupport_cpp/arduinobot_msgs/srv/add_two_in__type_support.cpp.o[0m
[5.107s] [ 35%] [32mBuilding CXX object CMakeFiles/arduinobot_msgs__rosidl_typesupport_introspection_cpp.dir/rosidl_typesupport_introspection_cpp/arduinobot_msgs/srv/detail/add_two_in__type_support.cpp.o[0m
[5.830s] [ 38%] [32mBuilding C object CMakeFiles/arduinobot_msgs__rosidl_typesupport_introspection_c.dir/rosidl_typesupport_introspection_c/arduinobot_msgs/srv/detail/add_two_in__type_support.c.o[0m
[5.921s] [ 41%] [32m[1mLinking C shared library libarduinobot_msgs__rosidl_typesupport_introspection_c.so[0m
[6.125s] [ 41%] Built target arduinobot_msgs__rosidl_typesupport_introspection_c
[6.153s] [ 45%] [32m[1mLinking CXX shared library libarduinobot_msgs__rosidl_typesupport_cpp.so[0m
[6.183s] [ 48%] [34m[1mGenerating C type support dispatch for ROS interfaces[0m
[6.616s] [ 48%] Built target arduinobot_msgs__rosidl_typesupport_cpp
[6.629s] [ 51%] [32m[1mLinking CXX shared library libarduinobot_msgs__rosidl_typesupport_fastrtps_cpp.so[0m
[6.651s] [ 54%] [34m[1mGenerating C type support for eProsima Fast-RTPS[0m
[6.921s] [ 58%] [32m[1mLinking CXX shared library libarduinobot_msgs__rosidl_typesupport_introspection_cpp.so[0m
[6.930s] [ 58%] Built target arduinobot_msgs__rosidl_typesupport_fastrtps_cpp
[6.938s] [ 61%] [32mBuilding CXX object CMakeFiles/arduinobot_msgs__rosidl_typesupport_c.dir/rosidl_typesupport_c/arduinobot_msgs/srv/add_two_in__type_support.cpp.o[0m
[7.055s] [ 64%] [32m[1mLinking CXX shared library libarduinobot_msgs__rosidl_typesupport_c.so[0m
[7.097s] [ 64%] Built target arduinobot_msgs__rosidl_typesupport_introspection_cpp
[7.191s] [ 64%] Built target arduinobot_msgs__rosidl_typesupport_c
[7.205s] [ 67%] [32mBuilding CXX object CMakeFiles/arduinobot_msgs__rosidl_typesupport_fastrtps_c.dir/rosidl_typesupport_fastrtps_c/arduinobot_msgs/srv/detail/add_two_in__type_support_c.cpp.o[0m
[7.630s] [ 70%] [32m[1mLinking CXX shared library libarduinobot_msgs__rosidl_typesupport_fastrtps_c.so[0m
[7.772s] [ 70%] Built target arduinobot_msgs__rosidl_typesupport_fastrtps_c
[7.814s] [ 70%] Built target arduinobot_msgs
[7.869s] [ 74%] [34m[1mGenerating Python code for ROS interfaces[0m
[8.502s] [ 74%] Built target arduinobot_msgs__py
[8.565s] [ 77%] [32mBuilding C object CMakeFiles/arduinobot_msgs__rosidl_generator_py.dir/rosidl_generator_py/arduinobot_msgs/srv/_add_two_in_s.c.o[0m
[8.904s] [ 80%] [32m[1mLinking C shared library rosidl_generator_py/arduinobot_msgs/libarduinobot_msgs__rosidl_generator_py.so[0m
[8.963s] [ 80%] Built target arduinobot_msgs__rosidl_generator_py
[9.004s] [ 83%] [32mBuilding C object CMakeFiles/arduinobot_msgs__rosidl_typesupport_fastrtps_c__pyext.dir/rosidl_generator_py/arduinobot_msgs/_arduinobot_msgs_s.ep.rosidl_typesupport_fastrtps_c.c.o[0m
[9.004s] [ 87%] [32mBuilding C object CMakeFiles/arduinobot_msgs__rosidl_typesupport_introspection_c__pyext.dir/rosidl_generator_py/arduinobot_msgs/_arduinobot_msgs_s.ep.rosidl_typesupport_introspection_c.c.o[0m
[9.007s] [ 90%] [32mBuilding C object CMakeFiles/arduinobot_msgs__rosidl_typesupport_c__pyext.dir/rosidl_generator_py/arduinobot_msgs/_arduinobot_msgs_s.ep.rosidl_typesupport_c.c.o[0m
[9.169s] [ 93%] [32m[1mLinking C shared library rosidl_generator_py/arduinobot_msgs/arduinobot_msgs_s__rosidl_typesupport_introspection_c.cpython-310-x86_64-linux-gnu.so[0m
[9.195s] [ 96%] [32m[1mLinking C shared library rosidl_generator_py/arduinobot_msgs/arduinobot_msgs_s__rosidl_typesupport_fastrtps_c.cpython-310-x86_64-linux-gnu.so[0m
[9.210s] [100%] [32m[1mLinking C shared library rosidl_generator_py/arduinobot_msgs/arduinobot_msgs_s__rosidl_typesupport_c.cpython-310-x86_64-linux-gnu.so[0m
[9.231s] [100%] Built target arduinobot_msgs__rosidl_typesupport_introspection_c__pyext
[9.278s] [100%] Built target arduinobot_msgs__rosidl_typesupport_fastrtps_c__pyext
[9.288s] [100%] Built target arduinobot_msgs__rosidl_typesupport_c__pyext
[9.309s] Invoked command in '/home/firdaus/arduinobot_ws/build/arduinobot_msgs' returned '0': CMAKE_PREFIX_PATH=/opt/ros/humble /usr/bin/cmake --build /home/firdaus/arduinobot_ws/build/arduinobot_msgs -- -j4 -l4
[9.527s] Invoking command in '/home/firdaus/arduinobot_ws/build/arduinobot_msgs': CMAKE_PREFIX_PATH=/opt/ros/humble /usr/bin/cmake --install /home/firdaus/arduinobot_ws/build/arduinobot_msgs
[9.539s] -- Install configuration: ""
[9.540s] -- Installing: /home/firdaus/arduinobot_ws/install/arduinobot_msgs/share/ament_index/resource_index/rosidl_interfaces/arduinobot_msgs
[9.540s] -- Installing: /home/firdaus/arduinobot_ws/install/arduinobot_msgs/include/arduinobot_msgs/arduinobot_msgs
[9.548s] -- Installing: /home/firdaus/arduinobot_ws/install/arduinobot_msgs/include/arduinobot_msgs/arduinobot_msgs/msg
[9.548s] -- Installing: /home/firdaus/arduinobot_ws/install/arduinobot_msgs/include/arduinobot_msgs/arduinobot_msgs/msg/rosidl_generator_c__visibility_control.h
[9.548s] -- Installing: /home/firdaus/arduinobot_ws/install/arduinobot_msgs/include/arduinobot_msgs/arduinobot_msgs/srv
[9.548s] -- Installing: /home/firdaus/arduinobot_ws/install/arduinobot_msgs/include/arduinobot_msgs/arduinobot_msgs/srv/detail
[9.549s] -- Installing: /home/firdaus/arduinobot_ws/install/arduinobot_msgs/include/arduinobot_msgs/arduinobot_msgs/srv/detail/add_two_in__type_support.h
[9.549s] -- Installing: /home/firdaus/arduinobot_ws/install/arduinobot_msgs/include/arduinobot_msgs/arduinobot_msgs/srv/detail/add_two_in__functions.c
[9.562s] -- Installing: /home/firdaus/arduinobot_ws/install/arduinobot_msgs/include/arduinobot_msgs/arduinobot_msgs/srv/detail/add_two_in__functions.h
[9.562s] -- Installing: /home/firdaus/arduinobot_ws/install/arduinobot_msgs/include/arduinobot_msgs/arduinobot_msgs/srv/detail/add_two_in__struct.h
[9.562s] -- Installing: /home/firdaus/arduinobot_ws/install/arduinobot_msgs/include/arduinobot_msgs/arduinobot_msgs/srv/add_two_in.h
[9.562s] -- Installing: /home/firdaus/arduinobot_ws/install/arduinobot_msgs/share/arduinobot_msgs/environment/library_path.sh
[9.562s] -- Installing: /home/firdaus/arduinobot_ws/install/arduinobot_msgs/share/arduinobot_msgs/environment/library_path.dsv
[9.562s] -- Installing: /home/firdaus/arduinobot_ws/install/arduinobot_msgs/lib/libarduinobot_msgs__rosidl_generator_c.so
[9.562s] -- Set runtime path of "/home/firdaus/arduinobot_ws/install/arduinobot_msgs/lib/libarduinobot_msgs__rosidl_generator_c.so" to ""
[9.562s] -- Up-to-date: /home/firdaus/arduinobot_ws/install/arduinobot_msgs/include/arduinobot_msgs/arduinobot_msgs
[9.562s] -- Up-to-date: /home/firdaus/arduinobot_ws/install/arduinobot_msgs/include/arduinobot_msgs/arduinobot_msgs/msg
[9.562s] -- Installing: /home/firdaus/arduinobot_ws/install/arduinobot_msgs/include/arduinobot_msgs/arduinobot_msgs/msg/rosidl_typesupport_fastrtps_c__visibility_control.h
[9.562s] -- Up-to-date: /home/firdaus/arduinobot_ws/install/arduinobot_msgs/include/arduinobot_msgs/arduinobot_msgs/srv
[9.562s] -- Up-to-date: /home/firdaus/arduinobot_ws/install/arduinobot_msgs/include/arduinobot_msgs/arduinobot_msgs/srv/detail
[9.562s] -- Installing: /home/firdaus/arduinobot_ws/install/arduinobot_msgs/include/arduinobot_msgs/arduinobot_msgs/srv/detail/add_two_in__rosidl_typesupport_fastrtps_c.h
[9.562s] -- Installing: /home/firdaus/arduinobot_ws/install/arduinobot_msgs/lib/libarduinobot_msgs__rosidl_typesupport_fastrtps_c.so
[9.564s] -- Set runtime path of "/home/firdaus/arduinobot_ws/install/arduinobot_msgs/lib/libarduinobot_msgs__rosidl_typesupport_fastrtps_c.so" to ""
[9.564s] -- Up-to-date: /home/firdaus/arduinobot_ws/install/arduinobot_msgs/include/arduinobot_msgs/arduinobot_msgs
[9.564s] -- Up-to-date: /home/firdaus/arduinobot_ws/install/arduinobot_msgs/include/arduinobot_msgs/arduinobot_msgs/srv
[9.565s] -- Installing: /home/firdaus/arduinobot_ws/install/arduinobot_msgs/include/arduinobot_msgs/arduinobot_msgs/srv/add_two_in.hpp
[9.565s] -- Up-to-date: /home/firdaus/arduinobot_ws/install/arduinobot_msgs/include/arduinobot_msgs/arduinobot_msgs/srv/detail
[9.565s] -- Installing: /home/firdaus/arduinobot_ws/install/arduinobot_msgs/include/arduinobot_msgs/arduinobot_msgs/srv/detail/add_two_in__traits.hpp
[9.570s] -- Installing: /home/firdaus/arduinobot_ws/install/arduinobot_msgs/include/arduinobot_msgs/arduinobot_msgs/srv/detail/add_two_in__builder.hpp
[9.570s] -- Installing: /home/firdaus/arduinobot_ws/install/arduinobot_msgs/include/arduinobot_msgs/arduinobot_msgs/srv/detail/add_two_in__struct.hpp
[9.570s] -- Up-to-date: /home/firdaus/arduinobot_ws/install/arduinobot_msgs/include/arduinobot_msgs/arduinobot_msgs
[9.570s] -- Up-to-date: /home/firdaus/arduinobot_ws/install/arduinobot_msgs/include/arduinobot_msgs/arduinobot_msgs/msg
[9.571s] -- Installing: /home/firdaus/arduinobot_ws/install/arduinobot_msgs/include/arduinobot_msgs/arduinobot_msgs/msg/rosidl_typesupport_fastrtps_cpp__visibility_control.h
[9.571s] -- Up-to-date: /home/firdaus/arduinobot_ws/install/arduinobot_msgs/include/arduinobot_msgs/arduinobot_msgs/srv
[9.571s] -- Up-to-date: /home/firdaus/arduinobot_ws/install/arduinobot_msgs/include/arduinobot_msgs/arduinobot_msgs/srv/detail
[9.571s] -- Installing: /home/firdaus/arduinobot_ws/install/arduinobot_msgs/include/arduinobot_msgs/arduinobot_msgs/srv/detail/dds_fastrtps
[9.571s] -- Installing: /home/firdaus/arduinobot_ws/install/arduinobot_msgs/include/arduinobot_msgs/arduinobot_msgs/srv/detail/add_two_in__rosidl_typesupport_fastrtps_cpp.hpp
[9.571s] -- Installing: /home/firdaus/arduinobot_ws/install/arduinobot_msgs/lib/libarduinobot_msgs__rosidl_typesupport_fastrtps_cpp.so
[9.571s] -- Set runtime path of "/home/firdaus/arduinobot_ws/install/arduinobot_msgs/lib/libarduinobot_msgs__rosidl_typesupport_fastrtps_cpp.so" to ""
[9.572s] -- Up-to-date: /home/firdaus/arduinobot_ws/install/arduinobot_msgs/include/arduinobot_msgs/arduinobot_msgs
[9.572s] -- Up-to-date: /home/firdaus/arduinobot_ws/install/arduinobot_msgs/include/arduinobot_msgs/arduinobot_msgs/msg
[9.572s] -- Installing: /home/firdaus/arduinobot_ws/install/arduinobot_msgs/include/arduinobot_msgs/arduinobot_msgs/msg/rosidl_typesupport_introspection_c__visibility_control.h
[9.572s] -- Up-to-date: /home/firdaus/arduinobot_ws/install/arduinobot_msgs/include/arduinobot_msgs/arduinobot_msgs/srv
[9.572s] -- Up-to-date: /home/firdaus/arduinobot_ws/install/arduinobot_msgs/include/arduinobot_msgs/arduinobot_msgs/srv/detail
[9.572s] -- Installing: /home/firdaus/arduinobot_ws/install/arduinobot_msgs/include/arduinobot_msgs/arduinobot_msgs/srv/detail/add_two_in__type_support.c
[9.572s] -- Installing: /home/firdaus/arduinobot_ws/install/arduinobot_msgs/include/arduinobot_msgs/arduinobot_msgs/srv/detail/add_two_in__rosidl_typesupport_introspection_c.h
[9.573s] -- Installing: /home/firdaus/arduinobot_ws/install/arduinobot_msgs/lib/libarduinobot_msgs__rosidl_typesupport_introspection_c.so
[9.573s] -- Set runtime path of "/home/firdaus/arduinobot_ws/install/arduinobot_msgs/lib/libarduinobot_msgs__rosidl_typesupport_introspection_c.so" to ""
[9.573s] -- Installing: /home/firdaus/arduinobot_ws/install/arduinobot_msgs/lib/libarduinobot_msgs__rosidl_typesupport_c.so
[9.573s] -- Set runtime path of "/home/firdaus/arduinobot_ws/install/arduinobot_msgs/lib/libarduinobot_msgs__rosidl_typesupport_c.so" to ""
[9.573s] -- Up-to-date: /home/firdaus/arduinobot_ws/install/arduinobot_msgs/include/arduinobot_msgs/arduinobot_msgs
[9.574s] -- Up-to-date: /home/firdaus/arduinobot_ws/install/arduinobot_msgs/include/arduinobot_msgs/arduinobot_msgs/srv
[9.574s] -- Up-to-date: /home/firdaus/arduinobot_ws/install/arduinobot_msgs/include/arduinobot_msgs/arduinobot_msgs/srv/detail
[9.574s] -- Installing: /home/firdaus/arduinobot_ws/install/arduinobot_msgs/include/arduinobot_msgs/arduinobot_msgs/srv/detail/add_two_in__type_support.cpp
[9.574s] -- Installing: /home/firdaus/arduinobot_ws/install/arduinobot_msgs/include/arduinobot_msgs/arduinobot_msgs/srv/detail/add_two_in__rosidl_typesupport_introspection_cpp.hpp
[9.574s] -- Installing: /home/firdaus/arduinobot_ws/install/arduinobot_msgs/lib/libarduinobot_msgs__rosidl_typesupport_introspection_cpp.so
[9.575s] -- Set runtime path of "/home/firdaus/arduinobot_ws/install/arduinobot_msgs/lib/libarduinobot_msgs__rosidl_typesupport_introspection_cpp.so" to ""
[9.575s] -- Installing: /home/firdaus/arduinobot_ws/install/arduinobot_msgs/lib/libarduinobot_msgs__rosidl_typesupport_cpp.so
[9.583s] -- Set runtime path of "/home/firdaus/arduinobot_ws/install/arduinobot_msgs/lib/libarduinobot_msgs__rosidl_typesupport_cpp.so" to ""
[9.583s] -- Installing: /home/firdaus/arduinobot_ws/install/arduinobot_msgs/share/arduinobot_msgs/environment/pythonpath.sh
[9.583s] -- Installing: /home/firdaus/arduinobot_ws/install/arduinobot_msgs/share/arduinobot_msgs/environment/pythonpath.dsv
[9.583s] -- Installing: /home/firdaus/arduinobot_ws/install/arduinobot_msgs/local/lib/python3.10/dist-packages/arduinobot_msgs-0.0.0-py3.10.egg-info
[9.584s] -- Installing: /home/firdaus/arduinobot_ws/install/arduinobot_msgs/local/lib/python3.10/dist-packages/arduinobot_msgs-0.0.0-py3.10.egg-info/dependency_links.txt
[9.584s] -- Installing: /home/firdaus/arduinobot_ws/install/arduinobot_msgs/local/lib/python3.10/dist-packages/arduinobot_msgs-0.0.0-py3.10.egg-info/PKG-INFO
[9.584s] -- Installing: /home/firdaus/arduinobot_ws/install/arduinobot_msgs/local/lib/python3.10/dist-packages/arduinobot_msgs-0.0.0-py3.10.egg-info/top_level.txt
[9.584s] -- Installing: /home/firdaus/arduinobot_ws/install/arduinobot_msgs/local/lib/python3.10/dist-packages/arduinobot_msgs-0.0.0-py3.10.egg-info/SOURCES.txt
[9.584s] -- Installing: /home/firdaus/arduinobot_ws/install/arduinobot_msgs/local/lib/python3.10/dist-packages/arduinobot_msgs
[9.584s] -- Installing: /home/firdaus/arduinobot_ws/install/arduinobot_msgs/local/lib/python3.10/dist-packages/arduinobot_msgs/arduinobot_msgs_s__rosidl_typesupport_fastrtps_c.cpython-310-x86_64-linux-gnu.so
[9.584s] -- Installing: /home/firdaus/arduinobot_ws/install/arduinobot_msgs/local/lib/python3.10/dist-packages/arduinobot_msgs/__init__.py
[9.585s] -- Installing: /home/firdaus/arduinobot_ws/install/arduinobot_msgs/local/lib/python3.10/dist-packages/arduinobot_msgs/_arduinobot_msgs_s.ep.rosidl_typesupport_introspection_c.c
[9.585s] -- Installing: /home/firdaus/arduinobot_ws/install/arduinobot_msgs/local/lib/python3.10/dist-packages/arduinobot_msgs/arduinobot_msgs_s__rosidl_typesupport_introspection_c.cpython-310-x86_64-linux-gnu.so
[9.586s] -- Installing: /home/firdaus/arduinobot_ws/install/arduinobot_msgs/local/lib/python3.10/dist-packages/arduinobot_msgs/_arduinobot_msgs_s.ep.rosidl_typesupport_c.c
[9.586s] -- Installing: /home/firdaus/arduinobot_ws/install/arduinobot_msgs/local/lib/python3.10/dist-packages/arduinobot_msgs/srv
[9.586s] -- Installing: /home/firdaus/arduinobot_ws/install/arduinobot_msgs/local/lib/python3.10/dist-packages/arduinobot_msgs/srv/_add_two_in_s.c
[9.587s] -- Installing: /home/firdaus/arduinobot_ws/install/arduinobot_msgs/local/lib/python3.10/dist-packages/arduinobot_msgs/srv/__init__.py
[9.587s] -- Installing: /home/firdaus/arduinobot_ws/install/arduinobot_msgs/local/lib/python3.10/dist-packages/arduinobot_msgs/srv/_add_two_in.py
[9.587s] -- Installing: /home/firdaus/arduinobot_ws/install/arduinobot_msgs/local/lib/python3.10/dist-packages/arduinobot_msgs/libarduinobot_msgs__rosidl_generator_py.so
[9.587s] -- Installing: /home/firdaus/arduinobot_ws/install/arduinobot_msgs/local/lib/python3.10/dist-packages/arduinobot_msgs/arduinobot_msgs_s__rosidl_typesupport_c.cpython-310-x86_64-linux-gnu.so
[9.587s] -- Installing: /home/firdaus/arduinobot_ws/install/arduinobot_msgs/local/lib/python3.10/dist-packages/arduinobot_msgs/_arduinobot_msgs_s.ep.rosidl_typesupport_fastrtps_c.c
[9.618s] Listing '/home/firdaus/arduinobot_ws/install/arduinobot_msgs/local/lib/python3.10/dist-packages/arduinobot_msgs'...
[9.619s] Compiling '/home/firdaus/arduinobot_ws/install/arduinobot_msgs/local/lib/python3.10/dist-packages/arduinobot_msgs/__init__.py'...
[9.619s] Listing '/home/firdaus/arduinobot_ws/install/arduinobot_msgs/local/lib/python3.10/dist-packages/arduinobot_msgs/srv'...
[9.619s] Compiling '/home/firdaus/arduinobot_ws/install/arduinobot_msgs/local/lib/python3.10/dist-packages/arduinobot_msgs/srv/__init__.py'...
[9.619s] Compiling '/home/firdaus/arduinobot_ws/install/arduinobot_msgs/local/lib/python3.10/dist-packages/arduinobot_msgs/srv/_add_two_in.py'...
[9.624s] -- Installing: /home/firdaus/arduinobot_ws/install/arduinobot_msgs/local/lib/python3.10/dist-packages/arduinobot_msgs/arduinobot_msgs_s__rosidl_typesupport_fastrtps_c.cpython-310-x86_64-linux-gnu.so
[9.625s] -- Set runtime path of "/home/firdaus/arduinobot_ws/install/arduinobot_msgs/local/lib/python3.10/dist-packages/arduinobot_msgs/arduinobot_msgs_s__rosidl_typesupport_fastrtps_c.cpython-310-x86_64-linux-gnu.so" to ""
[9.625s] -- Installing: /home/firdaus/arduinobot_ws/install/arduinobot_msgs/local/lib/python3.10/dist-packages/arduinobot_msgs/arduinobot_msgs_s__rosidl_typesupport_introspection_c.cpython-310-x86_64-linux-gnu.so
[9.626s] -- Set runtime path of "/home/firdaus/arduinobot_ws/install/arduinobot_msgs/local/lib/python3.10/dist-packages/arduinobot_msgs/arduinobot_msgs_s__rosidl_typesupport_introspection_c.cpython-310-x86_64-linux-gnu.so" to ""
[9.627s] -- Installing: /home/firdaus/arduinobot_ws/install/arduinobot_msgs/local/lib/python3.10/dist-packages/arduinobot_msgs/arduinobot_msgs_s__rosidl_typesupport_c.cpython-310-x86_64-linux-gnu.so
[9.627s] -- Set runtime path of "/home/firdaus/arduinobot_ws/install/arduinobot_msgs/local/lib/python3.10/dist-packages/arduinobot_msgs/arduinobot_msgs_s__rosidl_typesupport_c.cpython-310-x86_64-linux-gnu.so" to ""
[9.628s] -- Installing: /home/firdaus/arduinobot_ws/install/arduinobot_msgs/lib/libarduinobot_msgs__rosidl_generator_py.so
[9.628s] -- Set runtime path of "/home/firdaus/arduinobot_ws/install/arduinobot_msgs/lib/libarduinobot_msgs__rosidl_generator_py.so" to ""
[9.628s] -- Installing: /home/firdaus/arduinobot_ws/install/arduinobot_msgs/share/arduinobot_msgs/srv/AddTwoIn.idl
[9.628s] -- Installing: /home/firdaus/arduinobot_ws/install/arduinobot_msgs/share/arduinobot_msgs/srv/AddTwoIn.srv
[9.628s] -- Installing: /home/firdaus/arduinobot_ws/install/arduinobot_msgs/share/arduinobot_msgs/srv/AddTwoIn_Request.msg
[9.628s] -- Installing: /home/firdaus/arduinobot_ws/install/arduinobot_msgs/share/arduinobot_msgs/srv/AddTwoIn_Response.msg
[9.629s] -- Installing: /home/firdaus/arduinobot_ws/install/arduinobot_msgs/share/ament_index/resource_index/package_run_dependencies/arduinobot_msgs
[9.629s] -- Up-to-date: /home/firdaus/arduinobot_ws/install/arduinobot_msgs/share/ament_index/resource_index/parent_prefix_path/arduinobot_msgs
[9.629s] -- Up-to-date: /home/firdaus/arduinobot_ws/install/arduinobot_msgs/share/arduinobot_msgs/environment/ament_prefix_path.sh
[9.629s] -- Installing: /home/firdaus/arduinobot_ws/install/arduinobot_msgs/share/arduinobot_msgs/environment/ament_prefix_path.dsv
[9.629s] -- Up-to-date: /home/firdaus/arduinobot_ws/install/arduinobot_msgs/share/arduinobot_msgs/environment/path.sh
[9.630s] -- Installing: /home/firdaus/arduinobot_ws/install/arduinobot_msgs/share/arduinobot_msgs/environment/path.dsv
[9.630s] -- Up-to-date: /home/firdaus/arduinobot_ws/install/arduinobot_msgs/share/arduinobot_msgs/local_setup.bash
[9.630s] -- Installing: /home/firdaus/arduinobot_ws/install/arduinobot_msgs/share/arduinobot_msgs/local_setup.sh
[9.630s] -- Up-to-date: /home/firdaus/arduinobot_ws/install/arduinobot_msgs/share/arduinobot_msgs/local_setup.zsh
[9.630s] -- Installing: /home/firdaus/arduinobot_ws/install/arduinobot_msgs/share/arduinobot_msgs/local_setup.dsv
[9.630s] -- Installing: /home/firdaus/arduinobot_ws/install/arduinobot_msgs/share/arduinobot_msgs/package.dsv
[9.631s] -- Up-to-date: /home/firdaus/arduinobot_ws/install/arduinobot_msgs/share/ament_index/resource_index/packages/arduinobot_msgs
[9.631s] -- Installing: /home/firdaus/arduinobot_ws/install/arduinobot_msgs/share/arduinobot_msgs/cmake/export_arduinobot_msgs__rosidl_generator_cExport.cmake
[9.631s] -- Installing: /home/firdaus/arduinobot_ws/install/arduinobot_msgs/share/arduinobot_msgs/cmake/export_arduinobot_msgs__rosidl_generator_cExport-noconfig.cmake
[9.632s] -- Installing: /home/firdaus/arduinobot_ws/install/arduinobot_msgs/share/arduinobot_msgs/cmake/export_arduinobot_msgs__rosidl_typesupport_fastrtps_cExport.cmake
[9.632s] -- Installing: /home/firdaus/arduinobot_ws/install/arduinobot_msgs/share/arduinobot_msgs/cmake/export_arduinobot_msgs__rosidl_typesupport_fastrtps_cExport-noconfig.cmake
[9.632s] -- Installing: /home/firdaus/arduinobot_ws/install/arduinobot_msgs/share/arduinobot_msgs/cmake/export_arduinobot_msgs__rosidl_generator_cppExport.cmake
[9.632s] -- Installing: /home/firdaus/arduinobot_ws/install/arduinobot_msgs/share/arduinobot_msgs/cmake/export_arduinobot_msgs__rosidl_typesupport_fastrtps_cppExport.cmake
[9.633s] -- Installing: /home/firdaus/arduinobot_ws/install/arduinobot_msgs/share/arduinobot_msgs/cmake/export_arduinobot_msgs__rosidl_typesupport_fastrtps_cppExport-noconfig.cmake
[9.633s] -- Installing: /home/firdaus/arduinobot_ws/install/arduinobot_msgs/share/arduinobot_msgs/cmake/arduinobot_msgs__rosidl_typesupport_introspection_cExport.cmake
[9.633s] -- Installing: /home/firdaus/arduinobot_ws/install/arduinobot_msgs/share/arduinobot_msgs/cmake/arduinobot_msgs__rosidl_typesupport_introspection_cExport-noconfig.cmake
[9.633s] -- Installing: /home/firdaus/arduinobot_ws/install/arduinobot_msgs/share/arduinobot_msgs/cmake/arduinobot_msgs__rosidl_typesupport_cExport.cmake
[9.634s] -- Installing: /home/firdaus/arduinobot_ws/install/arduinobot_msgs/share/arduinobot_msgs/cmake/arduinobot_msgs__rosidl_typesupport_cExport-noconfig.cmake
[9.634s] -- Installing: /home/firdaus/arduinobot_ws/install/arduinobot_msgs/share/arduinobot_msgs/cmake/arduinobot_msgs__rosidl_typesupport_introspection_cppExport.cmake
[9.634s] -- Installing: /home/firdaus/arduinobot_ws/install/arduinobot_msgs/share/arduinobot_msgs/cmake/arduinobot_msgs__rosidl_typesupport_introspection_cppExport-noconfig.cmake
[9.634s] -- Installing: /home/firdaus/arduinobot_ws/install/arduinobot_msgs/share/arduinobot_msgs/cmake/arduinobot_msgs__rosidl_typesupport_cppExport.cmake
[9.635s] -- Installing: /home/firdaus/arduinobot_ws/install/arduinobot_msgs/share/arduinobot_msgs/cmake/arduinobot_msgs__rosidl_typesupport_cppExport-noconfig.cmake
[9.635s] -- Installing: /home/firdaus/arduinobot_ws/install/arduinobot_msgs/share/arduinobot_msgs/cmake/export_arduinobot_msgs__rosidl_generator_pyExport.cmake
[9.636s] -- Installing: /home/firdaus/arduinobot_ws/install/arduinobot_msgs/share/arduinobot_msgs/cmake/export_arduinobot_msgs__rosidl_generator_pyExport-noconfig.cmake
[9.637s] -- Installing: /home/firdaus/arduinobot_ws/install/arduinobot_msgs/share/arduinobot_msgs/cmake/rosidl_cmake-extras.cmake
[9.638s] -- Installing: /home/firdaus/arduinobot_ws/install/arduinobot_msgs/share/arduinobot_msgs/cmake/ament_cmake_export_include_directories-extras.cmake
[9.639s] -- Installing: /home/firdaus/arduinobot_ws/install/arduinobot_msgs/share/arduinobot_msgs/cmake/ament_cmake_export_libraries-extras.cmake
[9.640s] -- Installing: /home/firdaus/arduinobot_ws/install/arduinobot_msgs/share/arduinobot_msgs/cmake/ament_cmake_export_targets-extras.cmake
[9.640s] -- Installing: /home/firdaus/arduinobot_ws/install/arduinobot_msgs/share/arduinobot_msgs/cmake/rosidl_cmake_export_typesupport_targets-extras.cmake
[9.640s] -- Installing: /home/firdaus/arduinobot_ws/install/arduinobot_msgs/share/arduinobot_msgs/cmake/ament_cmake_export_dependencies-extras.cmake
[9.641s] -- Installing: /home/firdaus/arduinobot_ws/install/arduinobot_msgs/share/arduinobot_msgs/cmake/rosidl_cmake_export_typesupport_libraries-extras.cmake
[9.641s] -- Installing: /home/firdaus/arduinobot_ws/install/arduinobot_msgs/share/arduinobot_msgs/cmake/arduinobot_msgsConfig.cmake
[9.641s] -- Up-to-date: /home/firdaus/arduinobot_ws/install/arduinobot_msgs/share/arduinobot_msgs/cmake/arduinobot_msgsConfig-version.cmake
[9.642s] -- Installing: /home/firdaus/arduinobot_ws/install/arduinobot_msgs/share/arduinobot_msgs/package.xml
[9.644s] Invoked command in '/home/firdaus/arduinobot_ws/build/arduinobot_msgs' returned '0': CMAKE_PREFIX_PATH=/opt/ros/humble /usr/bin/cmake --install /home/firdaus/arduinobot_ws/build/arduinobot_msgs
