[0.291s] Invoking command in '/home/firdaus/arduinobot_ws/build/arduinobot_description': CMAKE_PREFIX_PATH=/opt/ros/humble /usr/bin/cmake --build /home/firdaus/arduinobot_ws/build/arduinobot_description -- -j4 -l4
[0.786s] Invoked command in '/home/firdaus/arduinobot_ws/build/arduinobot_description' returned '0': CMAKE_PREFIX_PATH=/opt/ros/humble /usr/bin/cmake --build /home/firdaus/arduinobot_ws/build/arduinobot_description -- -j4 -l4
[1.297s] Invoking command in '/home/firdaus/arduinobot_ws/build/arduinobot_description': CMAKE_PREFIX_PATH=/opt/ros/humble /usr/bin/cmake --install /home/firdaus/arduinobot_ws/build/arduinobot_description
[1.330s] -- Install configuration: ""
[1.331s] -- Up-to-date: /home/firdaus/arduinobot_ws/install/arduinobot_description/share/arduinobot_description/launch
[1.331s] -- Up-to-date: /home/firdaus/arduinobot_ws/install/arduinobot_description/share/arduinobot_description/launch/gazebo.launch.py
[1.331s] -- Up-to-date: /home/firdaus/arduinobot_ws/install/arduinobot_description/share/arduinobot_description/launch/display.launch.py
[1.331s] -- Up-to-date: /home/firdaus/arduinobot_ws/install/arduinobot_description/share/arduinobot_description/meshes
[1.331s] -- Up-to-date: /home/firdaus/arduinobot_ws/install/arduinobot_description/share/arduinobot_description/meshes/forward_drive_arm.STL
[1.332s] -- Up-to-date: /home/firdaus/arduinobot_ws/install/arduinobot_description/share/arduinobot_description/meshes/claw_support.STL
[1.332s] -- Up-to-date: /home/firdaus/arduinobot_ws/install/arduinobot_description/share/arduinobot_description/meshes/basement.STL
[1.332s] -- Up-to-date: /home/firdaus/arduinobot_ws/install/arduinobot_description/share/arduinobot_description/meshes/vertical_drive_arm.STL
[1.332s] -- Up-to-date: /home/firdaus/arduinobot_ws/install/arduinobot_description/share/arduinobot_description/meshes/plate.STL
[1.332s] -- Up-to-date: /home/firdaus/arduinobot_ws/install/arduinobot_description/share/arduinobot_description/meshes/right_finger.STL
[1.332s] -- Up-to-date: /home/firdaus/arduinobot_ws/install/arduinobot_description/share/arduinobot_description/meshes/base_plate.STL
[1.333s] -- Up-to-date: /home/firdaus/arduinobot_ws/install/arduinobot_description/share/arduinobot_description/meshes/link.STL
[1.333s] -- Up-to-date: /home/firdaus/arduinobot_ws/install/arduinobot_description/share/arduinobot_description/meshes/triangular_link.STL
[1.333s] -- Up-to-date: /home/firdaus/arduinobot_ws/install/arduinobot_description/share/arduinobot_description/meshes/left_finger.STL
[1.333s] -- Up-to-date: /home/firdaus/arduinobot_ws/install/arduinobot_description/share/arduinobot_description/meshes/servo_plate.STL
[1.333s] -- Up-to-date: /home/firdaus/arduinobot_ws/install/arduinobot_description/share/arduinobot_description/meshes/pi_camera.STL
[1.334s] -- Up-to-date: /home/firdaus/arduinobot_ws/install/arduinobot_description/share/arduinobot_description/meshes/round_plate.STL
[1.334s] -- Up-to-date: /home/firdaus/arduinobot_ws/install/arduinobot_description/share/arduinobot_description/meshes/horizontal_arm.STL
[1.334s] -- Up-to-date: /home/firdaus/arduinobot_ws/install/arduinobot_description/share/arduinobot_description/models
[1.336s] -- Up-to-date: /home/firdaus/arduinobot_ws/install/arduinobot_description/share/arduinobot_description/models/sun
[1.336s] -- Up-to-date: /home/firdaus/arduinobot_ws/install/arduinobot_description/share/arduinobot_description/models/sun/model.config
[1.336s] -- Up-to-date: /home/firdaus/arduinobot_ws/install/arduinobot_description/share/arduinobot_description/models/sun/model-1_2.sdf
[1.337s] -- Up-to-date: /home/firdaus/arduinobot_ws/install/arduinobot_description/share/arduinobot_description/models/sun/model.sdf
[1.337s] -- Up-to-date: /home/firdaus/arduinobot_ws/install/arduinobot_description/share/arduinobot_description/models/sun/model-1_3.sdf
[1.343s] -- Up-to-date: /home/firdaus/arduinobot_ws/install/arduinobot_description/share/arduinobot_description/models/sun/model-1_4.sdf
[1.343s] -- Up-to-date: /home/firdaus/arduinobot_ws/install/arduinobot_description/share/arduinobot_description/models/ground_plane
[1.347s] -- Up-to-date: /home/firdaus/arduinobot_ws/install/arduinobot_description/share/arduinobot_description/models/ground_plane/model.config
[1.348s] -- Up-to-date: /home/firdaus/arduinobot_ws/install/arduinobot_description/share/arduinobot_description/models/ground_plane/model-1_2.sdf
[1.348s] -- Up-to-date: /home/firdaus/arduinobot_ws/install/arduinobot_description/share/arduinobot_description/models/ground_plane/model.sdf
[1.348s] -- Up-to-date: /home/firdaus/arduinobot_ws/install/arduinobot_description/share/arduinobot_description/models/ground_plane/model-1_3.sdf
[1.348s] -- Up-to-date: /home/firdaus/arduinobot_ws/install/arduinobot_description/share/arduinobot_description/models/ground_plane/model-1_4.sdf
[1.349s] -- Up-to-date: /home/firdaus/arduinobot_ws/install/arduinobot_description/share/arduinobot_description/urdf
[1.349s] -- Up-to-date: /home/firdaus/arduinobot_ws/install/arduinobot_description/share/arduinobot_description/urdf/arduinobot.urdf.xacro
[1.349s] -- Up-to-date: /home/firdaus/arduinobot_ws/install/arduinobot_description/share/arduinobot_description/urdf/arduinobot_ros2_control.xacro
[1.349s] -- Up-to-date: /home/firdaus/arduinobot_ws/install/arduinobot_description/share/arduinobot_description/urdf/arduinobot_gazebo.xacro
[1.375s] -- Up-to-date: /home/firdaus/arduinobot_ws/install/arduinobot_description/share/arduinobot_description/rviz
[1.385s] -- Up-to-date: /home/firdaus/arduinobot_ws/install/arduinobot_description/share/arduinobot_description/rviz/display.rviz
[1.386s] -- Up-to-date: /home/firdaus/arduinobot_ws/install/arduinobot_description/share/ament_index/resource_index/package_run_dependencies/arduinobot_description
[1.386s] -- Up-to-date: /home/firdaus/arduinobot_ws/install/arduinobot_description/share/ament_index/resource_index/parent_prefix_path/arduinobot_description
[1.386s] -- Up-to-date: /home/firdaus/arduinobot_ws/install/arduinobot_description/share/arduinobot_description/environment/ament_prefix_path.sh
[1.386s] -- Up-to-date: /home/firdaus/arduinobot_ws/install/arduinobot_description/share/arduinobot_description/environment/ament_prefix_path.dsv
[1.387s] -- Up-to-date: /home/firdaus/arduinobot_ws/install/arduinobot_description/share/arduinobot_description/environment/path.sh
[1.387s] -- Up-to-date: /home/firdaus/arduinobot_ws/install/arduinobot_description/share/arduinobot_description/environment/path.dsv
[1.387s] -- Up-to-date: /home/firdaus/arduinobot_ws/install/arduinobot_description/share/arduinobot_description/local_setup.bash
[1.387s] -- Up-to-date: /home/firdaus/arduinobot_ws/install/arduinobot_description/share/arduinobot_description/local_setup.sh
[1.387s] -- Up-to-date: /home/firdaus/arduinobot_ws/install/arduinobot_description/share/arduinobot_description/local_setup.zsh
[1.387s] -- Up-to-date: /home/firdaus/arduinobot_ws/install/arduinobot_description/share/arduinobot_description/local_setup.dsv
[1.388s] -- Installing: /home/firdaus/arduinobot_ws/install/arduinobot_description/share/arduinobot_description/package.dsv
[1.388s] -- Up-to-date: /home/firdaus/arduinobot_ws/install/arduinobot_description/share/ament_index/resource_index/packages/arduinobot_description
[1.388s] -- Up-to-date: /home/firdaus/arduinobot_ws/install/arduinobot_description/share/arduinobot_description/cmake/arduinobot_descriptionConfig.cmake
[1.388s] -- Up-to-date: /home/firdaus/arduinobot_ws/install/arduinobot_description/share/arduinobot_description/cmake/arduinobot_descriptionConfig-version.cmake
[1.388s] -- Up-to-date: /home/firdaus/arduinobot_ws/install/arduinobot_description/share/arduinobot_description/package.xml
[1.388s] Invoked command in '/home/firdaus/arduinobot_ws/build/arduinobot_description' returned '0': CMAKE_PREFIX_PATH=/opt/ros/humble /usr/bin/cmake --install /home/firdaus/arduinobot_ws/build/arduinobot_description
