[1.171s] Invoking command in '/home/firdaus/arduinobot_ws/src/arduinobot_py_examples': PYTHONPATH=/home/firdaus/arduinobot_ws/build/arduinobot_py_examples/prefix_override:/usr/lib/python3/dist-packages/colcon_core/task/python/colcon_distutils_commands:/home/firdaus/arduinobot_ws/install/arduinobot_py_examples/lib/python3.10/site-packages:${PYTHONPATH} /usr/bin/python3 -W ignore:setup.py install is deprecated setup.py egg_info --egg-base ../../build/arduinobot_py_examples build --build-base /home/firdaus/arduinobot_ws/build/arduinobot_py_examples/build install --record /home/firdaus/arduinobot_ws/build/arduinobot_py_examples/install.log --single-version-externally-managed install_data
[1.493s] running egg_info
[1.495s] writing ../../build/arduinobot_py_examples/arduinobot_py_examples.egg-info/PKG-INFO
[1.499s] writing dependency_links to ../../build/arduinobot_py_examples/arduinobot_py_examples.egg-info/dependency_links.txt
[1.499s] writing entry points to ../../build/arduinobot_py_examples/arduinobot_py_examples.egg-info/entry_points.txt
[1.499s] writing requirements to ../../build/arduinobot_py_examples/arduinobot_py_examples.egg-info/requires.txt
[1.500s] writing top-level names to ../../build/arduinobot_py_examples/arduinobot_py_examples.egg-info/top_level.txt
[1.505s] reading manifest file '../../build/arduinobot_py_examples/arduinobot_py_examples.egg-info/SOURCES.txt'
[1.507s] writing manifest file '../../build/arduinobot_py_examples/arduinobot_py_examples.egg-info/SOURCES.txt'
[1.509s] running build
[1.509s] running build_py
[1.510s] running install
[1.511s] running install_lib
[1.513s] running install_data
[1.513s] running install_egg_info
[1.515s] removing '/home/firdaus/arduinobot_ws/install/arduinobot_py_examples/lib/python3.10/site-packages/arduinobot_py_examples-0.0.0-py3.10.egg-info' (and everything under it)
[1.515s] Copying ../../build/arduinobot_py_examples/arduinobot_py_examples.egg-info to /home/firdaus/arduinobot_ws/install/arduinobot_py_examples/lib/python3.10/site-packages/arduinobot_py_examples-0.0.0-py3.10.egg-info
[1.516s] running install_scripts
[1.550s] Installing simple_parameter script to /home/firdaus/arduinobot_ws/install/arduinobot_py_examples/lib/arduinobot_py_examples
[1.550s] Installing simple_publisher script to /home/firdaus/arduinobot_ws/install/arduinobot_py_examples/lib/arduinobot_py_examples
[1.551s] Installing simple_subscriber script to /home/firdaus/arduinobot_ws/install/arduinobot_py_examples/lib/arduinobot_py_examples
[1.553s] writing list of installed files to '/home/firdaus/arduinobot_ws/build/arduinobot_py_examples/install.log'
[1.589s] Invoked command in '/home/firdaus/arduinobot_ws/src/arduinobot_py_examples' returned '0': PYTHONPATH=/home/firdaus/arduinobot_ws/build/arduinobot_py_examples/prefix_override:/usr/lib/python3/dist-packages/colcon_core/task/python/colcon_distutils_commands:/home/firdaus/arduinobot_ws/install/arduinobot_py_examples/lib/python3.10/site-packages:${PYTHONPATH} /usr/bin/python3 -W ignore:setup.py install is deprecated setup.py egg_info --egg-base ../../build/arduinobot_py_examples build --build-base /home/firdaus/arduinobot_ws/build/arduinobot_py_examples/build install --record /home/firdaus/arduinobot_ws/build/arduinobot_py_examples/install.log --single-version-externally-managed install_data
