[0.064s] Invoking command in '/home/firdaus/arduinobot_ws/build/arduinobot_msgs': CMAKE_PREFIX_PATH=/opt/ros/humble /usr/bin/cmake --build /home/firdaus/arduinobot_ws/build/arduinobot_msgs -- -j4 -l4
[0.499s] [  2%] Built target arduinobot_msgs__cpp
[0.810s] [  2%] Built target ament_cmake_python_copy_arduinobot_msgs
[1.086s] [ 12%] Built target arduinobot_msgs__rosidl_typesupport_fastrtps_cpp
[1.346s] [ 23%] Built target arduinobot_msgs__rosidl_typesupport_introspection_cpp
[2.467s] running egg_info
[2.467s] writing arduinobot_msgs.egg-info/PKG-INFO
[2.467s] writing dependency_links to arduinobot_msgs.egg-info/dependency_links.txt
[2.467s] writing top-level names to arduinobot_msgs.egg-info/top_level.txt
[2.477s] reading manifest file 'arduinobot_msgs.egg-info/SOURCES.txt'
[2.477s] writing manifest file 'arduinobot_msgs.egg-info/SOURCES.txt'
[2.548s] [ 23%] Built target ament_cmake_python_build_arduinobot_msgs_egg
[2.666s] [ 34%] Built target arduinobot_msgs__rosidl_typesupport_cpp
[2.788s] [ 44%] Built target arduinobot_msgs__rosidl_generator_c
[2.899s] [ 55%] Built target arduinobot_msgs__rosidl_typesupport_fastrtps_c
[2.979s] [ 65%] Built target arduinobot_msgs__rosidl_typesupport_c
[3.073s] [ 76%] Built target arduinobot_msgs__rosidl_typesupport_introspection_c
[3.216s] [ 76%] Built target arduinobot_msgs
[3.383s] [ 78%] Built target arduinobot_msgs__py
[3.606s] [ 87%] Built target arduinobot_msgs__rosidl_generator_py
[3.861s] [ 91%] Built target arduinobot_msgs__rosidl_typesupport_fastrtps_c__pyext
[4.056s] [ 95%] Built target arduinobot_msgs__rosidl_typesupport_c__pyext
[4.300s] [100%] Built target arduinobot_msgs__rosidl_typesupport_introspection_c__pyext
[4.416s] Invoked command in '/home/firdaus/arduinobot_ws/build/arduinobot_msgs' returned '0': CMAKE_PREFIX_PATH=/opt/ros/humble /usr/bin/cmake --build /home/firdaus/arduinobot_ws/build/arduinobot_msgs -- -j4 -l4
[5.821s] Invoking command in '/home/firdaus/arduinobot_ws/build/arduinobot_msgs': CMAKE_PREFIX_PATH=/opt/ros/humble /usr/bin/cmake --install /home/firdaus/arduinobot_ws/build/arduinobot_msgs
[5.846s] -- Install configuration: ""
[5.846s] -- Up-to-date: /home/firdaus/arduinobot_ws/install/arduinobot_msgs/share/ament_index/resource_index/rosidl_interfaces/arduinobot_msgs
[5.846s] -- Up-to-date: /home/firdaus/arduinobot_ws/install/arduinobot_msgs/include/arduinobot_msgs/arduinobot_msgs
[5.846s] -- Up-to-date: /home/firdaus/arduinobot_ws/install/arduinobot_msgs/include/arduinobot_msgs/arduinobot_msgs/msg
[5.847s] -- Up-to-date: /home/firdaus/arduinobot_ws/install/arduinobot_msgs/include/arduinobot_msgs/arduinobot_msgs/msg/rosidl_generator_c__visibility_control.h
[5.847s] -- Up-to-date: /home/firdaus/arduinobot_ws/install/arduinobot_msgs/include/arduinobot_msgs/arduinobot_msgs/srv
[5.847s] -- Up-to-date: /home/firdaus/arduinobot_ws/install/arduinobot_msgs/include/arduinobot_msgs/arduinobot_msgs/srv/quaternion_to_euler.h
[5.848s] -- Up-to-date: /home/firdaus/arduinobot_ws/install/arduinobot_msgs/include/arduinobot_msgs/arduinobot_msgs/srv/detail
[5.853s] -- Up-to-date: /home/firdaus/arduinobot_ws/install/arduinobot_msgs/include/arduinobot_msgs/arduinobot_msgs/srv/detail/quaternion_to_euler__type_support.h
[5.854s] -- Up-to-date: /home/firdaus/arduinobot_ws/install/arduinobot_msgs/include/arduinobot_msgs/arduinobot_msgs/srv/detail/quaternion_to_euler__struct.h
[5.855s] -- Up-to-date: /home/firdaus/arduinobot_ws/install/arduinobot_msgs/include/arduinobot_msgs/arduinobot_msgs/srv/detail/add_two_ints__functions.h
[5.855s] -- Up-to-date: /home/firdaus/arduinobot_ws/install/arduinobot_msgs/include/arduinobot_msgs/arduinobot_msgs/srv/detail/euler_to_quaternion__type_support.h
[5.855s] -- Up-to-date: /home/firdaus/arduinobot_ws/install/arduinobot_msgs/include/arduinobot_msgs/arduinobot_msgs/srv/detail/add_two_ints__struct.h
[5.855s] -- Up-to-date: /home/firdaus/arduinobot_ws/install/arduinobot_msgs/include/arduinobot_msgs/arduinobot_msgs/srv/detail/add_two_ints__type_support.h
[5.855s] -- Up-to-date: /home/firdaus/arduinobot_ws/install/arduinobot_msgs/include/arduinobot_msgs/arduinobot_msgs/srv/detail/euler_to_quaternion__struct.h
[5.880s] -- Up-to-date: /home/firdaus/arduinobot_ws/install/arduinobot_msgs/include/arduinobot_msgs/arduinobot_msgs/srv/detail/euler_to_quaternion__functions.h
[5.881s] -- Up-to-date: /home/firdaus/arduinobot_ws/install/arduinobot_msgs/include/arduinobot_msgs/arduinobot_msgs/srv/detail/euler_to_quaternion__functions.c
[5.881s] -- Up-to-date: /home/firdaus/arduinobot_ws/install/arduinobot_msgs/include/arduinobot_msgs/arduinobot_msgs/srv/detail/quaternion_to_euler__functions.c
[5.881s] -- Up-to-date: /home/firdaus/arduinobot_ws/install/arduinobot_msgs/include/arduinobot_msgs/arduinobot_msgs/srv/detail/add_two_ints__functions.c
[5.881s] -- Up-to-date: /home/firdaus/arduinobot_ws/install/arduinobot_msgs/include/arduinobot_msgs/arduinobot_msgs/srv/detail/add_two_in__type_support.h
[5.882s] -- Up-to-date: /home/firdaus/arduinobot_ws/install/arduinobot_msgs/include/arduinobot_msgs/arduinobot_msgs/srv/detail/add_two_in__functions.c
[5.882s] -- Up-to-date: /home/firdaus/arduinobot_ws/install/arduinobot_msgs/include/arduinobot_msgs/arduinobot_msgs/srv/detail/add_two_in__functions.h
[5.882s] -- Up-to-date: /home/firdaus/arduinobot_ws/install/arduinobot_msgs/include/arduinobot_msgs/arduinobot_msgs/srv/detail/add_two_in__struct.h
[5.882s] -- Up-to-date: /home/firdaus/arduinobot_ws/install/arduinobot_msgs/include/arduinobot_msgs/arduinobot_msgs/srv/detail/quaternion_to_euler__functions.h
[5.882s] -- Up-to-date: /home/firdaus/arduinobot_ws/install/arduinobot_msgs/include/arduinobot_msgs/arduinobot_msgs/srv/add_two_ints.h
[5.882s] -- Up-to-date: /home/firdaus/arduinobot_ws/install/arduinobot_msgs/include/arduinobot_msgs/arduinobot_msgs/srv/add_two_in.h
[5.883s] -- Up-to-date: /home/firdaus/arduinobot_ws/install/arduinobot_msgs/include/arduinobot_msgs/arduinobot_msgs/srv/euler_to_quaternion.h
[5.883s] -- Up-to-date: /home/firdaus/arduinobot_ws/install/arduinobot_msgs/share/arduinobot_msgs/environment/library_path.sh
[5.883s] -- Up-to-date: /home/firdaus/arduinobot_ws/install/arduinobot_msgs/share/arduinobot_msgs/environment/library_path.dsv
[5.883s] -- Up-to-date: /home/firdaus/arduinobot_ws/install/arduinobot_msgs/lib/libarduinobot_msgs__rosidl_generator_c.so
[5.884s] -- Up-to-date: /home/firdaus/arduinobot_ws/install/arduinobot_msgs/include/arduinobot_msgs/arduinobot_msgs
[5.884s] -- Up-to-date: /home/firdaus/arduinobot_ws/install/arduinobot_msgs/include/arduinobot_msgs/arduinobot_msgs/msg
[5.884s] -- Up-to-date: /home/firdaus/arduinobot_ws/install/arduinobot_msgs/include/arduinobot_msgs/arduinobot_msgs/msg/rosidl_typesupport_fastrtps_c__visibility_control.h
[5.884s] -- Up-to-date: /home/firdaus/arduinobot_ws/install/arduinobot_msgs/include/arduinobot_msgs/arduinobot_msgs/srv
[5.884s] -- Up-to-date: /home/firdaus/arduinobot_ws/install/arduinobot_msgs/include/arduinobot_msgs/arduinobot_msgs/srv/detail
[5.885s] -- Up-to-date: /home/firdaus/arduinobot_ws/install/arduinobot_msgs/include/arduinobot_msgs/arduinobot_msgs/srv/detail/euler_to_quaternion__rosidl_typesupport_fastrtps_c.h
[5.885s] -- Up-to-date: /home/firdaus/arduinobot_ws/install/arduinobot_msgs/include/arduinobot_msgs/arduinobot_msgs/srv/detail/add_two_ints__rosidl_typesupport_fastrtps_c.h
[5.885s] -- Up-to-date: /home/firdaus/arduinobot_ws/install/arduinobot_msgs/include/arduinobot_msgs/arduinobot_msgs/srv/detail/add_two_in__rosidl_typesupport_fastrtps_c.h
[5.885s] -- Up-to-date: /home/firdaus/arduinobot_ws/install/arduinobot_msgs/include/arduinobot_msgs/arduinobot_msgs/srv/detail/quaternion_to_euler__rosidl_typesupport_fastrtps_c.h
[5.885s] -- Up-to-date: /home/firdaus/arduinobot_ws/install/arduinobot_msgs/lib/libarduinobot_msgs__rosidl_typesupport_fastrtps_c.so
[5.885s] -- Up-to-date: /home/firdaus/arduinobot_ws/install/arduinobot_msgs/include/arduinobot_msgs/arduinobot_msgs
[5.886s] -- Up-to-date: /home/firdaus/arduinobot_ws/install/arduinobot_msgs/include/arduinobot_msgs/arduinobot_msgs/srv
[5.886s] -- Up-to-date: /home/firdaus/arduinobot_ws/install/arduinobot_msgs/include/arduinobot_msgs/arduinobot_msgs/srv/add_two_in.hpp
[5.886s] -- Up-to-date: /home/firdaus/arduinobot_ws/install/arduinobot_msgs/include/arduinobot_msgs/arduinobot_msgs/srv/detail
[5.886s] -- Up-to-date: /home/firdaus/arduinobot_ws/install/arduinobot_msgs/include/arduinobot_msgs/arduinobot_msgs/srv/detail/quaternion_to_euler__traits.hpp
[5.886s] -- Up-to-date: /home/firdaus/arduinobot_ws/install/arduinobot_msgs/include/arduinobot_msgs/arduinobot_msgs/srv/detail/add_two_in__traits.hpp
[5.887s] -- Up-to-date: /home/firdaus/arduinobot_ws/install/arduinobot_msgs/include/arduinobot_msgs/arduinobot_msgs/srv/detail/quaternion_to_euler__struct.hpp
[5.887s] -- Up-to-date: /home/firdaus/arduinobot_ws/install/arduinobot_msgs/include/arduinobot_msgs/arduinobot_msgs/srv/detail/euler_to_quaternion__struct.hpp
[5.888s] -- Up-to-date: /home/firdaus/arduinobot_ws/install/arduinobot_msgs/include/arduinobot_msgs/arduinobot_msgs/srv/detail/quaternion_to_euler__builder.hpp
[5.888s] -- Up-to-date: /home/firdaus/arduinobot_ws/install/arduinobot_msgs/include/arduinobot_msgs/arduinobot_msgs/srv/detail/add_two_in__builder.hpp
[5.888s] -- Up-to-date: /home/firdaus/arduinobot_ws/install/arduinobot_msgs/include/arduinobot_msgs/arduinobot_msgs/srv/detail/add_two_ints__traits.hpp
[5.888s] -- Up-to-date: /home/firdaus/arduinobot_ws/install/arduinobot_msgs/include/arduinobot_msgs/arduinobot_msgs/srv/detail/add_two_ints__struct.hpp
[5.889s] -- Up-to-date: /home/firdaus/arduinobot_ws/install/arduinobot_msgs/include/arduinobot_msgs/arduinobot_msgs/srv/detail/euler_to_quaternion__traits.hpp
[5.889s] -- Up-to-date: /home/firdaus/arduinobot_ws/install/arduinobot_msgs/include/arduinobot_msgs/arduinobot_msgs/srv/detail/add_two_in__struct.hpp
[5.889s] -- Up-to-date: /home/firdaus/arduinobot_ws/install/arduinobot_msgs/include/arduinobot_msgs/arduinobot_msgs/srv/detail/euler_to_quaternion__builder.hpp
[5.900s] -- Up-to-date: /home/firdaus/arduinobot_ws/install/arduinobot_msgs/include/arduinobot_msgs/arduinobot_msgs/srv/detail/add_two_ints__builder.hpp
[5.900s] -- Up-to-date: /home/firdaus/arduinobot_ws/install/arduinobot_msgs/include/arduinobot_msgs/arduinobot_msgs/srv/add_two_ints.hpp
[5.901s] -- Up-to-date: /home/firdaus/arduinobot_ws/install/arduinobot_msgs/include/arduinobot_msgs/arduinobot_msgs/srv/quaternion_to_euler.hpp
[5.901s] -- Up-to-date: /home/firdaus/arduinobot_ws/install/arduinobot_msgs/include/arduinobot_msgs/arduinobot_msgs/srv/euler_to_quaternion.hpp
[5.901s] -- Up-to-date: /home/firdaus/arduinobot_ws/install/arduinobot_msgs/include/arduinobot_msgs/arduinobot_msgs
[5.901s] -- Up-to-date: /home/firdaus/arduinobot_ws/install/arduinobot_msgs/include/arduinobot_msgs/arduinobot_msgs/msg
[5.901s] -- Up-to-date: /home/firdaus/arduinobot_ws/install/arduinobot_msgs/include/arduinobot_msgs/arduinobot_msgs/msg/rosidl_typesupport_fastrtps_cpp__visibility_control.h
[5.902s] -- Up-to-date: /home/firdaus/arduinobot_ws/install/arduinobot_msgs/include/arduinobot_msgs/arduinobot_msgs/srv
[5.902s] -- Up-to-date: /home/firdaus/arduinobot_ws/install/arduinobot_msgs/include/arduinobot_msgs/arduinobot_msgs/srv/detail
[5.902s] -- Up-to-date: /home/firdaus/arduinobot_ws/install/arduinobot_msgs/include/arduinobot_msgs/arduinobot_msgs/srv/detail/quaternion_to_euler__rosidl_typesupport_fastrtps_cpp.hpp
[5.902s] -- Up-to-date: /home/firdaus/arduinobot_ws/install/arduinobot_msgs/include/arduinobot_msgs/arduinobot_msgs/srv/detail/euler_to_quaternion__rosidl_typesupport_fastrtps_cpp.hpp
[5.902s] -- Up-to-date: /home/firdaus/arduinobot_ws/install/arduinobot_msgs/include/arduinobot_msgs/arduinobot_msgs/srv/detail/dds_fastrtps
[5.902s] -- Up-to-date: /home/firdaus/arduinobot_ws/install/arduinobot_msgs/include/arduinobot_msgs/arduinobot_msgs/srv/detail/add_two_in__rosidl_typesupport_fastrtps_cpp.hpp
[5.903s] -- Up-to-date: /home/firdaus/arduinobot_ws/install/arduinobot_msgs/include/arduinobot_msgs/arduinobot_msgs/srv/detail/add_two_ints__rosidl_typesupport_fastrtps_cpp.hpp
[5.903s] -- Up-to-date: /home/firdaus/arduinobot_ws/install/arduinobot_msgs/lib/libarduinobot_msgs__rosidl_typesupport_fastrtps_cpp.so
[5.903s] -- Up-to-date: /home/firdaus/arduinobot_ws/install/arduinobot_msgs/include/arduinobot_msgs/arduinobot_msgs
[5.903s] -- Up-to-date: /home/firdaus/arduinobot_ws/install/arduinobot_msgs/include/arduinobot_msgs/arduinobot_msgs/msg
[5.903s] -- Up-to-date: /home/firdaus/arduinobot_ws/install/arduinobot_msgs/include/arduinobot_msgs/arduinobot_msgs/msg/rosidl_typesupport_introspection_c__visibility_control.h
[5.904s] -- Up-to-date: /home/firdaus/arduinobot_ws/install/arduinobot_msgs/include/arduinobot_msgs/arduinobot_msgs/srv
[5.904s] -- Up-to-date: /home/firdaus/arduinobot_ws/install/arduinobot_msgs/include/arduinobot_msgs/arduinobot_msgs/srv/detail
[5.904s] -- Up-to-date: /home/firdaus/arduinobot_ws/install/arduinobot_msgs/include/arduinobot_msgs/arduinobot_msgs/srv/detail/euler_to_quaternion__type_support.c
[5.904s] -- Up-to-date: /home/firdaus/arduinobot_ws/install/arduinobot_msgs/include/arduinobot_msgs/arduinobot_msgs/srv/detail/add_two_ints__rosidl_typesupport_introspection_c.h
[5.904s] -- Up-to-date: /home/firdaus/arduinobot_ws/install/arduinobot_msgs/include/arduinobot_msgs/arduinobot_msgs/srv/detail/quaternion_to_euler__type_support.c
[5.928s] -- Up-to-date: /home/firdaus/arduinobot_ws/install/arduinobot_msgs/include/arduinobot_msgs/arduinobot_msgs/srv/detail/add_two_in__type_support.c
[5.929s] -- Up-to-date: /home/firdaus/arduinobot_ws/install/arduinobot_msgs/include/arduinobot_msgs/arduinobot_msgs/srv/detail/euler_to_quaternion__rosidl_typesupport_introspection_c.h
[5.930s] -- Up-to-date: /home/firdaus/arduinobot_ws/install/arduinobot_msgs/include/arduinobot_msgs/arduinobot_msgs/srv/detail/quaternion_to_euler__rosidl_typesupport_introspection_c.h
[5.930s] -- Up-to-date: /home/firdaus/arduinobot_ws/install/arduinobot_msgs/include/arduinobot_msgs/arduinobot_msgs/srv/detail/add_two_in__rosidl_typesupport_introspection_c.h
[5.930s] -- Up-to-date: /home/firdaus/arduinobot_ws/install/arduinobot_msgs/include/arduinobot_msgs/arduinobot_msgs/srv/detail/add_two_ints__type_support.c
[5.930s] -- Up-to-date: /home/firdaus/arduinobot_ws/install/arduinobot_msgs/lib/libarduinobot_msgs__rosidl_typesupport_introspection_c.so
[5.930s] -- Up-to-date: /home/firdaus/arduinobot_ws/install/arduinobot_msgs/lib/libarduinobot_msgs__rosidl_typesupport_c.so
[5.931s] -- Up-to-date: /home/firdaus/arduinobot_ws/install/arduinobot_msgs/include/arduinobot_msgs/arduinobot_msgs
[5.931s] -- Up-to-date: /home/firdaus/arduinobot_ws/install/arduinobot_msgs/include/arduinobot_msgs/arduinobot_msgs/srv
[5.931s] -- Up-to-date: /home/firdaus/arduinobot_ws/install/arduinobot_msgs/include/arduinobot_msgs/arduinobot_msgs/srv/detail
[5.931s] -- Up-to-date: /home/firdaus/arduinobot_ws/install/arduinobot_msgs/include/arduinobot_msgs/arduinobot_msgs/srv/detail/euler_to_quaternion__type_support.cpp
[5.931s] -- Up-to-date: /home/firdaus/arduinobot_ws/install/arduinobot_msgs/include/arduinobot_msgs/arduinobot_msgs/srv/detail/add_two_ints__rosidl_typesupport_introspection_cpp.hpp
[5.932s] -- Up-to-date: /home/firdaus/arduinobot_ws/install/arduinobot_msgs/include/arduinobot_msgs/arduinobot_msgs/srv/detail/quaternion_to_euler__rosidl_typesupport_introspection_cpp.hpp
[5.932s] -- Up-to-date: /home/firdaus/arduinobot_ws/install/arduinobot_msgs/include/arduinobot_msgs/arduinobot_msgs/srv/detail/quaternion_to_euler__type_support.cpp
[5.932s] -- Up-to-date: /home/firdaus/arduinobot_ws/install/arduinobot_msgs/include/arduinobot_msgs/arduinobot_msgs/srv/detail/add_two_in__type_support.cpp
[5.932s] -- Up-to-date: /home/firdaus/arduinobot_ws/install/arduinobot_msgs/include/arduinobot_msgs/arduinobot_msgs/srv/detail/add_two_in__rosidl_typesupport_introspection_cpp.hpp
[5.933s] -- Up-to-date: /home/firdaus/arduinobot_ws/install/arduinobot_msgs/include/arduinobot_msgs/arduinobot_msgs/srv/detail/add_two_ints__type_support.cpp
[5.933s] -- Up-to-date: /home/firdaus/arduinobot_ws/install/arduinobot_msgs/include/arduinobot_msgs/arduinobot_msgs/srv/detail/euler_to_quaternion__rosidl_typesupport_introspection_cpp.hpp
[5.941s] -- Up-to-date: /home/firdaus/arduinobot_ws/install/arduinobot_msgs/lib/libarduinobot_msgs__rosidl_typesupport_introspection_cpp.so
[5.941s] -- Up-to-date: /home/firdaus/arduinobot_ws/install/arduinobot_msgs/lib/libarduinobot_msgs__rosidl_typesupport_cpp.so
[5.941s] -- Up-to-date: /home/firdaus/arduinobot_ws/install/arduinobot_msgs/share/arduinobot_msgs/environment/pythonpath.sh
[5.941s] -- Up-to-date: /home/firdaus/arduinobot_ws/install/arduinobot_msgs/share/arduinobot_msgs/environment/pythonpath.dsv
[5.941s] -- Up-to-date: /home/firdaus/arduinobot_ws/install/arduinobot_msgs/local/lib/python3.10/dist-packages/arduinobot_msgs-0.0.0-py3.10.egg-info
[5.942s] -- Installing: /home/firdaus/arduinobot_ws/install/arduinobot_msgs/local/lib/python3.10/dist-packages/arduinobot_msgs-0.0.0-py3.10.egg-info/dependency_links.txt
[5.942s] -- Installing: /home/firdaus/arduinobot_ws/install/arduinobot_msgs/local/lib/python3.10/dist-packages/arduinobot_msgs-0.0.0-py3.10.egg-info/PKG-INFO
[5.942s] -- Installing: /home/firdaus/arduinobot_ws/install/arduinobot_msgs/local/lib/python3.10/dist-packages/arduinobot_msgs-0.0.0-py3.10.egg-info/top_level.txt
[5.942s] -- Installing: /home/firdaus/arduinobot_ws/install/arduinobot_msgs/local/lib/python3.10/dist-packages/arduinobot_msgs-0.0.0-py3.10.egg-info/SOURCES.txt
[5.942s] -- Up-to-date: /home/firdaus/arduinobot_ws/install/arduinobot_msgs/local/lib/python3.10/dist-packages/arduinobot_msgs
[5.943s] -- Up-to-date: /home/firdaus/arduinobot_ws/install/arduinobot_msgs/local/lib/python3.10/dist-packages/arduinobot_msgs/arduinobot_msgs_s__rosidl_typesupport_fastrtps_c.cpython-310-x86_64-linux-gnu.so
[5.943s] -- Up-to-date: /home/firdaus/arduinobot_ws/install/arduinobot_msgs/local/lib/python3.10/dist-packages/arduinobot_msgs/__init__.py
[5.943s] -- Up-to-date: /home/firdaus/arduinobot_ws/install/arduinobot_msgs/local/lib/python3.10/dist-packages/arduinobot_msgs/_arduinobot_msgs_s.ep.rosidl_typesupport_introspection_c.c
[5.943s] -- Up-to-date: /home/firdaus/arduinobot_ws/install/arduinobot_msgs/local/lib/python3.10/dist-packages/arduinobot_msgs/arduinobot_msgs_s__rosidl_typesupport_introspection_c.cpython-310-x86_64-linux-gnu.so
[5.964s] -- Up-to-date: /home/firdaus/arduinobot_ws/install/arduinobot_msgs/local/lib/python3.10/dist-packages/arduinobot_msgs/_arduinobot_msgs_s.ep.rosidl_typesupport_c.c
[5.965s] -- Up-to-date: /home/firdaus/arduinobot_ws/install/arduinobot_msgs/local/lib/python3.10/dist-packages/arduinobot_msgs/srv
[5.965s] -- Up-to-date: /home/firdaus/arduinobot_ws/install/arduinobot_msgs/local/lib/python3.10/dist-packages/arduinobot_msgs/srv/_quaternion_to_euler_s.c
[5.965s] -- Up-to-date: /home/firdaus/arduinobot_ws/install/arduinobot_msgs/local/lib/python3.10/dist-packages/arduinobot_msgs/srv/_add_two_ints.py
[5.965s] -- Up-to-date: /home/firdaus/arduinobot_ws/install/arduinobot_msgs/local/lib/python3.10/dist-packages/arduinobot_msgs/srv/_euler_to_quaternion.py
[5.966s] -- Up-to-date: /home/firdaus/arduinobot_ws/install/arduinobot_msgs/local/lib/python3.10/dist-packages/arduinobot_msgs/srv/_add_two_in_s.c
[5.966s] -- Up-to-date: /home/firdaus/arduinobot_ws/install/arduinobot_msgs/local/lib/python3.10/dist-packages/arduinobot_msgs/srv/_add_two_ints_s.c
[5.966s] -- Up-to-date: /home/firdaus/arduinobot_ws/install/arduinobot_msgs/local/lib/python3.10/dist-packages/arduinobot_msgs/srv/__init__.py
[5.966s] -- Up-to-date: /home/firdaus/arduinobot_ws/install/arduinobot_msgs/local/lib/python3.10/dist-packages/arduinobot_msgs/srv/_add_two_in.py
[5.967s] -- Up-to-date: /home/firdaus/arduinobot_ws/install/arduinobot_msgs/local/lib/python3.10/dist-packages/arduinobot_msgs/srv/_quaternion_to_euler.py
[5.967s] -- Up-to-date: /home/firdaus/arduinobot_ws/install/arduinobot_msgs/local/lib/python3.10/dist-packages/arduinobot_msgs/srv/_euler_to_quaternion_s.c
[5.967s] -- Up-to-date: /home/firdaus/arduinobot_ws/install/arduinobot_msgs/local/lib/python3.10/dist-packages/arduinobot_msgs/libarduinobot_msgs__rosidl_generator_py.so
[5.968s] -- Up-to-date: /home/firdaus/arduinobot_ws/install/arduinobot_msgs/local/lib/python3.10/dist-packages/arduinobot_msgs/arduinobot_msgs_s__rosidl_typesupport_c.cpython-310-x86_64-linux-gnu.so
[5.968s] -- Up-to-date: /home/firdaus/arduinobot_ws/install/arduinobot_msgs/local/lib/python3.10/dist-packages/arduinobot_msgs/_arduinobot_msgs_s.ep.rosidl_typesupport_fastrtps_c.c
[5.971s] Listing '/home/firdaus/arduinobot_ws/install/arduinobot_msgs/local/lib/python3.10/dist-packages/arduinobot_msgs'...
[5.972s] Listing '/home/firdaus/arduinobot_ws/install/arduinobot_msgs/local/lib/python3.10/dist-packages/arduinobot_msgs/srv'...
[5.989s] -- Up-to-date: /home/firdaus/arduinobot_ws/install/arduinobot_msgs/local/lib/python3.10/dist-packages/arduinobot_msgs/arduinobot_msgs_s__rosidl_typesupport_fastrtps_c.cpython-310-x86_64-linux-gnu.so
[6.001s] -- Up-to-date: /home/firdaus/arduinobot_ws/install/arduinobot_msgs/local/lib/python3.10/dist-packages/arduinobot_msgs/arduinobot_msgs_s__rosidl_typesupport_introspection_c.cpython-310-x86_64-linux-gnu.so
[6.001s] -- Up-to-date: /home/firdaus/arduinobot_ws/install/arduinobot_msgs/local/lib/python3.10/dist-packages/arduinobot_msgs/arduinobot_msgs_s__rosidl_typesupport_c.cpython-310-x86_64-linux-gnu.so
[6.001s] -- Up-to-date: /home/firdaus/arduinobot_ws/install/arduinobot_msgs/lib/libarduinobot_msgs__rosidl_generator_py.so
[6.001s] -- Up-to-date: /home/firdaus/arduinobot_ws/install/arduinobot_msgs/share/arduinobot_msgs/srv/AddTwoInts.idl
[6.001s] -- Up-to-date: /home/firdaus/arduinobot_ws/install/arduinobot_msgs/share/arduinobot_msgs/srv/EulerToQuaternion.idl
[6.002s] -- Up-to-date: /home/firdaus/arduinobot_ws/install/arduinobot_msgs/share/arduinobot_msgs/srv/QuaternionToEuler.idl
[6.002s] -- Up-to-date: /home/firdaus/arduinobot_ws/install/arduinobot_msgs/share/arduinobot_msgs/srv/AddTwoInts.srv
[6.002s] -- Up-to-date: /home/firdaus/arduinobot_ws/install/arduinobot_msgs/share/arduinobot_msgs/srv/AddTwoInts_Request.msg
[6.002s] -- Up-to-date: /home/firdaus/arduinobot_ws/install/arduinobot_msgs/share/arduinobot_msgs/srv/AddTwoInts_Response.msg
[6.002s] -- Up-to-date: /home/firdaus/arduinobot_ws/install/arduinobot_msgs/share/arduinobot_msgs/srv/EulerToQuaternion.srv
[6.003s] -- Up-to-date: /home/firdaus/arduinobot_ws/install/arduinobot_msgs/share/arduinobot_msgs/srv/EulerToQuaternion_Request.msg
[6.003s] -- Up-to-date: /home/firdaus/arduinobot_ws/install/arduinobot_msgs/share/arduinobot_msgs/srv/EulerToQuaternion_Response.msg
[6.003s] -- Up-to-date: /home/firdaus/arduinobot_ws/install/arduinobot_msgs/share/arduinobot_msgs/srv/QuaternionToEuler.srv
[6.003s] -- Up-to-date: /home/firdaus/arduinobot_ws/install/arduinobot_msgs/share/arduinobot_msgs/srv/QuaternionToEuler_Request.msg
[6.004s] -- Up-to-date: /home/firdaus/arduinobot_ws/install/arduinobot_msgs/share/arduinobot_msgs/srv/QuaternionToEuler_Response.msg
[6.004s] -- Up-to-date: /home/firdaus/arduinobot_ws/install/arduinobot_msgs/share/ament_index/resource_index/package_run_dependencies/arduinobot_msgs
[6.004s] -- Up-to-date: /home/firdaus/arduinobot_ws/install/arduinobot_msgs/share/ament_index/resource_index/parent_prefix_path/arduinobot_msgs
[6.004s] -- Up-to-date: /home/firdaus/arduinobot_ws/install/arduinobot_msgs/share/arduinobot_msgs/environment/ament_prefix_path.sh
[6.004s] -- Up-to-date: /home/firdaus/arduinobot_ws/install/arduinobot_msgs/share/arduinobot_msgs/environment/ament_prefix_path.dsv
[6.004s] -- Up-to-date: /home/firdaus/arduinobot_ws/install/arduinobot_msgs/share/arduinobot_msgs/environment/path.sh
[6.005s] -- Up-to-date: /home/firdaus/arduinobot_ws/install/arduinobot_msgs/share/arduinobot_msgs/environment/path.dsv
[6.005s] -- Up-to-date: /home/firdaus/arduinobot_ws/install/arduinobot_msgs/share/arduinobot_msgs/local_setup.bash
[6.005s] -- Up-to-date: /home/firdaus/arduinobot_ws/install/arduinobot_msgs/share/arduinobot_msgs/local_setup.sh
[6.005s] -- Up-to-date: /home/firdaus/arduinobot_ws/install/arduinobot_msgs/share/arduinobot_msgs/local_setup.zsh
[6.005s] -- Up-to-date: /home/firdaus/arduinobot_ws/install/arduinobot_msgs/share/arduinobot_msgs/local_setup.dsv
[6.006s] -- Installing: /home/firdaus/arduinobot_ws/install/arduinobot_msgs/share/arduinobot_msgs/package.dsv
[6.020s] -- Up-to-date: /home/firdaus/arduinobot_ws/install/arduinobot_msgs/share/ament_index/resource_index/packages/arduinobot_msgs
[6.021s] -- Up-to-date: /home/firdaus/arduinobot_ws/install/arduinobot_msgs/share/arduinobot_msgs/cmake/export_arduinobot_msgs__rosidl_generator_cExport.cmake
[6.021s] -- Up-to-date: /home/firdaus/arduinobot_ws/install/arduinobot_msgs/share/arduinobot_msgs/cmake/export_arduinobot_msgs__rosidl_generator_cExport-noconfig.cmake
[6.021s] -- Up-to-date: /home/firdaus/arduinobot_ws/install/arduinobot_msgs/share/arduinobot_msgs/cmake/export_arduinobot_msgs__rosidl_typesupport_fastrtps_cExport.cmake
[6.021s] -- Up-to-date: /home/firdaus/arduinobot_ws/install/arduinobot_msgs/share/arduinobot_msgs/cmake/export_arduinobot_msgs__rosidl_typesupport_fastrtps_cExport-noconfig.cmake
[6.021s] -- Up-to-date: /home/firdaus/arduinobot_ws/install/arduinobot_msgs/share/arduinobot_msgs/cmake/export_arduinobot_msgs__rosidl_generator_cppExport.cmake
[6.021s] -- Up-to-date: /home/firdaus/arduinobot_ws/install/arduinobot_msgs/share/arduinobot_msgs/cmake/export_arduinobot_msgs__rosidl_typesupport_fastrtps_cppExport.cmake
[6.022s] -- Up-to-date: /home/firdaus/arduinobot_ws/install/arduinobot_msgs/share/arduinobot_msgs/cmake/export_arduinobot_msgs__rosidl_typesupport_fastrtps_cppExport-noconfig.cmake
[6.022s] -- Up-to-date: /home/firdaus/arduinobot_ws/install/arduinobot_msgs/share/arduinobot_msgs/cmake/arduinobot_msgs__rosidl_typesupport_introspection_cExport.cmake
[6.022s] -- Up-to-date: /home/firdaus/arduinobot_ws/install/arduinobot_msgs/share/arduinobot_msgs/cmake/arduinobot_msgs__rosidl_typesupport_introspection_cExport-noconfig.cmake
[6.022s] -- Up-to-date: /home/firdaus/arduinobot_ws/install/arduinobot_msgs/share/arduinobot_msgs/cmake/arduinobot_msgs__rosidl_typesupport_cExport.cmake
[6.023s] -- Up-to-date: /home/firdaus/arduinobot_ws/install/arduinobot_msgs/share/arduinobot_msgs/cmake/arduinobot_msgs__rosidl_typesupport_cExport-noconfig.cmake
[6.023s] -- Up-to-date: /home/firdaus/arduinobot_ws/install/arduinobot_msgs/share/arduinobot_msgs/cmake/arduinobot_msgs__rosidl_typesupport_introspection_cppExport.cmake
[6.023s] -- Up-to-date: /home/firdaus/arduinobot_ws/install/arduinobot_msgs/share/arduinobot_msgs/cmake/arduinobot_msgs__rosidl_typesupport_introspection_cppExport-noconfig.cmake
[6.024s] -- Up-to-date: /home/firdaus/arduinobot_ws/install/arduinobot_msgs/share/arduinobot_msgs/cmake/arduinobot_msgs__rosidl_typesupport_cppExport.cmake
[6.024s] -- Up-to-date: /home/firdaus/arduinobot_ws/install/arduinobot_msgs/share/arduinobot_msgs/cmake/arduinobot_msgs__rosidl_typesupport_cppExport-noconfig.cmake
[6.024s] -- Up-to-date: /home/firdaus/arduinobot_ws/install/arduinobot_msgs/share/arduinobot_msgs/cmake/export_arduinobot_msgs__rosidl_generator_pyExport.cmake
[6.025s] -- Up-to-date: /home/firdaus/arduinobot_ws/install/arduinobot_msgs/share/arduinobot_msgs/cmake/export_arduinobot_msgs__rosidl_generator_pyExport-noconfig.cmake
[6.025s] -- Up-to-date: /home/firdaus/arduinobot_ws/install/arduinobot_msgs/share/arduinobot_msgs/cmake/rosidl_cmake-extras.cmake
[6.025s] -- Up-to-date: /home/firdaus/arduinobot_ws/install/arduinobot_msgs/share/arduinobot_msgs/cmake/ament_cmake_export_include_directories-extras.cmake
[6.026s] -- Up-to-date: /home/firdaus/arduinobot_ws/install/arduinobot_msgs/share/arduinobot_msgs/cmake/ament_cmake_export_libraries-extras.cmake
[6.027s] -- Up-to-date: /home/firdaus/arduinobot_ws/install/arduinobot_msgs/share/arduinobot_msgs/cmake/ament_cmake_export_targets-extras.cmake
[6.029s] -- Up-to-date: /home/firdaus/arduinobot_ws/install/arduinobot_msgs/share/arduinobot_msgs/cmake/rosidl_cmake_export_typesupport_targets-extras.cmake
[6.050s] -- Up-to-date: /home/firdaus/arduinobot_ws/install/arduinobot_msgs/share/arduinobot_msgs/cmake/ament_cmake_export_dependencies-extras.cmake
[6.051s] -- Up-to-date: /home/firdaus/arduinobot_ws/install/arduinobot_msgs/share/arduinobot_msgs/cmake/rosidl_cmake_export_typesupport_libraries-extras.cmake
[6.052s] -- Up-to-date: /home/firdaus/arduinobot_ws/install/arduinobot_msgs/share/arduinobot_msgs/cmake/arduinobot_msgsConfig.cmake
[6.054s] -- Up-to-date: /home/firdaus/arduinobot_ws/install/arduinobot_msgs/share/arduinobot_msgs/cmake/arduinobot_msgsConfig-version.cmake
[6.057s] -- Up-to-date: /home/firdaus/arduinobot_ws/install/arduinobot_msgs/share/arduinobot_msgs/package.xml
[6.057s] Invoked command in '/home/firdaus/arduinobot_ws/build/arduinobot_msgs' returned '0': CMAKE_PREFIX_PATH=/opt/ros/humble /usr/bin/cmake --install /home/firdaus/arduinobot_ws/build/arduinobot_msgs
