[1.926s] DEBUG:colcon:Command line arguments: ['/usr/bin/colcon', 'list', '-p', '--base-paths', '/home/firdaus/arduinobot_ws']
[1.926s] DEBUG:colcon:Parsed command line arguments: Namespace(log_base=None, log_level=None, verb_name='list', build_base='build', ignore_user_meta=False, metas=['./colcon.meta'], base_paths=['/home/firdaus/arduinobot_ws'], packages_ignore=None, packages_ignore_regex=None, paths=None, packages_up_to=None, packages_up_to_regex=None, packages_above=None, packages_above_and_dependencies=None, packages_above_depth=None, packages_select_by_dep=None, packages_skip_by_dep=None, packages_skip_up_to=None, packages_select_build_failed=False, packages_skip_build_finished=False, packages_select_test_failures=False, packages_skip_test_passed=False, packages_select=None, packages_skip=None, packages_select_regex=None, packages_skip_regex=None, packages_start=None, packages_end=None, allow_overriding=[], topological_order=False, names_only=False, paths_only=True, topological_graph=False, topological_graph_dot=False, topological_graph_density=False, topological_graph_legend=False, topological_graph_dot_cluster=False, topological_graph_dot_include_skipped=False, verb_parser=<colcon_defaults.argument_parser.defaults.DefaultArgumentsDecorator object at 0x7d39b1b495a0>, verb_extension=<colcon_package_information.verb.list.ListVerb object at 0x7d39b1c3dab0>, main=<bound method ListVerb.main of <colcon_package_information.verb.list.ListVerb object at 0x7d39b1c3dab0>>)
[3.292s] Level 1:colcon.colcon_core.package_discovery:discover_packages(colcon_meta) check parameters
[3.293s] Level 1:colcon.colcon_core.package_discovery:discover_packages(recursive) check parameters
[3.293s] Level 1:colcon.colcon_core.package_discovery:discover_packages(ignore) check parameters
[3.293s] Level 1:colcon.colcon_core.package_discovery:discover_packages(path) check parameters
[3.293s] Level 1:colcon.colcon_core.package_discovery:discover_packages(recursive) discover
[3.293s] INFO:colcon.colcon_core.package_discovery:Crawling recursively for packages in '/home/firdaus/arduinobot_ws'
[3.293s] Level 1:colcon.colcon_core.package_identification:_identify(/home/firdaus/arduinobot_ws) by extensions ['ignore', 'ignore_ament_install']
[3.293s] Level 1:colcon.colcon_core.package_identification:_identify(/home/firdaus/arduinobot_ws) by extension 'ignore'
[3.293s] Level 1:colcon.colcon_core.package_identification:_identify(/home/firdaus/arduinobot_ws) by extension 'ignore_ament_install'
[3.293s] Level 1:colcon.colcon_core.package_identification:_identify(/home/firdaus/arduinobot_ws) by extensions ['colcon_pkg']
[3.293s] Level 1:colcon.colcon_core.package_identification:_identify(/home/firdaus/arduinobot_ws) by extension 'colcon_pkg'
[3.293s] Level 1:colcon.colcon_core.package_identification:_identify(/home/firdaus/arduinobot_ws) by extensions ['colcon_meta']
[3.293s] Level 1:colcon.colcon_core.package_identification:_identify(/home/firdaus/arduinobot_ws) by extension 'colcon_meta'
[3.294s] Level 1:colcon.colcon_core.package_identification:_identify(/home/firdaus/arduinobot_ws) by extensions ['ros']
[3.294s] Level 1:colcon.colcon_core.package_identification:_identify(/home/firdaus/arduinobot_ws) by extension 'ros'
[3.316s] Level 1:colcon.colcon_core.package_identification:_identify(/home/firdaus/arduinobot_ws) by extensions ['cmake', 'python']
[3.320s] Level 1:colcon.colcon_core.package_identification:_identify(/home/firdaus/arduinobot_ws) by extension 'cmake'
[3.320s] Level 1:colcon.colcon_core.package_identification:_identify(/home/firdaus/arduinobot_ws) by extension 'python'
[3.320s] Level 1:colcon.colcon_core.package_identification:_identify(/home/firdaus/arduinobot_ws) by extensions ['python_setup_py']
[3.320s] Level 1:colcon.colcon_core.package_identification:_identify(/home/firdaus/arduinobot_ws) by extension 'python_setup_py'
[3.321s] Level 1:colcon.colcon_core.package_identification:_identify(/home/firdaus/arduinobot_ws/build) by extensions ['ignore', 'ignore_ament_install']
[3.321s] Level 1:colcon.colcon_core.package_identification:_identify(/home/firdaus/arduinobot_ws/build) by extension 'ignore'
[3.321s] Level 1:colcon.colcon_core.package_identification:_identify(/home/firdaus/arduinobot_ws/build) ignored
[3.321s] Level 1:colcon.colcon_core.package_identification:_identify(/home/firdaus/arduinobot_ws/install) by extensions ['ignore', 'ignore_ament_install']
[3.321s] Level 1:colcon.colcon_core.package_identification:_identify(/home/firdaus/arduinobot_ws/install) by extension 'ignore'
[3.321s] Level 1:colcon.colcon_core.package_identification:_identify(/home/firdaus/arduinobot_ws/install) ignored
[3.321s] Level 1:colcon.colcon_core.package_identification:_identify(/home/firdaus/arduinobot_ws/log) by extensions ['ignore', 'ignore_ament_install']
[3.321s] Level 1:colcon.colcon_core.package_identification:_identify(/home/firdaus/arduinobot_ws/log) by extension 'ignore'
[3.321s] Level 1:colcon.colcon_core.package_identification:_identify(/home/firdaus/arduinobot_ws/log) ignored
[3.322s] Level 1:colcon.colcon_core.package_identification:_identify(/home/firdaus/arduinobot_ws/src) by extensions ['ignore', 'ignore_ament_install']
[3.322s] Level 1:colcon.colcon_core.package_identification:_identify(/home/firdaus/arduinobot_ws/src) by extension 'ignore'
[3.322s] Level 1:colcon.colcon_core.package_identification:_identify(/home/firdaus/arduinobot_ws/src) by extension 'ignore_ament_install'
[3.322s] Level 1:colcon.colcon_core.package_identification:_identify(/home/firdaus/arduinobot_ws/src) by extensions ['colcon_pkg']
[3.322s] Level 1:colcon.colcon_core.package_identification:_identify(/home/firdaus/arduinobot_ws/src) by extension 'colcon_pkg'
[3.322s] Level 1:colcon.colcon_core.package_identification:_identify(/home/firdaus/arduinobot_ws/src) by extensions ['colcon_meta']
[3.322s] Level 1:colcon.colcon_core.package_identification:_identify(/home/firdaus/arduinobot_ws/src) by extension 'colcon_meta'
[3.322s] Level 1:colcon.colcon_core.package_identification:_identify(/home/firdaus/arduinobot_ws/src) by extensions ['ros']
[3.322s] Level 1:colcon.colcon_core.package_identification:_identify(/home/firdaus/arduinobot_ws/src) by extension 'ros'
[3.322s] Level 1:colcon.colcon_core.package_identification:_identify(/home/firdaus/arduinobot_ws/src) by extensions ['cmake', 'python']
[3.322s] Level 1:colcon.colcon_core.package_identification:_identify(/home/firdaus/arduinobot_ws/src) by extension 'cmake'
[3.322s] Level 1:colcon.colcon_core.package_identification:_identify(/home/firdaus/arduinobot_ws/src) by extension 'python'
[3.322s] Level 1:colcon.colcon_core.package_identification:_identify(/home/firdaus/arduinobot_ws/src) by extensions ['python_setup_py']
[3.322s] Level 1:colcon.colcon_core.package_identification:_identify(/home/firdaus/arduinobot_ws/src) by extension 'python_setup_py'
[3.322s] Level 1:colcon.colcon_core.package_identification:_identify(/home/firdaus/arduinobot_ws/src/arduinobot_cpp_examples) by extensions ['ignore', 'ignore_ament_install']
[3.335s] Level 1:colcon.colcon_core.package_identification:_identify(/home/firdaus/arduinobot_ws/src/arduinobot_cpp_examples) by extension 'ignore'
[3.335s] Level 1:colcon.colcon_core.package_identification:_identify(/home/firdaus/arduinobot_ws/src/arduinobot_cpp_examples) by extension 'ignore_ament_install'
[3.335s] Level 1:colcon.colcon_core.package_identification:_identify(/home/firdaus/arduinobot_ws/src/arduinobot_cpp_examples) by extensions ['colcon_pkg']
[3.335s] Level 1:colcon.colcon_core.package_identification:_identify(/home/firdaus/arduinobot_ws/src/arduinobot_cpp_examples) by extension 'colcon_pkg'
[3.335s] Level 1:colcon.colcon_core.package_identification:_identify(/home/firdaus/arduinobot_ws/src/arduinobot_cpp_examples) by extensions ['colcon_meta']
[3.335s] Level 1:colcon.colcon_core.package_identification:_identify(/home/firdaus/arduinobot_ws/src/arduinobot_cpp_examples) by extension 'colcon_meta'
[3.335s] Level 1:colcon.colcon_core.package_identification:_identify(/home/firdaus/arduinobot_ws/src/arduinobot_cpp_examples) by extensions ['ros']
[3.335s] Level 1:colcon.colcon_core.package_identification:_identify(/home/firdaus/arduinobot_ws/src/arduinobot_cpp_examples) by extension 'ros'
[3.358s] DEBUG:colcon.colcon_core.package_identification:Package '/home/firdaus/arduinobot_ws/src/arduinobot_cpp_examples' with type 'ros.ament_cmake' and name 'arduinobot_cpp_examples'
[3.358s] Level 1:colcon.colcon_core.package_identification:_identify(/home/firdaus/arduinobot_ws/src/arduinobot_py_examples) by extensions ['ignore', 'ignore_ament_install']
[3.359s] Level 1:colcon.colcon_core.package_identification:_identify(/home/firdaus/arduinobot_ws/src/arduinobot_py_examples) by extension 'ignore'
[3.359s] Level 1:colcon.colcon_core.package_identification:_identify(/home/firdaus/arduinobot_ws/src/arduinobot_py_examples) by extension 'ignore_ament_install'
[3.359s] Level 1:colcon.colcon_core.package_identification:_identify(/home/firdaus/arduinobot_ws/src/arduinobot_py_examples) by extensions ['colcon_pkg']
[3.359s] Level 1:colcon.colcon_core.package_identification:_identify(/home/firdaus/arduinobot_ws/src/arduinobot_py_examples) by extension 'colcon_pkg'
[3.409s] Level 1:colcon.colcon_core.package_identification:_identify(/home/firdaus/arduinobot_ws/src/arduinobot_py_examples) by extensions ['colcon_meta']
[3.409s] Level 1:colcon.colcon_core.package_identification:_identify(/home/firdaus/arduinobot_ws/src/arduinobot_py_examples) by extension 'colcon_meta'
[3.409s] Level 1:colcon.colcon_core.package_identification:_identify(/home/firdaus/arduinobot_ws/src/arduinobot_py_examples) by extensions ['ros']
[3.409s] Level 1:colcon.colcon_core.package_identification:_identify(/home/firdaus/arduinobot_ws/src/arduinobot_py_examples) by extension 'ros'
[3.410s] DEBUG:colcon.colcon_core.package_identification:Package '/home/firdaus/arduinobot_ws/src/arduinobot_py_examples' with type 'ros.ament_python' and name 'arduinobot_py_examples'
[3.410s] Level 1:colcon.colcon_core.package_discovery:discover_packages(recursive) using defaults
