[0.052s] Invoking command in '/home/firdaus/arduinobot_ws/src/build/arduinobot_description': CMAKE_PREFIX_PATH=${CMAKE_PREFIX_PATH}:/home/firdaus/arduinobot_ws/install/arduinobot_py_examples:/opt/ros/humble /usr/bin/cmake --build /home/firdaus/arduinobot_ws/src/build/arduinobot_description -- -j4 -l4
[0.094s] -- Found ament_cmake: 1.3.9 (/opt/ros/humble/share/ament_cmake/cmake)
[0.314s] -- Found ament_lint_auto: 0.12.11 (/opt/ros/humble/share/ament_lint_auto/cmake)
[0.428s] -- Added test 'lint_cmake' to check CMake code style
[0.429s] -- Added test 'xmllint' to check XML markup files
[0.431s] -- Configuring done
[0.451s] -- Generating done
[0.451s] -- Build files have been written to: /home/firdaus/arduinobot_ws/src/build/arduinobot_description
[0.495s] Invoked command in '/home/firdaus/arduinobot_ws/src/build/arduinobot_description' returned '0': CMAKE_PREFIX_PATH=${CMAKE_PREFIX_PATH}:/home/firdaus/arduinobot_ws/install/arduinobot_py_examples:/opt/ros/humble /usr/bin/cmake --build /home/firdaus/arduinobot_ws/src/build/arduinobot_description -- -j4 -l4
[0.580s] Invoking command in '/home/firdaus/arduinobot_ws/src/build/arduinobot_description': CMAKE_PREFIX_PATH=${CMAKE_PREFIX_PATH}:/home/firdaus/arduinobot_ws/install/arduinobot_py_examples:/opt/ros/humble /usr/bin/cmake --install /home/firdaus/arduinobot_ws/src/build/arduinobot_description
[0.598s] -- Install configuration: ""
[0.599s] -- Installing: /home/firdaus/arduinobot_ws/src/install/arduinobot_description/share/arduinobot_description/meshes
[0.600s] -- Installing: /home/firdaus/arduinobot_ws/src/install/arduinobot_description/share/arduinobot_description/meshes/forward_drive_arm.STL
[0.610s] -- Installing: /home/firdaus/arduinobot_ws/src/install/arduinobot_description/share/arduinobot_description/meshes/claw_support.STL
[0.660s] -- Installing: /home/firdaus/arduinobot_ws/src/install/arduinobot_description/share/arduinobot_description/meshes/basement.STL
[0.660s] -- Installing: /home/firdaus/arduinobot_ws/src/install/arduinobot_description/share/arduinobot_description/meshes/vertical_drive_arm.STL
[0.661s] -- Installing: /home/firdaus/arduinobot_ws/src/install/arduinobot_description/share/arduinobot_description/meshes/plate.STL
[0.662s] -- Installing: /home/firdaus/arduinobot_ws/src/install/arduinobot_description/share/arduinobot_description/meshes/right_finger.STL
[0.662s] -- Installing: /home/firdaus/arduinobot_ws/src/install/arduinobot_description/share/arduinobot_description/meshes/base_plate.STL
[0.662s] -- Installing: /home/firdaus/arduinobot_ws/src/install/arduinobot_description/share/arduinobot_description/meshes/link.STL
[0.662s] -- Installing: /home/firdaus/arduinobot_ws/src/install/arduinobot_description/share/arduinobot_description/meshes/triangular_link.STL
[0.662s] -- Installing: /home/firdaus/arduinobot_ws/src/install/arduinobot_description/share/arduinobot_description/meshes/left_finger.STL
[0.662s] -- Installing: /home/firdaus/arduinobot_ws/src/install/arduinobot_description/share/arduinobot_description/meshes/servo_plate.STL
[0.662s] -- Installing: /home/firdaus/arduinobot_ws/src/install/arduinobot_description/share/arduinobot_description/meshes/round_plate.STL
[0.662s] -- Installing: /home/firdaus/arduinobot_ws/src/install/arduinobot_description/share/arduinobot_description/meshes/horizontal_arm.STL
[0.668s] -- Installing: /home/firdaus/arduinobot_ws/src/install/arduinobot_description/share/arduinobot_description/urdf
[0.668s] -- Installing: /home/firdaus/arduinobot_ws/src/install/arduinobot_description/share/arduinobot_description/urdf/arduinobot.urdf.xacro
[0.668s] -- Up-to-date: /home/firdaus/arduinobot_ws/src/install/arduinobot_description/share/ament_index/resource_index/package_run_dependencies/arduinobot_description
[0.668s] -- Up-to-date: /home/firdaus/arduinobot_ws/src/install/arduinobot_description/share/ament_index/resource_index/parent_prefix_path/arduinobot_description
[0.668s] -- Up-to-date: /home/firdaus/arduinobot_ws/src/install/arduinobot_description/share/arduinobot_description/environment/ament_prefix_path.sh
[0.669s] -- Installing: /home/firdaus/arduinobot_ws/src/install/arduinobot_description/share/arduinobot_description/environment/ament_prefix_path.dsv
[0.669s] -- Up-to-date: /home/firdaus/arduinobot_ws/src/install/arduinobot_description/share/arduinobot_description/environment/path.sh
[0.669s] -- Installing: /home/firdaus/arduinobot_ws/src/install/arduinobot_description/share/arduinobot_description/environment/path.dsv
[0.669s] -- Up-to-date: /home/firdaus/arduinobot_ws/src/install/arduinobot_description/share/arduinobot_description/local_setup.bash
[0.669s] -- Up-to-date: /home/firdaus/arduinobot_ws/src/install/arduinobot_description/share/arduinobot_description/local_setup.sh
[0.669s] -- Up-to-date: /home/firdaus/arduinobot_ws/src/install/arduinobot_description/share/arduinobot_description/local_setup.zsh
[0.669s] -- Installing: /home/firdaus/arduinobot_ws/src/install/arduinobot_description/share/arduinobot_description/local_setup.dsv
[0.669s] -- Installing: /home/firdaus/arduinobot_ws/src/install/arduinobot_description/share/arduinobot_description/package.dsv
[0.669s] -- Up-to-date: /home/firdaus/arduinobot_ws/src/install/arduinobot_description/share/ament_index/resource_index/packages/arduinobot_description
[0.669s] -- Up-to-date: /home/firdaus/arduinobot_ws/src/install/arduinobot_description/share/arduinobot_description/cmake/arduinobot_descriptionConfig.cmake
[0.669s] -- Up-to-date: /home/firdaus/arduinobot_ws/src/install/arduinobot_description/share/arduinobot_description/cmake/arduinobot_descriptionConfig-version.cmake
[0.669s] -- Up-to-date: /home/firdaus/arduinobot_ws/src/install/arduinobot_description/share/arduinobot_description/package.xml
[0.680s] Invoked command in '/home/firdaus/arduinobot_ws/src/build/arduinobot_description' returned '0': CMAKE_PREFIX_PATH=${CMAKE_PREFIX_PATH}:/home/firdaus/arduinobot_ws/install/arduinobot_py_examples:/opt/ros/humble /usr/bin/cmake --install /home/firdaus/arduinobot_ws/src/build/arduinobot_description
