[0.063s] Invoking command in '/home/firdaus/arduinobot_ws/src/build/arduinobot_description': CMAKE_PREFIX_PATH=${CMAKE_PREFIX_PATH}:/home/firdaus/arduinobot_ws/install/arduinobot_py_examples:/opt/ros/humble /usr/bin/cmake /home/firdaus/arduinobot_ws/src/arduinobot_description -DCMAKE_INSTALL_PREFIX=/home/firdaus/arduinobot_ws/src/install/arduinobot_description
[0.474s] -- The C compiler identification is GNU 11.4.0
[0.649s] -- The CXX compiler identification is GNU 11.4.0
[0.752s] -- Detecting C compiler ABI info
[1.177s] -- Detecting C compiler ABI info - done
[1.214s] -- Check for working C compiler: /usr/bin/cc - skipped
[1.217s] -- Detecting C compile features
[1.218s] -- Detecting C compile features - done
[1.232s] -- Detecting CXX compiler ABI info
[1.808s] -- Detecting CXX compiler ABI info - done
[1.828s] -- Check for working CXX compiler: /usr/bin/c++ - skipped
[1.831s] -- Detecting CXX compile features
[1.832s] -- Detecting CXX compile features - done
[1.835s] -- Found ament_cmake: 1.3.9 (/opt/ros/humble/share/ament_cmake/cmake)
[2.439s] -- Found Python3: /usr/bin/python3 (found version "3.10.12") found components: Interpreter 
[2.648s] -- Found ament_lint_auto: 0.12.11 (/opt/ros/humble/share/ament_lint_auto/cmake)
[2.928s] -- Added test 'lint_cmake' to check CMake code style
[2.929s] -- Added test 'xmllint' to check XML markup files
[2.929s] -- Configuring done
[2.929s] -- Generating done
[2.929s] -- Build files have been written to: /home/firdaus/arduinobot_ws/src/build/arduinobot_description
[2.929s] Invoked command in '/home/firdaus/arduinobot_ws/src/build/arduinobot_description' returned '0': CMAKE_PREFIX_PATH=${CMAKE_PREFIX_PATH}:/home/firdaus/arduinobot_ws/install/arduinobot_py_examples:/opt/ros/humble /usr/bin/cmake /home/firdaus/arduinobot_ws/src/arduinobot_description -DCMAKE_INSTALL_PREFIX=/home/firdaus/arduinobot_ws/src/install/arduinobot_description
[2.929s] Invoking command in '/home/firdaus/arduinobot_ws/src/build/arduinobot_description': CMAKE_PREFIX_PATH=${CMAKE_PREFIX_PATH}:/home/firdaus/arduinobot_ws/install/arduinobot_py_examples:/opt/ros/humble /usr/bin/cmake --build /home/firdaus/arduinobot_ws/src/build/arduinobot_description -- -j4 -l4
[3.035s] Invoked command in '/home/firdaus/arduinobot_ws/src/build/arduinobot_description' returned '0': CMAKE_PREFIX_PATH=${CMAKE_PREFIX_PATH}:/home/firdaus/arduinobot_ws/install/arduinobot_py_examples:/opt/ros/humble /usr/bin/cmake --build /home/firdaus/arduinobot_ws/src/build/arduinobot_description -- -j4 -l4
[3.152s] Invoking command in '/home/firdaus/arduinobot_ws/src/build/arduinobot_description': CMAKE_PREFIX_PATH=${CMAKE_PREFIX_PATH}:/home/firdaus/arduinobot_ws/install/arduinobot_py_examples:/opt/ros/humble /usr/bin/cmake --install /home/firdaus/arduinobot_ws/src/build/arduinobot_description
[3.179s] -- Install configuration: ""
[3.180s] -- Installing: /home/firdaus/arduinobot_ws/src/install/arduinobot_description/share/ament_index/resource_index/package_run_dependencies/arduinobot_description
[3.180s] -- Installing: /home/firdaus/arduinobot_ws/src/install/arduinobot_description/share/ament_index/resource_index/parent_prefix_path/arduinobot_description
[3.180s] -- Installing: /home/firdaus/arduinobot_ws/src/install/arduinobot_description/share/arduinobot_description/environment/ament_prefix_path.sh
[3.181s] -- Installing: /home/firdaus/arduinobot_ws/src/install/arduinobot_description/share/arduinobot_description/environment/ament_prefix_path.dsv
[3.181s] -- Installing: /home/firdaus/arduinobot_ws/src/install/arduinobot_description/share/arduinobot_description/environment/path.sh
[3.181s] -- Installing: /home/firdaus/arduinobot_ws/src/install/arduinobot_description/share/arduinobot_description/environment/path.dsv
[3.182s] -- Installing: /home/firdaus/arduinobot_ws/src/install/arduinobot_description/share/arduinobot_description/local_setup.bash
[3.182s] -- Installing: /home/firdaus/arduinobot_ws/src/install/arduinobot_description/share/arduinobot_description/local_setup.sh
[3.183s] -- Installing: /home/firdaus/arduinobot_ws/src/install/arduinobot_description/share/arduinobot_description/local_setup.zsh
[3.183s] -- Installing: /home/firdaus/arduinobot_ws/src/install/arduinobot_description/share/arduinobot_description/local_setup.dsv
[3.183s] -- Installing: /home/firdaus/arduinobot_ws/src/install/arduinobot_description/share/arduinobot_description/package.dsv
[3.183s] -- Installing: /home/firdaus/arduinobot_ws/src/install/arduinobot_description/share/ament_index/resource_index/packages/arduinobot_description
[3.184s] -- Installing: /home/firdaus/arduinobot_ws/src/install/arduinobot_description/share/arduinobot_description/cmake/arduinobot_descriptionConfig.cmake
[3.184s] -- Installing: /home/firdaus/arduinobot_ws/src/install/arduinobot_description/share/arduinobot_description/cmake/arduinobot_descriptionConfig-version.cmake
[3.185s] -- Installing: /home/firdaus/arduinobot_ws/src/install/arduinobot_description/share/arduinobot_description/package.xml
[3.190s] Invoked command in '/home/firdaus/arduinobot_ws/src/build/arduinobot_description' returned '0': CMAKE_PREFIX_PATH=${CMAKE_PREFIX_PATH}:/home/firdaus/arduinobot_ws/install/arduinobot_py_examples:/opt/ros/humble /usr/bin/cmake --install /home/firdaus/arduinobot_ws/src/build/arduinobot_description
